<?xml version="1.0" encoding="UTF-8"?>
<coverage generated="1690811543938" clover="3.2.0">
  <project timestamp="1690811543938" name="All files">
    <metrics statements="876" coveredstatements="317" conditionals="529" coveredconditionals="177" methods="49" coveredmethods="34" elements="1454" coveredelements="528" complexity="0" loc="876" ncloc="876" packages="1" files="1" classes="1"/>
    <file name="index.js" path="C:\Users\Lorenzo\Documents\00000M1\.travail\projet\th_v4\index.js">
      <metrics statements="876" coveredstatements="317" conditionals="529" coveredconditionals="177" methods="49" coveredmethods="34"/>
      <line num="1" count="1" type="stmt"/>
      <line num="2" count="1" type="cond" truecount="3" falsecount="1"/>
      <line num="3" count="1" type="stmt"/>
      <line num="4" count="0" type="cond" truecount="0" falsecount="4"/>
      <line num="5" count="0" type="stmt"/>
      <line num="6" count="0" type="cond" truecount="0" falsecount="2"/>
      <line num="7" count="0" type="stmt"/>
      <line num="9" count="0" type="stmt"/>
      <line num="11" count="1" type="stmt"/>
      <line num="12" count="1" type="stmt"/>
      <line num="17" count="1" type="stmt"/>
      <line num="18" count="1" type="stmt"/>
      <line num="19" count="1" type="stmt"/>
      <line num="20" count="1" type="stmt"/>
      <line num="21" count="1" type="stmt"/>
      <line num="22" count="1" type="stmt"/>
      <line num="23" count="1" type="stmt"/>
      <line num="24" count="1" type="stmt"/>
      <line num="25" count="1" type="stmt"/>
      <line num="26" count="1" type="stmt"/>
      <line num="27" count="1" type="stmt"/>
      <line num="28" count="1" type="stmt"/>
      <line num="29" count="1" type="stmt"/>
      <line num="30" count="1" type="stmt"/>
      <line num="31" count="1" type="stmt"/>
      <line num="32" count="1" type="stmt"/>
      <line num="33" count="1" type="stmt"/>
      <line num="34" count="1" type="stmt"/>
      <line num="35" count="1" type="stmt"/>
      <line num="36" count="1" type="stmt"/>
      <line num="37" count="1" type="stmt"/>
      <line num="38" count="1" type="stmt"/>
      <line num="39" count="1" type="stmt"/>
      <line num="40" count="1" type="stmt"/>
      <line num="41" count="1" type="stmt"/>
      <line num="42" count="1" type="stmt"/>
      <line num="43" count="1" type="stmt"/>
      <line num="44" count="1" type="stmt"/>
      <line num="45" count="1" type="stmt"/>
      <line num="46" count="1" type="stmt"/>
      <line num="102" count="1" type="cond" truecount="1" falsecount="1"/>
      <line num="103" count="0" type="cond" truecount="0" falsecount="2"/>
      <line num="104" count="0" type="cond" truecount="0" falsecount="2"/>
      <line num="105" count="0" type="stmt"/>
      <line num="108" count="1" type="stmt"/>
      <line num="109" count="1" type="stmt"/>
      <line num="110" count="1" type="stmt"/>
      <line num="111" count="1" type="stmt"/>
      <line num="112" count="1" type="stmt"/>
      <line num="113" count="1" type="stmt"/>
      <line num="114" count="1" type="stmt"/>
      <line num="115" count="1" type="stmt"/>
      <line num="116" count="1" type="cond" truecount="1" falsecount="1"/>
      <line num="117" count="0" type="stmt"/>
      <line num="119" count="1" type="stmt"/>
      <line num="120" count="1" type="stmt"/>
      <line num="123" count="1" type="stmt"/>
      <line num="124" count="1" type="stmt"/>
      <line num="125" count="1" type="stmt"/>
      <line num="126" count="16" type="stmt"/>
      <line num="131" count="16" type="stmt"/>
      <line num="133" count="1" type="stmt"/>
      <line num="140" count="16" type="stmt"/>
      <line num="141" count="16" type="stmt"/>
      <line num="142" count="16" type="cond" truecount="1" falsecount="1"/>
      <line num="143" count="0" type="stmt"/>
      <line num="145" count="16" type="stmt"/>
      <line num="146" count="16" type="stmt"/>
      <line num="147" count="16" type="stmt"/>
      <line num="148" count="68" type="cond" truecount="2" falsecount="0"/>
      <line num="149" count="54" type="stmt"/>
      <line num="151" count="68" type="stmt"/>
      <line num="152" count="68" type="stmt"/>
      <line num="153" count="68" type="stmt"/>
      <line num="155" count="16" type="stmt"/>
      <line num="157" count="1" type="stmt"/>
      <line num="161" count="11" type="cond" truecount="2" falsecount="0"/>
      <line num="162" count="11" type="stmt"/>
      <line num="163" count="11" type="stmt"/>
      <line num="164" count="11" type="cond" truecount="2" falsecount="2"/>
      <line num="165" count="0" type="stmt"/>
      <line num="167" count="11" type="stmt"/>
      <line num="168" count="11" type="stmt"/>
      <line num="169" count="11" type="stmt"/>
      <line num="170" count="11" type="cond" truecount="4" falsecount="0"/>
      <line num="171" count="5" type="stmt"/>
      <line num="173" count="11" type="stmt"/>
      <line num="174" count="17" type="stmt"/>
      <line num="175" count="17" type="stmt"/>
      <line num="176" count="99" type="stmt"/>
      <line num="177" count="99" type="cond" truecount="2" falsecount="0"/>
      <line num="178" count="34" type="stmt"/>
      <line num="180" count="99" type="stmt"/>
      <line num="181" count="99" type="stmt"/>
      <line num="182" count="99" type="stmt"/>
      <line num="184" count="17" type="stmt"/>
      <line num="185" count="17" type="stmt"/>
      <line num="187" count="11" type="cond" truecount="6" falsecount="1"/>
      <line num="188" count="0" type="stmt"/>
      <line num="189" count="0" type="stmt"/>
      <line num="190" count="0" type="stmt"/>
      <line num="193" count="11" type="stmt"/>
      <line num="196" count="3" type="stmt"/>
      <line num="197" count="16" type="stmt"/>
      <line num="198" count="16" type="stmt"/>
      <line num="199" count="212" type="cond" truecount="2" falsecount="0"/>
      <line num="203" count="3" type="stmt"/>
      <line num="204" count="3" type="stmt"/>
      <line num="208" count="0" type="stmt"/>
      <line num="213" count="1" type="stmt"/>
      <line num="214" count="1" type="stmt"/>
      <line num="215" count="15" type="stmt"/>
      <line num="217" count="15" type="stmt"/>
      <line num="220" count="1" type="stmt"/>
      <line num="223" count="1" type="stmt"/>
      <line num="224" count="1" type="stmt"/>
      <line num="225" count="2" type="stmt"/>
      <line num="227" count="1" type="stmt"/>
      <line num="235" count="1" type="stmt"/>
      <line num="236" count="1" type="stmt"/>
      <line num="237" count="1" type="stmt"/>
      <line num="238" count="3" type="stmt"/>
      <line num="242" count="3" type="stmt"/>
      <line num="243" count="3" type="cond" truecount="2" falsecount="0"/>
      <line num="244" count="3" type="stmt"/>
      <line num="245" count="3" type="stmt"/>
      <line num="251" count="3" type="cond" truecount="1" falsecount="1"/>
      <line num="252" count="0" type="stmt"/>
      <line num="253" count="0" type="stmt"/>
      <line num="256" count="1" type="stmt"/>
      <line num="262" count="3" type="stmt"/>
      <line num="278" count="3" type="stmt"/>
      <line num="279" count="6" type="cond" truecount="2" falsecount="0"/>
      <line num="281" count="0" type="stmt"/>
      <line num="284" count="4" type="cond" truecount="2" falsecount="0"/>
      <line num="285" count="3" type="stmt"/>
      <line num="286" count="3" type="stmt"/>
      <line num="288" count="1" type="stmt"/>
      <line num="291" count="3" type="cond" truecount="1" falsecount="1"/>
      <line num="292" count="3" type="cond" truecount="2" falsecount="0"/>
      <line num="293" count="2" type="stmt"/>
      <line num="296" count="1" type="stmt"/>
      <line num="299" count="3" type="stmt"/>
      <line num="300" count="3" type="cond" truecount="1" falsecount="1"/>
      <line num="303" count="0" type="cond" truecount="0" falsecount="2"/>
      <line num="304" count="0" type="stmt"/>
      <line num="305" count="0" type="stmt"/>
      <line num="306" count="0" type="cond" truecount="0" falsecount="4"/>
      <line num="307" count="0" type="cond" truecount="0" falsecount="2"/>
      <line num="308" count="0" type="cond" truecount="0" falsecount="2"/>
      <line num="309" count="0" type="stmt"/>
      <line num="310" count="0" type="stmt"/>
      <line num="311" count="0" type="stmt"/>
      <line num="312" count="0" type="stmt"/>
      <line num="315" count="0" type="cond" truecount="0" falsecount="2"/>
      <line num="316" count="0" type="stmt"/>
      <line num="319" count="0" type="stmt"/>
      <line num="320" count="0" type="stmt"/>
      <line num="321" count="0" type="stmt"/>
      <line num="322" count="0" type="stmt"/>
      <line num="323" count="0" type="stmt"/>
      <line num="324" count="0" type="stmt"/>
      <line num="325" count="0" type="stmt"/>
      <line num="326" count="0" type="stmt"/>
      <line num="327" count="0" type="stmt"/>
      <line num="328" count="0" type="stmt"/>
      <line num="329" count="0" type="stmt"/>
      <line num="330" count="0" type="cond" truecount="0" falsecount="2"/>
      <line num="331" count="0" type="stmt"/>
      <line num="332" count="0" type="stmt"/>
      <line num="336" count="0" type="cond" truecount="0" falsecount="2"/>
      <line num="338" count="0" type="stmt"/>
      <line num="341" count="0" type="cond" truecount="0" falsecount="2"/>
      <line num="343" count="0" type="cond" truecount="0" falsecount="2"/>
      <line num="344" count="0" type="stmt"/>
      <line num="345" count="0" type="stmt"/>
      <line num="346" count="0" type="stmt"/>
      <line num="350" count="0" type="stmt"/>
      <line num="354" count="0" type="stmt"/>
      <line num="355" count="0" type="stmt"/>
      <line num="359" count="0" type="stmt"/>
      <line num="362" count="0" type="stmt"/>
      <line num="363" count="0" type="stmt"/>
      <line num="364" count="0" type="stmt"/>
      <line num="365" count="0" type="stmt"/>
      <line num="366" count="0" type="stmt"/>
      <line num="367" count="0" type="cond" truecount="0" falsecount="2"/>
      <line num="368" count="0" type="cond" truecount="0" falsecount="2"/>
      <line num="370" count="0" type="cond" truecount="0" falsecount="2"/>
      <line num="371" count="0" type="stmt"/>
      <line num="372" count="0" type="stmt"/>
      <line num="378" count="0" type="stmt"/>
      <line num="380" count="0" type="stmt"/>
      <line num="381" count="0" type="stmt"/>
      <line num="383" count="0" type="stmt"/>
      <line num="389" count="0" type="stmt"/>
      <line num="390" count="0" type="cond" truecount="0" falsecount="2"/>
      <line num="391" count="0" type="cond" truecount="0" falsecount="2"/>
      <line num="392" count="0" type="stmt"/>
      <line num="395" count="0" type="cond" truecount="0" falsecount="2"/>
      <line num="396" count="0" type="stmt"/>
      <line num="399" count="0" type="stmt"/>
      <line num="400" count="0" type="stmt"/>
      <line num="401" count="0" type="stmt"/>
      <line num="402" count="0" type="stmt"/>
      <line num="403" count="0" type="stmt"/>
      <line num="404" count="0" type="cond" truecount="0" falsecount="2"/>
      <line num="405" count="0" type="stmt"/>
      <line num="406" count="0" type="stmt"/>
      <line num="408" count="0" type="stmt"/>
      <line num="411" count="0" type="stmt"/>
      <line num="415" count="0" type="stmt"/>
      <line num="416" count="0" type="stmt"/>
      <line num="417" count="0" type="cond" truecount="0" falsecount="2"/>
      <line num="419" count="0" type="stmt"/>
      <line num="420" count="0" type="cond" truecount="0" falsecount="2"/>
      <line num="422" count="0" type="stmt"/>
      <line num="425" count="0" type="cond" truecount="0" falsecount="2"/>
      <line num="426" count="0" type="stmt"/>
      <line num="427" count="0" type="stmt"/>
      <line num="428" count="0" type="stmt"/>
      <line num="432" count="0" type="stmt"/>
      <line num="435" count="1" type="stmt"/>
      <line num="439" count="1" type="cond" truecount="1" falsecount="1"/>
      <line num="440" count="1" type="stmt"/>
      <line num="445" count="16" type="stmt"/>
      <line num="447" count="3" type="stmt"/>
      <line num="456" count="3" type="cond" truecount="1" falsecount="1"/>
      <line num="457" count="3" type="cond" truecount="1" falsecount="1"/>
      <line num="458" count="3" type="stmt"/>
      <line num="464" count="3" type="stmt"/>
      <line num="469" count="1" type="stmt"/>
      <line num="472" count="3" type="stmt"/>
      <line num="475" count="1" type="stmt"/>
      <line num="476" count="1" type="stmt"/>
      <line num="477" count="1" type="stmt"/>
      <line num="478" count="1" type="stmt"/>
      <line num="479" count="1" type="stmt"/>
      <line num="480" count="3" type="stmt"/>
      <line num="481" count="3" type="stmt"/>
      <line num="486" count="3" type="stmt"/>
      <line num="488" count="1" type="stmt"/>
      <line num="490" count="1" type="stmt"/>
      <line num="500" count="1" type="stmt"/>
      <line num="501" count="1" type="stmt"/>
      <line num="503" count="10" type="stmt"/>
      <line num="505" count="1" type="stmt"/>
      <line num="512" count="1" type="stmt"/>
      <line num="513" count="1" type="stmt"/>
      <line num="515" count="10" type="stmt"/>
      <line num="516" count="10" type="stmt"/>
      <line num="517" count="10" type="stmt"/>
      <line num="519" count="10" type="stmt"/>
      <line num="520" count="10" type="stmt"/>
      <line num="521" count="10" type="stmt"/>
      <line num="523" count="10" type="cond" truecount="2" falsecount="0"/>
      <line num="524" count="1" type="stmt"/>
      <line num="530" count="1" type="stmt"/>
      <line num="531" count="1" type="stmt"/>
      <line num="532" count="1" type="stmt"/>
      <line num="537" count="0" type="stmt"/>
      <line num="543" count="9" type="stmt"/>
      <line num="549" count="0" type="stmt"/>
      <line num="555" count="1" type="stmt"/>
      <line num="565" count="2" type="cond" truecount="3" falsecount="1"/>
      <line num="566" count="2" type="cond" truecount="2" falsecount="2"/>
      <line num="567" count="2" type="cond" truecount="2" falsecount="2"/>
      <line num="568" count="2" type="stmt"/>
      <line num="571" count="0" type="cond" truecount="0" falsecount="2"/>
      <line num="572" count="0" type="stmt"/>
      <line num="573" count="0" type="stmt"/>
      <line num="574" count="0" type="cond" truecount="0" falsecount="4"/>
      <line num="575" count="0" type="cond" truecount="0" falsecount="2"/>
      <line num="576" count="0" type="cond" truecount="0" falsecount="2"/>
      <line num="577" count="0" type="stmt"/>
      <line num="578" count="0" type="stmt"/>
      <line num="579" count="0" type="stmt"/>
      <line num="580" count="0" type="stmt"/>
      <line num="584" count="0" type="cond" truecount="0" falsecount="2"/>
      <line num="585" count="0" type="stmt"/>
      <line num="586" count="0" type="stmt"/>
      <line num="588" count="0" type="stmt"/>
      <line num="589" count="0" type="cond" truecount="0" falsecount="2"/>
      <line num="591" count="0" type="stmt"/>
      <line num="592" count="0" type="stmt"/>
      <line num="594" count="0" type="stmt"/>
      <line num="595" count="0" type="stmt"/>
      <line num="596" count="0" type="stmt"/>
      <line num="598" count="0" type="stmt"/>
      <line num="600" count="0" type="cond" truecount="0" falsecount="5"/>
      <line num="601" count="0" type="stmt"/>
      <line num="602" count="0" type="stmt"/>
      <line num="605" count="27" type="stmt"/>
      <line num="606" count="27" type="cond" truecount="3" falsecount="1"/>
      <line num="607" count="27" type="stmt"/>
      <line num="608" count="47" type="stmt"/>
      <line num="610" count="27" type="stmt"/>
      <line num="613" count="0" type="stmt"/>
      <line num="614" count="0" type="stmt"/>
      <line num="615" count="0" type="stmt"/>
      <line num="616" count="0" type="stmt"/>
      <line num="618" count="0" type="stmt"/>
      <line num="621" count="0" type="stmt"/>
      <line num="624" count="0" type="stmt"/>
      <line num="625" count="0" type="stmt"/>
      <line num="626" count="0" type="stmt"/>
      <line num="627" count="0" type="stmt"/>
      <line num="630" count="0" type="stmt"/>
      <line num="631" count="0" type="stmt"/>
      <line num="632" count="0" type="stmt"/>
      <line num="633" count="0" type="cond" truecount="0" falsecount="2"/>
      <line num="634" count="0" type="stmt"/>
      <line num="635" count="0" type="stmt"/>
      <line num="636" count="0" type="stmt"/>
      <line num="637" count="0" type="stmt"/>
      <line num="639" count="0" type="stmt"/>
      <line num="640" count="0" type="cond" truecount="0" falsecount="4"/>
      <line num="641" count="0" type="stmt"/>
      <line num="642" count="0" type="stmt"/>
      <line num="643" count="0" type="cond" truecount="0" falsecount="2"/>
      <line num="644" count="0" type="stmt"/>
      <line num="646" count="0" type="stmt"/>
      <line num="648" count="0" type="stmt"/>
      <line num="649" count="0" type="stmt"/>
      <line num="651" count="0" type="cond" truecount="0" falsecount="4"/>
      <line num="652" count="0" type="stmt"/>
      <line num="653" count="0" type="stmt"/>
      <line num="655" count="0" type="stmt"/>
      <line num="660" count="0" type="stmt"/>
      <line num="661" count="0" type="stmt"/>
      <line num="662" count="0" type="stmt"/>
      <line num="663" count="0" type="stmt"/>
      <line num="664" count="0" type="stmt"/>
      <line num="665" count="0" type="stmt"/>
      <line num="666" count="0" type="stmt"/>
      <line num="667" count="0" type="cond" truecount="0" falsecount="2"/>
      <line num="668" count="0" type="stmt"/>
      <line num="669" count="0" type="stmt"/>
      <line num="670" count="0" type="stmt"/>
      <line num="671" count="0" type="stmt"/>
      <line num="673" count="0" type="cond" truecount="0" falsecount="2"/>
      <line num="674" count="0" type="stmt"/>
      <line num="676" count="0" type="stmt"/>
      <line num="677" count="0" type="cond" truecount="0" falsecount="4"/>
      <line num="678" count="0" type="stmt"/>
      <line num="679" count="0" type="cond" truecount="0" falsecount="2"/>
      <line num="680" count="0" type="stmt"/>
      <line num="681" count="0" type="stmt"/>
      <line num="683" count="0" type="stmt"/>
      <line num="684" count="0" type="stmt"/>
      <line num="685" count="0" type="cond" truecount="0" falsecount="2"/>
      <line num="686" count="0" type="stmt"/>
      <line num="687" count="0" type="stmt"/>
      <line num="688" count="0" type="stmt"/>
      <line num="689" count="0" type="cond" truecount="0" falsecount="2"/>
      <line num="690" count="0" type="stmt"/>
      <line num="691" count="0" type="stmt"/>
      <line num="694" count="0" type="stmt"/>
      <line num="695" count="0" type="cond" truecount="0" falsecount="2"/>
      <line num="696" count="0" type="stmt"/>
      <line num="697" count="0" type="stmt"/>
      <line num="698" count="0" type="stmt"/>
      <line num="699" count="0" type="stmt"/>
      <line num="701" count="0" type="stmt"/>
      <line num="702" count="0" type="stmt"/>
      <line num="706" count="0" type="stmt"/>
      <line num="709" count="0" type="stmt"/>
      <line num="710" count="0" type="stmt"/>
      <line num="711" count="0" type="cond" truecount="0" falsecount="2"/>
      <line num="712" count="0" type="stmt"/>
      <line num="713" count="0" type="stmt"/>
      <line num="717" count="0" type="cond" truecount="0" falsecount="4"/>
      <line num="718" count="0" type="stmt"/>
      <line num="719" count="0" type="stmt"/>
      <line num="720" count="0" type="stmt"/>
      <line num="721" count="0" type="stmt"/>
      <line num="724" count="0" type="stmt"/>
      <line num="729" count="10" type="stmt"/>
      <line num="730" count="10" type="stmt"/>
      <line num="731" count="10" type="stmt"/>
      <line num="732" count="10" type="stmt"/>
      <line num="733" count="10" type="stmt"/>
      <line num="734" count="10" type="stmt"/>
      <line num="735" count="10" type="stmt"/>
      <line num="737" count="113" type="stmt"/>
      <line num="738" count="113" type="cond" truecount="2" falsecount="0"/>
      <line num="739" count="113" type="stmt"/>
      <line num="740" count="113" type="stmt"/>
      <line num="741" count="113" type="stmt"/>
      <line num="743" count="10" type="cond" truecount="1" falsecount="1"/>
      <line num="745" count="10" type="stmt"/>
      <line num="746" count="10" type="cond" truecount="2" falsecount="0"/>
      <line num="747" count="9" type="stmt"/>
      <line num="748" count="9" type="stmt"/>
      <line num="749" count="9" type="stmt"/>
      <line num="750" count="9" type="stmt"/>
      <line num="751" count="9" type="stmt"/>
      <line num="752" count="9" type="stmt"/>
      <line num="753" count="9" type="stmt"/>
      <line num="754" count="9" type="stmt"/>
      <line num="755" count="9" type="cond" truecount="2" falsecount="0"/>
      <line num="756" count="7" type="stmt"/>
      <line num="757" count="7" type="stmt"/>
      <line num="758" count="7" type="stmt"/>
      <line num="759" count="7" type="cond" truecount="4" falsecount="0"/>
      <line num="760" count="7" type="cond" truecount="2" falsecount="0"/>
      <line num="761" count="7" type="cond" truecount="2" falsecount="0"/>
      <line num="762" count="7" type="cond" truecount="4" falsecount="0"/>
      <line num="763" count="2" type="stmt"/>
      <line num="765" count="2" type="cond" truecount="2" falsecount="0"/>
      <line num="766" count="1" type="stmt"/>
      <line num="767" count="1" type="stmt"/>
      <line num="768" count="1" type="stmt"/>
      <line num="769" count="1" type="stmt"/>
      <line num="770" count="1" type="cond" truecount="1" falsecount="1"/>
      <line num="771" count="1" type="stmt"/>
      <line num="772" count="1" type="stmt"/>
      <line num="775" count="0" type="stmt"/>
      <line num="776" count="0" type="stmt"/>
      <line num="778" count="1" type="cond" truecount="1" falsecount="1"/>
      <line num="779" count="1" type="stmt"/>
      <line num="780" count="1" type="stmt"/>
      <line num="782" count="1" type="cond" truecount="2" falsecount="2"/>
      <line num="783" count="0" type="stmt"/>
      <line num="784" count="0" type="stmt"/>
      <line num="787" count="1" type="cond" truecount="2" falsecount="2"/>
      <line num="788" count="0" type="stmt"/>
      <line num="789" count="0" type="stmt"/>
      <line num="793" count="7" type="cond" truecount="4" falsecount="0"/>
      <line num="794" count="1" type="stmt"/>
      <line num="795" count="1" type="cond" truecount="1" falsecount="1"/>
      <line num="796" count="0" type="stmt"/>
      <line num="798" count="1" type="stmt"/>
      <line num="799" count="1" type="stmt"/>
      <line num="800" count="1" type="stmt"/>
      <line num="801" count="1" type="stmt"/>
      <line num="802" count="1" type="cond" truecount="1" falsecount="1"/>
      <line num="803" count="1" type="stmt"/>
      <line num="804" count="1" type="stmt"/>
      <line num="807" count="0" type="stmt"/>
      <line num="808" count="0" type="stmt"/>
      <line num="810" count="1" type="cond" truecount="1" falsecount="1"/>
      <line num="811" count="1" type="stmt"/>
      <line num="812" count="1" type="stmt"/>
      <line num="814" count="1" type="cond" truecount="2" falsecount="2"/>
      <line num="815" count="0" type="stmt"/>
      <line num="816" count="0" type="stmt"/>
      <line num="818" count="1" type="cond" truecount="2" falsecount="2"/>
      <line num="819" count="0" type="stmt"/>
      <line num="820" count="0" type="stmt"/>
      <line num="823" count="7" type="cond" truecount="4" falsecount="0"/>
      <line num="824" count="7" type="cond" truecount="4" falsecount="0"/>
      <line num="825" count="7" type="cond" truecount="2" falsecount="2"/>
      <line num="826" count="7" type="cond" truecount="2" falsecount="4"/>
      <line num="827" count="7" type="cond" truecount="2" falsecount="2"/>
      <line num="828" count="7" type="cond" truecount="2" falsecount="2"/>
      <line num="830" count="0" type="stmt"/>
      <line num="831" count="0" type="stmt"/>
      <line num="832" count="0" type="stmt"/>
      <line num="833" count="0" type="stmt"/>
      <line num="834" count="0" type="stmt"/>
      <line num="835" count="0" type="stmt"/>
      <line num="836" count="0" type="stmt"/>
      <line num="837" count="0" type="stmt"/>
      <line num="838" count="0" type="stmt"/>
      <line num="839" count="0" type="stmt"/>
      <line num="841" count="7" type="cond" truecount="2" falsecount="2"/>
      <line num="842" count="7" type="cond" truecount="2" falsecount="2"/>
      <line num="844" count="0" type="stmt"/>
      <line num="845" count="0" type="stmt"/>
      <line num="846" count="0" type="stmt"/>
      <line num="847" count="0" type="stmt"/>
      <line num="848" count="0" type="stmt"/>
      <line num="850" count="0" type="stmt"/>
      <line num="851" count="0" type="cond" truecount="0" falsecount="2"/>
      <line num="852" count="0" type="stmt"/>
      <line num="853" count="0" type="cond" truecount="0" falsecount="2"/>
      <line num="854" count="0" type="cond" truecount="0" falsecount="2"/>
      <line num="855" count="0" type="cond" truecount="0" falsecount="2"/>
      <line num="857" count="0" type="stmt"/>
      <line num="858" count="0" type="cond" truecount="0" falsecount="2"/>
      <line num="859" count="0" type="cond" truecount="0" falsecount="2"/>
      <line num="860" count="0" type="cond" truecount="0" falsecount="2"/>
      <line num="861" count="0" type="cond" truecount="0" falsecount="2"/>
      <line num="862" count="0" type="cond" truecount="0" falsecount="2"/>
      <line num="863" count="0" type="cond" truecount="0" falsecount="2"/>
      <line num="864" count="0" type="cond" truecount="0" falsecount="2"/>
      <line num="865" count="0" type="cond" truecount="0" falsecount="2"/>
      <line num="866" count="0" type="cond" truecount="0" falsecount="2"/>
      <line num="867" count="0" type="cond" truecount="0" falsecount="2"/>
      <line num="868" count="0" type="cond" truecount="0" falsecount="2"/>
      <line num="870" count="0" type="cond" truecount="0" falsecount="2"/>
      <line num="871" count="0" type="cond" truecount="0" falsecount="2"/>
      <line num="872" count="0" type="cond" truecount="0" falsecount="2"/>
      <line num="873" count="0" type="cond" truecount="0" falsecount="2"/>
      <line num="874" count="0" type="cond" truecount="0" falsecount="2"/>
      <line num="875" count="0" type="cond" truecount="0" falsecount="2"/>
      <line num="876" count="0" type="cond" truecount="0" falsecount="2"/>
      <line num="877" count="0" type="cond" truecount="0" falsecount="2"/>
      <line num="878" count="0" type="cond" truecount="0" falsecount="2"/>
      <line num="879" count="0" type="cond" truecount="0" falsecount="2"/>
      <line num="880" count="0" type="cond" truecount="0" falsecount="2"/>
      <line num="885" count="7" type="cond" truecount="2" falsecount="2"/>
      <line num="887" count="0" type="stmt"/>
      <line num="888" count="0" type="stmt"/>
      <line num="889" count="0" type="stmt"/>
      <line num="890" count="0" type="stmt"/>
      <line num="891" count="0" type="stmt"/>
      <line num="892" count="0" type="stmt"/>
      <line num="893" count="0" type="stmt"/>
      <line num="894" count="0" type="stmt"/>
      <line num="895" count="0" type="stmt"/>
      <line num="896" count="0" type="stmt"/>
      <line num="897" count="0" type="stmt"/>
      <line num="898" count="0" type="stmt"/>
      <line num="899" count="0" type="stmt"/>
      <line num="900" count="0" type="stmt"/>
      <line num="901" count="0" type="stmt"/>
      <line num="902" count="0" type="stmt"/>
      <line num="903" count="0" type="stmt"/>
      <line num="904" count="0" type="cond" truecount="0" falsecount="2"/>
      <line num="906" count="0" type="cond" truecount="0" falsecount="2"/>
      <line num="907" count="0" type="stmt"/>
      <line num="908" count="0" type="stmt"/>
      <line num="909" count="0" type="stmt"/>
      <line num="910" count="0" type="stmt"/>
      <line num="911" count="0" type="stmt"/>
      <line num="912" count="0" type="stmt"/>
      <line num="914" count="0" type="stmt"/>
      <line num="915" count="0" type="cond" truecount="0" falsecount="2"/>
      <line num="916" count="0" type="stmt"/>
      <line num="918" count="0" type="stmt"/>
      <line num="919" count="0" type="cond" truecount="0" falsecount="2"/>
      <line num="920" count="0" type="stmt"/>
      <line num="922" count="0" type="stmt"/>
      <line num="924" count="0" type="cond" truecount="0" falsecount="2"/>
      <line num="926" count="0" type="cond" truecount="0" falsecount="2"/>
      <line num="927" count="0" type="stmt"/>
      <line num="928" count="0" type="stmt"/>
      <line num="929" count="0" type="stmt"/>
      <line num="930" count="0" type="stmt"/>
      <line num="931" count="0" type="stmt"/>
      <line num="932" count="0" type="stmt"/>
      <line num="934" count="0" type="stmt"/>
      <line num="935" count="0" type="cond" truecount="0" falsecount="2"/>
      <line num="936" count="0" type="stmt"/>
      <line num="938" count="0" type="stmt"/>
      <line num="939" count="0" type="cond" truecount="0" falsecount="2"/>
      <line num="940" count="0" type="stmt"/>
      <line num="942" count="0" type="stmt"/>
      <line num="944" count="0" type="cond" truecount="0" falsecount="2"/>
      <line num="946" count="0" type="cond" truecount="0" falsecount="2"/>
      <line num="947" count="0" type="stmt"/>
      <line num="948" count="0" type="stmt"/>
      <line num="949" count="0" type="stmt"/>
      <line num="950" count="0" type="stmt"/>
      <line num="951" count="0" type="stmt"/>
      <line num="952" count="0" type="stmt"/>
      <line num="954" count="0" type="stmt"/>
      <line num="955" count="0" type="cond" truecount="0" falsecount="2"/>
      <line num="956" count="0" type="stmt"/>
      <line num="958" count="0" type="stmt"/>
      <line num="959" count="0" type="cond" truecount="0" falsecount="2"/>
      <line num="960" count="0" type="stmt"/>
      <line num="962" count="0" type="stmt"/>
      <line num="964" count="0" type="cond" truecount="0" falsecount="2"/>
      <line num="966" count="0" type="cond" truecount="0" falsecount="2"/>
      <line num="967" count="0" type="stmt"/>
      <line num="968" count="0" type="stmt"/>
      <line num="969" count="0" type="stmt"/>
      <line num="970" count="0" type="stmt"/>
      <line num="971" count="0" type="stmt"/>
      <line num="972" count="0" type="stmt"/>
      <line num="974" count="0" type="stmt"/>
      <line num="975" count="0" type="cond" truecount="0" falsecount="2"/>
      <line num="976" count="0" type="stmt"/>
      <line num="978" count="0" type="stmt"/>
      <line num="979" count="0" type="cond" truecount="0" falsecount="2"/>
      <line num="980" count="0" type="stmt"/>
      <line num="982" count="0" type="stmt"/>
      <line num="984" count="0" type="cond" truecount="0" falsecount="2"/>
      <line num="986" count="0" type="cond" truecount="0" falsecount="2"/>
      <line num="987" count="0" type="stmt"/>
      <line num="988" count="0" type="stmt"/>
      <line num="989" count="0" type="stmt"/>
      <line num="990" count="0" type="stmt"/>
      <line num="991" count="0" type="stmt"/>
      <line num="992" count="0" type="stmt"/>
      <line num="994" count="0" type="stmt"/>
      <line num="995" count="0" type="cond" truecount="0" falsecount="2"/>
      <line num="996" count="0" type="stmt"/>
      <line num="998" count="0" type="stmt"/>
      <line num="999" count="0" type="cond" truecount="0" falsecount="2"/>
      <line num="1000" count="0" type="stmt"/>
      <line num="1002" count="0" type="stmt"/>
      <line num="1004" count="0" type="cond" truecount="0" falsecount="2"/>
      <line num="1006" count="0" type="cond" truecount="0" falsecount="2"/>
      <line num="1007" count="0" type="stmt"/>
      <line num="1008" count="0" type="stmt"/>
      <line num="1009" count="0" type="stmt"/>
      <line num="1010" count="0" type="stmt"/>
      <line num="1011" count="0" type="stmt"/>
      <line num="1012" count="0" type="stmt"/>
      <line num="1014" count="0" type="stmt"/>
      <line num="1015" count="0" type="cond" truecount="0" falsecount="2"/>
      <line num="1016" count="0" type="stmt"/>
      <line num="1018" count="0" type="stmt"/>
      <line num="1019" count="0" type="cond" truecount="0" falsecount="2"/>
      <line num="1020" count="0" type="stmt"/>
      <line num="1022" count="0" type="stmt"/>
      <line num="1024" count="0" type="cond" truecount="0" falsecount="2"/>
      <line num="1026" count="0" type="cond" truecount="0" falsecount="2"/>
      <line num="1027" count="0" type="stmt"/>
      <line num="1028" count="0" type="stmt"/>
      <line num="1029" count="0" type="stmt"/>
      <line num="1030" count="0" type="stmt"/>
      <line num="1031" count="0" type="stmt"/>
      <line num="1032" count="0" type="stmt"/>
      <line num="1034" count="0" type="stmt"/>
      <line num="1035" count="0" type="cond" truecount="0" falsecount="2"/>
      <line num="1036" count="0" type="stmt"/>
      <line num="1038" count="0" type="stmt"/>
      <line num="1039" count="0" type="cond" truecount="0" falsecount="2"/>
      <line num="1040" count="0" type="stmt"/>
      <line num="1042" count="0" type="stmt"/>
      <line num="1044" count="0" type="cond" truecount="0" falsecount="2"/>
      <line num="1046" count="0" type="cond" truecount="0" falsecount="2"/>
      <line num="1047" count="0" type="stmt"/>
      <line num="1048" count="0" type="stmt"/>
      <line num="1049" count="0" type="stmt"/>
      <line num="1050" count="0" type="stmt"/>
      <line num="1051" count="0" type="stmt"/>
      <line num="1052" count="0" type="stmt"/>
      <line num="1054" count="0" type="stmt"/>
      <line num="1055" count="0" type="cond" truecount="0" falsecount="2"/>
      <line num="1056" count="0" type="stmt"/>
      <line num="1058" count="0" type="stmt"/>
      <line num="1059" count="0" type="cond" truecount="0" falsecount="2"/>
      <line num="1060" count="0" type="stmt"/>
      <line num="1062" count="0" type="stmt"/>
      <line num="1064" count="0" type="cond" truecount="0" falsecount="2"/>
      <line num="1066" count="0" type="cond" truecount="0" falsecount="2"/>
      <line num="1067" count="0" type="stmt"/>
      <line num="1068" count="0" type="stmt"/>
      <line num="1069" count="0" type="stmt"/>
      <line num="1070" count="0" type="stmt"/>
      <line num="1071" count="0" type="stmt"/>
      <line num="1072" count="0" type="stmt"/>
      <line num="1074" count="0" type="stmt"/>
      <line num="1075" count="0" type="cond" truecount="0" falsecount="2"/>
      <line num="1076" count="0" type="stmt"/>
      <line num="1078" count="0" type="stmt"/>
      <line num="1079" count="0" type="cond" truecount="0" falsecount="2"/>
      <line num="1080" count="0" type="stmt"/>
      <line num="1082" count="0" type="stmt"/>
      <line num="1084" count="0" type="cond" truecount="0" falsecount="2"/>
      <line num="1086" count="0" type="cond" truecount="0" falsecount="2"/>
      <line num="1087" count="0" type="stmt"/>
      <line num="1088" count="0" type="stmt"/>
      <line num="1089" count="0" type="stmt"/>
      <line num="1090" count="0" type="stmt"/>
      <line num="1091" count="0" type="stmt"/>
      <line num="1092" count="0" type="stmt"/>
      <line num="1094" count="0" type="stmt"/>
      <line num="1095" count="0" type="cond" truecount="0" falsecount="2"/>
      <line num="1096" count="0" type="stmt"/>
      <line num="1098" count="0" type="stmt"/>
      <line num="1099" count="0" type="cond" truecount="0" falsecount="2"/>
      <line num="1100" count="0" type="stmt"/>
      <line num="1102" count="0" type="stmt"/>
      <line num="1105" count="7" type="cond" truecount="2" falsecount="2"/>
      <line num="1106" count="0" type="stmt"/>
      <line num="1107" count="0" type="stmt"/>
      <line num="1108" count="0" type="stmt"/>
      <line num="1109" count="0" type="stmt"/>
      <line num="1110" count="0" type="stmt"/>
      <line num="1112" count="7" type="cond" truecount="2" falsecount="2"/>
      <line num="1113" count="0" type="cond" truecount="0" falsecount="2"/>
      <line num="1114" count="0" type="stmt"/>
      <line num="1115" count="0" type="cond" truecount="0" falsecount="2"/>
      <line num="1116" count="0" type="stmt"/>
      <line num="1118" count="7" type="cond" truecount="2" falsecount="2"/>
      <line num="1119" count="0" type="stmt"/>
      <line num="1121" count="7" type="cond" truecount="2" falsecount="2"/>
      <line num="1122" count="0" type="stmt"/>
      <line num="1123" count="0" type="stmt"/>
      <line num="1125" count="7" type="cond" truecount="4" falsecount="0"/>
      <line num="1126" count="1" type="stmt"/>
      <line num="1127" count="1" type="cond" truecount="1" falsecount="1"/>
      <line num="1128" count="1" type="cond" truecount="1" falsecount="1"/>
      <line num="1129" count="1" type="cond" truecount="1" falsecount="1"/>
      <line num="1130" count="1" type="cond" truecount="1" falsecount="1"/>
      <line num="1131" count="1" type="cond" truecount="1" falsecount="1"/>
      <line num="1133" count="7" type="cond" truecount="2" falsecount="2"/>
      <line num="1134" count="0" type="stmt"/>
      <line num="1135" count="0" type="stmt"/>
      <line num="1136" count="0" type="stmt"/>
      <line num="1137" count="0" type="stmt"/>
      <line num="1138" count="0" type="stmt"/>
      <line num="1139" count="0" type="stmt"/>
      <line num="1140" count="0" type="stmt"/>
      <line num="1141" count="0" type="stmt"/>
      <line num="1142" count="0" type="stmt"/>
      <line num="1143" count="0" type="stmt"/>
      <line num="1144" count="0" type="stmt"/>
      <line num="1145" count="0" type="stmt"/>
      <line num="1146" count="0" type="stmt"/>
      <line num="1147" count="0" type="stmt"/>
      <line num="1148" count="0" type="stmt"/>
      <line num="1149" count="0" type="stmt"/>
      <line num="1151" count="7" type="cond" truecount="2" falsecount="2"/>
      <line num="1152" count="0" type="stmt"/>
      <line num="1153" count="0" type="stmt"/>
      <line num="1154" count="0" type="stmt"/>
      <line num="1155" count="0" type="stmt"/>
      <line num="1156" count="0" type="stmt"/>
      <line num="1157" count="0" type="stmt"/>
      <line num="1158" count="0" type="stmt"/>
      <line num="1159" count="0" type="stmt"/>
      <line num="1160" count="7" type="cond" truecount="2" falsecount="2"/>
      <line num="1161" count="0" type="stmt"/>
      <line num="1162" count="0" type="stmt"/>
      <line num="1163" count="0" type="stmt"/>
      <line num="1164" count="0" type="stmt"/>
      <line num="1165" count="0" type="stmt"/>
      <line num="1166" count="0" type="stmt"/>
      <line num="1167" count="0" type="stmt"/>
      <line num="1168" count="0" type="stmt"/>
      <line num="1170" count="7" type="cond" truecount="2" falsecount="2"/>
      <line num="1171" count="0" type="stmt"/>
      <line num="1172" count="0" type="stmt"/>
      <line num="1173" count="0" type="stmt"/>
      <line num="1174" count="0" type="stmt"/>
      <line num="1175" count="0" type="stmt"/>
      <line num="1176" count="0" type="stmt"/>
      <line num="1178" count="7" type="cond" truecount="2" falsecount="2"/>
      <line num="1179" count="0" type="stmt"/>
      <line num="1180" count="0" type="stmt"/>
      <line num="1181" count="0" type="stmt"/>
      <line num="1182" count="0" type="stmt"/>
      <line num="1183" count="0" type="stmt"/>
      <line num="1184" count="0" type="stmt"/>
      <line num="1185" count="0" type="stmt"/>
      <line num="1186" count="0" type="stmt"/>
      <line num="1187" count="0" type="stmt"/>
      <line num="1189" count="7" type="cond" truecount="2" falsecount="2"/>
      <line num="1190" count="7" type="cond" truecount="2" falsecount="2"/>
      <line num="1191" count="7" type="cond" truecount="2" falsecount="2"/>
      <line num="1192" count="7" type="cond" truecount="2" falsecount="2"/>
      <line num="1193" count="7" type="cond" truecount="2" falsecount="2"/>
      <line num="1194" count="0" type="stmt"/>
      <line num="1195" count="0" type="stmt"/>
      <line num="1196" count="0" type="stmt"/>
      <line num="1197" count="0" type="stmt"/>
      <line num="1198" count="0" type="stmt"/>
      <line num="1199" count="0" type="stmt"/>
      <line num="1200" count="0" type="stmt"/>
      <line num="1201" count="0" type="stmt"/>
      <line num="1202" count="0" type="stmt"/>
      <line num="1203" count="0" type="stmt"/>
      <line num="1204" count="0" type="stmt"/>
      <line num="1205" count="0" type="stmt"/>
      <line num="1206" count="0" type="stmt"/>
      <line num="1207" count="0" type="stmt"/>
      <line num="1208" count="0" type="stmt"/>
      <line num="1209" count="0" type="stmt"/>
      <line num="1210" count="0" type="stmt"/>
      <line num="1211" count="0" type="stmt"/>
      <line num="1212" count="0" type="stmt"/>
      <line num="1213" count="0" type="stmt"/>
      <line num="1214" count="0" type="stmt"/>
      <line num="1215" count="0" type="stmt"/>
      <line num="1217" count="7" type="cond" truecount="1" falsecount="1"/>
      <line num="1218" count="0" type="stmt"/>
      <line num="1219" count="0" type="cond" truecount="0" falsecount="2"/>
      <line num="1220" count="0" type="stmt"/>
      <line num="1221" count="0" type="stmt"/>
      <line num="1222" count="0" type="stmt"/>
      <line num="1223" count="0" type="stmt"/>
      <line num="1224" count="0" type="stmt"/>
      <line num="1225" count="0" type="stmt"/>
      <line num="1226" count="0" type="stmt"/>
      <line num="1227" count="0" type="stmt"/>
      <line num="1228" count="0" type="stmt"/>
      <line num="1229" count="0" type="stmt"/>
      <line num="1230" count="0" type="stmt"/>
      <line num="1231" count="0" type="cond" truecount="0" falsecount="5"/>
      <line num="1232" count="0" type="cond" truecount="0" falsecount="4"/>
      <line num="1233" count="0" type="stmt"/>
      <line num="1234" count="0" type="stmt"/>
      <line num="1235" count="0" type="stmt"/>
      <line num="1236" count="0" type="stmt"/>
      <line num="1237" count="0" type="stmt"/>
      <line num="1238" count="0" type="stmt"/>
      <line num="1239" count="0" type="stmt"/>
      <line num="1240" count="0" type="stmt"/>
      <line num="1241" count="0" type="stmt"/>
      <line num="1242" count="0" type="stmt"/>
      <line num="1243" count="0" type="stmt"/>
      <line num="1244" count="0" type="cond" truecount="0" falsecount="2"/>
      <line num="1245" count="0" type="stmt"/>
      <line num="1246" count="0" type="stmt"/>
      <line num="1247" count="0" type="stmt"/>
      <line num="1248" count="0" type="stmt"/>
      <line num="1249" count="0" type="cond" truecount="0" falsecount="2"/>
      <line num="1250" count="0" type="cond" truecount="0" falsecount="2"/>
      <line num="1251" count="0" type="stmt"/>
      <line num="1252" count="0" type="stmt"/>
      <line num="1253" count="0" type="stmt"/>
      <line num="1254" count="0" type="stmt"/>
      <line num="1255" count="0" type="stmt"/>
      <line num="1256" count="0" type="stmt"/>
      <line num="1257" count="0" type="stmt"/>
      <line num="1258" count="0" type="stmt"/>
      <line num="1259" count="0" type="stmt"/>
      <line num="1260" count="0" type="stmt"/>
      <line num="1261" count="0" type="cond" truecount="0" falsecount="2"/>
      <line num="1262" count="0" type="cond" truecount="0" falsecount="2"/>
      <line num="1263" count="0" type="cond" truecount="0" falsecount="2"/>
      <line num="1264" count="0" type="cond" truecount="0" falsecount="2"/>
      <line num="1268" count="9" type="cond" truecount="2" falsecount="0"/>
      <line num="1269" count="1" type="stmt"/>
      <line num="1270" count="1" type="stmt"/>
      <line num="1271" count="1" type="stmt"/>
      <line num="1273" count="9" type="cond" truecount="2" falsecount="0"/>
      <line num="1274" count="1" type="stmt"/>
      <line num="1275" count="1" type="stmt"/>
      <line num="1276" count="1" type="stmt"/>
      <line num="1277" count="1" type="stmt"/>
      <line num="1278" count="1" type="stmt"/>
      <line num="1279" count="1" type="cond" truecount="1" falsecount="1"/>
      <line num="1280" count="1" type="stmt"/>
      <line num="1281" count="1" type="cond" truecount="1" falsecount="1"/>
      <line num="1282" count="1" type="stmt"/>
      <line num="1287" count="1" type="stmt"/>
      <line num="1288" count="1" type="stmt"/>
      <line num="1291" count="10" type="stmt"/>
      <line num="1294" count="10" type="stmt"/>
      <line num="1295" count="10" type="stmt"/>
      <line num="1296" count="10" type="stmt"/>
      <line num="1297" count="10" type="stmt"/>
      <line num="1298" count="10" type="stmt"/>
      <line num="1299" count="10" type="cond" truecount="2" falsecount="0"/>
      <line num="1300" count="9" type="cond" truecount="2" falsecount="0"/>
      <line num="1301" count="1" type="stmt"/>
      <line num="1302" count="1" type="stmt"/>
      <line num="1305" count="10" type="cond" truecount="4" falsecount="0"/>
      <line num="1306" count="1" type="stmt"/>
      <line num="1314" count="9" type="cond" truecount="2" falsecount="0"/>
      <line num="1315" count="1" type="stmt"/>
      <line num="1323" count="8" type="cond" truecount="2" falsecount="0"/>
      <line num="1324" count="1" type="cond" truecount="1" falsecount="1"/>
      <line num="1325" count="1" type="stmt"/>
      <line num="1334" count="0" type="stmt"/>
      <line num="1343" count="7" type="cond" truecount="2" falsecount="0"/>
      <line num="1344" count="6" type="cond" truecount="1" falsecount="1"/>
      <line num="1345" count="0" type="stmt"/>
      <line num="1346" count="0" type="stmt"/>
      <line num="1347" count="0" type="stmt"/>
      <line num="1348" count="0" type="stmt"/>
      <line num="1358" count="6" type="stmt"/>
      <line num="1359" count="6" type="stmt"/>
      <line num="1369" count="1" type="stmt"/>
      <line num="1374" count="1" type="stmt"/>
      <line num="1381" count="1" type="stmt"/>
      <line num="1386" count="7" type="stmt"/>
      <line num="1387" count="7" type="cond" truecount="2" falsecount="0"/>
      <line num="1388" count="3" type="stmt"/>
      <line num="1391" count="4" type="stmt"/>
      <line num="1398" count="4" type="stmt"/>
      <line num="1401" count="4" type="stmt"/>
      <line num="1409" count="1" type="stmt"/>
      <line num="1410" count="1" type="stmt"/>
      <line num="1411" count="1" type="stmt"/>
      <line num="1412" count="1" type="stmt"/>
      <line num="1414" count="1" type="stmt"/>
    </file>
  </project>
</coverage>
