{"C:\\Users\\Lorenzo\\Documents\\00000M1\\.travail\\projet\\th_v4\\index.js": {"path":"C:\\Users\\Lorenzo\\Documents\\00000M1\\.travail\\projet\\th_v4\\index.js","statementMap":{"0":{"start":{"line":1,"column":0},"end":{"line":1417,"column":3}},"1":{"start":{"line":2,"column":1},"end":{"line":9,"column":29}},"2":{"start":{"line":3,"column":2},"end":{"line":3,"column":29}},"3":{"start":{"line":4,"column":6},"end":{"line":9,"column":29}},"4":{"start":{"line":5,"column":2},"end":{"line":5,"column":22}},"5":{"start":{"line":6,"column":6},"end":{"line":9,"column":29}},"6":{"start":{"line":7,"column":2},"end":{"line":7,"column":32}},"7":{"start":{"line":9,"column":2},"end":{"line":9,"column":29}},"8":{"start":{"line":11,"column":0},"end":{"line":1416,"column":1}},"9":{"start":{"line":12,"column":37},"end":{"line":1378,"column":11}},"10":{"start":{"line":17,"column":15},"end":{"line":17,"column":16}},"11":{"start":{"line":18,"column":12},"end":{"line":18,"column":13}},"12":{"start":{"line":19,"column":12},"end":{"line":19,"column":13}},"13":{"start":{"line":20,"column":12},"end":{"line":20,"column":13}},"14":{"start":{"line":21,"column":12},"end":{"line":21,"column":13}},"15":{"start":{"line":22,"column":12},"end":{"line":22,"column":13}},"16":{"start":{"line":23,"column":13},"end":{"line":23,"column":14}},"17":{"start":{"line":24,"column":13},"end":{"line":24,"column":14}},"18":{"start":{"line":25,"column":13},"end":{"line":25,"column":14}},"19":{"start":{"line":26,"column":13},"end":{"line":26,"column":14}},"20":{"start":{"line":27,"column":13},"end":{"line":27,"column":15}},"21":{"start":{"line":28,"column":13},"end":{"line":28,"column":15}},"22":{"start":{"line":29,"column":12},"end":{"line":29,"column":14}},"23":{"start":{"line":30,"column":9},"end":{"line":30,"column":11}},"24":{"start":{"line":31,"column":0},"end":{"line":31,"column":17}},"25":{"start":{"line":32,"column":0},"end":{"line":32,"column":14}},"26":{"start":{"line":33,"column":0},"end":{"line":33,"column":14}},"27":{"start":{"line":34,"column":0},"end":{"line":34,"column":14}},"28":{"start":{"line":35,"column":0},"end":{"line":35,"column":14}},"29":{"start":{"line":36,"column":0},"end":{"line":36,"column":14}},"30":{"start":{"line":37,"column":0},"end":{"line":37,"column":16}},"31":{"start":{"line":38,"column":0},"end":{"line":38,"column":16}},"32":{"start":{"line":39,"column":0},"end":{"line":39,"column":16}},"33":{"start":{"line":40,"column":0},"end":{"line":40,"column":16}},"34":{"start":{"line":41,"column":0},"end":{"line":41,"column":16}},"35":{"start":{"line":42,"column":0},"end":{"line":42,"column":16}},"36":{"start":{"line":43,"column":0},"end":{"line":43,"column":15}},"37":{"start":{"line":44,"column":27},"end":{"line":44,"column":29}},"38":{"start":{"line":45,"column":23},"end":{"line":45,"column":25}},"39":{"start":{"line":46,"column":11},"end":{"line":101,"column":1}},"40":{"start":{"line":102,"column":0},"end":{"line":106,"column":2}},"41":{"start":{"line":103,"column":4},"end":{"line":103,"column":29}},"42":{"start":{"line":103,"column":18},"end":{"line":103,"column":29}},"43":{"start":{"line":104,"column":4},"end":{"line":104,"column":36}},"44":{"start":{"line":104,"column":15},"end":{"line":104,"column":36}},"45":{"start":{"line":105,"column":4},"end":{"line":105,"column":24}},"46":{"start":{"line":108,"column":14},"end":{"line":108,"column":26}},"47":{"start":{"line":109,"column":17},"end":{"line":109,"column":56}},"48":{"start":{"line":110,"column":15},"end":{"line":110,"column":56}},"49":{"start":{"line":111,"column":4},"end":{"line":111,"column":55}},"50":{"start":{"line":112,"column":4},"end":{"line":112,"column":35}},"51":{"start":{"line":113,"column":15},"end":{"line":113,"column":67}},"52":{"start":{"line":114,"column":25},"end":{"line":114,"column":44}},"53":{"start":{"line":115,"column":33},"end":{"line":115,"column":60}},"54":{"start":{"line":116,"column":4},"end":{"line":118,"column":5}},"55":{"start":{"line":117,"column":8},"end":{"line":117,"column":122}},"56":{"start":{"line":119,"column":4},"end":{"line":119,"column":86}},"57":{"start":{"line":120,"column":4},"end":{"line":120,"column":73}},"58":{"start":{"line":123,"column":17},"end":{"line":123,"column":19}},"59":{"start":{"line":124,"column":12},"end":{"line":124,"column":13}},"60":{"start":{"line":125,"column":4},"end":{"line":132,"column":5}},"61":{"start":{"line":126,"column":8},"end":{"line":130,"column":11}},"62":{"start":{"line":131,"column":8},"end":{"line":131,"column":15}},"63":{"start":{"line":133,"column":4},"end":{"line":136,"column":6}},"64":{"start":{"line":140,"column":29},"end":{"line":140,"column":31}},"65":{"start":{"line":141,"column":17},"end":{"line":141,"column":28}},"66":{"start":{"line":142,"column":8},"end":{"line":144,"column":9}},"67":{"start":{"line":143,"column":12},"end":{"line":143,"column":76}},"68":{"start":{"line":145,"column":24},"end":{"line":145,"column":25}},"69":{"start":{"line":146,"column":22},"end":{"line":146,"column":23}},"70":{"start":{"line":147,"column":8},"end":{"line":154,"column":9}},"71":{"start":{"line":148,"column":12},"end":{"line":150,"column":13}},"72":{"start":{"line":149,"column":16},"end":{"line":149,"column":49}},"73":{"start":{"line":151,"column":12},"end":{"line":151,"column":22}},"74":{"start":{"line":152,"column":12},"end":{"line":152,"column":24}},"75":{"start":{"line":153,"column":12},"end":{"line":153,"column":29}},"76":{"start":{"line":155,"column":8},"end":{"line":155,"column":23}},"77":{"start":{"line":157,"column":4},"end":{"line":210,"column":5}},"78":{"start":{"line":161,"column":25},"end":{"line":161,"column":54}},"79":{"start":{"line":162,"column":33},"end":{"line":162,"column":40}},"80":{"start":{"line":163,"column":12},"end":{"line":163,"column":30}},"81":{"start":{"line":164,"column":12},"end":{"line":166,"column":13}},"82":{"start":{"line":165,"column":16},"end":{"line":165,"column":62}},"83":{"start":{"line":167,"column":22},"end":{"line":167,"column":23}},"84":{"start":{"line":168,"column":25},"end":{"line":168,"column":57}},"85":{"start":{"line":169,"column":32},"end":{"line":169,"column":42}},"86":{"start":{"line":170,"column":12},"end":{"line":172,"column":13}},"87":{"start":{"line":171,"column":16},"end":{"line":171,"column":34}},"88":{"start":{"line":173,"column":12},"end":{"line":186,"column":13}},"89":{"start":{"line":174,"column":32},"end":{"line":174,"column":33}},"90":{"start":{"line":175,"column":16},"end":{"line":183,"column":17}},"91":{"start":{"line":176,"column":30},"end":{"line":176,"column":49}},"92":{"start":{"line":177,"column":20},"end":{"line":179,"column":21}},"93":{"start":{"line":178,"column":24},"end":{"line":178,"column":67}},"94":{"start":{"line":180,"column":20},"end":{"line":180,"column":36}},"95":{"start":{"line":181,"column":20},"end":{"line":181,"column":32}},"96":{"start":{"line":182,"column":20},"end":{"line":182,"column":40}},"97":{"start":{"line":184,"column":16},"end":{"line":184,"column":25}},"98":{"start":{"line":185,"column":16},"end":{"line":185,"column":34}},"99":{"start":{"line":187,"column":12},"end":{"line":192,"column":13}},"100":{"start":{"line":188,"column":16},"end":{"line":191,"column":17}},"101":{"start":{"line":188,"column":29},"end":{"line":188,"column":35}},"102":{"start":{"line":189,"column":20},"end":{"line":189,"column":34}},"103":{"start":{"line":190,"column":20},"end":{"line":190,"column":29}},"104":{"start":{"line":193,"column":12},"end":{"line":193,"column":23}},"105":{"start":{"line":196,"column":12},"end":{"line":207,"column":13}},"106":{"start":{"line":196,"column":25},"end":{"line":196,"column":26}},"107":{"start":{"line":197,"column":28},"end":{"line":197,"column":75}},"108":{"start":{"line":198,"column":16},"end":{"line":206,"column":17}},"109":{"start":{"line":198,"column":29},"end":{"line":198,"column":30}},"110":{"start":{"line":199,"column":20},"end":{"line":205,"column":21}},"111":{"start":{"line":203,"column":24},"end":{"line":203,"column":37}},"112":{"start":{"line":204,"column":24},"end":{"line":204,"column":33}},"113":{"start":{"line":208,"column":12},"end":{"line":208,"column":58}},"114":{"start":{"line":213,"column":17},"end":{"line":213,"column":19}},"115":{"start":{"line":214,"column":4},"end":{"line":218,"column":5}},"116":{"start":{"line":215,"column":8},"end":{"line":215,"column":55}},"117":{"start":{"line":217,"column":8},"end":{"line":217,"column":43}},"118":{"start":{"line":220,"column":4},"end":{"line":220,"column":18}},"119":{"start":{"line":223,"column":18},"end":{"line":223,"column":39}},"120":{"start":{"line":224,"column":4},"end":{"line":226,"column":5}},"121":{"start":{"line":225,"column":8},"end":{"line":225,"column":31}},"122":{"start":{"line":227,"column":4},"end":{"line":232,"column":5}},"123":{"start":{"line":235,"column":27},"end":{"line":235,"column":28}},"124":{"start":{"line":236,"column":33},"end":{"line":236,"column":34}},"125":{"start":{"line":237,"column":4},"end":{"line":255,"column":5}},"126":{"start":{"line":237,"column":17},"end":{"line":237,"column":18}},"127":{"start":{"line":238,"column":18},"end":{"line":241,"column":9}},"128":{"start":{"line":242,"column":23},"end":{"line":242,"column":54}},"129":{"start":{"line":243,"column":8},"end":{"line":243,"column":54}},"130":{"start":{"line":243,"column":21},"end":{"line":243,"column":54}},"131":{"start":{"line":244,"column":8},"end":{"line":244,"column":79}},"132":{"start":{"line":245,"column":8},"end":{"line":250,"column":9}},"133":{"start":{"line":251,"column":8},"end":{"line":254,"column":9}},"134":{"start":{"line":252,"column":12},"end":{"line":252,"column":76}},"135":{"start":{"line":253,"column":12},"end":{"line":253,"column":77}},"136":{"start":{"line":256,"column":4},"end":{"line":259,"column":5}},"137":{"start":{"line":262,"column":4},"end":{"line":275,"column":5}},"138":{"start":{"line":278,"column":4},"end":{"line":280,"column":5}},"139":{"start":{"line":278,"column":17},"end":{"line":278,"column":18}},"140":{"start":{"line":279,"column":8},"end":{"line":279,"column":51}},"141":{"start":{"line":279,"column":43},"end":{"line":279,"column":51}},"142":{"start":{"line":281,"column":4},"end":{"line":281,"column":57}},"143":{"start":{"line":284,"column":4},"end":{"line":287,"column":5}},"144":{"start":{"line":285,"column":17},"end":{"line":285,"column":42}},"145":{"start":{"line":286,"column":8},"end":{"line":286,"column":64}},"146":{"start":{"line":288,"column":4},"end":{"line":288,"column":39}},"147":{"start":{"line":291,"column":4},"end":{"line":291,"column":70}},"148":{"start":{"line":291,"column":35},"end":{"line":291,"column":70}},"149":{"start":{"line":292,"column":4},"end":{"line":292,"column":80}},"150":{"start":{"line":292,"column":16},"end":{"line":292,"column":80}},"151":{"start":{"line":293,"column":4},"end":{"line":293,"column":24}},"152":{"start":{"line":296,"column":4},"end":{"line":296,"column":81}},"153":{"start":{"line":299,"column":12},"end":{"line":299,"column":44}},"154":{"start":{"line":300,"column":4},"end":{"line":300,"column":54}},"155":{"start":{"line":303,"column":15},"end":{"line":303,"column":42}},"156":{"start":{"line":304,"column":19},"end":{"line":304,"column":47}},"157":{"start":{"line":305,"column":22},"end":{"line":305,"column":41}},"158":{"start":{"line":306,"column":4},"end":{"line":306,"column":93}},"159":{"start":{"line":306,"column":26},"end":{"line":306,"column":93}},"160":{"start":{"line":307,"column":4},"end":{"line":311,"column":62}},"161":{"start":{"line":308,"column":8},"end":{"line":308,"column":48}},"162":{"start":{"line":308,"column":31},"end":{"line":308,"column":48}},"163":{"start":{"line":309,"column":8},"end":{"line":309,"column":23}},"164":{"start":{"line":310,"column":8},"end":{"line":310,"column":30}},"165":{"start":{"line":311,"column":11},"end":{"line":311,"column":62}},"166":{"start":{"line":312,"column":4},"end":{"line":312,"column":53}},"167":{"start":{"line":315,"column":4},"end":{"line":315,"column":119}},"168":{"start":{"line":315,"column":32},"end":{"line":315,"column":119}},"169":{"start":{"line":316,"column":4},"end":{"line":316,"column":85}},"170":{"start":{"line":319,"column":29},"end":{"line":319,"column":59}},"171":{"start":{"line":320,"column":14},"end":{"line":320,"column":16}},"172":{"start":{"line":321,"column":15},"end":{"line":321,"column":96}},"173":{"start":{"line":322,"column":26},"end":{"line":322,"column":46}},"174":{"start":{"line":323,"column":24},"end":{"line":323,"column":42}},"175":{"start":{"line":324,"column":4},"end":{"line":358,"column":5}},"176":{"start":{"line":324,"column":17},"end":{"line":324,"column":18}},"177":{"start":{"line":325,"column":37},"end":{"line":325,"column":38}},"178":{"start":{"line":326,"column":8},"end":{"line":326,"column":52}},"179":{"start":{"line":327,"column":23},"end":{"line":327,"column":54}},"180":{"start":{"line":328,"column":8},"end":{"line":357,"column":9}},"181":{"start":{"line":328,"column":21},"end":{"line":328,"column":22}},"182":{"start":{"line":329,"column":28},"end":{"line":329,"column":58}},"183":{"start":{"line":330,"column":12},"end":{"line":356,"column":13}},"184":{"start":{"line":331,"column":25},"end":{"line":331,"column":81}},"185":{"start":{"line":332,"column":37},"end":{"line":335,"column":17}},"186":{"start":{"line":336,"column":16},"end":{"line":353,"column":17}},"187":{"start":{"line":338,"column":24},"end":{"line":340,"column":40}},"188":{"start":{"line":341,"column":20},"end":{"line":348,"column":21}},"189":{"start":{"line":341,"column":32},"end":{"line":341,"column":168}},"190":{"start":{"line":343,"column":24},"end":{"line":346,"column":73}},"191":{"start":{"line":344,"column":28},"end":{"line":344,"column":54}},"192":{"start":{"line":345,"column":28},"end":{"line":345,"column":36}},"193":{"start":{"line":346,"column":31},"end":{"line":346,"column":73}},"194":{"start":{"line":350,"column":20},"end":{"line":352,"column":21}},"195":{"start":{"line":354,"column":16},"end":{"line":354,"column":75}},"196":{"start":{"line":355,"column":16},"end":{"line":355,"column":75}},"197":{"start":{"line":359,"column":4},"end":{"line":359,"column":24}},"198":{"start":{"line":362,"column":26},"end":{"line":362,"column":28}},"199":{"start":{"line":363,"column":24},"end":{"line":363,"column":25}},"200":{"start":{"line":364,"column":26},"end":{"line":364,"column":56}},"201":{"start":{"line":365,"column":4},"end":{"line":382,"column":5}},"202":{"start":{"line":365,"column":17},"end":{"line":365,"column":18}},"203":{"start":{"line":366,"column":17},"end":{"line":366,"column":56}},"204":{"start":{"line":367,"column":8},"end":{"line":380,"column":65}},"205":{"start":{"line":368,"column":12},"end":{"line":379,"column":13}},"206":{"start":{"line":368,"column":25},"end":{"line":368,"column":117}},"207":{"start":{"line":370,"column":16},"end":{"line":378,"column":63}},"208":{"start":{"line":371,"column":45},"end":{"line":371,"column":67}},"209":{"start":{"line":372,"column":20},"end":{"line":377,"column":21}},"210":{"start":{"line":378,"column":23},"end":{"line":378,"column":63}},"211":{"start":{"line":380,"column":15},"end":{"line":380,"column":65}},"212":{"start":{"line":381,"column":8},"end":{"line":381,"column":42}},"213":{"start":{"line":383,"column":4},"end":{"line":386,"column":5}},"214":{"start":{"line":389,"column":23},"end":{"line":389,"column":55}},"215":{"start":{"line":390,"column":4},"end":{"line":390,"column":90}},"216":{"start":{"line":390,"column":26},"end":{"line":390,"column":90}},"217":{"start":{"line":391,"column":4},"end":{"line":391,"column":94}},"218":{"start":{"line":391,"column":26},"end":{"line":391,"column":94}},"219":{"start":{"line":392,"column":4},"end":{"line":392,"column":74}},"220":{"start":{"line":395,"column":4},"end":{"line":395,"column":89}},"221":{"start":{"line":395,"column":45},"end":{"line":395,"column":89}},"222":{"start":{"line":396,"column":4},"end":{"line":396,"column":72}},"223":{"start":{"line":399,"column":14},"end":{"line":399,"column":16}},"224":{"start":{"line":400,"column":4},"end":{"line":431,"column":5}},"225":{"start":{"line":400,"column":17},"end":{"line":400,"column":18}},"226":{"start":{"line":401,"column":8},"end":{"line":401,"column":52}},"227":{"start":{"line":402,"column":23},"end":{"line":402,"column":54}},"228":{"start":{"line":403,"column":31},"end":{"line":403,"column":61}},"229":{"start":{"line":404,"column":8},"end":{"line":430,"column":9}},"230":{"start":{"line":405,"column":34},"end":{"line":405,"column":64}},"231":{"start":{"line":406,"column":12},"end":{"line":429,"column":13}},"232":{"start":{"line":406,"column":25},"end":{"line":406,"column":26}},"233":{"start":{"line":408,"column":20},"end":{"line":410,"column":49}},"234":{"start":{"line":411,"column":37},"end":{"line":414,"column":17}},"235":{"start":{"line":415,"column":25},"end":{"line":415,"column":64}},"236":{"start":{"line":416,"column":16},"end":{"line":416,"column":119}},"237":{"start":{"line":417,"column":16},"end":{"line":417,"column":132}},"238":{"start":{"line":417,"column":77},"end":{"line":417,"column":132}},"239":{"start":{"line":419,"column":16},"end":{"line":419,"column":77}},"240":{"start":{"line":420,"column":16},"end":{"line":427,"column":101}},"241":{"start":{"line":422,"column":24},"end":{"line":424,"column":40}},"242":{"start":{"line":425,"column":20},"end":{"line":426,"column":67}},"243":{"start":{"line":425,"column":32},"end":{"line":425,"column":168}},"244":{"start":{"line":426,"column":25},"end":{"line":426,"column":67}},"245":{"start":{"line":427,"column":23},"end":{"line":427,"column":101}},"246":{"start":{"line":428,"column":16},"end":{"line":428,"column":75}},"247":{"start":{"line":432,"column":4},"end":{"line":432,"column":25}},"248":{"start":{"line":435,"column":31},"end":{"line":438,"column":5}},"249":{"start":{"line":439,"column":4},"end":{"line":439,"column":102}},"250":{"start":{"line":439,"column":32},"end":{"line":439,"column":102}},"251":{"start":{"line":440,"column":4},"end":{"line":468,"column":11}},"252":{"start":{"line":445,"column":12},"end":{"line":466,"column":13}},"253":{"start":{"line":447,"column":35},"end":{"line":455,"column":21}},"254":{"start":{"line":456,"column":20},"end":{"line":456,"column":91}},"255":{"start":{"line":456,"column":45},"end":{"line":456,"column":91}},"256":{"start":{"line":457,"column":20},"end":{"line":463,"column":21}},"257":{"start":{"line":458,"column":24},"end":{"line":462,"column":25}},"258":{"start":{"line":464,"column":20},"end":{"line":464,"column":35}},"259":{"start":{"line":469,"column":4},"end":{"line":469,"column":31}},"260":{"start":{"line":472,"column":4},"end":{"line":472,"column":69}},"261":{"start":{"line":475,"column":15},"end":{"line":475,"column":25}},"262":{"start":{"line":476,"column":18},"end":{"line":476,"column":79}},"263":{"start":{"line":477,"column":4},"end":{"line":477,"column":24}},"264":{"start":{"line":478,"column":20},"end":{"line":478,"column":22}},"265":{"start":{"line":479,"column":4},"end":{"line":487,"column":5}},"266":{"start":{"line":479,"column":17},"end":{"line":479,"column":18}},"267":{"start":{"line":480,"column":19},"end":{"line":480,"column":37}},"268":{"start":{"line":481,"column":25},"end":{"line":485,"column":9}},"269":{"start":{"line":486,"column":8},"end":{"line":486,"column":34}},"270":{"start":{"line":488,"column":4},"end":{"line":488,"column":20}},"271":{"start":{"line":490,"column":0},"end":{"line":492,"column":1}},"272":{"start":{"line":500,"column":14},"end":{"line":500,"column":38}},"273":{"start":{"line":501,"column":18},"end":{"line":501,"column":332}},"274":{"start":{"line":503,"column":4},"end":{"line":503,"column":68}},"275":{"start":{"line":505,"column":0},"end":{"line":505,"column":43}},"276":{"start":{"line":512,"column":17},"end":{"line":512,"column":41}},"277":{"start":{"line":513,"column":14},"end":{"line":513,"column":38}},"278":{"start":{"line":515,"column":16},"end":{"line":515,"column":27}},"279":{"start":{"line":516,"column":15},"end":{"line":516,"column":26}},"280":{"start":{"line":517,"column":15},"end":{"line":517,"column":29}},"281":{"start":{"line":519,"column":4},"end":{"line":553,"column":5}},"282":{"start":{"line":520,"column":22},"end":{"line":520,"column":81}},"283":{"start":{"line":521,"column":22},"end":{"line":521,"column":37}},"284":{"start":{"line":523,"column":8},"end":{"line":547,"column":9}},"285":{"start":{"line":524,"column":29},"end":{"line":529,"column":13}},"286":{"start":{"line":530,"column":12},"end":{"line":541,"column":13}},"287":{"start":{"line":531,"column":30},"end":{"line":531,"column":67}},"288":{"start":{"line":532,"column":16},"end":{"line":535,"column":17}},"289":{"start":{"line":537,"column":16},"end":{"line":540,"column":17}},"290":{"start":{"line":543,"column":12},"end":{"line":546,"column":14}},"291":{"start":{"line":549,"column":8},"end":{"line":552,"column":10}},"292":{"start":{"line":555,"column":0},"end":{"line":557,"column":1}},"293":{"start":{"line":565,"column":4},"end":{"line":565,"column":63}},"294":{"start":{"line":565,"column":47},"end":{"line":565,"column":63}},"295":{"start":{"line":566,"column":4},"end":{"line":566,"column":67}},"296":{"start":{"line":566,"column":49},"end":{"line":566,"column":67}},"297":{"start":{"line":567,"column":4},"end":{"line":567,"column":71}},"298":{"start":{"line":567,"column":51},"end":{"line":567,"column":71}},"299":{"start":{"line":568,"column":4},"end":{"line":568,"column":16}},"300":{"start":{"line":571,"column":15},"end":{"line":571,"column":44}},"301":{"start":{"line":572,"column":14},"end":{"line":572,"column":42}},"302":{"start":{"line":573,"column":17},"end":{"line":573,"column":36}},"303":{"start":{"line":574,"column":4},"end":{"line":574,"column":85}},"304":{"start":{"line":574,"column":21},"end":{"line":574,"column":85}},"305":{"start":{"line":575,"column":4},"end":{"line":579,"column":51}},"306":{"start":{"line":576,"column":8},"end":{"line":576,"column":34}},"307":{"start":{"line":576,"column":25},"end":{"line":576,"column":34}},"308":{"start":{"line":577,"column":8},"end":{"line":577,"column":19}},"309":{"start":{"line":578,"column":8},"end":{"line":578,"column":27}},"310":{"start":{"line":579,"column":11},"end":{"line":579,"column":51}},"311":{"start":{"line":580,"column":4},"end":{"line":580,"column":43}},"312":{"start":{"line":584,"column":4},"end":{"line":584,"column":51}},"313":{"start":{"line":584,"column":37},"end":{"line":584,"column":51}},"314":{"start":{"line":585,"column":19},"end":{"line":585,"column":42}},"315":{"start":{"line":586,"column":18},"end":{"line":586,"column":50}},"316":{"start":{"line":588,"column":13},"end":{"line":588,"column":20}},"317":{"start":{"line":589,"column":4},"end":{"line":594,"column":18}},"318":{"start":{"line":591,"column":8},"end":{"line":591,"column":17}},"319":{"start":{"line":592,"column":8},"end":{"line":592,"column":38}},"320":{"start":{"line":594,"column":9},"end":{"line":594,"column":18}},"321":{"start":{"line":594,"column":19},"end":{"line":594,"column":36}},"322":{"start":{"line":595,"column":4},"end":{"line":595,"column":17}},"323":{"start":{"line":596,"column":4},"end":{"line":599,"column":5}},"324":{"start":{"line":598,"column":8},"end":{"line":598,"column":48}},"325":{"start":{"line":600,"column":4},"end":{"line":601,"column":54}},"326":{"start":{"line":601,"column":8},"end":{"line":601,"column":54}},"327":{"start":{"line":602,"column":4},"end":{"line":602,"column":20}},"328":{"start":{"line":605,"column":14},"end":{"line":605,"column":42}},"329":{"start":{"line":606,"column":4},"end":{"line":606,"column":71}},"330":{"start":{"line":607,"column":4},"end":{"line":609,"column":5}},"331":{"start":{"line":608,"column":8},"end":{"line":608,"column":24}},"332":{"start":{"line":610,"column":4},"end":{"line":610,"column":22}},"333":{"start":{"line":613,"column":17},"end":{"line":613,"column":19}},"334":{"start":{"line":614,"column":4},"end":{"line":617,"column":5}},"335":{"start":{"line":615,"column":8},"end":{"line":615,"column":55}},"336":{"start":{"line":616,"column":8},"end":{"line":616,"column":43}},"337":{"start":{"line":618,"column":4},"end":{"line":618,"column":18}},"338":{"start":{"line":621,"column":4},"end":{"line":621,"column":48}},"339":{"start":{"line":624,"column":20},"end":{"line":624,"column":22}},"340":{"start":{"line":625,"column":14},"end":{"line":625,"column":29}},"341":{"start":{"line":626,"column":4},"end":{"line":626,"column":33}},"342":{"start":{"line":627,"column":4},"end":{"line":627,"column":21}},"343":{"start":{"line":630,"column":12},"end":{"line":630,"column":13}},"344":{"start":{"line":631,"column":4},"end":{"line":657,"column":5}},"345":{"start":{"line":632,"column":17},"end":{"line":632,"column":44}},"346":{"start":{"line":633,"column":8},"end":{"line":638,"column":9}},"347":{"start":{"line":634,"column":12},"end":{"line":634,"column":33}},"348":{"start":{"line":635,"column":12},"end":{"line":635,"column":50}},"349":{"start":{"line":636,"column":12},"end":{"line":636,"column":20}},"350":{"start":{"line":637,"column":12},"end":{"line":637,"column":17}},"351":{"start":{"line":639,"column":18},"end":{"line":639,"column":40}},"352":{"start":{"line":640,"column":8},"end":{"line":650,"column":9}},"353":{"start":{"line":641,"column":23},"end":{"line":641,"column":34}},"354":{"start":{"line":642,"column":23},"end":{"line":642,"column":25}},"355":{"start":{"line":643,"column":12},"end":{"line":647,"column":13}},"356":{"start":{"line":644,"column":16},"end":{"line":644,"column":31}},"357":{"start":{"line":646,"column":16},"end":{"line":646,"column":29}},"358":{"start":{"line":648,"column":23},"end":{"line":648,"column":54}},"359":{"start":{"line":649,"column":12},"end":{"line":649,"column":31}},"360":{"start":{"line":651,"column":8},"end":{"line":654,"column":9}},"361":{"start":{"line":652,"column":23},"end":{"line":652,"column":40}},"362":{"start":{"line":653,"column":12},"end":{"line":653,"column":31}},"363":{"start":{"line":655,"column":8},"end":{"line":655,"column":12}},"364":{"start":{"line":660,"column":12},"end":{"line":660,"column":13}},"365":{"start":{"line":661,"column":16},"end":{"line":661,"column":17}},"366":{"start":{"line":662,"column":21},"end":{"line":662,"column":27}},"367":{"start":{"line":663,"column":16},"end":{"line":663,"column":17}},"368":{"start":{"line":664,"column":18},"end":{"line":664,"column":19}},"369":{"start":{"line":665,"column":4},"end":{"line":725,"column":5}},"370":{"start":{"line":666,"column":17},"end":{"line":666,"column":44}},"371":{"start":{"line":667,"column":8},"end":{"line":672,"column":9}},"372":{"start":{"line":668,"column":12},"end":{"line":668,"column":33}},"373":{"start":{"line":669,"column":12},"end":{"line":669,"column":50}},"374":{"start":{"line":670,"column":12},"end":{"line":670,"column":20}},"375":{"start":{"line":671,"column":12},"end":{"line":671,"column":17}},"376":{"start":{"line":673,"column":8},"end":{"line":675,"column":9}},"377":{"start":{"line":674,"column":12},"end":{"line":674,"column":29}},"378":{"start":{"line":676,"column":18},"end":{"line":676,"column":40}},"379":{"start":{"line":677,"column":8},"end":{"line":716,"column":9}},"380":{"start":{"line":678,"column":29},"end":{"line":678,"column":75}},"381":{"start":{"line":679,"column":12},"end":{"line":682,"column":13}},"382":{"start":{"line":680,"column":16},"end":{"line":680,"column":25}},"383":{"start":{"line":681,"column":16},"end":{"line":681,"column":25}},"384":{"start":{"line":683,"column":23},"end":{"line":683,"column":34}},"385":{"start":{"line":684,"column":23},"end":{"line":684,"column":25}},"386":{"start":{"line":685,"column":12},"end":{"line":705,"column":13}},"387":{"start":{"line":686,"column":16},"end":{"line":686,"column":31}},"388":{"start":{"line":687,"column":16},"end":{"line":687,"column":120}},"389":{"start":{"line":688,"column":16},"end":{"line":688,"column":46}},"390":{"start":{"line":689,"column":16},"end":{"line":692,"column":17}},"391":{"start":{"line":690,"column":20},"end":{"line":690,"column":127}},"392":{"start":{"line":691,"column":20},"end":{"line":691,"column":54}},"393":{"start":{"line":694,"column":16},"end":{"line":694,"column":29}},"394":{"start":{"line":695,"column":16},"end":{"line":703,"column":17}},"395":{"start":{"line":696,"column":20},"end":{"line":696,"column":124}},"396":{"start":{"line":697,"column":20},"end":{"line":697,"column":50}},"397":{"start":{"line":698,"column":20},"end":{"line":698,"column":127}},"398":{"start":{"line":699,"column":20},"end":{"line":699,"column":54}},"399":{"start":{"line":701,"column":20},"end":{"line":701,"column":131}},"400":{"start":{"line":702,"column":20},"end":{"line":702,"column":54}},"401":{"start":{"line":706,"column":23},"end":{"line":706,"column":109}},"402":{"start":{"line":709,"column":23},"end":{"line":709,"column":128}},"403":{"start":{"line":710,"column":12},"end":{"line":710,"column":31}},"404":{"start":{"line":711,"column":12},"end":{"line":714,"column":13}},"405":{"start":{"line":712,"column":16},"end":{"line":712,"column":25}},"406":{"start":{"line":713,"column":16},"end":{"line":713,"column":25}},"407":{"start":{"line":717,"column":8},"end":{"line":723,"column":9}},"408":{"start":{"line":718,"column":12},"end":{"line":718,"column":21}},"409":{"start":{"line":719,"column":23},"end":{"line":719,"column":109}},"410":{"start":{"line":720,"column":23},"end":{"line":720,"column":50}},"411":{"start":{"line":721,"column":12},"end":{"line":721,"column":31}},"412":{"start":{"line":724,"column":8},"end":{"line":724,"column":12}},"413":{"start":{"line":729,"column":18},"end":{"line":729,"column":20}},"414":{"start":{"line":730,"column":4},"end":{"line":730,"column":22}},"415":{"start":{"line":731,"column":4},"end":{"line":731,"column":30}},"416":{"start":{"line":732,"column":21},"end":{"line":732,"column":33}},"417":{"start":{"line":733,"column":23},"end":{"line":733,"column":25}},"418":{"start":{"line":734,"column":4},"end":{"line":734,"column":31}},"419":{"start":{"line":735,"column":4},"end":{"line":742,"column":5}},"420":{"start":{"line":735,"column":17},"end":{"line":735,"column":18}},"421":{"start":{"line":737,"column":8},"end":{"line":737,"column":61}},"422":{"start":{"line":738,"column":8},"end":{"line":738,"column":74}},"423":{"start":{"line":738,"column":40},"end":{"line":738,"column":74}},"424":{"start":{"line":739,"column":8},"end":{"line":739,"column":45}},"425":{"start":{"line":740,"column":19},"end":{"line":740,"column":29}},"426":{"start":{"line":741,"column":8},"end":{"line":741,"column":47}},"427":{"start":{"line":743,"column":4},"end":{"line":1290,"column":5}},"428":{"start":{"line":745,"column":19},"end":{"line":745,"column":37}},"429":{"start":{"line":746,"column":8},"end":{"line":1289,"column":9}},"430":{"start":{"line":747,"column":12},"end":{"line":747,"column":35}},"431":{"start":{"line":748,"column":12},"end":{"line":748,"column":51}},"432":{"start":{"line":749,"column":24},"end":{"line":749,"column":26}},"433":{"start":{"line":750,"column":24},"end":{"line":750,"column":26}},"434":{"start":{"line":751,"column":26},"end":{"line":751,"column":28}},"435":{"start":{"line":752,"column":12},"end":{"line":752,"column":85}},"436":{"start":{"line":753,"column":12},"end":{"line":753,"column":30}},"437":{"start":{"line":753,"column":31},"end":{"line":753,"column":79}},"438":{"start":{"line":754,"column":12},"end":{"line":754,"column":46}},"439":{"start":{"line":754,"column":47},"end":{"line":754,"column":99}},"440":{"start":{"line":755,"column":12},"end":{"line":1267,"column":13}},"441":{"start":{"line":756,"column":16},"end":{"line":756,"column":34}},"442":{"start":{"line":757,"column":16},"end":{"line":757,"column":48}},"443":{"start":{"line":757,"column":48},"end":{"line":757,"column":96}},"444":{"start":{"line":758,"column":25},"end":{"line":758,"column":26}},"445":{"start":{"line":759,"column":16},"end":{"line":759,"column":65}},"446":{"start":{"line":759,"column":58},"end":{"line":759,"column":65}},"447":{"start":{"line":760,"column":16},"end":{"line":760,"column":64}},"448":{"start":{"line":760,"column":36},"end":{"line":760,"column":64}},"449":{"start":{"line":761,"column":16},"end":{"line":761,"column":82}},"450":{"start":{"line":761,"column":37},"end":{"line":761,"column":44}},"451":{"start":{"line":761,"column":45},"end":{"line":761,"column":81}},"452":{"start":{"line":762,"column":16},"end":{"line":792,"column":17}},"453":{"start":{"line":763,"column":20},"end":{"line":763,"column":92}},"454":{"start":{"line":765,"column":20},"end":{"line":791,"column":21}},"455":{"start":{"line":766,"column":31},"end":{"line":766,"column":33}},"456":{"start":{"line":767,"column":37},"end":{"line":767,"column":39}},"457":{"start":{"line":768,"column":35},"end":{"line":768,"column":36}},"458":{"start":{"line":769,"column":38},"end":{"line":769,"column":41}},"459":{"start":{"line":770,"column":24},"end":{"line":777,"column":25}},"460":{"start":{"line":771,"column":28},"end":{"line":771,"column":39}},"461":{"start":{"line":772,"column":28},"end":{"line":772,"column":73}},"462":{"start":{"line":775,"column":28},"end":{"line":775,"column":66}},"463":{"start":{"line":776,"column":28},"end":{"line":776,"column":71}},"464":{"start":{"line":778,"column":24},"end":{"line":781,"column":25}},"465":{"start":{"line":779,"column":28},"end":{"line":779,"column":60}},"466":{"start":{"line":780,"column":28},"end":{"line":780,"column":66}},"467":{"start":{"line":782,"column":24},"end":{"line":786,"column":25}},"468":{"start":{"line":783,"column":41},"end":{"line":783,"column":42}},"469":{"start":{"line":784,"column":28},"end":{"line":784,"column":82}},"470":{"start":{"line":787,"column":24},"end":{"line":790,"column":25}},"471":{"start":{"line":788,"column":41},"end":{"line":788,"column":42}},"472":{"start":{"line":789,"column":28},"end":{"line":789,"column":90}},"473":{"start":{"line":793,"column":16},"end":{"line":822,"column":17}},"474":{"start":{"line":794,"column":20},"end":{"line":794,"column":76}},"475":{"start":{"line":795,"column":20},"end":{"line":797,"column":21}},"476":{"start":{"line":796,"column":33},"end":{"line":796,"column":66}},"477":{"start":{"line":798,"column":33},"end":{"line":798,"column":35}},"478":{"start":{"line":799,"column":31},"end":{"line":799,"column":32}},"479":{"start":{"line":800,"column":34},"end":{"line":800,"column":37}},"480":{"start":{"line":801,"column":29},"end":{"line":801,"column":31}},"481":{"start":{"line":802,"column":20},"end":{"line":809,"column":21}},"482":{"start":{"line":803,"column":24},"end":{"line":803,"column":35}},"483":{"start":{"line":804,"column":24},"end":{"line":804,"column":69}},"484":{"start":{"line":807,"column":24},"end":{"line":807,"column":62}},"485":{"start":{"line":808,"column":24},"end":{"line":808,"column":67}},"486":{"start":{"line":810,"column":20},"end":{"line":813,"column":21}},"487":{"start":{"line":811,"column":24},"end":{"line":811,"column":56}},"488":{"start":{"line":812,"column":24},"end":{"line":812,"column":62}},"489":{"start":{"line":814,"column":20},"end":{"line":817,"column":21}},"490":{"start":{"line":815,"column":37},"end":{"line":815,"column":38}},"491":{"start":{"line":816,"column":24},"end":{"line":816,"column":78}},"492":{"start":{"line":818,"column":20},"end":{"line":821,"column":21}},"493":{"start":{"line":819,"column":37},"end":{"line":819,"column":38}},"494":{"start":{"line":820,"column":24},"end":{"line":820,"column":86}},"495":{"start":{"line":823,"column":16},"end":{"line":823,"column":160}},"496":{"start":{"line":823,"column":65},"end":{"line":823,"column":160}},"497":{"start":{"line":824,"column":16},"end":{"line":824,"column":104}},"498":{"start":{"line":824,"column":65},"end":{"line":824,"column":104}},"499":{"start":{"line":825,"column":16},"end":{"line":825,"column":96}},"500":{"start":{"line":825,"column":65},"end":{"line":825,"column":96}},"501":{"start":{"line":826,"column":16},"end":{"line":826,"column":167}},"502":{"start":{"line":826,"column":78},"end":{"line":826,"column":87}},"503":{"start":{"line":826,"column":89},"end":{"line":826,"column":165}},"504":{"start":{"line":826,"column":105},"end":{"line":826,"column":131}},"505":{"start":{"line":826,"column":137},"end":{"line":826,"column":165}},"506":{"start":{"line":827,"column":16},"end":{"line":827,"column":127}},"507":{"start":{"line":827,"column":65},"end":{"line":827,"column":127}},"508":{"start":{"line":828,"column":16},"end":{"line":840,"column":17}},"509":{"start":{"line":830,"column":20},"end":{"line":830,"column":77}},"510":{"start":{"line":831,"column":20},"end":{"line":831,"column":77}},"511":{"start":{"line":832,"column":20},"end":{"line":832,"column":77}},"512":{"start":{"line":833,"column":20},"end":{"line":833,"column":77}},"513":{"start":{"line":834,"column":20},"end":{"line":834,"column":77}},"514":{"start":{"line":835,"column":20},"end":{"line":835,"column":77}},"515":{"start":{"line":836,"column":20},"end":{"line":836,"column":77}},"516":{"start":{"line":837,"column":20},"end":{"line":837,"column":77}},"517":{"start":{"line":838,"column":20},"end":{"line":838,"column":75}},"518":{"start":{"line":839,"column":20},"end":{"line":839,"column":76}},"519":{"start":{"line":841,"column":16},"end":{"line":841,"column":172}},"520":{"start":{"line":841,"column":65},"end":{"line":841,"column":172}},"521":{"start":{"line":842,"column":16},"end":{"line":884,"column":17}},"522":{"start":{"line":844,"column":20},"end":{"line":844,"column":46}},"523":{"start":{"line":845,"column":20},"end":{"line":845,"column":53}},"524":{"start":{"line":846,"column":20},"end":{"line":846,"column":50}},"525":{"start":{"line":847,"column":20},"end":{"line":847,"column":50}},"526":{"start":{"line":848,"column":20},"end":{"line":883,"column":21}},"527":{"start":{"line":848,"column":33},"end":{"line":848,"column":34}},"528":{"start":{"line":850,"column":24},"end":{"line":850,"column":84}},"529":{"start":{"line":851,"column":24},"end":{"line":851,"column":90}},"530":{"start":{"line":851,"column":56},"end":{"line":851,"column":90}},"531":{"start":{"line":852,"column":24},"end":{"line":852,"column":61}},"532":{"start":{"line":853,"column":24},"end":{"line":882,"column":25}},"533":{"start":{"line":853,"column":37},"end":{"line":853,"column":81}},"534":{"start":{"line":854,"column":29},"end":{"line":882,"column":25}},"535":{"start":{"line":854,"column":42},"end":{"line":854,"column":88}},"536":{"start":{"line":855,"column":29},"end":{"line":882,"column":25}},"537":{"start":{"line":855,"column":42},"end":{"line":855,"column":83}},"538":{"start":{"line":857,"column":28},"end":{"line":857,"column":72}},"539":{"start":{"line":858,"column":28},"end":{"line":869,"column":29}},"540":{"start":{"line":859,"column":32},"end":{"line":859,"column":175}},"541":{"start":{"line":859,"column":46},"end":{"line":859,"column":175}},"542":{"start":{"line":860,"column":32},"end":{"line":860,"column":175}},"543":{"start":{"line":860,"column":46},"end":{"line":860,"column":175}},"544":{"start":{"line":861,"column":32},"end":{"line":861,"column":175}},"545":{"start":{"line":861,"column":46},"end":{"line":861,"column":175}},"546":{"start":{"line":862,"column":32},"end":{"line":862,"column":175}},"547":{"start":{"line":862,"column":46},"end":{"line":862,"column":175}},"548":{"start":{"line":863,"column":32},"end":{"line":863,"column":175}},"549":{"start":{"line":863,"column":46},"end":{"line":863,"column":175}},"550":{"start":{"line":864,"column":32},"end":{"line":864,"column":175}},"551":{"start":{"line":864,"column":46},"end":{"line":864,"column":175}},"552":{"start":{"line":865,"column":32},"end":{"line":865,"column":175}},"553":{"start":{"line":865,"column":46},"end":{"line":865,"column":175}},"554":{"start":{"line":866,"column":32},"end":{"line":866,"column":175}},"555":{"start":{"line":866,"column":46},"end":{"line":866,"column":175}},"556":{"start":{"line":867,"column":32},"end":{"line":867,"column":175}},"557":{"start":{"line":867,"column":46},"end":{"line":867,"column":175}},"558":{"start":{"line":868,"column":32},"end":{"line":868,"column":175}},"559":{"start":{"line":868,"column":46},"end":{"line":868,"column":175}},"560":{"start":{"line":870,"column":28},"end":{"line":881,"column":29}},"561":{"start":{"line":871,"column":32},"end":{"line":871,"column":175}},"562":{"start":{"line":871,"column":46},"end":{"line":871,"column":175}},"563":{"start":{"line":872,"column":32},"end":{"line":872,"column":175}},"564":{"start":{"line":872,"column":46},"end":{"line":872,"column":175}},"565":{"start":{"line":873,"column":32},"end":{"line":873,"column":175}},"566":{"start":{"line":873,"column":46},"end":{"line":873,"column":175}},"567":{"start":{"line":874,"column":32},"end":{"line":874,"column":175}},"568":{"start":{"line":874,"column":46},"end":{"line":874,"column":175}},"569":{"start":{"line":875,"column":32},"end":{"line":875,"column":175}},"570":{"start":{"line":875,"column":46},"end":{"line":875,"column":175}},"571":{"start":{"line":876,"column":32},"end":{"line":876,"column":175}},"572":{"start":{"line":876,"column":46},"end":{"line":876,"column":175}},"573":{"start":{"line":877,"column":32},"end":{"line":877,"column":175}},"574":{"start":{"line":877,"column":46},"end":{"line":877,"column":175}},"575":{"start":{"line":878,"column":32},"end":{"line":878,"column":175}},"576":{"start":{"line":878,"column":46},"end":{"line":878,"column":175}},"577":{"start":{"line":879,"column":32},"end":{"line":879,"column":175}},"578":{"start":{"line":879,"column":46},"end":{"line":879,"column":175}},"579":{"start":{"line":880,"column":32},"end":{"line":880,"column":175}},"580":{"start":{"line":880,"column":46},"end":{"line":880,"column":175}},"581":{"start":{"line":885,"column":16},"end":{"line":1104,"column":17}},"582":{"start":{"line":887,"column":20},"end":{"line":887,"column":47}},"583":{"start":{"line":888,"column":20},"end":{"line":888,"column":50}},"584":{"start":{"line":889,"column":20},"end":{"line":889,"column":77}},"585":{"start":{"line":890,"column":20},"end":{"line":890,"column":95}},"586":{"start":{"line":891,"column":20},"end":{"line":891,"column":94}},"587":{"start":{"line":892,"column":20},"end":{"line":892,"column":81}},"588":{"start":{"line":893,"column":20},"end":{"line":893,"column":81}},"589":{"start":{"line":894,"column":20},"end":{"line":894,"column":81}},"590":{"start":{"line":895,"column":20},"end":{"line":895,"column":81}},"591":{"start":{"line":896,"column":20},"end":{"line":896,"column":81}},"592":{"start":{"line":897,"column":20},"end":{"line":897,"column":81}},"593":{"start":{"line":898,"column":20},"end":{"line":898,"column":81}},"594":{"start":{"line":899,"column":20},"end":{"line":899,"column":81}},"595":{"start":{"line":900,"column":20},"end":{"line":900,"column":81}},"596":{"start":{"line":901,"column":20},"end":{"line":901,"column":81}},"597":{"start":{"line":902,"column":20},"end":{"line":902,"column":32}},"598":{"start":{"line":903,"column":20},"end":{"line":903,"column":39}},"599":{"start":{"line":904,"column":20},"end":{"line":923,"column":21}},"600":{"start":{"line":906,"column":24},"end":{"line":913,"column":25}},"601":{"start":{"line":907,"column":28},"end":{"line":907,"column":77}},"602":{"start":{"line":908,"column":28},"end":{"line":908,"column":40}},"603":{"start":{"line":909,"column":28},"end":{"line":909,"column":76}},"604":{"start":{"line":910,"column":28},"end":{"line":910,"column":40}},"605":{"start":{"line":911,"column":28},"end":{"line":911,"column":78}},"606":{"start":{"line":912,"column":28},"end":{"line":912,"column":40}},"607":{"start":{"line":914,"column":24},"end":{"line":914,"column":65}},"608":{"start":{"line":915,"column":24},"end":{"line":915,"column":69}},"609":{"start":{"line":915,"column":54},"end":{"line":915,"column":69}},"610":{"start":{"line":916,"column":24},"end":{"line":921,"column":25}},"611":{"start":{"line":916,"column":36},"end":{"line":916,"column":37}},"612":{"start":{"line":918,"column":28},"end":{"line":918,"column":87}},"613":{"start":{"line":919,"column":28},"end":{"line":919,"column":94}},"614":{"start":{"line":919,"column":60},"end":{"line":919,"column":94}},"615":{"start":{"line":920,"column":28},"end":{"line":920,"column":81}},"616":{"start":{"line":922,"column":24},"end":{"line":922,"column":72}},"617":{"start":{"line":924,"column":20},"end":{"line":943,"column":21}},"618":{"start":{"line":926,"column":24},"end":{"line":933,"column":25}},"619":{"start":{"line":927,"column":28},"end":{"line":927,"column":77}},"620":{"start":{"line":928,"column":28},"end":{"line":928,"column":40}},"621":{"start":{"line":929,"column":28},"end":{"line":929,"column":76}},"622":{"start":{"line":930,"column":28},"end":{"line":930,"column":40}},"623":{"start":{"line":931,"column":28},"end":{"line":931,"column":78}},"624":{"start":{"line":932,"column":28},"end":{"line":932,"column":40}},"625":{"start":{"line":934,"column":24},"end":{"line":934,"column":65}},"626":{"start":{"line":935,"column":24},"end":{"line":935,"column":69}},"627":{"start":{"line":935,"column":54},"end":{"line":935,"column":69}},"628":{"start":{"line":936,"column":24},"end":{"line":941,"column":25}},"629":{"start":{"line":936,"column":37},"end":{"line":936,"column":38}},"630":{"start":{"line":938,"column":28},"end":{"line":938,"column":87}},"631":{"start":{"line":939,"column":28},"end":{"line":939,"column":94}},"632":{"start":{"line":939,"column":60},"end":{"line":939,"column":94}},"633":{"start":{"line":940,"column":28},"end":{"line":940,"column":81}},"634":{"start":{"line":942,"column":24},"end":{"line":942,"column":72}},"635":{"start":{"line":944,"column":20},"end":{"line":963,"column":21}},"636":{"start":{"line":946,"column":24},"end":{"line":953,"column":25}},"637":{"start":{"line":947,"column":28},"end":{"line":947,"column":77}},"638":{"start":{"line":948,"column":28},"end":{"line":948,"column":40}},"639":{"start":{"line":949,"column":28},"end":{"line":949,"column":76}},"640":{"start":{"line":950,"column":28},"end":{"line":950,"column":40}},"641":{"start":{"line":951,"column":28},"end":{"line":951,"column":78}},"642":{"start":{"line":952,"column":28},"end":{"line":952,"column":40}},"643":{"start":{"line":954,"column":24},"end":{"line":954,"column":65}},"644":{"start":{"line":955,"column":24},"end":{"line":955,"column":69}},"645":{"start":{"line":955,"column":54},"end":{"line":955,"column":69}},"646":{"start":{"line":956,"column":24},"end":{"line":961,"column":25}},"647":{"start":{"line":956,"column":37},"end":{"line":956,"column":38}},"648":{"start":{"line":958,"column":28},"end":{"line":958,"column":87}},"649":{"start":{"line":959,"column":28},"end":{"line":959,"column":94}},"650":{"start":{"line":959,"column":60},"end":{"line":959,"column":94}},"651":{"start":{"line":960,"column":28},"end":{"line":960,"column":81}},"652":{"start":{"line":962,"column":24},"end":{"line":962,"column":72}},"653":{"start":{"line":964,"column":20},"end":{"line":983,"column":21}},"654":{"start":{"line":966,"column":24},"end":{"line":973,"column":25}},"655":{"start":{"line":967,"column":28},"end":{"line":967,"column":77}},"656":{"start":{"line":968,"column":28},"end":{"line":968,"column":40}},"657":{"start":{"line":969,"column":28},"end":{"line":969,"column":76}},"658":{"start":{"line":970,"column":28},"end":{"line":970,"column":40}},"659":{"start":{"line":971,"column":28},"end":{"line":971,"column":78}},"660":{"start":{"line":972,"column":28},"end":{"line":972,"column":40}},"661":{"start":{"line":974,"column":24},"end":{"line":974,"column":65}},"662":{"start":{"line":975,"column":24},"end":{"line":975,"column":69}},"663":{"start":{"line":975,"column":54},"end":{"line":975,"column":69}},"664":{"start":{"line":976,"column":24},"end":{"line":981,"column":25}},"665":{"start":{"line":976,"column":37},"end":{"line":976,"column":38}},"666":{"start":{"line":978,"column":28},"end":{"line":978,"column":87}},"667":{"start":{"line":979,"column":28},"end":{"line":979,"column":94}},"668":{"start":{"line":979,"column":60},"end":{"line":979,"column":94}},"669":{"start":{"line":980,"column":28},"end":{"line":980,"column":81}},"670":{"start":{"line":982,"column":24},"end":{"line":982,"column":72}},"671":{"start":{"line":984,"column":20},"end":{"line":1003,"column":21}},"672":{"start":{"line":986,"column":24},"end":{"line":993,"column":25}},"673":{"start":{"line":987,"column":28},"end":{"line":987,"column":77}},"674":{"start":{"line":988,"column":28},"end":{"line":988,"column":40}},"675":{"start":{"line":989,"column":28},"end":{"line":989,"column":76}},"676":{"start":{"line":990,"column":28},"end":{"line":990,"column":40}},"677":{"start":{"line":991,"column":28},"end":{"line":991,"column":78}},"678":{"start":{"line":992,"column":28},"end":{"line":992,"column":40}},"679":{"start":{"line":994,"column":24},"end":{"line":994,"column":65}},"680":{"start":{"line":995,"column":24},"end":{"line":995,"column":69}},"681":{"start":{"line":995,"column":54},"end":{"line":995,"column":69}},"682":{"start":{"line":996,"column":24},"end":{"line":1001,"column":25}},"683":{"start":{"line":996,"column":37},"end":{"line":996,"column":38}},"684":{"start":{"line":998,"column":28},"end":{"line":998,"column":87}},"685":{"start":{"line":999,"column":28},"end":{"line":999,"column":94}},"686":{"start":{"line":999,"column":60},"end":{"line":999,"column":94}},"687":{"start":{"line":1000,"column":28},"end":{"line":1000,"column":81}},"688":{"start":{"line":1002,"column":24},"end":{"line":1002,"column":72}},"689":{"start":{"line":1004,"column":20},"end":{"line":1023,"column":21}},"690":{"start":{"line":1006,"column":24},"end":{"line":1013,"column":25}},"691":{"start":{"line":1007,"column":28},"end":{"line":1007,"column":77}},"692":{"start":{"line":1008,"column":28},"end":{"line":1008,"column":40}},"693":{"start":{"line":1009,"column":28},"end":{"line":1009,"column":76}},"694":{"start":{"line":1010,"column":28},"end":{"line":1010,"column":40}},"695":{"start":{"line":1011,"column":28},"end":{"line":1011,"column":78}},"696":{"start":{"line":1012,"column":28},"end":{"line":1012,"column":40}},"697":{"start":{"line":1014,"column":24},"end":{"line":1014,"column":65}},"698":{"start":{"line":1015,"column":24},"end":{"line":1015,"column":69}},"699":{"start":{"line":1015,"column":54},"end":{"line":1015,"column":69}},"700":{"start":{"line":1016,"column":24},"end":{"line":1021,"column":25}},"701":{"start":{"line":1016,"column":37},"end":{"line":1016,"column":38}},"702":{"start":{"line":1018,"column":28},"end":{"line":1018,"column":87}},"703":{"start":{"line":1019,"column":28},"end":{"line":1019,"column":94}},"704":{"start":{"line":1019,"column":60},"end":{"line":1019,"column":94}},"705":{"start":{"line":1020,"column":28},"end":{"line":1020,"column":81}},"706":{"start":{"line":1022,"column":24},"end":{"line":1022,"column":72}},"707":{"start":{"line":1024,"column":20},"end":{"line":1043,"column":21}},"708":{"start":{"line":1026,"column":24},"end":{"line":1033,"column":25}},"709":{"start":{"line":1027,"column":28},"end":{"line":1027,"column":77}},"710":{"start":{"line":1028,"column":28},"end":{"line":1028,"column":40}},"711":{"start":{"line":1029,"column":28},"end":{"line":1029,"column":76}},"712":{"start":{"line":1030,"column":28},"end":{"line":1030,"column":40}},"713":{"start":{"line":1031,"column":28},"end":{"line":1031,"column":78}},"714":{"start":{"line":1032,"column":28},"end":{"line":1032,"column":40}},"715":{"start":{"line":1034,"column":24},"end":{"line":1034,"column":65}},"716":{"start":{"line":1035,"column":24},"end":{"line":1035,"column":69}},"717":{"start":{"line":1035,"column":54},"end":{"line":1035,"column":69}},"718":{"start":{"line":1036,"column":24},"end":{"line":1041,"column":25}},"719":{"start":{"line":1036,"column":37},"end":{"line":1036,"column":38}},"720":{"start":{"line":1038,"column":28},"end":{"line":1038,"column":87}},"721":{"start":{"line":1039,"column":28},"end":{"line":1039,"column":94}},"722":{"start":{"line":1039,"column":60},"end":{"line":1039,"column":94}},"723":{"start":{"line":1040,"column":28},"end":{"line":1040,"column":81}},"724":{"start":{"line":1042,"column":24},"end":{"line":1042,"column":72}},"725":{"start":{"line":1044,"column":20},"end":{"line":1063,"column":21}},"726":{"start":{"line":1046,"column":24},"end":{"line":1053,"column":25}},"727":{"start":{"line":1047,"column":28},"end":{"line":1047,"column":77}},"728":{"start":{"line":1048,"column":28},"end":{"line":1048,"column":40}},"729":{"start":{"line":1049,"column":28},"end":{"line":1049,"column":76}},"730":{"start":{"line":1050,"column":28},"end":{"line":1050,"column":40}},"731":{"start":{"line":1051,"column":28},"end":{"line":1051,"column":78}},"732":{"start":{"line":1052,"column":28},"end":{"line":1052,"column":40}},"733":{"start":{"line":1054,"column":24},"end":{"line":1054,"column":65}},"734":{"start":{"line":1055,"column":24},"end":{"line":1055,"column":69}},"735":{"start":{"line":1055,"column":54},"end":{"line":1055,"column":69}},"736":{"start":{"line":1056,"column":24},"end":{"line":1061,"column":25}},"737":{"start":{"line":1056,"column":37},"end":{"line":1056,"column":38}},"738":{"start":{"line":1058,"column":28},"end":{"line":1058,"column":87}},"739":{"start":{"line":1059,"column":28},"end":{"line":1059,"column":94}},"740":{"start":{"line":1059,"column":60},"end":{"line":1059,"column":94}},"741":{"start":{"line":1060,"column":28},"end":{"line":1060,"column":81}},"742":{"start":{"line":1062,"column":24},"end":{"line":1062,"column":72}},"743":{"start":{"line":1064,"column":20},"end":{"line":1083,"column":21}},"744":{"start":{"line":1066,"column":24},"end":{"line":1073,"column":25}},"745":{"start":{"line":1067,"column":28},"end":{"line":1067,"column":77}},"746":{"start":{"line":1068,"column":28},"end":{"line":1068,"column":40}},"747":{"start":{"line":1069,"column":28},"end":{"line":1069,"column":76}},"748":{"start":{"line":1070,"column":28},"end":{"line":1070,"column":40}},"749":{"start":{"line":1071,"column":28},"end":{"line":1071,"column":78}},"750":{"start":{"line":1072,"column":28},"end":{"line":1072,"column":40}},"751":{"start":{"line":1074,"column":24},"end":{"line":1074,"column":65}},"752":{"start":{"line":1075,"column":24},"end":{"line":1075,"column":69}},"753":{"start":{"line":1075,"column":54},"end":{"line":1075,"column":69}},"754":{"start":{"line":1076,"column":24},"end":{"line":1081,"column":25}},"755":{"start":{"line":1076,"column":37},"end":{"line":1076,"column":38}},"756":{"start":{"line":1078,"column":28},"end":{"line":1078,"column":87}},"757":{"start":{"line":1079,"column":28},"end":{"line":1079,"column":94}},"758":{"start":{"line":1079,"column":60},"end":{"line":1079,"column":94}},"759":{"start":{"line":1080,"column":28},"end":{"line":1080,"column":81}},"760":{"start":{"line":1082,"column":24},"end":{"line":1082,"column":72}},"761":{"start":{"line":1084,"column":20},"end":{"line":1103,"column":21}},"762":{"start":{"line":1086,"column":24},"end":{"line":1093,"column":25}},"763":{"start":{"line":1087,"column":28},"end":{"line":1087,"column":77}},"764":{"start":{"line":1088,"column":28},"end":{"line":1088,"column":40}},"765":{"start":{"line":1089,"column":28},"end":{"line":1089,"column":76}},"766":{"start":{"line":1090,"column":28},"end":{"line":1090,"column":40}},"767":{"start":{"line":1091,"column":28},"end":{"line":1091,"column":78}},"768":{"start":{"line":1092,"column":28},"end":{"line":1092,"column":40}},"769":{"start":{"line":1094,"column":24},"end":{"line":1094,"column":65}},"770":{"start":{"line":1095,"column":24},"end":{"line":1095,"column":69}},"771":{"start":{"line":1095,"column":54},"end":{"line":1095,"column":69}},"772":{"start":{"line":1096,"column":24},"end":{"line":1101,"column":25}},"773":{"start":{"line":1096,"column":37},"end":{"line":1096,"column":38}},"774":{"start":{"line":1098,"column":28},"end":{"line":1098,"column":87}},"775":{"start":{"line":1099,"column":28},"end":{"line":1099,"column":94}},"776":{"start":{"line":1099,"column":60},"end":{"line":1099,"column":94}},"777":{"start":{"line":1100,"column":28},"end":{"line":1100,"column":81}},"778":{"start":{"line":1102,"column":24},"end":{"line":1102,"column":72}},"779":{"start":{"line":1105,"column":16},"end":{"line":1111,"column":17}},"780":{"start":{"line":1106,"column":20},"end":{"line":1106,"column":113}},"781":{"start":{"line":1107,"column":20},"end":{"line":1107,"column":117}},"782":{"start":{"line":1108,"column":20},"end":{"line":1108,"column":76}},"783":{"start":{"line":1109,"column":20},"end":{"line":1109,"column":92}},"784":{"start":{"line":1110,"column":20},"end":{"line":1110,"column":97}},"785":{"start":{"line":1112,"column":16},"end":{"line":1117,"column":17}},"786":{"start":{"line":1113,"column":20},"end":{"line":1114,"column":64}},"787":{"start":{"line":1114,"column":24},"end":{"line":1114,"column":64}},"788":{"start":{"line":1115,"column":20},"end":{"line":1116,"column":66}},"789":{"start":{"line":1116,"column":24},"end":{"line":1116,"column":66}},"790":{"start":{"line":1118,"column":16},"end":{"line":1120,"column":17}},"791":{"start":{"line":1119,"column":20},"end":{"line":1119,"column":54}},"792":{"start":{"line":1121,"column":16},"end":{"line":1124,"column":17}},"793":{"start":{"line":1122,"column":20},"end":{"line":1122,"column":82}},"794":{"start":{"line":1123,"column":20},"end":{"line":1123,"column":78}},"795":{"start":{"line":1125,"column":16},"end":{"line":1132,"column":17}},"796":{"start":{"line":1126,"column":29},"end":{"line":1126,"column":35}},"797":{"start":{"line":1127,"column":20},"end":{"line":1127,"column":137}},"798":{"start":{"line":1127,"column":55},"end":{"line":1127,"column":128}},"799":{"start":{"line":1127,"column":128},"end":{"line":1127,"column":136}},"800":{"start":{"line":1128,"column":20},"end":{"line":1128,"column":141}},"801":{"start":{"line":1128,"column":55},"end":{"line":1128,"column":132}},"802":{"start":{"line":1128,"column":132},"end":{"line":1128,"column":140}},"803":{"start":{"line":1129,"column":20},"end":{"line":1129,"column":139}},"804":{"start":{"line":1129,"column":55},"end":{"line":1129,"column":130}},"805":{"start":{"line":1129,"column":130},"end":{"line":1129,"column":138}},"806":{"start":{"line":1130,"column":20},"end":{"line":1130,"column":137}},"807":{"start":{"line":1130,"column":55},"end":{"line":1130,"column":128}},"808":{"start":{"line":1130,"column":128},"end":{"line":1130,"column":136}},"809":{"start":{"line":1131,"column":20},"end":{"line":1131,"column":135}},"810":{"start":{"line":1131,"column":55},"end":{"line":1131,"column":126}},"811":{"start":{"line":1131,"column":126},"end":{"line":1131,"column":134}},"812":{"start":{"line":1133,"column":16},"end":{"line":1150,"column":17}},"813":{"start":{"line":1134,"column":29},"end":{"line":1134,"column":31}},"814":{"start":{"line":1135,"column":20},"end":{"line":1135,"column":150}},"815":{"start":{"line":1136,"column":20},"end":{"line":1136,"column":32}},"816":{"start":{"line":1137,"column":20},"end":{"line":1137,"column":150}},"817":{"start":{"line":1138,"column":20},"end":{"line":1138,"column":32}},"818":{"start":{"line":1139,"column":20},"end":{"line":1139,"column":152}},"819":{"start":{"line":1140,"column":20},"end":{"line":1140,"column":32}},"820":{"start":{"line":1141,"column":20},"end":{"line":1141,"column":152}},"821":{"start":{"line":1142,"column":20},"end":{"line":1142,"column":32}},"822":{"start":{"line":1143,"column":20},"end":{"line":1143,"column":144}},"823":{"start":{"line":1144,"column":20},"end":{"line":1144,"column":32}},"824":{"start":{"line":1145,"column":20},"end":{"line":1145,"column":144}},"825":{"start":{"line":1146,"column":20},"end":{"line":1146,"column":32}},"826":{"start":{"line":1147,"column":20},"end":{"line":1147,"column":146}},"827":{"start":{"line":1148,"column":20},"end":{"line":1148,"column":32}},"828":{"start":{"line":1149,"column":20},"end":{"line":1149,"column":146}},"829":{"start":{"line":1151,"column":16},"end":{"line":1169,"column":17}},"830":{"start":{"line":1152,"column":20},"end":{"line":1152,"column":149}},"831":{"start":{"line":1153,"column":20},"end":{"line":1153,"column":151}},"832":{"start":{"line":1154,"column":20},"end":{"line":1154,"column":152}},"833":{"start":{"line":1155,"column":20},"end":{"line":1155,"column":155}},"834":{"start":{"line":1156,"column":20},"end":{"line":1156,"column":153}},"835":{"start":{"line":1157,"column":20},"end":{"line":1157,"column":155}},"836":{"start":{"line":1158,"column":20},"end":{"line":1158,"column":155}},"837":{"start":{"line":1159,"column":20},"end":{"line":1159,"column":157}},"838":{"start":{"line":1160,"column":23},"end":{"line":1169,"column":17}},"839":{"start":{"line":1161,"column":20},"end":{"line":1161,"column":148}},"840":{"start":{"line":1162,"column":20},"end":{"line":1162,"column":150}},"841":{"start":{"line":1163,"column":20},"end":{"line":1163,"column":150}},"842":{"start":{"line":1164,"column":20},"end":{"line":1164,"column":153}},"843":{"start":{"line":1165,"column":20},"end":{"line":1165,"column":151}},"844":{"start":{"line":1166,"column":20},"end":{"line":1166,"column":153}},"845":{"start":{"line":1167,"column":20},"end":{"line":1167,"column":153}},"846":{"start":{"line":1168,"column":20},"end":{"line":1168,"column":155}},"847":{"start":{"line":1170,"column":16},"end":{"line":1177,"column":17}},"848":{"start":{"line":1171,"column":29},"end":{"line":1171,"column":31}},"849":{"start":{"line":1172,"column":20},"end":{"line":1172,"column":84}},"850":{"start":{"line":1173,"column":20},"end":{"line":1173,"column":32}},"851":{"start":{"line":1174,"column":20},"end":{"line":1174,"column":84}},"852":{"start":{"line":1175,"column":20},"end":{"line":1175,"column":32}},"853":{"start":{"line":1176,"column":20},"end":{"line":1176,"column":88}},"854":{"start":{"line":1178,"column":16},"end":{"line":1188,"column":17}},"855":{"start":{"line":1179,"column":20},"end":{"line":1179,"column":83}},"856":{"start":{"line":1180,"column":20},"end":{"line":1180,"column":83}},"857":{"start":{"line":1181,"column":20},"end":{"line":1181,"column":81}},"858":{"start":{"line":1182,"column":20},"end":{"line":1182,"column":83}},"859":{"start":{"line":1183,"column":20},"end":{"line":1183,"column":84}},"860":{"start":{"line":1184,"column":20},"end":{"line":1184,"column":83}},"861":{"start":{"line":1185,"column":20},"end":{"line":1185,"column":85}},"862":{"start":{"line":1186,"column":20},"end":{"line":1186,"column":85}},"863":{"start":{"line":1187,"column":20},"end":{"line":1187,"column":83}},"864":{"start":{"line":1189,"column":16},"end":{"line":1189,"column":121}},"865":{"start":{"line":1189,"column":64},"end":{"line":1189,"column":121}},"866":{"start":{"line":1190,"column":16},"end":{"line":1190,"column":119}},"867":{"start":{"line":1190,"column":64},"end":{"line":1190,"column":119}},"868":{"start":{"line":1191,"column":16},"end":{"line":1191,"column":129}},"869":{"start":{"line":1191,"column":64},"end":{"line":1191,"column":129}},"870":{"start":{"line":1192,"column":16},"end":{"line":1192,"column":103}},"871":{"start":{"line":1192,"column":64},"end":{"line":1192,"column":103}},"872":{"start":{"line":1193,"column":16},"end":{"line":1216,"column":17}},"873":{"start":{"line":1194,"column":29},"end":{"line":1194,"column":31}},"874":{"start":{"line":1195,"column":20},"end":{"line":1195,"column":111}},"875":{"start":{"line":1196,"column":20},"end":{"line":1196,"column":32}},"876":{"start":{"line":1197,"column":20},"end":{"line":1197,"column":115}},"877":{"start":{"line":1198,"column":20},"end":{"line":1198,"column":32}},"878":{"start":{"line":1199,"column":20},"end":{"line":1199,"column":115}},"879":{"start":{"line":1200,"column":20},"end":{"line":1200,"column":32}},"880":{"start":{"line":1201,"column":20},"end":{"line":1201,"column":94}},"881":{"start":{"line":1202,"column":20},"end":{"line":1202,"column":32}},"882":{"start":{"line":1203,"column":20},"end":{"line":1203,"column":99}},"883":{"start":{"line":1204,"column":20},"end":{"line":1204,"column":32}},"884":{"start":{"line":1205,"column":20},"end":{"line":1205,"column":99}},"885":{"start":{"line":1206,"column":20},"end":{"line":1206,"column":32}},"886":{"start":{"line":1207,"column":20},"end":{"line":1207,"column":96}},"887":{"start":{"line":1208,"column":20},"end":{"line":1208,"column":32}},"888":{"start":{"line":1209,"column":20},"end":{"line":1209,"column":99}},"889":{"start":{"line":1210,"column":20},"end":{"line":1210,"column":32}},"890":{"start":{"line":1211,"column":20},"end":{"line":1211,"column":99}},"891":{"start":{"line":1212,"column":20},"end":{"line":1212,"column":32}},"892":{"start":{"line":1213,"column":20},"end":{"line":1213,"column":98}},"893":{"start":{"line":1214,"column":20},"end":{"line":1214,"column":32}},"894":{"start":{"line":1215,"column":20},"end":{"line":1215,"column":97}},"895":{"start":{"line":1217,"column":16},"end":{"line":1266,"column":17}},"896":{"start":{"line":1218,"column":28},"end":{"line":1218,"column":32}},"897":{"start":{"line":1219,"column":20},"end":{"line":1265,"column":21}},"898":{"start":{"line":1220,"column":32},"end":{"line":1220,"column":54}},"899":{"start":{"line":1221,"column":24},"end":{"line":1221,"column":69}},"900":{"start":{"line":1221,"column":70},"end":{"line":1221,"column":75}},"901":{"start":{"line":1222,"column":24},"end":{"line":1222,"column":71}},"902":{"start":{"line":1222,"column":72},"end":{"line":1222,"column":77}},"903":{"start":{"line":1223,"column":24},"end":{"line":1223,"column":71}},"904":{"start":{"line":1223,"column":72},"end":{"line":1223,"column":77}},"905":{"start":{"line":1224,"column":24},"end":{"line":1224,"column":65}},"906":{"start":{"line":1224,"column":66},"end":{"line":1224,"column":71}},"907":{"start":{"line":1225,"column":24},"end":{"line":1225,"column":71}},"908":{"start":{"line":1225,"column":72},"end":{"line":1225,"column":77}},"909":{"start":{"line":1226,"column":24},"end":{"line":1226,"column":71}},"910":{"start":{"line":1226,"column":72},"end":{"line":1226,"column":77}},"911":{"start":{"line":1227,"column":24},"end":{"line":1227,"column":65}},"912":{"start":{"line":1227,"column":66},"end":{"line":1227,"column":71}},"913":{"start":{"line":1228,"column":24},"end":{"line":1228,"column":71}},"914":{"start":{"line":1228,"column":72},"end":{"line":1228,"column":77}},"915":{"start":{"line":1229,"column":24},"end":{"line":1229,"column":71}},"916":{"start":{"line":1229,"column":72},"end":{"line":1229,"column":77}},"917":{"start":{"line":1230,"column":24},"end":{"line":1230,"column":65}},"918":{"start":{"line":1231,"column":27},"end":{"line":1265,"column":21}},"919":{"start":{"line":1232,"column":35},"end":{"line":1232,"column":108}},"920":{"start":{"line":1233,"column":32},"end":{"line":1233,"column":54}},"921":{"start":{"line":1234,"column":24},"end":{"line":1234,"column":66}},"922":{"start":{"line":1234,"column":67},"end":{"line":1234,"column":72}},"923":{"start":{"line":1235,"column":24},"end":{"line":1235,"column":72}},"924":{"start":{"line":1235,"column":73},"end":{"line":1235,"column":78}},"925":{"start":{"line":1236,"column":24},"end":{"line":1236,"column":72}},"926":{"start":{"line":1236,"column":73},"end":{"line":1236,"column":78}},"927":{"start":{"line":1237,"column":24},"end":{"line":1237,"column":66}},"928":{"start":{"line":1237,"column":67},"end":{"line":1237,"column":72}},"929":{"start":{"line":1238,"column":24},"end":{"line":1238,"column":72}},"930":{"start":{"line":1238,"column":73},"end":{"line":1238,"column":78}},"931":{"start":{"line":1239,"column":24},"end":{"line":1239,"column":72}},"932":{"start":{"line":1239,"column":73},"end":{"line":1239,"column":78}},"933":{"start":{"line":1240,"column":24},"end":{"line":1240,"column":66}},"934":{"start":{"line":1240,"column":67},"end":{"line":1240,"column":72}},"935":{"start":{"line":1241,"column":24},"end":{"line":1241,"column":72}},"936":{"start":{"line":1241,"column":73},"end":{"line":1241,"column":78}},"937":{"start":{"line":1242,"column":24},"end":{"line":1242,"column":72}},"938":{"start":{"line":1242,"column":73},"end":{"line":1242,"column":78}},"939":{"start":{"line":1243,"column":24},"end":{"line":1243,"column":66}},"940":{"start":{"line":1243,"column":67},"end":{"line":1243,"column":72}},"941":{"start":{"line":1244,"column":27},"end":{"line":1265,"column":21}},"942":{"start":{"line":1245,"column":32},"end":{"line":1245,"column":56}},"943":{"start":{"line":1246,"column":24},"end":{"line":1246,"column":79}},"944":{"start":{"line":1246,"column":80},"end":{"line":1246,"column":85}},"945":{"start":{"line":1247,"column":24},"end":{"line":1247,"column":79}},"946":{"start":{"line":1247,"column":80},"end":{"line":1247,"column":85}},"947":{"start":{"line":1248,"column":36},"end":{"line":1248,"column":63}},"948":{"start":{"line":1248,"column":65},"end":{"line":1248,"column":70}},"949":{"start":{"line":1249,"column":24},"end":{"line":1249,"column":77}},"950":{"start":{"line":1249,"column":44},"end":{"line":1249,"column":77}},"951":{"start":{"line":1250,"column":24},"end":{"line":1250,"column":106}},"952":{"start":{"line":1251,"column":24},"end":{"line":1251,"column":74}},"953":{"start":{"line":1251,"column":75},"end":{"line":1251,"column":80}},"954":{"start":{"line":1252,"column":24},"end":{"line":1252,"column":80}},"955":{"start":{"line":1252,"column":81},"end":{"line":1252,"column":86}},"956":{"start":{"line":1253,"column":24},"end":{"line":1253,"column":80}},"957":{"start":{"line":1253,"column":81},"end":{"line":1253,"column":86}},"958":{"start":{"line":1254,"column":24},"end":{"line":1254,"column":80}},"959":{"start":{"line":1254,"column":81},"end":{"line":1254,"column":86}},"960":{"start":{"line":1255,"column":24},"end":{"line":1255,"column":74}},"961":{"start":{"line":1255,"column":75},"end":{"line":1255,"column":80}},"962":{"start":{"line":1256,"column":24},"end":{"line":1256,"column":74}},"963":{"start":{"line":1256,"column":75},"end":{"line":1256,"column":80}},"964":{"start":{"line":1257,"column":24},"end":{"line":1257,"column":78}},"965":{"start":{"line":1257,"column":79},"end":{"line":1257,"column":84}},"966":{"start":{"line":1258,"column":24},"end":{"line":1258,"column":73}},"967":{"start":{"line":1258,"column":74},"end":{"line":1258,"column":79}},"968":{"start":{"line":1259,"column":24},"end":{"line":1259,"column":73}},"969":{"start":{"line":1259,"column":74},"end":{"line":1259,"column":79}},"970":{"start":{"line":1260,"column":24},"end":{"line":1260,"column":66}},"971":{"start":{"line":1261,"column":24},"end":{"line":1261,"column":83}},"972":{"start":{"line":1262,"column":24},"end":{"line":1262,"column":83}},"973":{"start":{"line":1263,"column":24},"end":{"line":1263,"column":83}},"974":{"start":{"line":1264,"column":24},"end":{"line":1264,"column":83}},"975":{"start":{"line":1268,"column":12},"end":{"line":1272,"column":13}},"976":{"start":{"line":1269,"column":16},"end":{"line":1269,"column":48}},"977":{"start":{"line":1269,"column":48},"end":{"line":1269,"column":96}},"978":{"start":{"line":1270,"column":16},"end":{"line":1270,"column":52}},"979":{"start":{"line":1271,"column":16},"end":{"line":1271,"column":51}},"980":{"start":{"line":1273,"column":12},"end":{"line":1283,"column":13}},"981":{"start":{"line":1274,"column":16},"end":{"line":1274,"column":48}},"982":{"start":{"line":1274,"column":48},"end":{"line":1274,"column":96}},"983":{"start":{"line":1275,"column":16},"end":{"line":1275,"column":52}},"984":{"start":{"line":1276,"column":16},"end":{"line":1276,"column":51}},"985":{"start":{"line":1277,"column":16},"end":{"line":1277,"column":59}},"986":{"start":{"line":1278,"column":16},"end":{"line":1278,"column":42}},"987":{"start":{"line":1279,"column":16},"end":{"line":1279,"column":251}},"988":{"start":{"line":1279,"column":49},"end":{"line":1279,"column":109}},"989":{"start":{"line":1279,"column":109},"end":{"line":1279,"column":149}},"990":{"start":{"line":1279,"column":157},"end":{"line":1279,"column":210}},"991":{"start":{"line":1279,"column":210},"end":{"line":1279,"column":250}},"992":{"start":{"line":1280,"column":16},"end":{"line":1280,"column":42}},"993":{"start":{"line":1281,"column":16},"end":{"line":1281,"column":254}},"994":{"start":{"line":1281,"column":50},"end":{"line":1281,"column":111}},"995":{"start":{"line":1281,"column":111},"end":{"line":1281,"column":151}},"996":{"start":{"line":1281,"column":159},"end":{"line":1281,"column":213}},"997":{"start":{"line":1281,"column":213},"end":{"line":1281,"column":253}},"998":{"start":{"line":1282,"column":16},"end":{"line":1282,"column":43}},"999":{"start":{"line":1287,"column":12},"end":{"line":1287,"column":31}},"1000":{"start":{"line":1288,"column":12},"end":{"line":1288,"column":43}},"1001":{"start":{"line":1291,"column":4},"end":{"line":1291,"column":19}},"1002":{"start":{"line":1294,"column":18},"end":{"line":1294,"column":20}},"1003":{"start":{"line":1295,"column":16},"end":{"line":1295,"column":27}},"1004":{"start":{"line":1296,"column":4},"end":{"line":1296,"column":22}},"1005":{"start":{"line":1297,"column":18},"end":{"line":1297,"column":45}},"1006":{"start":{"line":1298,"column":4},"end":{"line":1298,"column":24}},"1007":{"start":{"line":1299,"column":4},"end":{"line":1304,"column":5}},"1008":{"start":{"line":1300,"column":8},"end":{"line":1303,"column":9}},"1009":{"start":{"line":1301,"column":12},"end":{"line":1301,"column":49}},"1010":{"start":{"line":1302,"column":12},"end":{"line":1302,"column":32}},"1011":{"start":{"line":1305,"column":4},"end":{"line":1342,"column":5}},"1012":{"start":{"line":1306,"column":8},"end":{"line":1312,"column":9}},"1013":{"start":{"line":1314,"column":9},"end":{"line":1342,"column":5}},"1014":{"start":{"line":1315,"column":8},"end":{"line":1321,"column":9}},"1015":{"start":{"line":1323,"column":9},"end":{"line":1342,"column":5}},"1016":{"start":{"line":1324,"column":8},"end":{"line":1341,"column":9}},"1017":{"start":{"line":1325,"column":12},"end":{"line":1331,"column":13}},"1018":{"start":{"line":1334,"column":12},"end":{"line":1340,"column":13}},"1019":{"start":{"line":1343,"column":4},"end":{"line":1368,"column":5}},"1020":{"start":{"line":1344,"column":8},"end":{"line":1367,"column":9}},"1021":{"start":{"line":1345,"column":25},"end":{"line":1345,"column":51}},"1022":{"start":{"line":1346,"column":27},"end":{"line":1346,"column":55}},"1023":{"start":{"line":1347,"column":23},"end":{"line":1347,"column":60}},"1024":{"start":{"line":1348,"column":12},"end":{"line":1355,"column":13}},"1025":{"start":{"line":1358,"column":27},"end":{"line":1358,"column":55}},"1026":{"start":{"line":1359,"column":12},"end":{"line":1366,"column":13}},"1027":{"start":{"line":1369,"column":4},"end":{"line":1372,"column":5}},"1028":{"start":{"line":1374,"column":0},"end":{"line":1374,"column":43}},"1029":{"start":{"line":1381,"column":41},"end":{"line":1381,"column":43}},"1030":{"start":{"line":1386,"column":30},"end":{"line":1386,"column":64}},"1031":{"start":{"line":1387,"column":11},"end":{"line":1389,"column":12}},"1032":{"start":{"line":1388,"column":12},"end":{"line":1388,"column":40}},"1033":{"start":{"line":1391,"column":24},"end":{"line":1395,"column":12}},"1034":{"start":{"line":1398,"column":11},"end":{"line":1398,"column":86}},"1035":{"start":{"line":1401,"column":11},"end":{"line":1401,"column":33}},"1036":{"start":{"line":1409,"column":10},"end":{"line":1409,"column":35}},"1037":{"start":{"line":1410,"column":10},"end":{"line":1410,"column":35}},"1038":{"start":{"line":1411,"column":10},"end":{"line":1411,"column":35}},"1039":{"start":{"line":1412,"column":36},"end":{"line":1412,"column":60}},"1040":{"start":{"line":1414,"column":10},"end":{"line":1414,"column":37}}},"fnMap":{"0":{"name":"webpackUniversalModuleDefinition","decl":{"start":{"line":1,"column":10},"end":{"line":1,"column":42}},"loc":{"start":{"line":1,"column":58},"end":{"line":10,"column":1}},"line":1},"1":{"name":"(anonymous_1)","decl":{"start":{"line":10,"column":11},"end":{"line":10,"column":12}},"loc":{"start":{"line":10,"column":17},"end":{"line":1417,"column":1}},"line":10},"2":{"name":"(anonymous_2)","decl":{"start":{"line":11,"column":17},"end":{"line":11,"column":18}},"loc":{"start":{"line":11,"column":23},"end":{"line":1415,"column":10}},"line":11},"3":{"name":"(anonymous_3)","decl":{"start":{"line":15,"column":7},"end":{"line":15,"column":8}},"loc":{"start":{"line":15,"column":19},"end":{"line":495,"column":7}},"line":15},"4":{"name":"(anonymous_4)","decl":{"start":{"line":102,"column":27},"end":{"line":102,"column":28}},"loc":{"start":{"line":102,"column":39},"end":{"line":106,"column":1}},"line":102},"5":{"name":"brUncompress","decl":{"start":{"line":107,"column":9},"end":{"line":107,"column":21}},"loc":{"start":{"line":107,"column":75},"end":{"line":121,"column":1}},"line":107},"6":{"name":"initResult","decl":{"start":{"line":122,"column":9},"end":{"line":122,"column":19}},"loc":{"start":{"line":122,"column":22},"end":{"line":137,"column":1}},"line":122},"7":{"name":"createBuffer","decl":{"start":{"line":138,"column":9},"end":{"line":138,"column":21}},"loc":{"start":{"line":138,"column":33},"end":{"line":211,"column":1}},"line":138},"8":{"name":"bitsBuf2HuffPattern","decl":{"start":{"line":139,"column":13},"end":{"line":139,"column":32}},"loc":{"start":{"line":139,"column":57},"end":{"line":156,"column":5}},"line":139},"9":{"name":"(anonymous_9)","decl":{"start":{"line":160,"column":23},"end":{"line":160,"column":24}},"loc":{"start":{"line":160,"column":57},"end":{"line":194,"column":9}},"line":160},"10":{"name":"(anonymous_10)","decl":{"start":{"line":195,"column":25},"end":{"line":195,"column":26}},"loc":{"start":{"line":195,"column":47},"end":{"line":209,"column":9}},"line":195},"11":{"name":"parseHexString","decl":{"start":{"line":212,"column":9},"end":{"line":212,"column":23}},"loc":{"start":{"line":212,"column":29},"end":{"line":221,"column":1}},"line":212},"12":{"name":"generateFlag","decl":{"start":{"line":222,"column":9},"end":{"line":222,"column":21}},"loc":{"start":{"line":222,"column":33},"end":{"line":233,"column":1}},"line":222},"13":{"name":"prePopulateOutput","decl":{"start":{"line":234,"column":9},"end":{"line":234,"column":26}},"loc":{"start":{"line":234,"column":62},"end":{"line":260,"column":1}},"line":234},"14":{"name":"computeSeries","decl":{"start":{"line":261,"column":9},"end":{"line":261,"column":22}},"loc":{"start":{"line":261,"column":68},"end":{"line":276,"column":1}},"line":261},"15":{"name":"findi1FromArgList","decl":{"start":{"line":277,"column":9},"end":{"line":277,"column":26}},"loc":{"start":{"line":277,"column":41},"end":{"line":282,"column":1}},"line":277},"16":{"name":"extractTimestampFromBuffer","decl":{"start":{"line":283,"column":9},"end":{"line":283,"column":35}},"loc":{"start":{"line":283,"column":59},"end":{"line":289,"column":1}},"line":283},"17":{"name":"computeTimestampFromBi","decl":{"start":{"line":290,"column":9},"end":{"line":290,"column":31}},"loc":{"start":{"line":290,"column":59},"end":{"line":294,"column":1}},"line":290},"18":{"name":"computeTimestampFromPositiveBi","decl":{"start":{"line":295,"column":9},"end":{"line":295,"column":39}},"loc":{"start":{"line":295,"column":67},"end":{"line":297,"column":1}},"line":295},"19":{"name":"getMeasure","decl":{"start":{"line":298,"column":9},"end":{"line":298,"column":19}},"loc":{"start":{"line":298,"column":40},"end":{"line":301,"column":1}},"line":298},"20":{"name":"bytes2Float32","decl":{"start":{"line":302,"column":9},"end":{"line":302,"column":22}},"loc":{"start":{"line":302,"column":30},"end":{"line":313,"column":1}},"line":302},"21":{"name":"uncompressSamplesData","decl":{"start":{"line":314,"column":9},"end":{"line":314,"column":30}},"loc":{"start":{"line":314,"column":106},"end":{"line":317,"column":1}},"line":314},"22":{"name":"handleCommonTimestamp","decl":{"start":{"line":318,"column":9},"end":{"line":318,"column":30}},"loc":{"start":{"line":318,"column":90},"end":{"line":360,"column":1}},"line":318},"23":{"name":"initTimestampCommonTable","decl":{"start":{"line":361,"column":9},"end":{"line":
[...]
":21},"end":{"line":1190,"column":39}},{"start":{"line":1190,"column":45},"end":{"line":1190,"column":61}}],"line":1190},"229":{"loc":{"start":{"line":1191,"column":16},"end":{"line":1191,"column":129}},"type":"if","locations":[{"start":{"line":1191,"column":16},"end":{"line":1191,"column":129}},{"start":{},"end":{}}],"line":1191},"230":{"loc":{"start":{"line":1191,"column":20},"end":{"line":1191,"column":62}},"type":"binary-expr","locations":[{"start":{"line":1191,"column":21},"end":{"line":1191,"column":39}},{"start":{"line":1191,"column":45},"end":{"line":1191,"column":61}}],"line":1191},"231":{"loc":{"start":{"line":1192,"column":16},"end":{"line":1192,"column":103}},"type":"if","locations":[{"start":{"line":1192,"column":16},"end":{"line":1192,"column":103}},{"start":{},"end":{}}],"line":1192},"232":{"loc":{"start":{"line":1192,"column":20},"end":{"line":1192,"column":62}},"type":"binary-expr","locations":[{"start":{"line":1192,"column":21},"end":{"line":1192,"column":39}},{"start":{"line":1192,"column":45},"end":{"line":1192,"column":61}}],"line":1192},"233":{"loc":{"start":{"line":1193,"column":16},"end":{"line":1216,"column":17}},"type":"if","locations":[{"start":{"line":1193,"column":16},"end":{"line":1216,"column":17}},{"start":{},"end":{}}],"line":1193},"234":{"loc":{"start":{"line":1193,"column":20},"end":{"line":1193,"column":62}},"type":"binary-expr","locations":[{"start":{"line":1193,"column":21},"end":{"line":1193,"column":39}},{"start":{"line":1193,"column":45},"end":{"line":1193,"column":61}}],"line":1193},"235":{"loc":{"start":{"line":1217,"column":16},"end":{"line":1266,"column":17}},"type":"if","locations":[{"start":{"line":1217,"column":16},"end":{"line":1266,"column":17}},{"start":{},"end":{}}],"line":1217},"236":{"loc":{"start":{"line":1219,"column":20},"end":{"line":1265,"column":21}},"type":"if","locations":[{"start":{"line":1219,"column":20},"end":{"line":1265,"column":21}},{"start":{"line":1231,"column":27},"end":{"line":1265,"column":21}}],"line":1219},"237":{"loc":{"start":{"line":1231,"column":27},"end":{"line":1265,"column":21}},"type":"if","locations":[{"start":{"line":1231,"column":27},"end":{"line":1265,"column":21}},{"start":{"line":1244,"column":27},"end":{"line":1265,"column":21}}],"line":1231},"238":{"loc":{"start":{"line":1231,"column":31},"end":{"line":1231,"column":91}},"type":"binary-expr","locations":[{"start":{"line":1231,"column":31},"end":{"line":1231,"column":47}},{"start":{"line":1231,"column":52},"end":{"line":1231,"column":68}},{"start":{"line":1231,"column":74},"end":{"line":1231,"column":90}}],"line":1231},"239":{"loc":{"start":{"line":1232,"column":35},"end":{"line":1232,"column":108}},"type":"cond-expr","locations":[{"start":{"line":1232,"column":54},"end":{"line":1232,"column":63}},{"start":{"line":1232,"column":67},"end":{"line":1232,"column":107}}],"line":1232},"240":{"loc":{"start":{"line":1232,"column":67},"end":{"line":1232,"column":107}},"type":"cond-expr","locations":[{"start":{"line":1232,"column":86},"end":{"line":1232,"column":95}},{"start":{"line":1232,"column":98},"end":{"line":1232,"column":107}}],"line":1232},"241":{"loc":{"start":{"line":1244,"column":27},"end":{"line":1265,"column":21}},"type":"if","locations":[{"start":{"line":1244,"column":27},"end":{"line":1265,"column":21}},{"start":{},"end":{}}],"line":1244},"242":{"loc":{"start":{"line":1249,"column":24},"end":{"line":1249,"column":77}},"type":"if","locations":[{"start":{"line":1249,"column":24},"end":{"line":1249,"column":77}},{"start":{},"end":{}}],"line":1249},"243":{"loc":{"start":{"line":1250,"column":47},"end":{"line":1250,"column":104}},"type":"cond-expr","locations":[{"start":{"line":1250,"column":64},"end":{"line":1250,"column":96}},{"start":{"line":1250,"column":99},"end":{"line":1250,"column":104}}],"line":1250},"244":{"loc":{"start":{"line":1261,"column":47},"end":{"line":1261,"column":81}},"type":"cond-expr","locations":[{"start":{"line":1261,"column":65},"end":{"line":1261,"column":71}},{"start":{"line":1261,"column":74},"end":{"line":1261,"column":81}}],"line":1261},"245":{"loc":{"start":{"line":1262,"column":47},"end":{"line":1262,"column":81}},"type":"cond-expr","locations":[{"start":{"line":1262,"column":65},"end":{"line":1262,"column":71}},{"start":{"line":1262,"column":74},"end":{"line":1262,"column":81}}],"line":1262},"246":{"loc":{"start":{"line":1263,"column":47},"end":{"line":1263,"column":81}},"type":"cond-expr","locations":[{"start":{"line":1263,"column":65},"end":{"line":1263,"column":71}},{"start":{"line":1263,"column":74},"end":{"line":1263,"column":81}}],"line":1263},"247":{"loc":{"start":{"line":1264,"column":47},"end":{"line":1264,"column":81}},"type":"cond-expr","locations":[{"start":{"line":1264,"column":65},"end":{"line":1264,"column":71}},{"start":{"line":1264,"column":74},"end":{"line":1264,"column":81}}],"line":1264},"248":{"loc":{"start":{"line":1268,"column":12},"end":{"line":1272,"column":13}},"type":"if","locations":[{"start":{"line":1268,"column":12},"end":{"line":1272,"column":13}},{"start":{},"end":{}}],"line":1268},"249":{"loc":{"start":{"line":1273,"column":12},"end":{"line":1283,"column":13}},"type":"if","locations":[{"start":{"line":1273,"column":12},"end":{"line":1283,"column":13}},{"start":{},"end":{}}],"line":1273},"250":{"loc":{"start":{"line":1279,"column":16},"end":{"line":1279,"column":251}},"type":"if","locations":[{"start":{"line":1279,"column":16},"end":{"line":1279,"column":251}},{"start":{"line":1279,"column":156},"end":{"line":1279,"column":251}}],"line":1279},"251":{"loc":{"start":{"line":1281,"column":16},"end":{"line":1281,"column":254}},"type":"if","locations":[{"start":{"line":1281,"column":16},"end":{"line":1281,"column":254}},{"start":{"line":1281,"column":158},"end":{"line":1281,"column":254}}],"line":1281},"252":{"loc":{"start":{"line":1299,"column":4},"end":{"line":1304,"column":5}},"type":"if","locations":[{"start":{"line":1299,"column":4},"end":{"line":1304,"column":5}},{"start":{},"end":{}}],"line":1299},"253":{"loc":{"start":{"line":1300,"column":8},"end":{"line":1303,"column":9}},"type":"if","locations":[{"start":{"line":1300,"column":8},"end":{"line":1303,"column":9}},{"start":{},"end":{}}],"line":1300},"254":{"loc":{"start":{"line":1305,"column":4},"end":{"line":1342,"column":5}},"type":"if","locations":[{"start":{"line":1305,"column":4},"end":{"line":1342,"column":5}},{"start":{"line":1314,"column":9},"end":{"line":1342,"column":5}}],"line":1305},"255":{"loc":{"start":{"line":1305,"column":8},"end":{"line":1305,"column":45}},"type":"binary-expr","locations":[{"start":{"line":1305,"column":8},"end":{"line":1305,"column":25}},{"start":{"line":1305,"column":29},"end":{"line":1305,"column":45}}],"line":1305},"256":{"loc":{"start":{"line":1314,"column":9},"end":{"line":1342,"column":5}},"type":"if","locations":[{"start":{"line":1314,"column":9},"end":{"line":1342,"column":5}},{"start":{"line":1323,"column":9},"end":{"line":1342,"column":5}}],"line":1314},"257":{"loc":{"start":{"line":1323,"column":9},"end":{"line":1342,"column":5}},"type":"if","locations":[{"start":{"line":1323,"column":9},"end":{"line":1342,"column":5}},{"start":{},"end":{}}],"line":1323},"258":{"loc":{"start":{"line":1324,"column":8},"end":{"line":1341,"column":9}},"type":"if","locations":[{"start":{"line":1324,"column":8},"end":{"line":1341,"column":9}},{"start":{"line":1333,"column":12},"end":{"line":1341,"column":9}}],"line":1324},"259":{"loc":{"start":{"line":1343,"column":4},"end":{"line":1368,"column":5}},"type":"if","locations":[{"start":{"line":1343,"column":4},"end":{"line":1368,"column":5}},{"start":{},"end":{}}],"line":1343},"260":{"loc":{"start":{"line":1344,"column":8},"end":{"line":1367,"column":9}},"type":"if","locations":[{"start":{"line":1344,"column":8},"end":{"line":1367,"column":9}},{"start":{"line":1357,"column":12},"end":{"line":1367,"column":9}}],"line":1344},"261":{"loc":{"start":{"line":1387,"column":11},"end":{"line":1389,"column":12}},"type":"if","locations":[{"start":{"line":1387,"column":11},"end":{"line":1389,"column":12}},{"start":{},"end":{}}],"line":1387}},"s":{"0":1,"1":1,"2":1,"3":0,"4":0,"5":0,"6":0,"7":0,"8":1,"9":1,"10":1,"11":1,"12":1,"13":1,"14":1,"15":1,"16":1,"17":1,"18":1,"19":1,"20":1,"21":1,"22":1,"23":1,"24":1,"25":1,"26":1,"27":1,"28":1,"29":1,"30":1,"31":1,"32":1,"33":1,"34":1,"35":1,"36":1,"37":1,"38":1,"39":1,"40":1,"41":0,"42":0,"43":0,"44":0,"45":0,"46":1,"47":1,"48":1,"49":1,"50":1,"51":1,"52":1,"53":1,"54":1,"55":0,"56":1,"57":1,"58":1,"59":1,"60":1,"61":16,"62":16,"63":1,"64":16,"65":16,"66":16,"67":0,"68":16,"69":16,"70":16,"71":68,"72":54,"73":68,"74":68,"75":68,"76":16,"77":1,"78":11,"79":11,"80":11,"81":11,"82":0,"83":11,"84":11,"85":11,"86":11,"87":5,"88":11,"89":17,"90":17,"91":99,"92":99,"93":34,"94":99,"95":99,"96":99,"97":17,"98":17,"99":11,"100":0,"101":0,"102":0,"103":0,"104":11,"105":3,"106":3,"107":16,"108":16,"109":16,"110":212,"111":3,"112":3,"113":0,"114":1,"115":1,"116":15,"117":15,"118":1,"119":1,"120":1,"121":2,"122":1,"123":1,"124":1,"125":1,"126":1,"127":3,"128":3,"129":3,"130":1,"131":3,"132":3,"133":3,"134":0,"135":0,"136":1,"137":3,"138":3,"139":3,"140":6,"141":3,"142":0,"143":4,"144":3,"145":3,"146":1,"147":3,"148":0,"149":3,"150":1,"151":2,"152":1,"153":3,"154":3,"155":0,"156":0,"157":0,"158":0,"159":0,"160":0,"161":0,"162":0,"163":0,"164":0,"165":0,"166":0,"167":0,"168":0,"169":0,"170":0,"171":0,"172":0,"173":0,"174":0,"175":0,"176":0,"177":0,"178":0,"179":0,"180":0,"181":0,"182":0,"183":0,"184":0,"185":0,"186":0,"187":0,"188":0,"189":0,"190":0,"191":0,"192":0,"193":0,"194":0,"195":0,"196":0,"197":0,"198":0,"199":0,"200":0,"201":0,"202":0,"203":0,"204":0,"205":0,"206":0,"207":0,"208":0,"209":0,"210":0,"211":0,"212":0,"213":0,"214":0,"215":0,"216":0,"217":0,"218":0,"219":0,"220":0,"221":0,"222":0,"223":0,"224":0,"225":0,"226":0,"227":0,"228":0,"229":0,"230":0,"231":0,"232":0,"233":0,"234":0,"235":0,"236":0,"237":0,"238":0,"239":0,"240":0,"241":0,"242":0,"243":0,"244":0,"245":0,"246":0,"247":0,"248":1,"249":1,"250":1,"251":1,"252":16,"253":3,"254":3,"255":3,"256":3,"257":3,"258":3,"259":1,"260":3,"261":1,"262":1,"263":1,"264":1,"265":1,"266":1,"267":3,"268":3,"269":3,"270":1,"271":1,"272":1,"273":1,"274":10,"275":1,"276":1,"277":1,"278":10,"279":10,"280":10,"281":10,"282":10,"283":10,"284":10,"285":1,"286":1,"287":1,"288":1,"289":0,"290":9,"291":0,"292":1,"293":2,"294":0,"295":2,"296":0,"297":2,"298":0,"299":2,"300":0,"301":0,"302":0,"303":0,"304":0,"305":0,"306":0,"307":0,"308":0,"309":0,"310":0,"311":0,"312":0,"313":0,"314":0,"315":0,"316":0,"317":0,"318":0,"319":0,"320":0,"321":0,"322":0,"323":0,"324":0,"325":0,"326":0,"327":0,"328":27,"329":27,"330":27,"331":47,"332":27,"333":0,"334":0,"335":0,"336":0,"337":0,"338":0,"339":0,"340":0,"341":0,"342":0,"343":0,"344":0,"345":0,"346":0,"347":0,"348":0,"349":0,"350":0,"351":0,"352":0,"353":0,"354":0,"355":0,"356":0,"357":0,"358":0,"359":0,"360":0,"361":0,"362":0,"363":0,"364":0,"365":0,"366":0,"367":0,"368":0,"369":0,"370":0,"371":0,"372":0,"373":0,"374":0,"375":0,"376":0,"377":0,"378":0,"379":0,"380":0,"381":0,"382":0,"383":0,"384":0,"385":0,"386":0,"387":0,"388":0,"389":0,"390":0,"391":0,"392":0,"393":0,"394":0,"395":0,"396":0,"397":0,"398":0,"399":0,"400":0,"401":0,"402":0,"403":0,"404":0,"405":0,"406":0,"407":0,"408":0,"409":0,"410":0,"411":0,"412":0,"413":10,"414":10,"415":10,"416":10,"417":10,"418":10,"419":10,"420":10,"421":113,"422":113,"423":69,"424":113,"425":113,"426":113,"427":10,"428":10,"429":10,"430":9,"431":9,"432":9,"433":9,"434":9,"435":9,"436":9,"437":9,"438":9,"439":9,"440":9,"441":7,"442":7,"443":7,"444":7,"445":7,"446":6,"447":7,"448":1,"449":7,"450":1,"451":1,"452":7,"453":2,"454":2,"455":1,"456":1,"457":1,"458":1,"459":1,"460":1,"461":1,"462":0,"463":0,"464":1,"465":1,"466":1,"467":1,"468":0,"469":0,"470":1,"471":0,"472":0,"473":7,"474":1,"475":1,"476":0,"477":1,"478":1,"479":1,"480":1,"481":1,"482":1,"483":1,"484":0,"485":0,"486":1,"487":1,"488":1,"489":1,"490":0,"491":0,"492":1,"493":0,"494":0,"495":7,"496":1,"497":7,"498":1,"499":7,"500":0,"501":7,"502":0,"503":0,"504":0,"505":0,"506":7,"507":0,"508":7,"509":0,"510":0,"511":0,"512":0,"513":0,"514":0,"515":0,"516":0,"517":0,"518":0,"519":7,"520":0,"521":7,"522":0,"523":0,"524":0,"525":0,"526":0,"527":0,"528":0,"529":0,"530":0,"531":0,"532":0,"533":0,"534":0,"535":0,"536":0,"537":0,"538":0,"539":0,"540":0,"541":0,"542":0,"543":0,"544":0,"545":0,"546":0,"547":0,"548":0,"549":0,"550":0,"551":0,"552":0,"553":0,"554":0,"555":0,"556":0,"557":0,"558":0,"559":0,"560":0,"561":0,"562":0,"563":0,"564":0,"565":0,"566":0,"567":0,"568":0,"569":0,"570":0,"571":0,"572":0,"573":0,"574":0,"575":0,"576":0,"577":0,"578":0,"579":0,"580":0,"581":7,"582":0,"583":0,"584":0,"585":0,"586":0,"587":0,"588":0,"589":0,"590":0,"591":0,"592":0,"593":0,"594":0,"595":0,"596":0,"597":0,"598":0,"599":0,"600":0,"601":0,"602":0,"603":0,"604":0,"605":0,"606":0,"607":0,"608":0,"609":0,"610":0,"611":0,"612":0,"613":0,"614":0,"615":0,"616":0,"617":0,"618":0,"619":0,"620":0,"621":0,"622":0,"623":0,"624":0,"625":0,"626":0,"627":0,"628":0,"629":0,"630":0,"631":0,"632":0,"633":0,"634":0,"635":0,"636":0,"637":0,"638":0,"639":0,"640":0,"641":0,"642":0,"643":0,"644":0,"645":0,"646":0,"647":0,"648":0,"649":0,"650":0,"651":0,"652":0,"653":0,"654":0,"655":0,"656":0,"657":0,"658":0,"659":0,"660":0,"661":0,"662":0,"663":0,"664":0,"665":0,"666":0,"667":0,"668":0,"669":0,"670":0,"671":0,"672":0,"673":0,"674":0,"675":0,"676":0,"677":0,"678":0,"679":0,"680":0,"681":0,"682":0,"683":0,"684":0,"685":0,"686":0,"687":0,"688":0,"689":0,"690":0,"691":0,"692":0,"693":0,"694":0,"695":0,"696":0,"697":0,"698":0,"699":0,"700":0,"701":0,"702":0,"703":0,"704":0,"705":0,"706":0,"707":0,"708":0,"709":0,"710":0,"711":0,"712":0,"713":0,"714":0,"715":0,"716":0,"717":0,"718":0,"719":0,"720":0,"721":0,"722":0,"723":0,"724":0,"725":0,"726":0,"727":0,"728":0,"729":0,"730":0,"731":0,"732":0,"733":0,"734":0,"735":0,"736":0,"737":0,"738":0,"739":0,"740":0,"741":0,"742":0,"743":0,"744":0,"745":0,"746":0,"747":0,"748":0,"749":0,"750":0,"751":0,"752":0,"753":0,"754":0,"755":0,"756":0,"757":0,"758":0,"759":0,"760":0,"761":0,"762":0,"763":0,"764":0,"765":0,"766":0,"767":0,"768":0,"769":0,"770":0,"771":0,"772":0,"773":0,"774":0,"775":0,"776":0,"777":0,"778":0,"779":7,"780":0,"781":0,"782":0,"783":0,"784":0,"785":7,"786":0,"787":0,"788":0,"789":0,"790":7,"791":0,"792":7,"793":0,"794":0,"795":7,"796":1,"797":1,"798":0,"799":0,"800":1,"801":0,"802":0,"803":1,"804":1,"805":1,"806":1,"807":0,"808":0,"809":1,"810":0,"811":0,"812":7,"813":0,"814":0,"815":0,"816":0,"817":0,"818":0,"819":0,"820":0,"821":0,"822":0,"823":0,"824":0,"825":0,"826":0,"827":0,"828":0,"829":7,"830":0,"831":0,"832":0,"833":0,"834":0,"835":0,"836":0,"837":0,"838":7,"839":0,"840":0,"841":0,"842":0,"843":0,"844":0,"845":0,"846":0,"847":7,"848":0,"849":0,"850":0,"851":0,"852":0,"853":0,"854":7,"855":0,"856":0,"857":0,"858":0,"859":0,"860":0,"861":0,"862":0,"863":0,"864":7,"865":0,"866":7,"867":0,"868":7,"869":0,"870":7,"871":0,"872":7,"873":0,"874":0,"875":0,"876":0,"877":0,"878":0,"879":0,"880":0,"881":0,"882":0,"883":0,"884":0,"885":0,"886":0,"887":0,"888":0,"889":0,"890":0,"891":0,"892":0,"893":0,"894":0,"895":7,"896":0,"897":0,"898":0,"899":0,"900":0,"901":0,"902":0,"903":0,"904":0,"905":0,"906":0,"907":0,"908":0,"909":0,"910":0,"911":0,"912":0,"913":0,"914":0,"915":0,"916":0,"917":0,"918":0,"919":0,"920":0,"921":0,"922":0,"923":0,"924":0,"925":0,"926":0,"927":0,"928":0,"929":0,"930":0,"931":0,"932":0,"933":0,"934":0,"935":0,"936":0,"937":0,"938":0,"939":0,"940":0,"941":0,"942":0,"943":0,"944":0,"945":0,"946":0,"947":0,"948":0,"949":0,"950":0,"951":0,"952":0,"953":0,"954":0,"955":0,"956":0,"957":0,"958":0,"959":0,"960":0,"961":0,"962":0,"963":0,"964":0,"965":0,"966":0,"967":0,"968":0,"969":0,"970":0,"971":0,"972":0,"973":0,"974":0,"975":9,"976":1,"977":1,"978":1,"979":1,"980":9,"981":1,"982":1,"983":1,"984":1,"985":1,"986":1,"987":1,"988":0,"989":0,"990":1,"991":1,"992":1,"993":1,"994":0,"995":0,"996":1,"997":1,"998":1,"999":1,"1000":1,"1001":10,"1002":10,"1003":10,"1004":10,"1005":10,"1006":10,"1007":10,"1008":9,"1009":1,"1010":1,"1011":10,"1012":1,"1013":9,"1014":1,"1015":8,"1016":1,"1017":1,"1018":0,"1019":7,"1020":6,"1021":0,"1022":0,"1023":0,"1024":0,"1025":6,"1026":6,"1027":1,"1028":1,"1029":1,"1030":7,"1031":7,"1032":3,"1033":4,"1034":4,"1035":4,"1036":1,"1037":1,"1038":1,"1039":1,"1040":1},"f":{"0":1,"1":1,"2":1,"3":1,"4":0,"5":1,"6":1,"7":1,"8":16,"9":11,"10":3,"11":1,"12":1,"13":1,"14":3,"15":3,"16":4,"17":3,"18":1,"19":3,"20":0,"21":0,"22":0,"23":0,"24":0,"25":0,"26":0,"27":1,"28":16,"29":3,"30":3,"31":1,"32":1,"33":10,"34":1,"35":10,"36":1,"37":2,"38":0,"39":0,"40":27,"41":0,"42":0,"43":0,"44":0,"45":0,"46":10,"47":10,"48":7},"b":{"0":[1,0],"1":[1,1],"2":[0,0],"3":[0,0],"4":[0,0],"5":[1,0],"6":[0,0],"7":[0,0],"8":[0,1],"9":[0,16],"10":[54,14],"11":[11,5],"12":[0,11],"13":[11,0],"14":[5,6],"15":[11,5],"16":[34,65],"17":[0,11],"18":[11,11,11,10,1],"19":[3,209],"20":[212,25],"21":[1,2],"22":[0,3],"23":[3,3],"24":[3,1],"25":[0,3],"26":[1,2],"27":[0,3],"28":[0,0],"29":[0,0],"30":[0,0],"31":[0,0],"32":[0,0],"33":[0,0],"34":[0,0],"35":[0,0],"36":[0,0],"37":[0,0],"38":[0,0],"39":[0,0],"40":[0,0],"41":[0,0],"42":[0,0],"43":[0,0],"44":[0,0],"45":[0,0],"46":[0,0],"47":[0,0],"48":[1,0],"49":[3,0],"50":[3,0],"51":[3,0],"52":[1,9],"53":[0,2],"54":[2,2],"55":[0,2],"56":[2,0],"57":[0,2],"58":[2,0],"59":[0,0],"60":[0,0],"61":[0,0],"62":[0,0],"63":[0,0],"64":[0,0],"65":[0,0],"66":[0,0],"67":[0,0,0],"68":[0,27],"69":[27,27],"70":[0,0],"71":[0,0],"72":[0,0],"73":[0,0],"74":[0,0],"75":[0,0],"76":[0,0],"77":[0,0],"78":[0,0],"79":[0,0],"80":[0,0],"81":[0,0],"82":[0,0],"83":[0,0],"84":[0,0],"85":[0,0],"86":[0,0],"87":[69,44],"88":[10,0],"89":[9,1],"90":[7,2],"91":[6,1],"92":[7,2],"93":[1,6],"94":[1,6],"95":[2,5],"96":[7,2],"97":[1,1],"98":[1,0],"99":[1,0],"100":[0,1],"101":[1,0],"102":[0,1],"103":[1,0],"104":[1,6],"105":[7,1],"106":[0,1],"107":[1,0],"108":[1,0],"109":[0,1],"110":[1,0],"111":[0,1],"112":[1,0],"113":[1,6],"114":[7,2],"115":[1,6],"116":[7,2],"117":[0,7],"118":[7,0],"119":[0,7],"120":[7,0],"121":[0,0],"122":[0,7],"123":[7,0],"124":[0,7],"125":[7,0],"126":[0,7],"127":[7,0],"128":[0,7],"129":[7,0],"130":[0,0],"131":[0,0],"132":[0,0],"133":[0,0],"134":[0,0],"135":[0,0],"136":[0,0],"137":[0,0],"138":[0,0],"139":[0,0],"140":[0,0],"141":[0,0],"142":[0,0],"143":[0,0],"144":[0,0],"145":[0,0],"146":[0,0],"147":[0,0],"148":[0,0],"149":[0,0],"150":[0,0],"151":[0,0],"152":[0,0],"153":[0,0],"154":[0,0],"155":[0,0],"156":[0,7],"157":[7,0],"158":[0,0],"159":[0,0],"160":[0,0],"161":[0,0],"162":[0,0],"163":[0,0],"164":[0,0],"165":[0,0],"166":[0,0],"167":[0,0],"168":[0,0],"169":[0,0],"170":[0,0],"171":[0,0],"172":[0,0],"173":[0,0],"174":[0,0],"175":[0,0],"176":[0,0],"177":[0,0],"178":[0,0],"179":[0,0],"180":[0,0],"181":[0,0],"182":[0,0],"183":[0,0],"184":[0,0],"185":[0,0],"186":[0,0],"187":[0,0],"188":[0,0],"189":[0,0],"190":[0,0],"191":[0,0],"192":[0,0],"193":[0,0],"194":[0,0],"195":[0,0],"196":[0,0],"197":[0,0],"198":[0,7],"199":[7,0],"200":[0,7],"201":[7,0],"202":[0,0],"203":[0,0],"204":[0,7],"205":[7,0],"206":[0,7],"207":[7,0],"208":[1,6],"209":[7,1],"210":[0,1],"211":[0,1],"212":[1,0],"213":[0,1],"214":[0,1],"215":[0,7],"216":[7,0],"217":[0,7],"218":[7,0],"219":[0,7],"220":[7,0],"221":[0,7],"222":[7,0],"223":[0,7],"224":[7,0],"225":[0,7],"226":[7,0],"227":[0,7],"228":[7,0],"229":[0,7],"230":[7,0],"231":[0,7],"232":[7,0],"233":[0,7],"234":[7,0],"235":[0,7],"236":[0,0],"237":[0,0],"238":[0,0,0],"239":[0,0],"240":[0,0],"241":[0,0],"242":[0,0],"243":[0,0],"244":[0,0],"245":[0,0],"246":[0,0],"247":[0,0],"248":[1,8],"249":[1,8],"250":[0,1],"251":[0,1],"252":[9,1],"253":[1,8],"254":[1,9],"255":[10,1],"256":[1,8],"257":[1,7],"258":[1,0],"259":[6,1],"260":[0,6],"261":[3,4]},"_coverageSchema":"1a1c01bbd47fc00a2c39e90264f33305004495a9","hash":"0c28cf9e79edabe4caaddda560143edfc6778882"}
}
