TN:
SF:index.js
FN:1,UintToInt
FN:7,Bytes2Float32
FN:19,BytesToInt64
FN:41,decimalToHex
FN:49,parseHexString
FN:57,Decoder
FN:562,normalisation_standard
FN:725,(anonymous_7)
FN:730,brUncompress
FN:745,initResult
FN:761,createBuffer
FN:762,bitsBuf2HuffPattern
FN:783,(anonymous_12)
FN:818,(anonymous_13)
FN:835,generateFlag
FN:847,prePopulateOutput
FN:874,computeSeries
FN:890,findi1FromArgList
FN:896,extractTimestampFromBuffer
FN:903,computeTimestampFromBi
FN:908,computeTimestampFromPositiveBi
FN:911,getMeasure
FN:915,bytes2Float32
FN:927,uncompressSamplesData
FN:931,handleCommonTimestamp
FN:974,initTimestampCommonTable
FN:1001,completeCurrentMeasure
FN:1007,computeAdlcValue
FN:1011,handleSeparateTimestamp
FN:1047,adaptToExpectedFormat
FN:1053,(anonymous_30)
FN:1059,(anonymous_31)
FN:1084,computeDataAbsoluteTimestamp
FN:1087,normalisation_batch
FN:1103,watteco_decodeUplink
FN:1145,decodeUplink
FNF:36
FNH:3
FNDA:0,UintToInt
FNDA:0,Bytes2Float32
FNDA:0,BytesToInt64
FNDA:0,decimalToHex
FNDA:0,parseHexString
FNDA:0,Decoder
FNDA:10,normalisation_standard
FNDA:0,(anonymous_7)
FNDA:0,brUncompress
FNDA:0,initResult
FNDA:0,createBuffer
FNDA:0,bitsBuf2HuffPattern
FNDA:0,(anonymous_12)
FNDA:0,(anonymous_13)
FNDA:0,generateFlag
FNDA:0,prePopulateOutput
FNDA:0,computeSeries
FNDA:0,findi1FromArgList
FNDA:0,extractTimestampFromBuffer
FNDA:0,computeTimestampFromBi
FNDA:0,computeTimestampFromPositiveBi
FNDA:0,getMeasure
FNDA:0,bytes2Float32
FNDA:0,uncompressSamplesData
FNDA:0,handleCommonTimestamp
FNDA:0,initTimestampCommonTable
FNDA:0,completeCurrentMeasure
FNDA:0,computeAdlcValue
FNDA:0,handleSeparateTimestamp
FNDA:0,adaptToExpectedFormat
FNDA:0,(anonymous_30)
FNDA:0,(anonymous_31)
FNDA:0,computeDataAbsoluteTimestamp
FNDA:0,normalisation_batch
FNDA:10,watteco_decodeUplink
FNDA:10,decodeUplink
DA:2,0
DA:3,0
DA:4,0
DA:5,0
DA:8,0
DA:9,0
DA:10,0
DA:11,0
DA:12,0
DA:13,0
DA:14,0
DA:15,0
DA:16,0
DA:17,0
DA:21,0
DA:22,0
DA:23,0
DA:25,0
DA:26,0
DA:28,0
DA:29,0
DA:31,0
DA:32,0
DA:33,0
DA:35,0
DA:37,0
DA:38,0
DA:39,0
DA:42,0
DA:43,0
DA:44,0
DA:45,0
DA:47,0
DA:50,0
DA:51,0
DA:52,0
DA:53,0
DA:55,0
DA:58,0
DA:59,0
DA:60,0
DA:61,0
DA:62,0
DA:63,0
DA:64,0
DA:66,0
DA:67,0
DA:68,0
DA:69,0
DA:70,0
DA:72,0
DA:74,0
DA:75,0
DA:76,0
DA:77,0
DA:78,0
DA:79,0
DA:80,0
DA:81,0
DA:82,0
DA:83,0
DA:84,0
DA:85,0
DA:86,0
DA:87,0
DA:88,0
DA:89,0
DA:90,0
DA:91,0
DA:92,0
DA:93,0
DA:94,0
DA:95,0
DA:96,0
DA:97,0
DA:99,0
DA:100,0
DA:101,0
DA:102,0
DA:103,0
DA:104,0
DA:105,0
DA:106,0
DA:107,0
DA:108,0
DA:110,0
DA:111,0
DA:113,0
DA:114,0
DA:115,0
DA:116,0
DA:117,0
DA:119,0
DA:120,0
DA:121,0
DA:122,0
DA:123,0
DA:124,0
DA:126,0
DA:127,0
DA:128,0
DA:129,0
DA:130,0
DA:131,0
DA:132,0
DA:133,0
DA:134,0
DA:135,0
DA:136,0
DA:137,0
DA:139,0
DA:140,0
DA:141,0
DA:142,0
DA:143,0
DA:144,0
DA:145,0
DA:146,0
DA:147,0
DA:148,0
DA:149,0
DA:154,0
DA:156,0
DA:157,0
DA:158,0
DA:159,0
DA:160,0
DA:161,0
DA:162,0
DA:163,0
DA:164,0
DA:165,0
DA:166,0
DA:167,0
DA:168,0
DA:169,0
DA:170,0
DA:171,0
DA:172,0
DA:173,0
DA:175,0
DA:176,0
DA:177,0
DA:178,0
DA:179,0
DA:180,0
DA:181,0
DA:183,0
DA:184,0
DA:185,0
DA:187,0
DA:188,0
DA:189,0
DA:191,0
DA:193,0
DA:195,0
DA:196,0
DA:197,0
DA:198,0
DA:199,0
DA:200,0
DA:201,0
DA:203,0
DA:204,0
DA:205,0
DA:207,0
DA:208,0
DA:209,0
DA:211,0
DA:213,0
DA:215,0
DA:216,0
DA:217,0
DA:218,0
DA:219,0
DA:220,0
DA:221,0
DA:223,0
DA:224,0
DA:225,0
DA:227,0
DA:228,0
DA:229,0
DA:231,0
DA:233,0
DA:235,0
DA:236,0
DA:237,0
DA:238,0
DA:239,0
DA:240,0
DA:241,0
DA:243,0
DA:244,0
DA:245,0
DA:247,0
DA:248,0
DA:249,0
DA:251,0
DA:253,0
DA:255,0
DA:256,0
DA:257,0
DA:258,0
DA:259,0
DA:260,0
DA:261,0
DA:263,0
DA:264,0
DA:265,0
DA:267,0
DA:268,0
DA:269,0
DA:271,0
DA:273,0
DA:275,0
DA:276,0
DA:277,0
DA:278,0
DA:279,0
DA:280,0
DA:281,0
DA:283,0
DA:284,0
DA:285,0
DA:287,0
DA:288,0
DA:289,0
DA:291,0
DA:293,0
DA:295,0
DA:296,0
DA:297,0
DA:298,0
DA:299,0
DA:300,0
DA:301,0
DA:303,0
DA:304,0
DA:305,0
DA:307,0
DA:308,0
DA:309,0
DA:311,0
DA:313,0
DA:315,0
DA:316,0
DA:317,0
DA:318,0
DA:319,0
DA:320,0
DA:321,0
DA:323,0
DA:324,0
DA:325,0
DA:327,0
DA:328,0
DA:329,0
DA:331,0
DA:333,0
DA:335,0
DA:336,0
DA:337,0
DA:338,0
DA:339,0
DA:340,0
DA:341,0
DA:343,0
DA:344,0
DA:345,0
DA:347,0
DA:348,0
DA:349,0
DA:351,0
DA:353,0
DA:355,0
DA:356,0
DA:357,0
DA:358,0
DA:359,0
DA:360,0
DA:361,0
DA:363,0
DA:364,0
DA:365,0
DA:367,0
DA:368,0
DA:369,0
DA:371,0
DA:374,0
DA:375,0
DA:376,0
DA:377,0
DA:378,0
DA:379,0
DA:381,0
DA:382,0
DA:383,0
DA:384,0
DA:385,0
DA:387,0
DA:388,0
DA:390,0
DA:391,0
DA:392,0
DA:394,0
DA:395,0
DA:396,0
DA:397,0
DA:398,0
DA:399,0
DA:400,0
DA:402,0
DA:403,0
DA:404,0
DA:405,0
DA:406,0
DA:407,0
DA:408,0
DA:409,0
DA:410,0
DA:411,0
DA:412,0
DA:413,0
DA:414,0
DA:415,0
DA:416,0
DA:417,0
DA:418,0
DA:420,0
DA:421,0
DA:422,0
DA:423,0
DA:424,0
DA:425,0
DA:426,0
DA:427,0
DA:428,0
DA:429,0
DA:430,0
DA:431,0
DA:432,0
DA:433,0
DA:434,0
DA:435,0
DA:436,0
DA:437,0
DA:439,0
DA:440,0
DA:441,0
DA:442,0
DA:443,0
DA:444,0
DA:445,0
DA:447,0
DA:448,0
DA:449,0
DA:450,0
DA:451,0
DA:452,0
DA:453,0
DA:454,0
DA:455,0
DA:456,0
DA:458,0
DA:459,0
DA:460,0
DA:461,0
DA:462,0
DA:463,0
DA:464,0
DA:465,0
DA:466,0
DA:467,0
DA:468,0
DA:469,0
DA:470,0
DA:471,0
DA:472,0
DA:473,0
DA:474,0
DA:475,0
DA:476,0
DA:477,0
DA:478,0
DA:479,0
DA:480,0
DA:481,0
DA:482,0
DA:483,0
DA:484,0
DA:486,0
DA:487,0
DA:488,0
DA:489,0
DA:490,0
DA:491,0
DA:492,0
DA:493,0
DA:494,0
DA:495,0
DA:496,0
DA:497,0
DA:498,0
DA:499,0
DA:500,0
DA:501,0
DA:502,0
DA:503,0
DA:504,0
DA:505,0
DA:506,0
DA:507,0
DA:508,0
DA:509,0
DA:510,0
DA:511,0
DA:512,0
DA:513,0
DA:514,0
DA:515,0
DA:516,0
DA:517,0
DA:518,0
DA:519,0
DA:520,0
DA:521,0
DA:522,0
DA:523,0
DA:524,0
DA:525,0
DA:526,0
DA:527,0
DA:528,0
DA:529,0
DA:530,0
DA:531,0
DA:532,0
DA:533,0
DA:537,0
DA:538,0
DA:539,0
DA:540,0
DA:542,0
DA:543,0
DA:544,0
DA:545,0
DA:546,0
DA:547,0
DA:548,0
DA:549,0
DA:550,0
DA:551,0
DA:556,0
DA:557,0
DA:560,0
DA:563,10
DA:565,10
DA:566,0
DA:567,0
DA:568,0
DA:571,0
DA:572,0
DA:580,0
DA:581,0
DA:589,0
DA:590,0
DA:591,0
DA:600,0
DA:609,0
DA:610,0
DA:611,0
DA:612,0
DA:613,0
DA:614,0
DA:624,0
DA:625,0
DA:635,0
DA:640,1
DA:641,1
DA:642,1
DA:643,1
DA:644,1
DA:645,1
DA:646,1
DA:647,1
DA:648,1
DA:649,1
DA:650,1
DA:651,1
DA:652,1
DA:653,1
DA:654,1
DA:655,1
DA:656,1
DA:657,1
DA:658,1
DA:659,1
DA:660,1
DA:661,1
DA:662,1
DA:663,1
DA:664,1
DA:665,1
DA:666,1
DA:667,1
DA:668,1
DA:669,1
DA:725,1
DA:726,0
DA:727,0
DA:728,0
DA:731,0
DA:732,0
DA:733,0
DA:734,0
DA:735,0
DA:736,0
DA:737,0
DA:738,0
DA:739,0
DA:740,0
DA:742,0
DA:743,0
DA:746,0
DA:747,0
DA:748,0
DA:749,0
DA:754,0
DA:756,0
DA:763,0
DA:764,0
DA:765,0
DA:766,0
DA:768,0
DA:769,0
DA:770,0
DA:771,0
DA:772,0
DA:774,0
DA:775,0
DA:776,0
DA:778,0
DA:780,0
DA:784,0
DA:785,0
DA:786,0
DA:787,0
DA:788,0
DA:790,0
DA:791,0
DA:792,0
DA:793,0
DA:794,0
DA:796,0
DA:797,0
DA:798,0
DA:799,0
DA:800,0
DA:801,0
DA:803,0
DA:804,0
DA:805,0
DA:807,0
DA:808,0
DA:810,0
DA:811,0
DA:812,0
DA:813,0
DA:816,0
DA:819,0
DA:820,0
DA:821,0
DA:822,0
DA:826,0
DA:827,0
DA:831,0
DA:836,0
DA:837,0
DA:838,0
DA:840,0
DA:848,0
DA:849,0
DA:850,0
DA:851,0
DA:855,0
DA:856,0
DA:857,0
DA:858,0
DA:864,0
DA:865,0
DA:866,0
DA:869,0
DA:875,0
DA:891,0
DA:892,0
DA:894,0
DA:897,0
DA:898,0
DA:899,0
DA:901,0
DA:904,0
DA:905,0
DA:906,0
DA:909,0
DA:912,0
DA:913,0
DA:916,0
DA:917,0
DA:918,0
DA:919,0
DA:920,0
DA:921,0
DA:922,0
DA:923,0
DA:924,0
DA:925,0
DA:928,0
DA:929,0
DA:932,0
DA:933,0
DA:934,0
DA:935,0
DA:936,0
DA:937,0
DA:938,0
DA:939,0
DA:940,0
DA:941,0
DA:942,0
DA:943,0
DA:944,0
DA:945,0
DA:949,0
DA:951,0
DA:954,0
DA:956,0
DA:957,0
DA:958,0
DA:959,0
DA:963,0
DA:967,0
DA:968,0
DA:972,0
DA:975,0
DA:976,0
DA:977,0
DA:978,0
DA:979,0
DA:980,0
DA:981,0
DA:983,0
DA:984,0
DA:985,0
DA:991,0
DA:993,0
DA:994,0
DA:996,0
DA:1002,0
DA:1003,0
DA:1004,0
DA:1005,0
DA:1008,0
DA:1009,0
DA:1012,0
DA:1013,0
DA:1014,0
DA:1015,0
DA:1016,0
DA:1017,0
DA:1018,0
DA:1019,0
DA:1021,0
DA:1024,0
DA:1028,0
DA:1029,0
DA:1030,0
DA:1032,0
DA:1033,0
DA:1035,0
DA:1038,0
DA:1039,0
DA:1040,0
DA:1041,0
DA:1045,0
DA:1048,0
DA:1052,0
DA:1053,0
DA:1058,0
DA:1060,0
DA:1069,0
DA:1070,0
DA:1071,0
DA:1077,0
DA:1082,0
DA:1085,0
DA:1088,0
DA:1089,0
DA:1090,0
DA:1091,0
DA:1092,0
DA:1093,0
DA:1094,0
DA:1099,0
DA:1101,0
DA:1104,10
DA:1105,10
DA:1106,10
DA:1108,10
DA:1109,10
DA:1110,0
DA:1112,0
DA:1113,0
DA:1119,0
DA:1120,0
DA:1121,0
DA:1126,0
DA:1132,0
DA:1138,10
DA:1144,1
DA:1146,10
DA:1148,1
LF:722
LH:42
BRDA:2,0,0,0
BRDA:2,0,1,0
BRDA:2,1,0,0
BRDA:2,1,1,0
BRDA:3,2,0,0
BRDA:3,2,1,0
BRDA:3,3,0,0
BRDA:3,3,1,0
BRDA:4,4,0,0
BRDA:4,4,1,0
BRDA:4,5,0,0
BRDA:4,5,1,0
BRDA:8,6,0,0
BRDA:8,6,1,0
BRDA:11,7,0,0
BRDA:11,7,1,0
BRDA:11,8,0,0
BRDA:11,8,1,0
BRDA:12,9,0,0
BRDA:12,9,1,0
BRDA:13,10,0,0
BRDA:13,10,1,0
BRDA:21,11,0,0
BRDA:21,11,1,0
BRDA:26,12,0,0
BRDA:26,12,1,0
BRDA:37,13,0,0
BRDA:37,13,1,0
BRDA:37,14,0,0
BRDA:37,14,1,0
BRDA:37,14,2,0
BRDA:43,15,0,0
BRDA:43,15,1,0
BRDA:43,16,0,0
BRDA:43,16,1,0
BRDA:67,17,0,0
BRDA:67,17,1,0
BRDA:72,18,0,0
BRDA:72,18,1,0
BRDA:75,19,0,0
BRDA:75,19,1,0
BRDA:84,20,0,0
BRDA:84,20,1,0
BRDA:87,21,0,0
BRDA:87,21,1,0
BRDA:88,22,0,0
BRDA:88,22,1,0
BRDA:89,23,0,0
BRDA:89,23,1,0
BRDA:90,24,0,0
BRDA:90,24,1,0
BRDA:91,25,0,0
BRDA:91,25,1,0
BRDA:92,26,0,0
BRDA:92,26,1,0
BRDA:93,27,0,0
BRDA:93,27,1,0
BRDA:94,28,0,0
BRDA:94,28,1,0
BRDA:95,29,0,0
BRDA:95,29,1,0
BRDA:95,30,0,0
BRDA:95,30,1,0
BRDA:96,31,0,0
BRDA:96,31,1,0
BRDA:97,32,0,0
BRDA:97,32,1,0
BRDA:110,33,0,0
BRDA:110,33,1,0
BRDA:111,34,0,0
BRDA:111,34,1,0
BRDA:120,35,0,0
BRDA:120,35,1,0
BRDA:122,36,0,0
BRDA:122,36,1,0
BRDA:123,37,0,0
BRDA:123,37,1,0
BRDA:124,38,0,0
BRDA:124,38,1,0
BRDA:127,39,0,0
BRDA:127,39,1,0
BRDA:128,40,0,0
BRDA:128,40,1,0
BRDA:129,41,0,0
BRDA:129,41,1,0
BRDA:130,42,0,0
BRDA:130,42,1,0
BRDA:131,43,0,0
BRDA:131,43,1,0
BRDA:132,44,0,0
BRDA:132,44,1,0
BRDA:133,45,0,0
BRDA:133,45,1,0
BRDA:134,46,0,0
BRDA:134,46,1,0
BRDA:135,47,0,0
BRDA:135,47,1,0
BRDA:136,48,0,0
BRDA:136,48,1,0
BRDA:137,49,0,0
BRDA:137,49,1,0
BRDA:139,50,0,0
BRDA:139,50,1,0
BRDA:140,51,0,0
BRDA:140,51,1,0
BRDA:141,52,0,0
BRDA:141,52,1,0
BRDA:142,53,0,0
BRDA:142,53,1,0
BRDA:143,54,0,0
BRDA:143,54,1,0
BRDA:144,55,0,0
BRDA:144,55,1,0
BRDA:145,56,0,0
BRDA:145,56,1,0
BRDA:146,57,0,0
BRDA:146,57,1,0
BRDA:147,58,0,0
BRDA:147,58,1,0
BRDA:148,59,0,0
BRDA:148,59,1,0
BRDA:149,60,0,0
BRDA:149,60,1,0
BRDA:154,61,0,0
BRDA:154,61,1,0
BRDA:173,62,0,0
BRDA:173,62,1,0
BRDA:175,63,0,0
BRDA:175,63,1,0
BRDA:184,64,0,0
BRDA:184,64,1,0
BRDA:188,65,0,0
BRDA:188,65,1,0
BRDA:193,66,0,0
BRDA:193,66,1,0
BRDA:195,67,0,0
BRDA:195,67,1,0
BRDA:204,68,0,0
BRDA:204,68,1,0
BRDA:208,69,0,0
BRDA:208,69,1,0
BRDA:213,70,0,0
BRDA:213,70,1,0
BRDA:215,71,0,0
BRDA:215,71,1,0
BRDA:224,72,0,0
BRDA:224,72,1,0
BRDA:228,73,0,0
BRDA:228,73,1,0
BRDA:233,74,0,0
BRDA:233,74,1,0
BRDA:235,75,0,0
BRDA:235,75,1,0
BRDA:244,76,0,0
BRDA:244,76,1,0
BRDA:248,77,0,0
BRDA:248,77,1,0
BRDA:253,78,0,0
BRDA:253,78,1,0
BRDA:255,79,0,0
BRDA:255,79,1,0
BRDA:264,80,0,0
BRDA:264,80,1,0
BRDA:268,81,0,0
BRDA:268,81,1,0
BRDA:273,82,0,0
BRDA:273,82,1,0
BRDA:275,83,0,0
BRDA:275,83,1,0
BRDA:284,84,0,0
BRDA:284,84,1,0
BRDA:288,85,0,0
BRDA:288,85,1,0
BRDA:293,86,0,0
BRDA:293,86,1,0
BRDA:295,87,0,0
BRDA:295,87,1,0
BRDA:304,88,0,0
BRDA:304,88,1,0
BRDA:308,89,0,0
BRDA:308,89,1,0
BRDA:313,90,0,0
BRDA:313,90,1,0
BRDA:315,91,0,0
BRDA:315,91,1,0
BRDA:324,92,0,0
BRDA:324,92,1,0
BRDA:328,93,0,0
BRDA:328,93,1,0
BRDA:333,94,0,0
BRDA:333,94,1,0
BRDA:335,95,0,0
BRDA:335,95,1,0
BRDA:344,96,0,0
BRDA:344,96,1,0
BRDA:348,97,0,0
BRDA:348,97,1,0
BRDA:353,98,0,0
BRDA:353,98,1,0
BRDA:355,99,0,0
BRDA:355,99,1,0
BRDA:364,100,0,0
BRDA:364,100,1,0
BRDA:368,101,0,0
BRDA:368,101,1,0
BRDA:374,102,0,0
BRDA:374,102,1,0
BRDA:381,103,0,0
BRDA:381,103,1,0
BRDA:382,104,0,0
BRDA:382,104,1,0
BRDA:384,105,0,0
BRDA:384,105,1,0
BRDA:387,106,0,0
BRDA:387,106,1,0
BRDA:390,107,0,0
BRDA:390,107,1,0
BRDA:394,108,0,0
BRDA:394,108,1,0
BRDA:394,109,0,0
BRDA:394,109,1,0
BRDA:396,110,0,0
BRDA:396,110,1,0
BRDA:397,111,0,0
BRDA:397,111,1,0
BRDA:398,112,0,0
BRDA:398,112,1,0
BRDA:399,113,0,0
BRDA:399,113,1,0
BRDA:400,114,0,0
BRDA:400,114,1,0
BRDA:402,115,0,0
BRDA:402,115,1,0
BRDA:402,116,0,0
BRDA:402,116,1,0
BRDA:420,117,0,0
BRDA:420,117,1,0
BRDA:429,118,0,0
BRDA:429,118,1,0
BRDA:439,119,0,0
BRDA:439,119,1,0
BRDA:447,120,0,0
BRDA:447,120,1,0
BRDA:458,121,0,0
BRDA:458,121,1,0
BRDA:459,122,0,0
BRDA:459,122,1,0
BRDA:460,123,0,0
BRDA:460,123,1,0
BRDA:461,124,0,0
BRDA:461,124,1,0
BRDA:462,125,0,0
BRDA:462,125,1,0
BRDA:486,126,0,0
BRDA:486,126,1,0
BRDA:488,127,0,0
BRDA:488,127,1,0
BRDA:500,128,0,0
BRDA:500,128,1,0
BRDA:500,129,0,0
BRDA:500,129,1,0
BRDA:500,129,2,0
BRDA:501,130,0,0
BRDA:501,130,1,0
BRDA:501,131,0,0
BRDA:501,131,1,0
BRDA:513,132,0,0
BRDA:513,132,1,0
BRDA:518,133,0,0
BRDA:518,133,1,0
BRDA:519,134,0,0
BRDA:519,134,1,0
BRDA:530,135,0,0
BRDA:530,135,1,0
BRDA:531,136,0,0
BRDA:531,136,1,0
BRDA:532,137,0,0
BRDA:532,137,1,0
BRDA:533,138,0,0
BRDA:533,138,1,0
BRDA:537,139,0,0
BRDA:537,139,1,0
BRDA:542,140,0,0
BRDA:542,140,1,0
BRDA:548,141,0,0
BRDA:548,141,1,0
BRDA:550,142,0,0
BRDA:550,142,1,0
BRDA:566,143,0,0
BRDA:566,143,1,0
BRDA:567,144,0,0
BRDA:567,144,1,0
BRDA:571,145,0,0
BRDA:571,145,1,0
BRDA:571,146,0,0
BRDA:571,146,1,0
BRDA:580,147,0,0
BRDA:580,147,1,0
BRDA:589,148,0,0
BRDA:589,148,1,0
BRDA:590,149,0,0
BRDA:590,149,1,0
BRDA:609,150,0,0
BRDA:609,150,1,0
BRDA:610,151,0,0
BRDA:610,151,1,0
BRDA:725,152,0,1
BRDA:725,152,1,0
BRDA:726,153,0,0
BRDA:726,153,1,0
BRDA:727,154,0,0
BRDA:727,154,1,0
BRDA:739,155,0,0
BRDA:739,155,1,0
BRDA:765,156,0,0
BRDA:765,156,1,0
BRDA:771,157,0,0
BRDA:771,157,1,0
BRDA:784,158,0,0
BRDA:784,158,1,0
BRDA:787,159,0,0
BRDA:787,159,1,0
BRDA:787,160,0,0
BRDA:787,160,1,0
BRDA:793,161,0,0
BRDA:793,161,1,0
BRDA:793,162,0,0
BRDA:793,162,1,0
BRDA:800,163,0,0
BRDA:800,163,1,0
BRDA:810,164,0,0
BRDA:810,164,1,0
BRDA:810,165,0,0
BRDA:810,165,1,0
BRDA:810,165,2,0
BRDA:810,165,3,0
BRDA:810,165,4,0
BRDA:822,166,0,0
BRDA:822,166,1,0
BRDA:823,167,0,0
BRDA:823,167,1,0
BRDA:856,168,0,0
BRDA:856,168,1,0
BRDA:864,169,0,0
BRDA:864,169,1,0
BRDA:892,170,0,0
BRDA:892,170,1,0
BRDA:897,171,0,0
BRDA:897,171,1,0
BRDA:904,172,0,0
BRDA:904,172,1,0
BRDA:905,173,0,0
BRDA:905,173,1,0
BRDA:913,174,0,0
BRDA:913,174,1,0
BRDA:916,175,0,0
BRDA:916,175,1,0
BRDA:919,176,0,0
BRDA:919,176,1,0
BRDA:919,177,0,0
BRDA:919,177,1,0
BRDA:920,178,0,0
BRDA:920,178,1,0
BRDA:921,179,0,0
BRDA:921,179,1,0
BRDA:928,180,0,0
BRDA:928,180,1,0
BRDA:943,181,0,0
BRDA:943,181,1,0
BRDA:949,182,0,0
BRDA:949,182,1,0
BRDA:954,183,0,0
BRDA:954,183,1,0
BRDA:956,184,0,0
BRDA:956,184,1,0
BRDA:980,185,0,0
BRDA:980,185,1,0
BRDA:981,186,0,0
BRDA:981,186,1,0
BRDA:983,187,0,0
BRDA:983,187,1,0
BRDA:1003,188,0,0
BRDA:1003,188,1,0
BRDA:1004,189,0,0
BRDA:1004,189,1,0
BRDA:1008,190,0,0
BRDA:1008,190,1,0
BRDA:1017,191,0,0
BRDA:1017,191,1,0
BRDA:1030,192,0,0
BRDA:1030,192,1,0
BRDA:1033,193,0,0
BRDA:1033,193,1,0
BRDA:1038,194,0,0
BRDA:1038,194,1,0
BRDA:1052,195,0,0
BRDA:1052,195,1,0
BRDA:1063,196,0,0
BRDA:1063,196,1,0
BRDA:1069,197,0,0
BRDA:1069,197,1,0
BRDA:1070,198,0,0
BRDA:1070,198,1,0
BRDA:1112,199,0,0
BRDA:1112,199,1,0
BRF:405
BRH:1
end_of_record
