TN:
SF:index.js
FN:1,UintToInt
FN:7,Bytes2Float32
FN:19,BytesToInt64
FN:41,decimalToHex
FN:49,parseHexString
FN:57,Decoder
FN:562,normalisation_standard
FN:725,(anonymous_7)
FN:730,brUncompress
FN:745,initResult
FN:761,createBuffer
FN:762,bitsBuf2HuffPattern
FN:783,(anonymous_12)
FN:821,(anonymous_13)
FN:838,generateFlag
FN:850,prePopulateOutput
FN:881,computeSeries
FN:897,findIndexFromArgList
FN:905,extractTimestampFromBuffer
FN:912,computeTimestampFromBi
FN:921,computeTimestampFromPositiveBi
FN:924,getMeasure
FN:928,bytes2Float32
FN:946,uncompressSamplesData
FN:952,handleCommonTimestamp
FN:997,initTimestampCommonTable
FN:1029,completeCurrentMeasure
FN:1039,computeAdlcValue
FN:1045,handleSeparateTimestamp
FN:1089,adaptToExpectedFormat
FN:1097,(anonymous_30)
FN:1103,(anonymous_31)
FN:1130,computeDataAbsoluteTimestamp
FN:1140,normalisation_batch
FN:1156,watteco_decodeUplink
FN:1198,decodeUplink
FNF:36
FNH:26
FNDA:2,UintToInt
FNDA:0,Bytes2Float32
FNDA:0,BytesToInt64
FNDA:27,decimalToHex
FNDA:1,parseHexString
FNDA:10,Decoder
FNDA:10,normalisation_standard
FNDA:0,(anonymous_7)
FNDA:1,brUncompress
FNDA:1,initResult
FNDA:1,createBuffer
FNDA:16,bitsBuf2HuffPattern
FNDA:11,(anonymous_12)
FNDA:3,(anonymous_13)
FNDA:1,generateFlag
FNDA:1,prePopulateOutput
FNDA:3,computeSeries
FNDA:3,findIndexFromArgList
FNDA:4,extractTimestampFromBuffer
FNDA:3,computeTimestampFromBi
FNDA:1,computeTimestampFromPositiveBi
FNDA:3,getMeasure
FNDA:0,bytes2Float32
FNDA:0,uncompressSamplesData
FNDA:0,handleCommonTimestamp
FNDA:0,initTimestampCommonTable
FNDA:0,completeCurrentMeasure
FNDA:0,computeAdlcValue
FNDA:0,handleSeparateTimestamp
FNDA:1,adaptToExpectedFormat
FNDA:16,(anonymous_30)
FNDA:3,(anonymous_31)
FNDA:3,computeDataAbsoluteTimestamp
FNDA:1,normalisation_batch
FNDA:10,watteco_decodeUplink
FNDA:10,decodeUplink
DA:2,2
DA:3,2
DA:4,2
DA:5,2
DA:8,0
DA:9,0
DA:10,0
DA:11,0
DA:12,0
DA:13,0
DA:14,0
DA:15,0
DA:16,0
DA:17,0
DA:21,0
DA:22,0
DA:23,0
DA:25,0
DA:26,0
DA:28,0
DA:29,0
DA:31,0
DA:32,0
DA:33,0
DA:35,0
DA:37,0
DA:38,0
DA:39,0
DA:42,27
DA:43,27
DA:44,27
DA:45,47
DA:47,27
DA:50,1
DA:51,1
DA:52,15
DA:53,15
DA:55,1
DA:58,10
DA:59,10
DA:60,10
DA:61,10
DA:62,10
DA:63,10
DA:64,10
DA:66,113
DA:67,113
DA:68,113
DA:69,113
DA:70,113
DA:72,10
DA:74,10
DA:75,10
DA:76,9
DA:77,9
DA:78,9
DA:79,9
DA:80,9
DA:81,9
DA:82,9
DA:83,9
DA:84,9
DA:85,7
DA:86,7
DA:87,7
DA:88,7
DA:89,7
DA:90,7
DA:91,7
DA:92,7
DA:93,7
DA:94,7
DA:95,7
DA:96,7
DA:97,7
DA:99,0
DA:100,0
DA:101,0
DA:102,0
DA:103,0
DA:104,0
DA:105,0
DA:106,0
DA:107,0
DA:108,0
DA:110,7
DA:111,7
DA:113,0
DA:114,0
DA:115,0
DA:116,0
DA:117,0
DA:119,0
DA:120,0
DA:121,0
DA:122,0
DA:123,0
DA:124,0
DA:126,0
DA:127,0
DA:128,0
DA:129,0
DA:130,0
DA:131,0
DA:132,0
DA:133,0
DA:134,0
DA:135,0
DA:136,0
DA:137,0
DA:139,0
DA:140,0
DA:141,0
DA:142,0
DA:143,0
DA:144,0
DA:145,0
DA:146,0
DA:147,0
DA:148,0
DA:149,0
DA:154,7
DA:156,0
DA:157,0
DA:158,0
DA:159,0
DA:160,0
DA:161,0
DA:162,0
DA:163,0
DA:164,0
DA:165,0
DA:166,0
DA:167,0
DA:168,0
DA:169,0
DA:170,0
DA:171,0
DA:172,0
DA:173,0
DA:175,0
DA:176,0
DA:177,0
DA:178,0
DA:179,0
DA:180,0
DA:181,0
DA:183,0
DA:184,0
DA:185,0
DA:187,0
DA:188,0
DA:189,0
DA:191,0
DA:193,0
DA:195,0
DA:196,0
DA:197,0
DA:198,0
DA:199,0
DA:200,0
DA:201,0
DA:203,0
DA:204,0
DA:205,0
DA:207,0
DA:208,0
DA:209,0
DA:211,0
DA:213,0
DA:215,0
DA:216,0
DA:217,0
DA:218,0
DA:219,0
DA:220,0
DA:221,0
DA:223,0
DA:224,0
DA:225,0
DA:227,0
DA:228,0
DA:229,0
DA:231,0
DA:233,0
DA:235,0
DA:236,0
DA:237,0
DA:238,0
DA:239,0
DA:240,0
DA:241,0
DA:243,0
DA:244,0
DA:245,0
DA:247,0
DA:248,0
DA:249,0
DA:251,0
DA:253,0
DA:255,0
DA:256,0
DA:257,0
DA:258,0
DA:259,0
DA:260,0
DA:261,0
DA:263,0
DA:264,0
DA:265,0
DA:267,0
DA:268,0
DA:269,0
DA:271,0
DA:273,0
DA:275,0
DA:276,0
DA:277,0
DA:278,0
DA:279,0
DA:280,0
DA:281,0
DA:283,0
DA:284,0
DA:285,0
DA:287,0
DA:288,0
DA:289,0
DA:291,0
DA:293,0
DA:295,0
DA:296,0
DA:297,0
DA:298,0
DA:299,0
DA:300,0
DA:301,0
DA:303,0
DA:304,0
DA:305,0
DA:307,0
DA:308,0
DA:309,0
DA:311,0
DA:313,0
DA:315,0
DA:316,0
DA:317,0
DA:318,0
DA:319,0
DA:320,0
DA:321,0
DA:323,0
DA:324,0
DA:325,0
DA:327,0
DA:328,0
DA:329,0
DA:331,0
DA:333,0
DA:335,0
DA:336,0
DA:337,0
DA:338,0
DA:339,0
DA:340,0
DA:341,0
DA:343,0
DA:344,0
DA:345,0
DA:347,0
DA:348,0
DA:349,0
DA:351,0
DA:353,0
DA:355,0
DA:356,0
DA:357,0
DA:358,0
DA:359,0
DA:360,0
DA:361,0
DA:363,0
DA:364,0
DA:365,0
DA:367,0
DA:368,0
DA:369,0
DA:371,0
DA:374,7
DA:375,0
DA:376,0
DA:377,0
DA:378,0
DA:379,0
DA:381,7
DA:382,0
DA:383,0
DA:384,0
DA:385,0
DA:387,7
DA:388,0
DA:390,7
DA:391,0
DA:392,0
DA:394,7
DA:395,1
DA:396,1
DA:397,1
DA:398,1
DA:399,1
DA:400,1
DA:402,7
DA:403,0
DA:404,0
DA:405,0
DA:406,0
DA:407,0
DA:408,0
DA:409,0
DA:410,0
DA:411,0
DA:412,0
DA:413,0
DA:414,0
DA:415,0
DA:416,0
DA:417,0
DA:418,0
DA:420,7
DA:421,0
DA:422,0
DA:423,0
DA:424,0
DA:425,0
DA:426,0
DA:427,0
DA:428,0
DA:429,7
DA:430,0
DA:431,0
DA:432,0
DA:433,0
DA:434,0
DA:435,0
DA:436,0
DA:437,0
DA:439,7
DA:440,0
DA:441,0
DA:442,0
DA:443,0
DA:444,0
DA:445,0
DA:447,7
DA:448,0
DA:449,0
DA:450,0
DA:451,0
DA:452,0
DA:453,0
DA:454,0
DA:455,0
DA:456,0
DA:458,7
DA:459,7
DA:460,7
DA:461,7
DA:462,7
DA:463,0
DA:464,0
DA:465,0
DA:466,0
DA:467,0
DA:468,0
DA:469,0
DA:470,0
DA:471,0
DA:472,0
DA:473,0
DA:474,0
DA:475,0
DA:476,0
DA:477,0
DA:478,0
DA:479,0
DA:480,0
DA:481,0
DA:482,0
DA:483,0
DA:484,0
DA:486,7
DA:487,0
DA:488,0
DA:489,0
DA:490,0
DA:491,0
DA:492,0
DA:493,0
DA:494,0
DA:495,0
DA:496,0
DA:497,0
DA:498,0
DA:499,0
DA:500,0
DA:501,0
DA:502,0
DA:503,0
DA:504,0
DA:505,0
DA:506,0
DA:507,0
DA:508,0
DA:509,0
DA:510,0
DA:511,0
DA:512,0
DA:513,0
DA:514,0
DA:515,0
DA:516,0
DA:517,0
DA:518,0
DA:519,0
DA:520,0
DA:521,0
DA:522,0
DA:523,0
DA:524,0
DA:525,0
DA:526,0
DA:527,0
DA:528,0
DA:529,0
DA:530,0
DA:531,0
DA:532,0
DA:533,0
DA:537,9
DA:538,1
DA:539,1
DA:540,1
DA:542,9
DA:543,1
DA:544,1
DA:545,1
DA:546,1
DA:547,1
DA:548,1
DA:549,1
DA:550,1
DA:551,1
DA:556,1
DA:557,1
DA:560,10
DA:563,10
DA:564,10
DA:565,10
DA:566,10
DA:567,9
DA:568,1
DA:571,10
DA:572,1
DA:580,9
DA:581,1
DA:589,8
DA:590,1
DA:591,1
DA:600,0
DA:609,7
DA:610,6
DA:611,0
DA:612,0
DA:613,0
DA:614,0
DA:624,6
DA:625,6
DA:635,1
DA:640,1
DA:641,1
DA:642,1
DA:643,1
DA:644,1
DA:645,1
DA:646,1
DA:647,1
DA:648,1
DA:649,1
DA:650,1
DA:651,1
DA:652,1
DA:653,1
DA:654,1
DA:655,1
DA:656,1
DA:657,1
DA:658,1
DA:659,1
DA:660,1
DA:661,1
DA:662,1
DA:663,1
DA:664,1
DA:665,1
DA:666,1
DA:667,1
DA:668,1
DA:669,1
DA:725,1
DA:726,0
DA:727,0
DA:728,0
DA:731,1
DA:732,1
DA:733,1
DA:734,1
DA:735,1
DA:736,1
DA:737,1
DA:738,1
DA:739,1
DA:740,0
DA:742,1
DA:743,1
DA:746,1
DA:747,1
DA:748,1
DA:749,16
DA:754,16
DA:756,1
DA:763,16
DA:764,16
DA:765,16
DA:766,0
DA:768,16
DA:769,16
DA:770,16
DA:771,68
DA:772,54
DA:774,68
DA:775,68
DA:776,68
DA:778,16
DA:780,1
DA:784,11
DA:785,11
DA:786,11
DA:787,11
DA:788,0
DA:790,11
DA:791,11
DA:792,11
DA:793,11
DA:794,5
DA:796,11
DA:797,17
DA:798,17
DA:799,99
DA:800,99
DA:801,34
DA:803,99
DA:804,99
DA:805,99
DA:807,17
DA:808,17
DA:810,11
DA:814,0
DA:815,0
DA:816,0
DA:819,11
DA:822,3
DA:823,16
DA:824,16
DA:825,212
DA:829,3
DA:830,3
DA:834,0
DA:839,1
DA:840,1
DA:841,2
DA:843,1
DA:851,1
DA:852,1
DA:853,1
DA:854,3
DA:858,3
DA:860,3
DA:861,1
DA:864,3
DA:865,3
DA:871,3
DA:872,0
DA:873,0
DA:876,1
DA:882,3
DA:898,3
DA:899,6
DA:900,3
DA:903,0
DA:906,4
DA:907,3
DA:908,3
DA:910,1
DA:913,3
DA:914,0
DA:916,3
DA:917,1
DA:919,2
DA:922,1
DA:925,3
DA:926,3
DA:929,0
DA:930,0
DA:931,0
DA:932,0
DA:933,0
DA:935,0
DA:936,0
DA:937,0
DA:939,0
DA:940,0
DA:942,0
DA:944,0
DA:947,0
DA:948,0
DA:950,0
DA:953,0
DA:954,0
DA:955,0
DA:956,0
DA:957,0
DA:958,0
DA:959,0
DA:960,0
DA:961,0
DA:962,0
DA:963,0
DA:964,0
DA:965,0
DA:966,0
DA:970,0
DA:972,0
DA:975,0
DA:976,0
DA:978,0
DA:979,0
DA:980,0
DA:982,0
DA:986,0
DA:990,0
DA:991,0
DA:995,0
DA:998,0
DA:999,0
DA:1000,0
DA:1001,0
DA:1002,0
DA:1003,0
DA:1004,0
DA:1005,0
DA:1007,0
DA:1008,0
DA:1009,0
DA:1016,0
DA:1020,0
DA:1022,0
DA:1024,0
DA:1030,0
DA:1031,0
DA:1032,0
DA:1034,0
DA:1035,0
DA:1037,0
DA:1040,0
DA:1041,0
DA:1043,0
DA:1046,0
DA:1047,0
DA:1048,0
DA:1049,0
DA:1050,0
DA:1051,0
DA:1052,0
DA:1053,0
DA:1055,0
DA:1058,0
DA:1062,0
DA:1063,0
DA:1064,0
DA:1065,0
DA:1067,0
DA:1068,0
DA:1070,0
DA:1073,0
DA:1074,0
DA:1076,0
DA:1079,0
DA:1083,0
DA:1087,0
DA:1090,1
DA:1094,1
DA:1095,1
DA:1097,1
DA:1102,16
DA:1104,3
DA:1113,3
DA:1114,3
DA:1116,3
DA:1117,3
DA:1123,3
DA:1128,1
DA:1131,3
DA:1134,1
DA:1135,1
DA:1137,0
DA:1141,1
DA:1142,1
DA:1143,1
DA:1144,1
DA:1145,1
DA:1146,3
DA:1147,3
DA:1152,3
DA:1154,1
DA:1157,10
DA:1158,10
DA:1159,10
DA:1161,10
DA:1162,10
DA:1163,10
DA:1165,10
DA:1166,1
DA:1172,1
DA:1173,1
DA:1174,1
DA:1179,0
DA:1185,9
DA:1191,0
DA:1197,1
DA:1199,10
DA:1201,1
LF:742
LH:269
BRDA:2,0,0,0
BRDA:2,0,1,2
BRDA:2,1,0,2
BRDA:2,1,1,2
BRDA:3,2,0,0
BRDA:3,2,1,2
BRDA:3,3,0,2
BRDA:3,3,1,0
BRDA:4,4,0,0
BRDA:4,4,1,2
BRDA:4,5,0,2
BRDA:4,5,1,0
BRDA:8,6,0,0
BRDA:8,6,1,0
BRDA:11,7,0,0
BRDA:11,7,1,0
BRDA:11,8,0,0
BRDA:11,8,1,0
BRDA:12,9,0,0
BRDA:12,9,1,0
BRDA:13,10,0,0
BRDA:13,10,1,0
BRDA:21,11,0,0
BRDA:21,11,1,0
BRDA:26,12,0,0
BRDA:26,12,1,0
BRDA:37,13,0,0
BRDA:37,13,1,0
BRDA:37,14,0,0
BRDA:37,14,1,0
BRDA:37,14,2,0
BRDA:43,15,0,0
BRDA:43,15,1,27
BRDA:43,16,0,27
BRDA:43,16,1,27
BRDA:67,17,0,69
BRDA:67,17,1,44
BRDA:72,18,0,10
BRDA:72,18,1,0
BRDA:75,19,0,9
BRDA:75,19,1,1
BRDA:84,20,0,7
BRDA:84,20,1,2
BRDA:87,21,0,1
BRDA:87,21,1,6
BRDA:88,22,0,6
BRDA:88,22,1,1
BRDA:89,23,0,1
BRDA:89,23,1,6
BRDA:90,24,0,2
BRDA:90,24,1,5
BRDA:91,25,0,1
BRDA:91,25,1,6
BRDA:92,26,0,1
BRDA:92,26,1,6
BRDA:93,27,0,1
BRDA:93,27,1,6
BRDA:94,28,0,0
BRDA:94,28,1,7
BRDA:95,29,0,0
BRDA:95,29,1,7
BRDA:95,30,0,0
BRDA:95,30,1,0
BRDA:96,31,0,0
BRDA:96,31,1,7
BRDA:97,32,0,0
BRDA:97,32,1,7
BRDA:110,33,0,0
BRDA:110,33,1,7
BRDA:111,34,0,0
BRDA:111,34,1,7
BRDA:120,35,0,0
BRDA:120,35,1,0
BRDA:122,36,0,0
BRDA:122,36,1,0
BRDA:123,37,0,0
BRDA:123,37,1,0
BRDA:124,38,0,0
BRDA:124,38,1,0
BRDA:127,39,0,0
BRDA:127,39,1,0
BRDA:128,40,0,0
BRDA:128,40,1,0
BRDA:129,41,0,0
BRDA:129,41,1,0
BRDA:130,42,0,0
BRDA:130,42,1,0
BRDA:131,43,0,0
BRDA:131,43,1,0
BRDA:132,44,0,0
BRDA:132,44,1,0
BRDA:133,45,0,0
BRDA:133,45,1,0
BRDA:134,46,0,0
BRDA:134,46,1,0
BRDA:135,47,0,0
BRDA:135,47,1,0
BRDA:136,48,0,0
BRDA:136,48,1,0
BRDA:137,49,0,0
BRDA:137,49,1,0
BRDA:139,50,0,0
BRDA:139,50,1,0
BRDA:140,51,0,0
BRDA:140,51,1,0
BRDA:141,52,0,0
BRDA:141,52,1,0
BRDA:142,53,0,0
BRDA:142,53,1,0
BRDA:143,54,0,0
BRDA:143,54,1,0
BRDA:144,55,0,0
BRDA:144,55,1,0
BRDA:145,56,0,0
BRDA:145,56,1,0
BRDA:146,57,0,0
BRDA:146,57,1,0
BRDA:147,58,0,0
BRDA:147,58,1,0
BRDA:148,59,0,0
BRDA:148,59,1,0
BRDA:149,60,0,0
BRDA:149,60,1,0
BRDA:154,61,0,0
BRDA:154,61,1,7
BRDA:173,62,0,0
BRDA:173,62,1,0
BRDA:175,63,0,0
BRDA:175,63,1,0
BRDA:184,64,0,0
BRDA:184,64,1,0
BRDA:188,65,0,0
BRDA:188,65,1,0
BRDA:193,66,0,0
BRDA:193,66,1,0
BRDA:195,67,0,0
BRDA:195,67,1,0
BRDA:204,68,0,0
BRDA:204,68,1,0
BRDA:208,69,0,0
BRDA:208,69,1,0
BRDA:213,70,0,0
BRDA:213,70,1,0
BRDA:215,71,0,0
BRDA:215,71,1,0
BRDA:224,72,0,0
BRDA:224,72,1,0
BRDA:228,73,0,0
BRDA:228,73,1,0
BRDA:233,74,0,0
BRDA:233,74,1,0
BRDA:235,75,0,0
BRDA:235,75,1,0
BRDA:244,76,0,0
BRDA:244,76,1,0
BRDA:248,77,0,0
BRDA:248,77,1,0
BRDA:253,78,0,0
BRDA:253,78,1,0
BRDA:255,79,0,0
BRDA:255,79,1,0
BRDA:264,80,0,0
BRDA:264,80,1,0
BRDA:268,81,0,0
BRDA:268,81,1,0
BRDA:273,82,0,0
BRDA:273,82,1,0
BRDA:275,83,0,0
BRDA:275,83,1,0
BRDA:284,84,0,0
BRDA:284,84,1,0
BRDA:288,85,0,0
BRDA:288,85,1,0
BRDA:293,86,0,0
BRDA:293,86,1,0
BRDA:295,87,0,0
BRDA:295,87,1,0
BRDA:304,88,0,0
BRDA:304,88,1,0
BRDA:308,89,0,0
BRDA:308,89,1,0
BRDA:313,90,0,0
BRDA:313,90,1,0
BRDA:315,91,0,0
BRDA:315,91,1,0
BRDA:324,92,0,0
BRDA:324,92,1,0
BRDA:328,93,0,0
BRDA:328,93,1,0
BRDA:333,94,0,0
BRDA:333,94,1,0
BRDA:335,95,0,0
BRDA:335,95,1,0
BRDA:344,96,0,0
BRDA:344,96,1,0
BRDA:348,97,0,0
BRDA:348,97,1,0
BRDA:353,98,0,0
BRDA:353,98,1,0
BRDA:355,99,0,0
BRDA:355,99,1,0
BRDA:364,100,0,0
BRDA:364,100,1,0
BRDA:368,101,0,0
BRDA:368,101,1,0
BRDA:374,102,0,0
BRDA:374,102,1,7
BRDA:381,103,0,0
BRDA:381,103,1,7
BRDA:382,104,0,0
BRDA:382,104,1,0
BRDA:384,105,0,0
BRDA:384,105,1,0
BRDA:387,106,0,0
BRDA:387,106,1,7
BRDA:390,107,0,0
BRDA:390,107,1,7
BRDA:394,108,0,1
BRDA:394,108,1,6
BRDA:394,109,0,7
BRDA:394,109,1,1
BRDA:396,110,0,0
BRDA:396,110,1,1
BRDA:397,111,0,0
BRDA:397,111,1,1
BRDA:398,112,0,1
BRDA:398,112,1,0
BRDA:399,113,0,0
BRDA:399,113,1,1
BRDA:400,114,0,0
BRDA:400,114,1,1
BRDA:402,115,0,0
BRDA:402,115,1,7
BRDA:402,116,0,7
BRDA:402,116,1,0
BRDA:420,117,0,0
BRDA:420,117,1,7
BRDA:429,118,0,0
BRDA:429,118,1,7
BRDA:439,119,0,0
BRDA:439,119,1,7
BRDA:447,120,0,0
BRDA:447,120,1,7
BRDA:458,121,0,0
BRDA:458,121,1,7
BRDA:459,122,0,0
BRDA:459,122,1,7
BRDA:460,123,0,0
BRDA:460,123,1,7
BRDA:461,124,0,0
BRDA:461,124,1,7
BRDA:462,125,0,0
BRDA:462,125,1,7
BRDA:486,126,0,0
BRDA:486,126,1,7
BRDA:488,127,0,0
BRDA:488,127,1,0
BRDA:500,128,0,0
BRDA:500,128,1,0
BRDA:500,129,0,0
BRDA:500,129,1,0
BRDA:500,129,2,0
BRDA:501,130,0,0
BRDA:501,130,1,0
BRDA:501,131,0,0
BRDA:501,131,1,0
BRDA:513,132,0,0
BRDA:513,132,1,0
BRDA:518,133,0,0
BRDA:518,133,1,0
BRDA:519,134,0,0
BRDA:519,134,1,0
BRDA:530,135,0,0
BRDA:530,135,1,0
BRDA:531,136,0,0
BRDA:531,136,1,0
BRDA:532,137,0,0
BRDA:532,137,1,0
BRDA:533,138,0,0
BRDA:533,138,1,0
BRDA:537,139,0,1
BRDA:537,139,1,8
BRDA:542,140,0,1
BRDA:542,140,1,8
BRDA:548,141,0,0
BRDA:548,141,1,1
BRDA:550,142,0,0
BRDA:550,142,1,1
BRDA:566,143,0,9
BRDA:566,143,1,1
BRDA:567,144,0,1
BRDA:567,144,1,8
BRDA:571,145,0,1
BRDA:571,145,1,9
BRDA:571,146,0,10
BRDA:571,146,1,1
BRDA:580,147,0,1
BRDA:580,147,1,8
BRDA:589,148,0,1
BRDA:589,148,1,7
BRDA:590,149,0,1
BRDA:590,149,1,0
BRDA:609,150,0,6
BRDA:609,150,1,1
BRDA:610,151,0,0
BRDA:610,151,1,6
BRDA:725,152,0,1
BRDA:725,152,1,0
BRDA:726,153,0,0
BRDA:726,153,1,0
BRDA:727,154,0,0
BRDA:727,154,1,0
BRDA:739,155,0,0
BRDA:739,155,1,1
BRDA:765,156,0,0
BRDA:765,156,1,16
BRDA:771,157,0,54
BRDA:771,157,1,14
BRDA:784,158,0,11
BRDA:784,158,1,5
BRDA:787,159,0,0
BRDA:787,159,1,11
BRDA:787,160,0,11
BRDA:787,160,1,0
BRDA:793,161,0,5
BRDA:793,161,1,6
BRDA:793,162,0,11
BRDA:793,162,1,5
BRDA:800,163,0,34
BRDA:800,163,1,65
BRDA:810,164,0,0
BRDA:810,164,1,11
BRDA:811,165,0,11
BRDA:811,165,1,11
BRDA:811,165,2,11
BRDA:811,165,3,10
BRDA:811,165,4,1
BRDA:825,166,0,3
BRDA:825,166,1,209
BRDA:826,167,0,212
BRDA:826,167,1,25
BRDA:860,168,0,1
BRDA:860,168,1,2
BRDA:871,169,0,0
BRDA:871,169,1,3
BRDA:899,170,0,3
BRDA:899,170,1,3
BRDA:906,171,0,3
BRDA:906,171,1,1
BRDA:913,172,0,0
BRDA:913,172,1,3
BRDA:916,173,0,1
BRDA:916,173,1,2
BRDA:926,174,0,0
BRDA:926,174,1,3
BRDA:929,175,0,0
BRDA:929,175,1,0
BRDA:932,176,0,0
BRDA:932,176,1,0
BRDA:933,177,0,0
BRDA:933,177,1,0
BRDA:935,178,0,0
BRDA:935,178,1,0
BRDA:936,179,0,0
BRDA:936,179,1,0
BRDA:947,180,0,0
BRDA:947,180,1,0
BRDA:964,181,0,0
BRDA:964,181,1,0
BRDA:970,182,0,0
BRDA:970,182,1,0
BRDA:975,183,0,0
BRDA:975,183,1,0
BRDA:978,184,0,0
BRDA:978,184,1,0
BRDA:1003,185,0,0
BRDA:1003,185,1,0
BRDA:1004,186,0,0
BRDA:1004,186,1,0
BRDA:1007,187,0,0
BRDA:1007,187,1,0
BRDA:1031,188,0,0
BRDA:1031,188,1,0
BRDA:1034,189,0,0
BRDA:1034,189,1,0
BRDA:1040,190,0,0
BRDA:1040,190,1,0
BRDA:1051,191,0,0
BRDA:1051,191,1,0
BRDA:1064,192,0,0
BRDA:1064,192,1,0
BRDA:1068,193,0,0
BRDA:1068,193,1,0
BRDA:1073,194,0,0
BRDA:1073,194,1,0
BRDA:1094,195,0,1
BRDA:1094,195,1,0
BRDA:1107,196,0,3
BRDA:1107,196,1,0
BRDA:1113,197,0,3
BRDA:1113,197,1,0
BRDA:1116,198,0,3
BRDA:1116,198,1,0
BRDA:1165,199,0,1
BRDA:1165,199,1,9
BRF:405
BRH:127
end_of_record
