TN:
SF:index.js
FN:1,webpackUniversalModuleDefinition
FN:10,(anonymous_1)
FN:11,(anonymous_2)
FN:15,(anonymous_3)
FN:102,(anonymous_4)
FN:107,brUncompress
FN:122,initResult
FN:138,createBuffer
FN:139,bitsBuf2HuffPattern
FN:160,(anonymous_9)
FN:195,(anonymous_10)
FN:212,parseHexString
FN:222,generateFlag
FN:234,prePopulateOutput
FN:261,computeSeries
FN:277,findi1FromArgList
FN:283,extractTimestampFromBuffer
FN:290,computeTimestampFromBi
FN:295,computeTimestampFromPositiveBi
FN:298,getMeasure
FN:302,bytes2Float32
FN:314,uncompressSamplesData
FN:318,handleCommonTimestamp
FN:361,initTimestampCommonTable
FN:388,completeCurrentMeasure
FN:394,computeAdlcValue
FN:398,handleSeparateTimestamp
FN:434,adaptToExpectedFormat
FN:440,(anonymous_28)
FN:446,(anonymous_29)
FN:471,computeDataAbsoluteTimestamp
FN:474,normalisation_batch
FN:498,(anonymous_32)
FN:502,decodeUplink
FN:510,(anonymous_34)
FN:514,watteco_decodeUplink
FN:562,(anonymous_36)
FN:564,UintToInt
FN:570,Bytes2Float32
FN:582,BytesToInt64
FN:604,decimalToHex
FN:612,parseHexString
FN:620,zeroPad
FN:623,decimalToBitString
FN:629,alarmShort
FN:659,alarmLong
FN:728,Decoder
FN:1293,normalisation_standard
FN:1384,__webpack_require__
FNF:49
FNH:34
FNDA:1,webpackUniversalModuleDefinition
FNDA:1,(anonymous_1)
FNDA:1,(anonymous_2)
FNDA:1,(anonymous_3)
FNDA:0,(anonymous_4)
FNDA:1,brUncompress
FNDA:1,initResult
FNDA:1,createBuffer
FNDA:16,bitsBuf2HuffPattern
FNDA:11,(anonymous_9)
FNDA:3,(anonymous_10)
FNDA:1,parseHexString
FNDA:1,generateFlag
FNDA:1,prePopulateOutput
FNDA:3,computeSeries
FNDA:3,findi1FromArgList
FNDA:4,extractTimestampFromBuffer
FNDA:3,computeTimestampFromBi
FNDA:1,computeTimestampFromPositiveBi
FNDA:3,getMeasure
FNDA:0,bytes2Float32
FNDA:0,uncompressSamplesData
FNDA:0,handleCommonTimestamp
FNDA:0,initTimestampCommonTable
FNDA:0,completeCurrentMeasure
FNDA:0,computeAdlcValue
FNDA:0,handleSeparateTimestamp
FNDA:1,adaptToExpectedFormat
FNDA:16,(anonymous_28)
FNDA:3,(anonymous_29)
FNDA:3,computeDataAbsoluteTimestamp
FNDA:1,normalisation_batch
FNDA:1,(anonymous_32)
FNDA:10,decodeUplink
FNDA:1,(anonymous_34)
FNDA:10,watteco_decodeUplink
FNDA:1,(anonymous_36)
FNDA:2,UintToInt
FNDA:0,Bytes2Float32
FNDA:0,BytesToInt64
FNDA:27,decimalToHex
FNDA:0,parseHexString
FNDA:0,zeroPad
FNDA:0,decimalToBitString
FNDA:0,alarmShort
FNDA:0,alarmLong
FNDA:10,Decoder
FNDA:10,normalisation_standard
FNDA:7,__webpack_require__
DA:1,1
DA:2,1
DA:3,1
DA:4,0
DA:5,0
DA:6,0
DA:7,0
DA:9,0
DA:11,1
DA:12,1
DA:17,1
DA:18,1
DA:19,1
DA:20,1
DA:21,1
DA:22,1
DA:23,1
DA:24,1
DA:25,1
DA:26,1
DA:27,1
DA:28,1
DA:29,1
DA:30,1
DA:31,1
DA:32,1
DA:33,1
DA:34,1
DA:35,1
DA:36,1
DA:37,1
DA:38,1
DA:39,1
DA:40,1
DA:41,1
DA:42,1
DA:43,1
DA:44,1
DA:45,1
DA:46,1
DA:102,1
DA:103,0
DA:104,0
DA:105,0
DA:108,1
DA:109,1
DA:110,1
DA:111,1
DA:112,1
DA:113,1
DA:114,1
DA:115,1
DA:116,1
DA:117,0
DA:119,1
DA:120,1
DA:123,1
DA:124,1
DA:125,1
DA:126,16
DA:131,16
DA:133,1
DA:140,16
DA:141,16
DA:142,16
DA:143,0
DA:145,16
DA:146,16
DA:147,16
DA:148,68
DA:149,54
DA:151,68
DA:152,68
DA:153,68
DA:155,16
DA:157,1
DA:161,11
DA:162,11
DA:163,11
DA:164,11
DA:165,0
DA:167,11
DA:168,11
DA:169,11
DA:170,11
DA:171,5
DA:173,11
DA:174,17
DA:175,17
DA:176,99
DA:177,99
DA:178,34
DA:180,99
DA:181,99
DA:182,99
DA:184,17
DA:185,17
DA:187,11
DA:188,0
DA:189,0
DA:190,0
DA:193,11
DA:196,3
DA:197,16
DA:198,16
DA:199,212
DA:203,3
DA:204,3
DA:208,0
DA:213,1
DA:214,1
DA:215,15
DA:217,15
DA:220,1
DA:223,1
DA:224,1
DA:225,2
DA:227,1
DA:235,1
DA:236,1
DA:237,1
DA:238,3
DA:242,3
DA:243,3
DA:244,3
DA:245,3
DA:251,3
DA:252,0
DA:253,0
DA:256,1
DA:262,3
DA:278,3
DA:279,6
DA:281,0
DA:284,4
DA:285,3
DA:286,3
DA:288,1
DA:291,3
DA:292,3
DA:293,2
DA:296,1
DA:299,3
DA:300,3
DA:303,0
DA:304,0
DA:305,0
DA:306,0
DA:307,0
DA:308,0
DA:309,0
DA:310,0
DA:311,0
DA:312,0
DA:315,0
DA:316,0
DA:319,0
DA:320,0
DA:321,0
DA:322,0
DA:323,0
DA:324,0
DA:325,0
DA:326,0
DA:327,0
DA:328,0
DA:329,0
DA:330,0
DA:331,0
DA:332,0
DA:336,0
DA:338,0
DA:341,0
DA:343,0
DA:344,0
DA:345,0
DA:346,0
DA:350,0
DA:354,0
DA:355,0
DA:359,0
DA:362,0
DA:363,0
DA:364,0
DA:365,0
DA:366,0
DA:367,0
DA:368,0
DA:370,0
DA:371,0
DA:372,0
DA:378,0
DA:380,0
DA:381,0
DA:383,0
DA:389,0
DA:390,0
DA:391,0
DA:392,0
DA:395,0
DA:396,0
DA:399,0
DA:400,0
DA:401,0
DA:402,0
DA:403,0
DA:404,0
DA:405,0
DA:406,0
DA:408,0
DA:411,0
DA:415,0
DA:416,0
DA:417,0
DA:419,0
DA:420,0
DA:422,0
DA:425,0
DA:426,0
DA:427,0
DA:428,0
DA:432,0
DA:435,1
DA:439,1
DA:440,1
DA:445,16
DA:447,3
DA:456,3
DA:457,3
DA:458,3
DA:464,3
DA:469,1
DA:472,3
DA:475,1
DA:476,1
DA:477,1
DA:478,1
DA:479,1
DA:480,3
DA:481,3
DA:486,3
DA:488,1
DA:490,1
DA:500,1
DA:501,1
DA:503,10
DA:505,1
DA:512,1
DA:513,1
DA:515,10
DA:516,10
DA:517,10
DA:519,10
DA:520,10
DA:521,10
DA:523,10
DA:524,1
DA:530,1
DA:531,1
DA:532,1
DA:537,0
DA:543,9
DA:549,0
DA:555,1
DA:565,2
DA:566,2
DA:567,2
DA:568,2
DA:571,0
DA:572,0
DA:573,0
DA:574,0
DA:575,0
DA:576,0
DA:577,0
DA:578,0
DA:579,0
DA:580,0
DA:584,0
DA:585,0
DA:586,0
DA:588,0
DA:589,0
DA:591,0
DA:592,0
DA:594,0
DA:595,0
DA:596,0
DA:598,0
DA:600,0
DA:601,0
DA:602,0
DA:605,27
DA:606,27
DA:607,27
DA:608,47
DA:610,27
DA:613,0
DA:614,0
DA:615,0
DA:616,0
DA:618,0
DA:621,0
DA:624,0
DA:625,0
DA:626,0
DA:627,0
DA:630,0
DA:631,0
DA:632,0
DA:633,0
DA:634,0
DA:635,0
DA:636,0
DA:637,0
DA:639,0
DA:640,0
DA:641,0
DA:642,0
DA:643,0
DA:644,0
DA:646,0
DA:648,0
DA:649,0
DA:651,0
DA:652,0
DA:653,0
DA:655,0
DA:660,0
DA:661,0
DA:662,0
DA:663,0
DA:664,0
DA:665,0
DA:666,0
DA:667,0
DA:668,0
DA:669,0
DA:670,0
DA:671,0
DA:673,0
DA:674,0
DA:676,0
DA:677,0
DA:678,0
DA:679,0
DA:680,0
DA:681,0
DA:683,0
DA:684,0
DA:685,0
DA:686,0
DA:687,0
DA:688,0
DA:689,0
DA:690,0
DA:691,0
DA:694,0
DA:695,0
DA:696,0
DA:697,0
DA:698,0
DA:699,0
DA:701,0
DA:702,0
DA:706,0
DA:709,0
DA:710,0
DA:711,0
DA:712,0
DA:713,0
DA:717,0
DA:718,0
DA:719,0
DA:720,0
DA:721,0
DA:724,0
DA:729,10
DA:730,10
DA:731,10
DA:732,10
DA:733,10
DA:734,10
DA:735,10
DA:737,113
DA:738,113
DA:739,113
DA:740,113
DA:741,113
DA:743,10
DA:745,10
DA:746,10
DA:747,9
DA:748,9
DA:749,9
DA:750,9
DA:751,9
DA:752,9
DA:753,9
DA:754,9
DA:755,9
DA:756,7
DA:757,7
DA:758,7
DA:759,7
DA:760,7
DA:761,7
DA:762,7
DA:763,2
DA:765,2
DA:766,1
DA:767,1
DA:768,1
DA:769,1
DA:770,1
DA:771,1
DA:772,1
DA:775,0
DA:776,0
DA:778,1
DA:779,1
DA:780,1
DA:782,1
DA:783,0
DA:784,0
DA:787,1
DA:788,0
DA:789,0
DA:793,7
DA:794,1
DA:795,1
DA:796,0
DA:798,1
DA:799,1
DA:800,1
DA:801,1
DA:802,1
DA:803,1
DA:804,1
DA:807,0
DA:808,0
DA:810,1
DA:811,1
DA:812,1
DA:814,1
DA:815,0
DA:816,0
DA:818,1
DA:819,0
DA:820,0
DA:823,7
DA:824,7
DA:825,7
DA:826,7
DA:827,7
DA:828,7
DA:830,0
DA:831,0
DA:832,0
DA:833,0
DA:834,0
DA:835,0
DA:836,0
DA:837,0
DA:838,0
DA:839,0
DA:841,7
DA:842,7
DA:844,0
DA:845,0
DA:846,0
DA:847,0
DA:848,0
DA:850,0
DA:851,0
DA:852,0
DA:853,0
DA:854,0
DA:855,0
DA:857,0
DA:858,0
DA:859,0
DA:860,0
DA:861,0
DA:862,0
DA:863,0
DA:864,0
DA:865,0
DA:866,0
DA:867,0
DA:868,0
DA:870,0
DA:871,0
DA:872,0
DA:873,0
DA:874,0
DA:875,0
DA:876,0
DA:877,0
DA:878,0
DA:879,0
DA:880,0
DA:885,7
DA:887,0
DA:888,0
DA:889,0
DA:890,0
DA:891,0
DA:892,0
DA:893,0
DA:894,0
DA:895,0
DA:896,0
DA:897,0
DA:898,0
DA:899,0
DA:900,0
DA:901,0
DA:902,0
DA:903,0
DA:904,0
DA:906,0
DA:907,0
DA:908,0
DA:909,0
DA:910,0
DA:911,0
DA:912,0
DA:914,0
DA:915,0
DA:916,0
DA:918,0
DA:919,0
DA:920,0
DA:922,0
DA:924,0
DA:926,0
DA:927,0
DA:928,0
DA:929,0
DA:930,0
DA:931,0
DA:932,0
DA:934,0
DA:935,0
DA:936,0
DA:938,0
DA:939,0
DA:940,0
DA:942,0
DA:944,0
DA:946,0
DA:947,0
DA:948,0
DA:949,0
DA:950,0
DA:951,0
DA:952,0
DA:954,0
DA:955,0
DA:956,0
DA:958,0
DA:959,0
DA:960,0
DA:962,0
DA:964,0
DA:966,0
DA:967,0
DA:968,0
DA:969,0
DA:970,0
DA:971,0
DA:972,0
DA:974,0
DA:975,0
DA:976,0
DA:978,0
DA:979,0
DA:980,0
DA:982,0
DA:984,0
DA:986,0
DA:987,0
DA:988,0
DA:989,0
DA:990,0
DA:991,0
DA:992,0
DA:994,0
DA:995,0
DA:996,0
DA:998,0
DA:999,0
DA:1000,0
DA:1002,0
DA:1004,0
DA:1006,0
DA:1007,0
DA:1008,0
DA:1009,0
DA:1010,0
DA:1011,0
DA:1012,0
DA:1014,0
DA:1015,0
DA:1016,0
DA:1018,0
DA:1019,0
DA:1020,0
DA:1022,0
DA:1024,0
DA:1026,0
DA:1027,0
DA:1028,0
DA:1029,0
DA:1030,0
DA:1031,0
DA:1032,0
DA:1034,0
DA:1035,0
DA:1036,0
DA:1038,0
DA:1039,0
DA:1040,0
DA:1042,0
DA:1044,0
DA:1046,0
DA:1047,0
DA:1048,0
DA:1049,0
DA:1050,0
DA:1051,0
DA:1052,0
DA:1054,0
DA:1055,0
DA:1056,0
DA:1058,0
DA:1059,0
DA:1060,0
DA:1062,0
DA:1064,0
DA:1066,0
DA:1067,0
DA:1068,0
DA:1069,0
DA:1070,0
DA:1071,0
DA:1072,0
DA:1074,0
DA:1075,0
DA:1076,0
DA:1078,0
DA:1079,0
DA:1080,0
DA:1082,0
DA:1084,0
DA:1086,0
DA:1087,0
DA:1088,0
DA:1089,0
DA:1090,0
DA:1091,0
DA:1092,0
DA:1094,0
DA:1095,0
DA:1096,0
DA:1098,0
DA:1099,0
DA:1100,0
DA:1102,0
DA:1105,7
DA:1106,0
DA:1107,0
DA:1108,0
DA:1109,0
DA:1110,0
DA:1112,7
DA:1113,0
DA:1114,0
DA:1115,0
DA:1116,0
DA:1118,7
DA:1119,0
DA:1121,7
DA:1122,0
DA:1123,0
DA:1125,7
DA:1126,1
DA:1127,1
DA:1128,1
DA:1129,1
DA:1130,1
DA:1131,1
DA:1133,7
DA:1134,0
DA:1135,0
DA:1136,0
DA:1137,0
DA:1138,0
DA:1139,0
DA:1140,0
DA:1141,0
DA:1142,0
DA:1143,0
DA:1144,0
DA:1145,0
DA:1146,0
DA:1147,0
DA:1148,0
DA:1149,0
DA:1151,7
DA:1152,0
DA:1153,0
DA:1154,0
DA:1155,0
DA:1156,0
DA:1157,0
DA:1158,0
DA:1159,0
DA:1160,7
DA:1161,0
DA:1162,0
DA:1163,0
DA:1164,0
DA:1165,0
DA:1166,0
DA:1167,0
DA:1168,0
DA:1170,7
DA:1171,0
DA:1172,0
DA:1173,0
DA:1174,0
DA:1175,0
DA:1176,0
DA:1178,7
DA:1179,0
DA:1180,0
DA:1181,0
DA:1182,0
DA:1183,0
DA:1184,0
DA:1185,0
DA:1186,0
DA:1187,0
DA:1189,7
DA:1190,7
DA:1191,7
DA:1192,7
DA:1193,7
DA:1194,0
DA:1195,0
DA:1196,0
DA:1197,0
DA:1198,0
DA:1199,0
DA:1200,0
DA:1201,0
DA:1202,0
DA:1203,0
DA:1204,0
DA:1205,0
DA:1206,0
DA:1207,0
DA:1208,0
DA:1209,0
DA:1210,0
DA:1211,0
DA:1212,0
DA:1213,0
DA:1214,0
DA:1215,0
DA:1217,7
DA:1218,0
DA:1219,0
DA:1220,0
DA:1221,0
DA:1222,0
DA:1223,0
DA:1224,0
DA:1225,0
DA:1226,0
DA:1227,0
DA:1228,0
DA:1229,0
DA:1230,0
DA:1231,0
DA:1232,0
DA:1233,0
DA:1234,0
DA:1235,0
DA:1236,0
DA:1237,0
DA:1238,0
DA:1239,0
DA:1240,0
DA:1241,0
DA:1242,0
DA:1243,0
DA:1244,0
DA:1245,0
DA:1246,0
DA:1247,0
DA:1248,0
DA:1249,0
DA:1250,0
DA:1251,0
DA:1252,0
DA:1253,0
DA:1254,0
DA:1255,0
DA:1256,0
DA:1257,0
DA:1258,0
DA:1259,0
DA:1260,0
DA:1261,0
DA:1262,0
DA:1263,0
DA:1264,0
DA:1268,9
DA:1269,1
DA:1270,1
DA:1271,1
DA:1273,9
DA:1274,1
DA:1275,1
DA:1276,1
DA:1277,1
DA:1278,1
DA:1279,1
DA:1280,1
DA:1281,1
DA:1282,1
DA:1287,1
DA:1288,1
DA:1291,10
DA:1294,10
DA:1295,10
DA:1296,10
DA:1297,10
DA:1298,10
DA:1299,10
DA:1300,9
DA:1301,1
DA:1302,1
DA:1305,10
DA:1306,1
DA:1314,9
DA:1315,1
DA:1323,8
DA:1324,1
DA:1325,1
DA:1334,0
DA:1343,7
DA:1344,6
DA:1345,0
DA:1346,0
DA:1347,0
DA:1348,0
DA:1358,6
DA:1359,6
DA:1369,1
DA:1374,1
DA:1381,1
DA:1386,7
DA:1387,7
DA:1388,3
DA:1391,4
DA:1398,4
DA:1401,4
DA:1409,1
DA:1410,1
DA:1411,1
DA:1412,1
DA:1414,1
LF:876
LH:317
BRDA:2,0,0,1
BRDA:2,0,1,0
BRDA:2,1,0,1
BRDA:2,1,1,1
BRDA:4,2,0,0
BRDA:4,2,1,0
BRDA:4,3,0,0
BRDA:4,3,1,0
BRDA:6,4,0,0
BRDA:6,4,1,0
BRDA:102,5,0,1
BRDA:102,5,1,0
BRDA:103,6,0,0
BRDA:103,6,1,0
BRDA:104,7,0,0
BRDA:104,7,1,0
BRDA:116,8,0,0
BRDA:116,8,1,1
BRDA:142,9,0,0
BRDA:142,9,1,16
BRDA:148,10,0,54
BRDA:148,10,1,14
BRDA:161,11,0,11
BRDA:161,11,1,5
BRDA:164,12,0,0
BRDA:164,12,1,11
BRDA:164,13,0,11
BRDA:164,13,1,0
BRDA:170,14,0,5
BRDA:170,14,1,6
BRDA:170,15,0,11
BRDA:170,15,1,5
BRDA:177,16,0,34
BRDA:177,16,1,65
BRDA:187,17,0,0
BRDA:187,17,1,11
BRDA:187,18,0,11
BRDA:187,18,1,11
BRDA:187,18,2,11
BRDA:187,18,3,10
BRDA:187,18,4,1
BRDA:199,19,0,3
BRDA:199,19,1,209
BRDA:200,20,0,212
BRDA:200,20,1,25
BRDA:243,21,0,1
BRDA:243,21,1,2
BRDA:251,22,0,0
BRDA:251,22,1,3
BRDA:279,23,0,3
BRDA:279,23,1,3
BRDA:284,24,0,3
BRDA:284,24,1,1
BRDA:291,25,0,0
BRDA:291,25,1,3
BRDA:292,26,0,1
BRDA:292,26,1,2
BRDA:300,27,0,0
BRDA:300,27,1,3
BRDA:303,28,0,0
BRDA:303,28,1,0
BRDA:306,29,0,0
BRDA:306,29,1,0
BRDA:306,30,0,0
BRDA:306,30,1,0
BRDA:307,31,0,0
BRDA:307,31,1,0
BRDA:308,32,0,0
BRDA:308,32,1,0
BRDA:315,33,0,0
BRDA:315,33,1,0
BRDA:330,34,0,0
BRDA:330,34,1,0
BRDA:336,35,0,0
BRDA:336,35,1,0
BRDA:341,36,0,0
BRDA:341,36,1,0
BRDA:343,37,0,0
BRDA:343,37,1,0
BRDA:367,38,0,0
BRDA:367,38,1,0
BRDA:368,39,0,0
BRDA:368,39,1,0
BRDA:370,40,0,0
BRDA:370,40,1,0
BRDA:390,41,0,0
BRDA:390,41,1,0
BRDA:391,42,0,0
BRDA:391,42,1,0
BRDA:395,43,0,0
BRDA:395,43,1,0
BRDA:404,44,0,0
BRDA:404,44,1,0
BRDA:417,45,0,0
BRDA:417,45,1,0
BRDA:420,46,0,0
BRDA:420,46,1,0
BRDA:425,47,0,0
BRDA:425,47,1,0
BRDA:439,48,0,1
BRDA:439,48,1,0
BRDA:450,49,0,3
BRDA:450,49,1,0
BRDA:456,50,0,3
BRDA:456,50,1,0
BRDA:457,51,0,3
BRDA:457,51,1,0
BRDA:523,52,0,1
BRDA:523,52,1,9
BRDA:565,53,0,0
BRDA:565,53,1,2
BRDA:565,54,0,2
BRDA:565,54,1,2
BRDA:566,55,0,0
BRDA:566,55,1,2
BRDA:566,56,0,2
BRDA:566,56,1,0
BRDA:567,57,0,0
BRDA:567,57,1,2
BRDA:567,58,0,2
BRDA:567,58,1,0
BRDA:571,59,0,0
BRDA:571,59,1,0
BRDA:574,60,0,0
BRDA:574,60,1,0
BRDA:574,61,0,0
BRDA:574,61,1,0
BRDA:575,62,0,0
BRDA:575,62,1,0
BRDA:576,63,0,0
BRDA:576,63,1,0
BRDA:584,64,0,0
BRDA:584,64,1,0
BRDA:589,65,0,0
BRDA:589,65,1,0
BRDA:600,66,0,0
BRDA:600,66,1,0
BRDA:600,67,0,0
BRDA:600,67,1,0
BRDA:600,67,2,0
BRDA:606,68,0,0
BRDA:606,68,1,27
BRDA:606,69,0,27
BRDA:606,69,1,27
BRDA:633,70,0,0
BRDA:633,70,1,0
BRDA:640,71,0,0
BRDA:640,71,1,0
BRDA:640,72,0,0
BRDA:640,72,1,0
BRDA:643,73,0,0
BRDA:643,73,1,0
BRDA:651,74,0,0
BRDA:651,74,1,0
BRDA:651,75,0,0
BRDA:651,75,1,0
BRDA:667,76,0,0
BRDA:667,76,1,0
BRDA:673,77,0,0
BRDA:673,77,1,0
BRDA:677,78,0,0
BRDA:677,78,1,0
BRDA:677,79,0,0
BRDA:677,79,1,0
BRDA:679,80,0,0
BRDA:679,80,1,0
BRDA:685,81,0,0
BRDA:685,81,1,0
BRDA:689,82,0,0
BRDA:689,82,1,0
BRDA:695,83,0,0
BRDA:695,83,1,0
BRDA:711,84,0,0
BRDA:711,84,1,0
BRDA:717,85,0,0
BRDA:717,85,1,0
BRDA:717,86,0,0
BRDA:717,86,1,0
BRDA:738,87,0,69
BRDA:738,87,1,44
BRDA:743,88,0,10
BRDA:743,88,1,0
BRDA:746,89,0,9
BRDA:746,89,1,1
BRDA:755,90,0,7
BRDA:755,90,1,2
BRDA:759,91,0,6
BRDA:759,91,1,1
BRDA:759,92,0,7
BRDA:759,92,1,2
BRDA:760,93,0,1
BRDA:760,93,1,6
BRDA:761,94,0,1
BRDA:761,94,1,6
BRDA:762,95,0,2
BRDA:762,95,1,5
BRDA:762,96,0,7
BRDA:762,96,1,2
BRDA:765,97,0,1
BRDA:765,97,1,1
BRDA:770,98,0,1
BRDA:770,98,1,0
BRDA:778,99,0,1
BRDA:778,99,1,0
BRDA:782,100,0,0
BRDA:782,100,1,1
BRDA:782,101,0,1
BRDA:782,101,1,0
BRDA:787,102,0,0
BRDA:787,102,1,1
BRDA:787,103,0,1
BRDA:787,103,1,0
BRDA:793,104,0,1
BRDA:793,104,1,6
BRDA:793,105,0,7
BRDA:793,105,1,1
BRDA:795,106,0,0
BRDA:795,106,1,1
BRDA:802,107,0,1
BRDA:802,107,1,0
BRDA:810,108,0,1
BRDA:810,108,1,0
BRDA:814,109,0,0
BRDA:814,109,1,1
BRDA:814,110,0,1
BRDA:814,110,1,0
BRDA:818,111,0,0
BRDA:818,111,1,1
BRDA:818,112,0,1
BRDA:818,112,1,0
BRDA:823,113,0,1
BRDA:823,113,1,6
BRDA:823,114,0,7
BRDA:823,114,1,2
BRDA:824,115,0,1
BRDA:824,115,1,6
BRDA:824,116,0,7
BRDA:824,116,1,2
BRDA:825,117,0,0
BRDA:825,117,1,7
BRDA:825,118,0,7
BRDA:825,118,1,0
BRDA:826,119,0,0
BRDA:826,119,1,7
BRDA:826,120,0,7
BRDA:826,120,1,0
BRDA:826,121,0,0
BRDA:826,121,1,0
BRDA:827,122,0,0
BRDA:827,122,1,7
BRDA:827,123,0,7
BRDA:827,123,1,0
BRDA:828,124,0,0
BRDA:828,124,1,7
BRDA:828,125,0,7
BRDA:828,125,1,0
BRDA:841,126,0,0
BRDA:841,126,1,7
BRDA:841,127,0,7
BRDA:841,127,1,0
BRDA:842,128,0,0
BRDA:842,128,1,7
BRDA:842,129,0,7
BRDA:842,129,1,0
BRDA:851,130,0,0
BRDA:851,130,1,0
BRDA:853,131,0,0
BRDA:853,131,1,0
BRDA:854,132,0,0
BRDA:854,132,1,0
BRDA:855,133,0,0
BRDA:855,133,1,0
BRDA:858,134,0,0
BRDA:858,134,1,0
BRDA:859,135,0,0
BRDA:859,135,1,0
BRDA:860,136,0,0
BRDA:860,136,1,0
BRDA:861,137,0,0
BRDA:861,137,1,0
BRDA:862,138,0,0
BRDA:862,138,1,0
BRDA:863,139,0,0
BRDA:863,139,1,0
BRDA:864,140,0,0
BRDA:864,140,1,0
BRDA:865,141,0,0
BRDA:865,141,1,0
BRDA:866,142,0,0
BRDA:866,142,1,0
BRDA:867,143,0,0
BRDA:867,143,1,0
BRDA:868,144,0,0
BRDA:868,144,1,0
BRDA:870,145,0,0
BRDA:870,145,1,0
BRDA:871,146,0,0
BRDA:871,146,1,0
BRDA:872,147,0,0
BRDA:872,147,1,0
BRDA:873,148,0,0
BRDA:873,148,1,0
BRDA:874,149,0,0
BRDA:874,149,1,0
BRDA:875,150,0,0
BRDA:875,150,1,0
BRDA:876,151,0,0
BRDA:876,151,1,0
BRDA:877,152,0,0
BRDA:877,152,1,0
BRDA:878,153,0,0
BRDA:878,153,1,0
BRDA:879,154,0,0
BRDA:879,154,1,0
BRDA:880,155,0,0
BRDA:880,155,1,0
BRDA:885,156,0,0
BRDA:885,156,1,7
BRDA:885,157,0,7
BRDA:885,157,1,0
BRDA:904,158,0,0
BRDA:904,158,1,0
BRDA:906,159,0,0
BRDA:906,159,1,0
BRDA:915,160,0,0
BRDA:915,160,1,0
BRDA:919,161,0,0
BRDA:919,161,1,0
BRDA:924,162,0,0
BRDA:924,162,1,0
BRDA:926,163,0,0
BRDA:926,163,1,0
BRDA:935,164,0,0
BRDA:935,164,1,0
BRDA:939,165,0,0
BRDA:939,165,1,0
BRDA:944,166,0,0
BRDA:944,166,1,0
BRDA:946,167,0,0
BRDA:946,167,1,0
BRDA:955,168,0,0
BRDA:955,168,1,0
BRDA:959,169,0,0
BRDA:959,169,1,0
BRDA:964,170,0,0
BRDA:964,170,1,0
BRDA:966,171,0,0
BRDA:966,171,1,0
BRDA:975,172,0,0
BRDA:975,172,1,0
BRDA:979,173,0,0
BRDA:979,173,1,0
BRDA:984,174,0,0
BRDA:984,174,1,0
BRDA:986,175,0,0
BRDA:986,175,1,0
BRDA:995,176,0,0
BRDA:995,176,1,0
BRDA:999,177,0,0
BRDA:999,177,1,0
BRDA:1004,178,0,0
BRDA:1004,178,1,0
BRDA:1006,179,0,0
BRDA:1006,179,1,0
BRDA:1015,180,0,0
BRDA:1015,180,1,0
BRDA:1019,181,0,0
BRDA:1019,181,1,0
BRDA:1024,182,0,0
BRDA:1024,182,1,0
BRDA:1026,183,0,0
BRDA:1026,183,1,0
BRDA:1035,184,0,0
BRDA:1035,184,1,0
BRDA:1039,185,0,0
BRDA:1039,185,1,0
BRDA:1044,186,0,0
BRDA:1044,186,1,0
BRDA:1046,187,0,0
BRDA:1046,187,1,0
BRDA:1055,188,0,0
BRDA:1055,188,1,0
BRDA:1059,189,0,0
BRDA:1059,189,1,0
BRDA:1064,190,0,0
BRDA:1064,190,1,0
BRDA:1066,191,0,0
BRDA:1066,191,1,0
BRDA:1075,192,0,0
BRDA:1075,192,1,0
BRDA:1079,193,0,0
BRDA:1079,193,1,0
BRDA:1084,194,0,0
BRDA:1084,194,1,0
BRDA:1086,195,0,0
BRDA:1086,195,1,0
BRDA:1095,196,0,0
BRDA:1095,196,1,0
BRDA:1099,197,0,0
BRDA:1099,197,1,0
BRDA:1105,198,0,0
BRDA:1105,198,1,7
BRDA:1105,199,0,7
BRDA:1105,199,1,0
BRDA:1112,200,0,0
BRDA:1112,200,1,7
BRDA:1112,201,0,7
BRDA:1112,201,1,0
BRDA:1113,202,0,0
BRDA:1113,202,1,0
BRDA:1115,203,0,0
BRDA:1115,203,1,0
BRDA:1118,204,0,0
BRDA:1118,204,1,7
BRDA:1118,205,0,7
BRDA:1118,205,1,0
BRDA:1121,206,0,0
BRDA:1121,206,1,7
BRDA:1121,207,0,7
BRDA:1121,207,1,0
BRDA:1125,208,0,1
BRDA:1125,208,1,6
BRDA:1125,209,0,7
BRDA:1125,209,1,1
BRDA:1127,210,0,0
BRDA:1127,210,1,1
BRDA:1128,211,0,0
BRDA:1128,211,1,1
BRDA:1129,212,0,1
BRDA:1129,212,1,0
BRDA:1130,213,0,0
BRDA:1130,213,1,1
BRDA:1131,214,0,0
BRDA:1131,214,1,1
BRDA:1133,215,0,0
BRDA:1133,215,1,7
BRDA:1133,216,0,7
BRDA:1133,216,1,0
BRDA:1151,217,0,0
BRDA:1151,217,1,7
BRDA:1151,218,0,7
BRDA:1151,218,1,0
BRDA:1160,219,0,0
BRDA:1160,219,1,7
BRDA:1160,220,0,7
BRDA:1160,220,1,0
BRDA:1170,221,0,0
BRDA:1170,221,1,7
BRDA:1170,222,0,7
BRDA:1170,222,1,0
BRDA:1178,223,0,0
BRDA:1178,223,1,7
BRDA:1178,224,0,7
BRDA:1178,224,1,0
BRDA:1189,225,0,0
BRDA:1189,225,1,7
BRDA:1189,226,0,7
BRDA:1189,226,1,0
BRDA:1190,227,0,0
BRDA:1190,227,1,7
BRDA:1190,228,0,7
BRDA:1190,228,1,0
BRDA:1191,229,0,0
BRDA:1191,229,1,7
BRDA:1191,230,0,7
BRDA:1191,230,1,0
BRDA:1192,231,0,0
BRDA:1192,231,1,7
BRDA:1192,232,0,7
BRDA:1192,232,1,0
BRDA:1193,233,0,0
BRDA:1193,233,1,7
BRDA:1193,234,0,7
BRDA:1193,234,1,0
BRDA:1217,235,0,0
BRDA:1217,235,1,7
BRDA:1219,236,0,0
BRDA:1219,236,1,0
BRDA:1231,237,0,0
BRDA:1231,237,1,0
BRDA:1231,238,0,0
BRDA:1231,238,1,0
BRDA:1231,238,2,0
BRDA:1232,239,0,0
BRDA:1232,239,1,0
BRDA:1232,240,0,0
BRDA:1232,240,1,0
BRDA:1244,241,0,0
BRDA:1244,241,1,0
BRDA:1249,242,0,0
BRDA:1249,242,1,0
BRDA:1250,243,0,0
BRDA:1250,243,1,0
BRDA:1261,244,0,0
BRDA:1261,244,1,0
BRDA:1262,245,0,0
BRDA:1262,245,1,0
BRDA:1263,246,0,0
BRDA:1263,246,1,0
BRDA:1264,247,0,0
BRDA:1264,247,1,0
BRDA:1268,248,0,1
BRDA:1268,248,1,8
BRDA:1273,249,0,1
BRDA:1273,249,1,8
BRDA:1279,250,0,0
BRDA:1279,250,1,1
BRDA:1281,251,0,0
BRDA:1281,251,1,1
BRDA:1299,252,0,9
BRDA:1299,252,1,1
BRDA:1300,253,0,1
BRDA:1300,253,1,8
BRDA:1305,254,0,1
BRDA:1305,254,1,9
BRDA:1305,255,0,10
BRDA:1305,255,1,1
BRDA:1314,256,0,1
BRDA:1314,256,1,8
BRDA:1323,257,0,1
BRDA:1323,257,1,7
BRDA:1324,258,0,1
BRDA:1324,258,1,0
BRDA:1343,259,0,6
BRDA:1343,259,1,1
BRDA:1344,260,0,0
BRDA:1344,260,1,6
BRDA:1387,261,0,3
BRDA:1387,261,1,4
BRF:529
BRH:177
end_of_record
