<?xml version="1.0" encoding="UTF-8"?>
<coverage generated="1690207640554" clover="3.2.0">
  <project timestamp="1690207640554" name="All files">
    <metrics statements="764" coveredstatements="270" conditionals="405" coveredconditionals="127" methods="36" coveredmethods="26" elements="1205" coveredelements="423" complexity="0" loc="764" ncloc="764" packages="1" files="1" classes="1"/>
    <file name="index.js" path="C:\Users\Lorenzo\Documents\00000M1\.travail\projet\specification_compliant\index.js">
      <metrics statements="764" coveredstatements="270" conditionals="405" coveredconditionals="127" methods="36" coveredmethods="26"/>
      <line num="2" count="2" type="cond" truecount="3" falsecount="1"/>
      <line num="3" count="2" type="cond" truecount="2" falsecount="2"/>
      <line num="4" count="2" type="cond" truecount="2" falsecount="2"/>
      <line num="5" count="2" type="stmt"/>
      <line num="8" count="0" type="cond" truecount="0" falsecount="2"/>
      <line num="9" count="0" type="stmt"/>
      <line num="10" count="0" type="stmt"/>
      <line num="11" count="0" type="cond" truecount="0" falsecount="2"/>
      <line num="12" count="0" type="cond" truecount="0" falsecount="2"/>
      <line num="13" count="0" type="cond" truecount="0" falsecount="2"/>
      <line num="14" count="0" type="cond" truecount="0" falsecount="2"/>
      <line num="15" count="0" type="stmt"/>
      <line num="16" count="0" type="stmt"/>
      <line num="17" count="0" type="stmt"/>
      <line num="18" count="0" type="stmt"/>
      <line num="22" count="0" type="cond" truecount="0" falsecount="2"/>
      <line num="23" count="0" type="stmt"/>
      <line num="24" count="0" type="stmt"/>
      <line num="26" count="0" type="stmt"/>
      <line num="27" count="0" type="cond" truecount="0" falsecount="2"/>
      <line num="29" count="0" type="stmt"/>
      <line num="30" count="0" type="stmt"/>
      <line num="34" count="0" type="stmt"/>
      <line num="36" count="0" type="stmt"/>
      <line num="37" count="0" type="stmt"/>
      <line num="39" count="0" type="stmt"/>
      <line num="41" count="0" type="cond" truecount="0" falsecount="5"/>
      <line num="42" count="0" type="stmt"/>
      <line num="43" count="0" type="stmt"/>
      <line num="46" count="27" type="stmt"/>
      <line num="47" count="27" type="cond" truecount="3" falsecount="1"/>
      <line num="49" count="27" type="stmt"/>
      <line num="50" count="47" type="stmt"/>
      <line num="53" count="27" type="stmt"/>
      <line num="56" count="1" type="stmt"/>
      <line num="57" count="1" type="stmt"/>
      <line num="58" count="15" type="stmt"/>
      <line num="60" count="15" type="stmt"/>
      <line num="62" count="1" type="stmt"/>
      <line num="65" count="10" type="stmt"/>
      <line num="66" count="10" type="stmt"/>
      <line num="67" count="10" type="stmt"/>
      <line num="68" count="10" type="stmt"/>
      <line num="69" count="10" type="stmt"/>
      <line num="70" count="10" type="stmt"/>
      <line num="71" count="10" type="stmt"/>
      <line num="73" count="113" type="stmt"/>
      <line num="74" count="113" type="cond" truecount="2" falsecount="0"/>
      <line num="76" count="69" type="stmt"/>
      <line num="78" count="113" type="stmt"/>
      <line num="79" count="113" type="stmt"/>
      <line num="80" count="113" type="stmt"/>
      <line num="82" count="10" type="cond" truecount="1" falsecount="1"/>
      <line num="84" count="10" type="stmt"/>
      <line num="85" count="10" type="cond" truecount="2" falsecount="0"/>
      <line num="86" count="9" type="stmt"/>
      <line num="87" count="9" type="stmt"/>
      <line num="88" count="9" type="stmt"/>
      <line num="89" count="9" type="stmt"/>
      <line num="90" count="9" type="stmt"/>
      <line num="91" count="9" type="stmt"/>
      <line num="92" count="9" type="stmt"/>
      <line num="93" count="9" type="stmt"/>
      <line num="94" count="9" type="cond" truecount="2" falsecount="0"/>
      <line num="95" count="7" type="stmt"/>
      <line num="96" count="7" type="stmt"/>
      <line num="97" count="7" type="cond" truecount="2" falsecount="0"/>
      <line num="98" count="7" type="cond" truecount="2" falsecount="0"/>
      <line num="99" count="7" type="cond" truecount="2" falsecount="0"/>
      <line num="100" count="7" type="cond" truecount="2" falsecount="0"/>
      <line num="101" count="7" type="cond" truecount="2" falsecount="0"/>
      <line num="102" count="7" type="cond" truecount="2" falsecount="0"/>
      <line num="103" count="7" type="cond" truecount="2" falsecount="0"/>
      <line num="104" count="7" type="cond" truecount="1" falsecount="1"/>
      <line num="105" count="7" type="cond" truecount="1" falsecount="3"/>
      <line num="106" count="7" type="cond" truecount="1" falsecount="1"/>
      <line num="107" count="7" type="cond" truecount="1" falsecount="1"/>
      <line num="109" count="0" type="stmt"/>
      <line num="110" count="0" type="stmt"/>
      <line num="111" count="0" type="stmt"/>
      <line num="112" count="0" type="stmt"/>
      <line num="113" count="0" type="stmt"/>
      <line num="114" count="0" type="stmt"/>
      <line num="115" count="0" type="stmt"/>
      <line num="116" count="0" type="stmt"/>
      <line num="117" count="0" type="stmt"/>
      <line num="118" count="0" type="stmt"/>
      <line num="120" count="7" type="cond" truecount="1" falsecount="1"/>
      <line num="121" count="7" type="cond" truecount="1" falsecount="1"/>
      <line num="123" count="0" type="stmt"/>
      <line num="124" count="0" type="stmt"/>
      <line num="125" count="0" type="stmt"/>
      <line num="126" count="0" type="stmt"/>
      <line num="127" count="0" type="stmt"/>
      <line num="129" count="0" type="stmt"/>
      <line num="130" count="0" type="cond" truecount="0" falsecount="2"/>
      <line num="132" count="0" type="stmt"/>
      <line num="134" count="0" type="stmt"/>
      <line num="135" count="0" type="cond" truecount="0" falsecount="2"/>
      <line num="137" count="0" type="stmt"/>
      <line num="139" count="0" type="cond" truecount="0" falsecount="2"/>
      <line num="141" count="0" type="stmt"/>
      <line num="143" count="0" type="cond" truecount="0" falsecount="2"/>
      <line num="145" count="0" type="stmt"/>
      <line num="148" count="0" type="stmt"/>
      <line num="149" count="0" type="cond" truecount="0" falsecount="2"/>
      <line num="150" count="0" type="cond" truecount="0" falsecount="2"/>
      <line num="151" count="0" type="cond" truecount="0" falsecount="2"/>
      <line num="152" count="0" type="cond" truecount="0" falsecount="2"/>
      <line num="153" count="0" type="cond" truecount="0" falsecount="2"/>
      <line num="154" count="0" type="cond" truecount="0" falsecount="2"/>
      <line num="155" count="0" type="cond" truecount="0" falsecount="2"/>
      <line num="156" count="0" type="cond" truecount="0" falsecount="2"/>
      <line num="157" count="0" type="cond" truecount="0" falsecount="2"/>
      <line num="158" count="0" type="cond" truecount="0" falsecount="2"/>
      <line num="159" count="0" type="cond" truecount="0" falsecount="2"/>
      <line num="161" count="0" type="cond" truecount="0" falsecount="2"/>
      <line num="162" count="0" type="cond" truecount="0" falsecount="2"/>
      <line num="163" count="0" type="cond" truecount="0" falsecount="2"/>
      <line num="164" count="0" type="cond" truecount="0" falsecount="2"/>
      <line num="165" count="0" type="cond" truecount="0" falsecount="2"/>
      <line num="166" count="0" type="cond" truecount="0" falsecount="2"/>
      <line num="167" count="0" type="cond" truecount="0" falsecount="2"/>
      <line num="168" count="0" type="cond" truecount="0" falsecount="2"/>
      <line num="169" count="0" type="cond" truecount="0" falsecount="2"/>
      <line num="170" count="0" type="cond" truecount="0" falsecount="2"/>
      <line num="171" count="0" type="cond" truecount="0" falsecount="2"/>
      <line num="176" count="7" type="cond" truecount="1" falsecount="1"/>
      <line num="178" count="0" type="stmt"/>
      <line num="179" count="0" type="stmt"/>
      <line num="180" count="0" type="stmt"/>
      <line num="181" count="0" type="stmt"/>
      <line num="182" count="0" type="stmt"/>
      <line num="183" count="0" type="stmt"/>
      <line num="184" count="0" type="stmt"/>
      <line num="185" count="0" type="stmt"/>
      <line num="186" count="0" type="stmt"/>
      <line num="187" count="0" type="stmt"/>
      <line num="188" count="0" type="stmt"/>
      <line num="189" count="0" type="stmt"/>
      <line num="190" count="0" type="stmt"/>
      <line num="191" count="0" type="stmt"/>
      <line num="192" count="0" type="stmt"/>
      <line num="193" count="0" type="stmt"/>
      <line num="194" count="0" type="stmt"/>
      <line num="195" count="0" type="cond" truecount="0" falsecount="2"/>
      <line num="197" count="0" type="cond" truecount="0" falsecount="2"/>
      <line num="198" count="0" type="stmt"/>
      <line num="199" count="0" type="stmt"/>
      <line num="200" count="0" type="stmt"/>
      <line num="201" count="0" type="stmt"/>
      <line num="202" count="0" type="stmt"/>
      <line num="203" count="0" type="stmt"/>
      <line num="205" count="0" type="stmt"/>
      <line num="206" count="0" type="cond" truecount="0" falsecount="2"/>
      <line num="207" count="0" type="stmt"/>
      <line num="209" count="0" type="stmt"/>
      <line num="210" count="0" type="cond" truecount="0" falsecount="2"/>
      <line num="212" count="0" type="stmt"/>
      <line num="214" count="0" type="stmt"/>
      <line num="216" count="0" type="stmt"/>
      <line num="218" count="0" type="cond" truecount="0" falsecount="2"/>
      <line num="220" count="0" type="cond" truecount="0" falsecount="2"/>
      <line num="221" count="0" type="stmt"/>
      <line num="222" count="0" type="stmt"/>
      <line num="223" count="0" type="stmt"/>
      <line num="224" count="0" type="stmt"/>
      <line num="225" count="0" type="stmt"/>
      <line num="226" count="0" type="stmt"/>
      <line num="228" count="0" type="stmt"/>
      <line num="229" count="0" type="cond" truecount="0" falsecount="2"/>
      <line num="230" count="0" type="stmt"/>
      <line num="232" count="0" type="stmt"/>
      <line num="233" count="0" type="cond" truecount="0" falsecount="2"/>
      <line num="235" count="0" type="stmt"/>
      <line num="237" count="0" type="stmt"/>
      <line num="239" count="0" type="stmt"/>
      <line num="241" count="0" type="cond" truecount="0" falsecount="2"/>
      <line num="243" count="0" type="cond" truecount="0" falsecount="2"/>
      <line num="244" count="0" type="stmt"/>
      <line num="245" count="0" type="stmt"/>
      <line num="246" count="0" type="stmt"/>
      <line num="247" count="0" type="stmt"/>
      <line num="248" count="0" type="stmt"/>
      <line num="249" count="0" type="stmt"/>
      <line num="251" count="0" type="stmt"/>
      <line num="252" count="0" type="cond" truecount="0" falsecount="2"/>
      <line num="253" count="0" type="stmt"/>
      <line num="255" count="0" type="stmt"/>
      <line num="256" count="0" type="cond" truecount="0" falsecount="2"/>
      <line num="258" count="0" type="stmt"/>
      <line num="260" count="0" type="stmt"/>
      <line num="262" count="0" type="stmt"/>
      <line num="264" count="0" type="cond" truecount="0" falsecount="2"/>
      <line num="266" count="0" type="cond" truecount="0" falsecount="2"/>
      <line num="267" count="0" type="stmt"/>
      <line num="268" count="0" type="stmt"/>
      <line num="269" count="0" type="stmt"/>
      <line num="270" count="0" type="stmt"/>
      <line num="271" count="0" type="stmt"/>
      <line num="272" count="0" type="stmt"/>
      <line num="274" count="0" type="stmt"/>
      <line num="275" count="0" type="cond" truecount="0" falsecount="2"/>
      <line num="276" count="0" type="stmt"/>
      <line num="278" count="0" type="stmt"/>
      <line num="279" count="0" type="cond" truecount="0" falsecount="2"/>
      <line num="281" count="0" type="stmt"/>
      <line num="283" count="0" type="stmt"/>
      <line num="285" count="0" type="stmt"/>
      <line num="287" count="0" type="cond" truecount="0" falsecount="2"/>
      <line num="289" count="0" type="cond" truecount="0" falsecount="2"/>
      <line num="290" count="0" type="stmt"/>
      <line num="291" count="0" type="stmt"/>
      <line num="292" count="0" type="stmt"/>
      <line num="293" count="0" type="stmt"/>
      <line num="294" count="0" type="stmt"/>
      <line num="295" count="0" type="stmt"/>
      <line num="297" count="0" type="stmt"/>
      <line num="298" count="0" type="cond" truecount="0" falsecount="2"/>
      <line num="299" count="0" type="stmt"/>
      <line num="301" count="0" type="stmt"/>
      <line num="302" count="0" type="cond" truecount="0" falsecount="2"/>
      <line num="304" count="0" type="stmt"/>
      <line num="306" count="0" type="stmt"/>
      <line num="308" count="0" type="stmt"/>
      <line num="310" count="0" type="cond" truecount="0" falsecount="2"/>
      <line num="312" count="0" type="cond" truecount="0" falsecount="2"/>
      <line num="313" count="0" type="stmt"/>
      <line num="314" count="0" type="stmt"/>
      <line num="315" count="0" type="stmt"/>
      <line num="316" count="0" type="stmt"/>
      <line num="317" count="0" type="stmt"/>
      <line num="318" count="0" type="stmt"/>
      <line num="320" count="0" type="stmt"/>
      <line num="321" count="0" type="cond" truecount="0" falsecount="2"/>
      <line num="322" count="0" type="stmt"/>
      <line num="324" count="0" type="stmt"/>
      <line num="325" count="0" type="cond" truecount="0" falsecount="2"/>
      <line num="327" count="0" type="stmt"/>
      <line num="329" count="0" type="stmt"/>
      <line num="331" count="0" type="stmt"/>
      <line num="333" count="0" type="cond" truecount="0" falsecount="2"/>
      <line num="335" count="0" type="cond" truecount="0" falsecount="2"/>
      <line num="336" count="0" type="stmt"/>
      <line num="337" count="0" type="stmt"/>
      <line num="338" count="0" type="stmt"/>
      <line num="339" count="0" type="stmt"/>
      <line num="340" count="0" type="stmt"/>
      <line num="341" count="0" type="stmt"/>
      <line num="343" count="0" type="stmt"/>
      <line num="344" count="0" type="cond" truecount="0" falsecount="2"/>
      <line num="345" count="0" type="stmt"/>
      <line num="347" count="0" type="stmt"/>
      <line num="348" count="0" type="cond" truecount="0" falsecount="2"/>
      <line num="350" count="0" type="stmt"/>
      <line num="352" count="0" type="stmt"/>
      <line num="354" count="0" type="stmt"/>
      <line num="356" count="0" type="cond" truecount="0" falsecount="2"/>
      <line num="358" count="0" type="cond" truecount="0" falsecount="2"/>
      <line num="359" count="0" type="stmt"/>
      <line num="360" count="0" type="stmt"/>
      <line num="361" count="0" type="stmt"/>
      <line num="362" count="0" type="stmt"/>
      <line num="363" count="0" type="stmt"/>
      <line num="364" count="0" type="stmt"/>
      <line num="366" count="0" type="stmt"/>
      <line num="367" count="0" type="cond" truecount="0" falsecount="2"/>
      <line num="368" count="0" type="stmt"/>
      <line num="370" count="0" type="stmt"/>
      <line num="371" count="0" type="cond" truecount="0" falsecount="2"/>
      <line num="373" count="0" type="stmt"/>
      <line num="375" count="0" type="stmt"/>
      <line num="377" count="0" type="stmt"/>
      <line num="379" count="0" type="cond" truecount="0" falsecount="2"/>
      <line num="381" count="0" type="cond" truecount="0" falsecount="2"/>
      <line num="382" count="0" type="stmt"/>
      <line num="383" count="0" type="stmt"/>
      <line num="384" count="0" type="stmt"/>
      <line num="385" count="0" type="stmt"/>
      <line num="386" count="0" type="stmt"/>
      <line num="387" count="0" type="stmt"/>
      <line num="389" count="0" type="stmt"/>
      <line num="390" count="0" type="cond" truecount="0" falsecount="2"/>
      <line num="391" count="0" type="stmt"/>
      <line num="393" count="0" type="stmt"/>
      <line num="394" count="0" type="cond" truecount="0" falsecount="2"/>
      <line num="396" count="0" type="stmt"/>
      <line num="398" count="0" type="stmt"/>
      <line num="400" count="0" type="stmt"/>
      <line num="402" count="0" type="cond" truecount="0" falsecount="2"/>
      <line num="404" count="0" type="cond" truecount="0" falsecount="2"/>
      <line num="405" count="0" type="stmt"/>
      <line num="406" count="0" type="stmt"/>
      <line num="407" count="0" type="stmt"/>
      <line num="408" count="0" type="stmt"/>
      <line num="409" count="0" type="stmt"/>
      <line num="410" count="0" type="stmt"/>
      <line num="412" count="0" type="stmt"/>
      <line num="413" count="0" type="cond" truecount="0" falsecount="2"/>
      <line num="414" count="0" type="stmt"/>
      <line num="416" count="0" type="stmt"/>
      <line num="417" count="0" type="cond" truecount="0" falsecount="2"/>
      <line num="419" count="0" type="stmt"/>
      <line num="421" count="0" type="stmt"/>
      <line num="423" count="0" type="stmt"/>
      <line num="426" count="7" type="cond" truecount="1" falsecount="1"/>
      <line num="427" count="0" type="stmt"/>
      <line num="428" count="0" type="stmt"/>
      <line num="429" count="0" type="stmt"/>
      <line num="430" count="0" type="stmt"/>
      <line num="431" count="0" type="stmt"/>
      <line num="433" count="7" type="cond" truecount="1" falsecount="1"/>
      <line num="434" count="0" type="cond" truecount="0" falsecount="2"/>
      <line num="435" count="0" type="stmt"/>
      <line num="436" count="0" type="cond" truecount="0" falsecount="2"/>
      <line num="437" count="0" type="stmt"/>
      <line num="439" count="7" type="cond" truecount="1" falsecount="1"/>
      <line num="440" count="0" type="stmt"/>
      <line num="442" count="7" type="cond" truecount="1" falsecount="1"/>
      <line num="443" count="0" type="stmt"/>
      <line num="444" count="0" type="stmt"/>
      <line num="446" count="7" type="cond" truecount="4" falsecount="0"/>
      <line num="447" count="1" type="stmt"/>
      <line num="448" count="1" type="cond" truecount="1" falsecount="1"/>
      <line num="449" count="1" type="cond" truecount="1" falsecount="1"/>
      <line num="450" count="1" type="cond" truecount="1" falsecount="1"/>
      <line num="451" count="1" type="cond" truecount="1" falsecount="1"/>
      <line num="452" count="1" type="cond" truecount="1" falsecount="1"/>
      <line num="454" count="7" type="cond" truecount="2" falsecount="2"/>
      <line num="455" count="0" type="stmt"/>
      <line num="456" count="0" type="stmt"/>
      <line num="457" count="0" type="stmt"/>
      <line num="458" count="0" type="stmt"/>
      <line num="459" count="0" type="stmt"/>
      <line num="460" count="0" type="stmt"/>
      <line num="461" count="0" type="stmt"/>
      <line num="462" count="0" type="stmt"/>
      <line num="463" count="0" type="stmt"/>
      <line num="464" count="0" type="stmt"/>
      <line num="465" count="0" type="stmt"/>
      <line num="466" count="0" type="stmt"/>
      <line num="467" count="0" type="stmt"/>
      <line num="468" count="0" type="stmt"/>
      <line num="469" count="0" type="stmt"/>
      <line num="470" count="0" type="stmt"/>
      <line num="472" count="7" type="cond" truecount="1" falsecount="1"/>
      <line num="473" count="0" type="stmt"/>
      <line num="474" count="0" type="stmt"/>
      <line num="475" count="0" type="stmt"/>
      <line num="476" count="0" type="stmt"/>
      <line num="477" count="0" type="stmt"/>
      <line num="478" count="0" type="stmt"/>
      <line num="479" count="0" type="stmt"/>
      <line num="480" count="0" type="stmt"/>
      <line num="481" count="7" type="cond" truecount="1" falsecount="1"/>
      <line num="482" count="0" type="stmt"/>
      <line num="483" count="0" type="stmt"/>
      <line num="484" count="0" type="stmt"/>
      <line num="485" count="0" type="stmt"/>
      <line num="486" count="0" type="stmt"/>
      <line num="487" count="0" type="stmt"/>
      <line num="488" count="0" type="stmt"/>
      <line num="489" count="0" type="stmt"/>
      <line num="491" count="7" type="cond" truecount="1" falsecount="1"/>
      <line num="492" count="0" type="stmt"/>
      <line num="493" count="0" type="stmt"/>
      <line num="494" count="0" type="stmt"/>
      <line num="495" count="0" type="stmt"/>
      <line num="496" count="0" type="stmt"/>
      <line num="497" count="0" type="stmt"/>
      <line num="499" count="7" type="cond" truecount="1" falsecount="1"/>
      <line num="500" count="0" type="stmt"/>
      <line num="501" count="0" type="stmt"/>
      <line num="502" count="0" type="stmt"/>
      <line num="503" count="0" type="stmt"/>
      <line num="504" count="0" type="stmt"/>
      <line num="505" count="0" type="stmt"/>
      <line num="506" count="0" type="stmt"/>
      <line num="507" count="0" type="stmt"/>
      <line num="508" count="0" type="stmt"/>
      <line num="510" count="7" type="cond" truecount="1" falsecount="1"/>
      <line num="511" count="0" type="stmt"/>
      <line num="513" count="7" type="cond" truecount="1" falsecount="1"/>
      <line num="514" count="0" type="stmt"/>
      <line num="516" count="7" type="cond" truecount="1" falsecount="1"/>
      <line num="517" count="0" type="stmt"/>
      <line num="519" count="7" type="cond" truecount="1" falsecount="1"/>
      <line num="520" count="0" type="stmt"/>
      <line num="522" count="7" type="cond" truecount="1" falsecount="1"/>
      <line num="523" count="0" type="stmt"/>
      <line num="524" count="0" type="stmt"/>
      <line num="531" count="0" type="stmt"/>
      <line num="532" count="0" type="stmt"/>
      <line num="539" count="0" type="stmt"/>
      <line num="540" count="0" type="stmt"/>
      <line num="547" count="0" type="stmt"/>
      <line num="548" count="0" type="stmt"/>
      <line num="553" count="0" type="stmt"/>
      <line num="554" count="0" type="stmt"/>
      <line num="559" count="0" type="stmt"/>
      <line num="560" count="0" type="stmt"/>
      <line num="565" count="0" type="stmt"/>
      <line num="566" count="0" type="stmt"/>
      <line num="571" count="0" type="stmt"/>
      <line num="572" count="0" type="stmt"/>
      <line num="577" count="0" type="stmt"/>
      <line num="578" count="0" type="stmt"/>
      <line num="583" count="0" type="stmt"/>
      <line num="584" count="0" type="stmt"/>
      <line num="588" count="0" type="stmt"/>
      <line num="589" count="0" type="stmt"/>
      <line num="594" count="7" type="cond" truecount="1" falsecount="1"/>
      <line num="595" count="0" type="stmt"/>
      <line num="596" count="0" type="cond" truecount="0" falsecount="2"/>
      <line num="597" count="0" type="stmt"/>
      <line num="598" count="0" type="stmt"/>
      <line num="599" count="0" type="stmt"/>
      <line num="600" count="0" type="stmt"/>
      <line num="601" count="0" type="stmt"/>
      <line num="602" count="0" type="stmt"/>
      <line num="603" count="0" type="stmt"/>
      <line num="604" count="0" type="stmt"/>
      <line num="605" count="0" type="stmt"/>
      <line num="606" count="0" type="stmt"/>
      <line num="607" count="0" type="stmt"/>
      <line num="608" count="0" type="cond" truecount="0" falsecount="5"/>
      <line num="609" count="0" type="cond" truecount="0" falsecount="4"/>
      <line num="610" count="0" type="stmt"/>
      <line num="611" count="0" type="stmt"/>
      <line num="612" count="0" type="stmt"/>
      <line num="613" count="0" type="stmt"/>
      <line num="614" count="0" type="stmt"/>
      <line num="615" count="0" type="stmt"/>
      <line num="616" count="0" type="stmt"/>
      <line num="617" count="0" type="stmt"/>
      <line num="618" count="0" type="stmt"/>
      <line num="619" count="0" type="stmt"/>
      <line num="620" count="0" type="stmt"/>
      <line num="621" count="0" type="cond" truecount="0" falsecount="2"/>
      <line num="622" count="0" type="stmt"/>
      <line num="623" count="0" type="stmt"/>
      <line num="624" count="0" type="stmt"/>
      <line num="625" count="0" type="stmt"/>
      <line num="626" count="0" type="cond" truecount="0" falsecount="2"/>
      <line num="627" count="0" type="cond" truecount="0" falsecount="2"/>
      <line num="628" count="0" type="stmt"/>
      <line num="629" count="0" type="stmt"/>
      <line num="630" count="0" type="stmt"/>
      <line num="631" count="0" type="stmt"/>
      <line num="632" count="0" type="stmt"/>
      <line num="633" count="0" type="stmt"/>
      <line num="634" count="0" type="stmt"/>
      <line num="635" count="0" type="stmt"/>
      <line num="636" count="0" type="stmt"/>
      <line num="637" count="0" type="stmt"/>
      <line num="638" count="0" type="cond" truecount="0" falsecount="2"/>
      <line num="639" count="0" type="cond" truecount="0" falsecount="2"/>
      <line num="640" count="0" type="cond" truecount="0" falsecount="2"/>
      <line num="641" count="0" type="cond" truecount="0" falsecount="2"/>
      <line num="645" count="9" type="cond" truecount="2" falsecount="0"/>
      <line num="646" count="1" type="stmt"/>
      <line num="647" count="1" type="stmt"/>
      <line num="648" count="1" type="stmt"/>
      <line num="650" count="9" type="cond" truecount="2" falsecount="0"/>
      <line num="651" count="1" type="stmt"/>
      <line num="652" count="1" type="stmt"/>
      <line num="653" count="1" type="stmt"/>
      <line num="654" count="1" type="stmt"/>
      <line num="655" count="1" type="stmt"/>
      <line num="656" count="1" type="cond" truecount="1" falsecount="1"/>
      <line num="657" count="1" type="stmt"/>
      <line num="658" count="1" type="cond" truecount="1" falsecount="1"/>
      <line num="659" count="1" type="stmt"/>
      <line num="664" count="1" type="stmt"/>
      <line num="665" count="1" type="stmt"/>
      <line num="668" count="10" type="stmt"/>
      <line num="672" count="10" type="stmt"/>
      <line num="673" count="10" type="stmt"/>
      <line num="674" count="10" type="stmt"/>
      <line num="675" count="10" type="cond" truecount="2" falsecount="0"/>
      <line num="676" count="9" type="cond" truecount="2" falsecount="0"/>
      <line num="677" count="1" type="stmt"/>
      <line num="680" count="10" type="cond" truecount="4" falsecount="0"/>
      <line num="681" count="1" type="stmt"/>
      <line num="690" count="9" type="cond" truecount="2" falsecount="0"/>
      <line num="691" count="1" type="stmt"/>
      <line num="700" count="8" type="cond" truecount="2" falsecount="0"/>
      <line num="701" count="1" type="cond" truecount="1" falsecount="1"/>
      <line num="702" count="1" type="stmt"/>
      <line num="712" count="0" type="stmt"/>
      <line num="722" count="7" type="cond" truecount="2" falsecount="0"/>
      <line num="723" count="6" type="cond" truecount="1" falsecount="1"/>
      <line num="724" count="0" type="stmt"/>
      <line num="725" count="0" type="stmt"/>
      <line num="726" count="0" type="stmt"/>
      <line num="727" count="0" type="stmt"/>
      <line num="738" count="6" type="stmt"/>
      <line num="739" count="6" type="stmt"/>
      <line num="750" count="1" type="stmt"/>
      <line num="755" count="1" type="stmt"/>
      <line num="756" count="1" type="stmt"/>
      <line num="757" count="1" type="stmt"/>
      <line num="758" count="1" type="stmt"/>
      <line num="759" count="1" type="stmt"/>
      <line num="760" count="1" type="stmt"/>
      <line num="761" count="1" type="stmt"/>
      <line num="762" count="1" type="stmt"/>
      <line num="763" count="1" type="stmt"/>
      <line num="764" count="1" type="stmt"/>
      <line num="765" count="1" type="stmt"/>
      <line num="766" count="1" type="stmt"/>
      <line num="767" count="1" type="stmt"/>
      <line num="768" count="1" type="stmt"/>
      <line num="769" count="1" type="stmt"/>
      <line num="770" count="1" type="stmt"/>
      <line num="771" count="1" type="stmt"/>
      <line num="772" count="1" type="stmt"/>
      <line num="773" count="1" type="stmt"/>
      <line num="774" count="1" type="stmt"/>
      <line num="775" count="1" type="stmt"/>
      <line num="776" count="1" type="stmt"/>
      <line num="777" count="1" type="stmt"/>
      <line num="778" count="1" type="stmt"/>
      <line num="779" count="1" type="stmt"/>
      <line num="780" count="1" type="stmt"/>
      <line num="781" count="1" type="stmt"/>
      <line num="782" count="1" type="stmt"/>
      <line num="783" count="1" type="stmt"/>
      <line num="784" count="1" type="stmt"/>
      <line num="840" count="1" type="stmt"/>
      <line num="843" count="0" type="cond" truecount="0" falsecount="2"/>
      <line num="844" count="0" type="stmt"/>
      <line num="846" count="0" type="cond" truecount="0" falsecount="2"/>
      <line num="847" count="0" type="stmt"/>
      <line num="849" count="0" type="stmt"/>
      <line num="852" count="1" type="stmt"/>
      <line num="853" count="1" type="stmt"/>
      <line num="854" count="1" type="stmt"/>
      <line num="855" count="1" type="stmt"/>
      <line num="856" count="1" type="stmt"/>
      <line num="857" count="1" type="stmt"/>
      <line num="858" count="1" type="stmt"/>
      <line num="859" count="1" type="stmt"/>
      <line num="860" count="1" type="cond" truecount="1" falsecount="1"/>
      <line num="861" count="0" type="stmt"/>
      <line num="863" count="1" type="stmt"/>
      <line num="864" count="1" type="stmt"/>
      <line num="867" count="1" type="stmt"/>
      <line num="868" count="1" type="stmt"/>
      <line num="869" count="1" type="stmt"/>
      <line num="870" count="16" type="stmt"/>
      <line num="876" count="16" type="stmt"/>
      <line num="878" count="1" type="stmt"/>
      <line num="886" count="16" type="stmt"/>
      <line num="887" count="16" type="stmt"/>
      <line num="888" count="16" type="cond" truecount="1" falsecount="1"/>
      <line num="889" count="0" type="stmt"/>
      <line num="891" count="16" type="stmt"/>
      <line num="892" count="16" type="stmt"/>
      <line num="893" count="16" type="stmt"/>
      <line num="894" count="68" type="cond" truecount="2" falsecount="0"/>
      <line num="895" count="54" type="stmt"/>
      <line num="897" count="68" type="stmt"/>
      <line num="898" count="68" type="stmt"/>
      <line num="899" count="68" type="stmt"/>
      <line num="901" count="16" type="stmt"/>
      <line num="903" count="1" type="stmt"/>
      <line num="907" count="11" type="cond" truecount="2" falsecount="0"/>
      <line num="908" count="11" type="stmt"/>
      <line num="909" count="11" type="stmt"/>
      <line num="910" count="11" type="cond" truecount="2" falsecount="2"/>
      <line num="911" count="0" type="stmt"/>
      <line num="913" count="11" type="stmt"/>
      <line num="914" count="11" type="stmt"/>
      <line num="915" count="11" type="stmt"/>
      <line num="916" count="11" type="cond" truecount="4" falsecount="0"/>
      <line num="917" count="5" type="stmt"/>
      <line num="919" count="11" type="stmt"/>
      <line num="920" count="17" type="stmt"/>
      <line num="921" count="17" type="stmt"/>
      <line num="922" count="99" type="stmt"/>
      <line num="923" count="99" type="cond" truecount="2" falsecount="0"/>
      <line num="924" count="34" type="stmt"/>
      <line num="926" count="99" type="stmt"/>
      <line num="927" count="99" type="stmt"/>
      <line num="928" count="99" type="stmt"/>
      <line num="930" count="17" type="stmt"/>
      <line num="931" count="17" type="stmt"/>
      <line num="933" count="11" type="cond" truecount="1" falsecount="1"/>
      <line num="937" count="0" type="stmt"/>
      <line num="938" count="0" type="stmt"/>
      <line num="939" count="0" type="stmt"/>
      <line num="942" count="11" type="stmt"/>
      <line num="945" count="3" type="stmt"/>
      <line num="946" count="16" type="stmt"/>
      <line num="947" count="16" type="stmt"/>
      <line num="948" count="212" type="cond" truecount="2" falsecount="0"/>
      <line num="952" count="3" type="stmt"/>
      <line num="953" count="3" type="stmt"/>
      <line num="957" count="0" type="stmt"/>
      <line num="962" count="1" type="stmt"/>
      <line num="963" count="1" type="stmt"/>
      <line num="964" count="2" type="stmt"/>
      <line num="966" count="1" type="stmt"/>
      <line num="974" count="1" type="stmt"/>
      <line num="975" count="1" type="stmt"/>
      <line num="976" count="1" type="stmt"/>
      <line num="977" count="3" type="stmt"/>
      <line num="981" count="3" type="stmt"/>
      <line num="983" count="3" type="cond" truecount="2" falsecount="0"/>
      <line num="984" count="1" type="stmt"/>
      <line num="987" count="3" type="stmt"/>
      <line num="988" count="3" type="stmt"/>
      <line num="994" count="3" type="cond" truecount="1" falsecount="1"/>
      <line num="995" count="0" type="stmt"/>
      <line num="996" count="0" type="stmt"/>
      <line num="999" count="1" type="stmt"/>
      <line num="1005" count="3" type="stmt"/>
      <line num="1021" count="3" type="stmt"/>
      <line num="1022" count="6" type="cond" truecount="2" falsecount="0"/>
      <line num="1023" count="3" type="stmt"/>
      <line num="1026" count="0" type="stmt"/>
      <line num="1029" count="4" type="cond" truecount="2" falsecount="0"/>
      <line num="1030" count="3" type="stmt"/>
      <line num="1031" count="3" type="stmt"/>
      <line num="1033" count="1" type="stmt"/>
      <line num="1036" count="3" type="cond" truecount="1" falsecount="1"/>
      <line num="1037" count="0" type="stmt"/>
      <line num="1039" count="3" type="cond" truecount="2" falsecount="0"/>
      <line num="1040" count="1" type="stmt"/>
      <line num="1042" count="2" type="stmt"/>
      <line num="1045" count="1" type="stmt"/>
      <line num="1048" count="3" type="stmt"/>
      <line num="1049" count="3" type="cond" truecount="1" falsecount="1"/>
      <line num="1052" count="0" type="cond" truecount="0" falsecount="2"/>
      <line num="1053" count="0" type="stmt"/>
      <line num="1054" count="0" type="stmt"/>
      <line num="1055" count="0" type="cond" truecount="0" falsecount="2"/>
      <line num="1056" count="0" type="cond" truecount="0" falsecount="2"/>
      <line num="1058" count="0" type="cond" truecount="0" falsecount="2"/>
      <line num="1059" count="0" type="cond" truecount="0" falsecount="2"/>
      <line num="1060" count="0" type="stmt"/>
      <line num="1062" count="0" type="stmt"/>
      <line num="1063" count="0" type="stmt"/>
      <line num="1065" count="0" type="stmt"/>
      <line num="1067" count="0" type="stmt"/>
      <line num="1070" count="0" type="cond" truecount="0" falsecount="2"/>
      <line num="1071" count="0" type="stmt"/>
      <line num="1073" count="0" type="stmt"/>
      <line num="1076" count="0" type="stmt"/>
      <line num="1077" count="0" type="stmt"/>
      <line num="1078" count="0" type="stmt"/>
      <line num="1079" count="0" type="stmt"/>
      <line num="1080" count="0" type="stmt"/>
      <line num="1081" count="0" type="stmt"/>
      <line num="1082" count="0" type="stmt"/>
      <line num="1083" count="0" type="stmt"/>
      <line num="1084" count="0" type="stmt"/>
      <line num="1085" count="0" type="stmt"/>
      <line num="1086" count="0" type="stmt"/>
      <line num="1087" count="0" type="cond" truecount="0" falsecount="2"/>
      <line num="1088" count="0" type="stmt"/>
      <line num="1089" count="0" type="stmt"/>
      <line num="1093" count="0" type="cond" truecount="0" falsecount="2"/>
      <line num="1095" count="0" type="stmt"/>
      <line num="1098" count="0" type="cond" truecount="0" falsecount="2"/>
      <line num="1099" count="0" type="stmt"/>
      <line num="1101" count="0" type="cond" truecount="0" falsecount="2"/>
      <line num="1102" count="0" type="stmt"/>
      <line num="1103" count="0" type="stmt"/>
      <line num="1105" count="0" type="stmt"/>
      <line num="1109" count="0" type="stmt"/>
      <line num="1113" count="0" type="stmt"/>
      <line num="1114" count="0" type="stmt"/>
      <line num="1118" count="0" type="stmt"/>
      <line num="1121" count="0" type="stmt"/>
      <line num="1122" count="0" type="stmt"/>
      <line num="1123" count="0" type="stmt"/>
      <line num="1124" count="0" type="stmt"/>
      <line num="1125" count="0" type="stmt"/>
      <line num="1126" count="0" type="cond" truecount="0" falsecount="2"/>
      <line num="1127" count="0" type="cond" truecount="0" falsecount="2"/>
      <line num="1128" count="0" type="stmt"/>
      <line num="1130" count="0" type="cond" truecount="0" falsecount="2"/>
      <line num="1131" count="0" type="stmt"/>
      <line num="1132" count="0" type="stmt"/>
      <line num="1139" count="0" type="stmt"/>
      <line num="1143" count="0" type="stmt"/>
      <line num="1145" count="0" type="stmt"/>
      <line num="1147" count="0" type="stmt"/>
      <line num="1153" count="0" type="stmt"/>
      <line num="1154" count="0" type="cond" truecount="0" falsecount="2"/>
      <line num="1155" count="0" type="stmt"/>
      <line num="1157" count="0" type="cond" truecount="0" falsecount="2"/>
      <line num="1158" count="0" type="stmt"/>
      <line num="1160" count="0" type="stmt"/>
      <line num="1163" count="0" type="cond" truecount="0" falsecount="2"/>
      <line num="1164" count="0" type="stmt"/>
      <line num="1166" count="0" type="stmt"/>
      <line num="1169" count="0" type="stmt"/>
      <line num="1170" count="0" type="stmt"/>
      <line num="1171" count="0" type="stmt"/>
      <line num="1172" count="0" type="stmt"/>
      <line num="1173" count="0" type="stmt"/>
      <line num="1174" count="0" type="cond" truecount="0" falsecount="2"/>
      <line num="1175" count="0" type="stmt"/>
      <line num="1176" count="0" type="stmt"/>
      <line num="1178" count="0" type="stmt"/>
      <line num="1181" count="0" type="stmt"/>
      <line num="1185" count="0" type="stmt"/>
      <line num="1186" count="0" type="stmt"/>
      <line num="1187" count="0" type="cond" truecount="0" falsecount="2"/>
      <line num="1188" count="0" type="stmt"/>
      <line num="1190" count="0" type="stmt"/>
      <line num="1191" count="0" type="cond" truecount="0" falsecount="2"/>
      <line num="1193" count="0" type="stmt"/>
      <line num="1196" count="0" type="cond" truecount="0" falsecount="2"/>
      <line num="1197" count="0" type="stmt"/>
      <line num="1199" count="0" type="stmt"/>
      <line num="1202" count="0" type="stmt"/>
      <line num="1206" count="0" type="stmt"/>
      <line num="1210" count="0" type="stmt"/>
      <line num="1213" count="1" type="stmt"/>
      <line num="1217" count="1" type="cond" truecount="1" falsecount="1"/>
      <line num="1218" count="1" type="stmt"/>
      <line num="1220" count="1" type="stmt"/>
      <line num="1225" count="16" type="stmt"/>
      <line num="1227" count="3" type="stmt"/>
      <line num="1236" count="3" type="cond" truecount="1" falsecount="1"/>
      <line num="1237" count="3" type="stmt"/>
      <line num="1239" count="3" type="cond" truecount="1" falsecount="1"/>
      <line num="1240" count="3" type="stmt"/>
      <line num="1246" count="3" type="stmt"/>
      <line num="1251" count="1" type="stmt"/>
      <line num="1254" count="3" type="stmt"/>
      <line num="1257" count="1" type="stmt"/>
      <line num="1258" count="1" type="stmt"/>
      <line num="1260" count="0" type="stmt"/>
      <line num="1264" count="1" type="stmt"/>
      <line num="1265" count="1" type="stmt"/>
      <line num="1266" count="1" type="stmt"/>
      <line num="1267" count="1" type="stmt"/>
      <line num="1268" count="1" type="stmt"/>
      <line num="1269" count="3" type="stmt"/>
      <line num="1270" count="3" type="stmt"/>
      <line num="1275" count="3" type="stmt"/>
      <line num="1277" count="1" type="stmt"/>
      <line num="1280" count="10" type="stmt"/>
      <line num="1281" count="10" type="stmt"/>
      <line num="1282" count="10" type="stmt"/>
      <line num="1284" count="10" type="stmt"/>
      <line num="1285" count="10" type="stmt"/>
      <line num="1286" count="10" type="stmt"/>
      <line num="1288" count="10" type="cond" truecount="2" falsecount="0"/>
      <line num="1289" count="1" type="stmt"/>
      <line num="1295" count="1" type="stmt"/>
      <line num="1296" count="1" type="stmt"/>
      <line num="1297" count="1" type="stmt"/>
      <line num="1302" count="0" type="stmt"/>
      <line num="1308" count="9" type="stmt"/>
      <line num="1314" count="0" type="stmt"/>
      <line num="1320" count="1" type="stmt"/>
      <line num="1322" count="10" type="stmt"/>
      <line num="1324" count="1" type="stmt"/>
    </file>
  </project>
</coverage>
