{"C:\\Users\\Lorenzo\\Documents\\00000M1\\.travail\\projet\\specification_compliant\\index.js": {"path":"C:\\Users\\Lorenzo\\Documents\\00000M1\\.travail\\projet\\specification_compliant\\index.js","statementMap":{"0":{"start":{"line":2,"column":4},"end":{"line":2,"column":63}},"1":{"start":{"line":2,"column":47},"end":{"line":2,"column":63}},"2":{"start":{"line":3,"column":4},"end":{"line":3,"column":67}},"3":{"start":{"line":3,"column":49},"end":{"line":3,"column":67}},"4":{"start":{"line":4,"column":4},"end":{"line":4,"column":71}},"5":{"start":{"line":4,"column":51},"end":{"line":4,"column":71}},"6":{"start":{"line":5,"column":4},"end":{"line":5,"column":16}},"7":{"start":{"line":8,"column":15},"end":{"line":8,"column":44}},"8":{"start":{"line":9,"column":19},"end":{"line":9,"column":47}},"9":{"start":{"line":10,"column":23},"end":{"line":10,"column":42}},"10":{"start":{"line":11,"column":4},"end":{"line":11,"column":95}},"11":{"start":{"line":11,"column":25},"end":{"line":11,"column":95}},"12":{"start":{"line":12,"column":4},"end":{"line":16,"column":63}},"13":{"start":{"line":13,"column":8},"end":{"line":13,"column":48}},"14":{"start":{"line":13,"column":30},"end":{"line":13,"column":48}},"15":{"start":{"line":14,"column":8},"end":{"line":14,"column":24}},"16":{"start":{"line":15,"column":8},"end":{"line":15,"column":33}},"17":{"start":{"line":16,"column":11},"end":{"line":16,"column":63}},"18":{"start":{"line":17,"column":4},"end":{"line":17,"column":54}},"19":{"start":{"line":21,"column":4},"end":{"line":21,"column":67}},"20":{"start":{"line":21,"column":46},"end":{"line":21,"column":67}},"21":{"start":{"line":22,"column":19},"end":{"line":22,"column":42}},"22":{"start":{"line":23,"column":18},"end":{"line":23,"column":50}},"23":{"start":{"line":25,"column":13},"end":{"line":25,"column":20}},"24":{"start":{"line":26,"column":4},"end":{"line":31,"column":18}},"25":{"start":{"line":28,"column":8},"end":{"line":28,"column":17}},"26":{"start":{"line":29,"column":8},"end":{"line":29,"column":41}},"27":{"start":{"line":31,"column":9},"end":{"line":31,"column":18}},"28":{"start":{"line":31,"column":19},"end":{"line":31,"column":39}},"29":{"start":{"line":32,"column":4},"end":{"line":32,"column":17}},"30":{"start":{"line":33,"column":4},"end":{"line":36,"column":5}},"31":{"start":{"line":35,"column":8},"end":{"line":35,"column":48}},"32":{"start":{"line":37,"column":4},"end":{"line":38,"column":54}},"33":{"start":{"line":38,"column":8},"end":{"line":38,"column":54}},"34":{"start":{"line":39,"column":4},"end":{"line":39,"column":20}},"35":{"start":{"line":42,"column":14},"end":{"line":42,"column":42}},"36":{"start":{"line":43,"column":4},"end":{"line":43,"column":91}},"37":{"start":{"line":44,"column":4},"end":{"line":46,"column":5}},"38":{"start":{"line":45,"column":8},"end":{"line":45,"column":24}},"39":{"start":{"line":47,"column":4},"end":{"line":47,"column":22}},"40":{"start":{"line":50,"column":17},"end":{"line":50,"column":19}},"41":{"start":{"line":51,"column":4},"end":{"line":54,"column":5}},"42":{"start":{"line":52,"column":8},"end":{"line":52,"column":55}},"43":{"start":{"line":53,"column":8},"end":{"line":53,"column":43}},"44":{"start":{"line":55,"column":4},"end":{"line":55,"column":18}},"45":{"start":{"line":58,"column":18},"end":{"line":58,"column":20}},"46":{"start":{"line":59,"column":4},"end":{"line":59,"column":22}},"47":{"start":{"line":60,"column":4},"end":{"line":60,"column":30}},"48":{"start":{"line":61,"column":21},"end":{"line":61,"column":33}},"49":{"start":{"line":62,"column":23},"end":{"line":62,"column":25}},"50":{"start":{"line":63,"column":4},"end":{"line":63,"column":31}},"51":{"start":{"line":64,"column":4},"end":{"line":71,"column":5}},"52":{"start":{"line":64,"column":17},"end":{"line":64,"column":18}},"53":{"start":{"line":66,"column":8},"end":{"line":66,"column":61}},"54":{"start":{"line":67,"column":8},"end":{"line":67,"column":74}},"55":{"start":{"line":67,"column":40},"end":{"line":67,"column":74}},"56":{"start":{"line":68,"column":8},"end":{"line":68,"column":45}},"57":{"start":{"line":69,"column":19},"end":{"line":69,"column":29}},"58":{"start":{"line":70,"column":8},"end":{"line":70,"column":47}},"59":{"start":{"line":72,"column":4},"end":{"line":559,"column":5}},"60":{"start":{"line":74,"column":8},"end":{"line":74,"column":35}},"61":{"start":{"line":75,"column":8},"end":{"line":558,"column":9}},"62":{"start":{"line":76,"column":12},"end":{"line":76,"column":35}},"63":{"start":{"line":77,"column":12},"end":{"line":77,"column":51}},"64":{"start":{"line":78,"column":12},"end":{"line":78,"column":28}},"65":{"start":{"line":79,"column":12},"end":{"line":79,"column":23}},"66":{"start":{"line":80,"column":12},"end":{"line":80,"column":28}},"67":{"start":{"line":81,"column":12},"end":{"line":81,"column":85}},"68":{"start":{"line":82,"column":12},"end":{"line":82,"column":30}},"69":{"start":{"line":82,"column":31},"end":{"line":82,"column":79}},"70":{"start":{"line":83,"column":12},"end":{"line":83,"column":49}},"71":{"start":{"line":83,"column":50},"end":{"line":83,"column":108}},"72":{"start":{"line":84,"column":12},"end":{"line":536,"column":13}},"73":{"start":{"line":85,"column":16},"end":{"line":85,"column":34}},"74":{"start":{"line":86,"column":16},"end":{"line":86,"column":53}},"75":{"start":{"line":86,"column":53},"end":{"line":86,"column":111}},"76":{"start":{"line":87,"column":16},"end":{"line":87,"column":64}},"77":{"start":{"line":87,"column":36},"end":{"line":87,"column":64}},"78":{"start":{"line":88,"column":16},"end":{"line":88,"column":67}},"79":{"start":{"line":88,"column":57},"end":{"line":88,"column":67}},"80":{"start":{"line":89,"column":16},"end":{"line":89,"column":85}},"81":{"start":{"line":89,"column":37},"end":{"line":89,"column":47}},"82":{"start":{"line":89,"column":48},"end":{"line":89,"column":84}},"83":{"start":{"line":90,"column":16},"end":{"line":90,"column":150}},"84":{"start":{"line":90,"column":72},"end":{"line":90,"column":150}},"85":{"start":{"line":91,"column":16},"end":{"line":91,"column":134}},"86":{"start":{"line":91,"column":72},"end":{"line":91,"column":134}},"87":{"start":{"line":92,"column":16},"end":{"line":92,"column":179}},"88":{"start":{"line":92,"column":72},"end":{"line":92,"column":179}},"89":{"start":{"line":93,"column":16},"end":{"line":93,"column":114}},"90":{"start":{"line":93,"column":72},"end":{"line":93,"column":114}},"91":{"start":{"line":94,"column":16},"end":{"line":94,"column":106}},"92":{"start":{"line":94,"column":72},"end":{"line":94,"column":106}},"93":{"start":{"line":95,"column":16},"end":{"line":95,"column":173}},"94":{"start":{"line":95,"column":73},"end":{"line":95,"column":94}},"95":{"start":{"line":95,"column":95},"end":{"line":95,"column":171}},"96":{"start":{"line":95,"column":111},"end":{"line":95,"column":137}},"97":{"start":{"line":95,"column":143},"end":{"line":95,"column":171}},"98":{"start":{"line":96,"column":16},"end":{"line":96,"column":140}},"99":{"start":{"line":96,"column":72},"end":{"line":96,"column":140}},"100":{"start":{"line":97,"column":16},"end":{"line":109,"column":17}},"101":{"start":{"line":99,"column":20},"end":{"line":99,"column":80}},"102":{"start":{"line":100,"column":20},"end":{"line":100,"column":80}},"103":{"start":{"line":101,"column":20},"end":{"line":101,"column":80}},"104":{"start":{"line":102,"column":20},"end":{"line":102,"column":80}},"105":{"start":{"line":103,"column":20},"end":{"line":103,"column":80}},"106":{"start":{"line":104,"column":20},"end":{"line":104,"column":80}},"107":{"start":{"line":105,"column":20},"end":{"line":105,"column":80}},"108":{"start":{"line":106,"column":20},"end":{"line":106,"column":80}},"109":{"start":{"line":107,"column":20},"end":{"line":107,"column":78}},"110":{"start":{"line":108,"column":20},"end":{"line":108,"column":79}},"111":{"start":{"line":110,"column":16},"end":{"line":110,"column":191}},"112":{"start":{"line":110,"column":72},"end":{"line":110,"column":191}},"113":{"start":{"line":111,"column":16},"end":{"line":153,"column":17}},"114":{"start":{"line":113,"column":20},"end":{"line":113,"column":46}},"115":{"start":{"line":114,"column":20},"end":{"line":114,"column":53}},"116":{"start":{"line":115,"column":20},"end":{"line":115,"column":53}},"117":{"start":{"line":116,"column":20},"end":{"line":116,"column":50}},"118":{"start":{"line":117,"column":20},"end":{"line":152,"column":21}},"119":{"start":{"line":117,"column":33},"end":{"line":117,"column":34}},"120":{"start":{"line":119,"column":24},"end":{"line":119,"column":87}},"121":{"start":{"line":120,"column":24},"end":{"line":120,"column":89}},"122":{"start":{"line":120,"column":55},"end":{"line":120,"column":89}},"123":{"start":{"line":121,"column":24},"end":{"line":121,"column":61}},"124":{"start":{"line":122,"column":24},"end":{"line":151,"column":25}},"125":{"start":{"line":122,"column":36},"end":{"line":122,"column":83}},"126":{"start":{"line":123,"column":29},"end":{"line":151,"column":25}},"127":{"start":{"line":123,"column":41},"end":{"line":123,"column":90}},"128":{"start":{"line":124,"column":29},"end":{"line":151,"column":25}},"129":{"start":{"line":124,"column":41},"end":{"line":124,"column":85}},"130":{"start":{"line":126,"column":28},"end":{"line":126,"column":72}},"131":{"start":{"line":127,"column":28},"end":{"line":138,"column":29}},"132":{"start":{"line":128,"column":32},"end":{"line":128,"column":186}},"133":{"start":{"line":128,"column":45},"end":{"line":128,"column":186}},"134":{"start":{"line":129,"column":32},"end":{"line":129,"column":186}},"135":{"start":{"line":129,"column":45},"end":{"line":129,"column":186}},"136":{"start":{"line":130,"column":32},"end":{"line":130,"column":186}},"137":{"start":{"line":130,"column":45},"end":{"line":130,"column":186}},"138":{"start":{"line":131,"column":32},"end":{"line":131,"column":186}},"139":{"start":{"line":131,"column":45},"end":{"line":131,"column":186}},"140":{"start":{"line":132,"column":32},"end":{"line":132,"column":186}},"141":{"start":{"line":132,"column":45},"end":{"line":132,"column":186}},"142":{"start":{"line":133,"column":32},"end":{"line":133,"column":186}},"143":{"start":{"line":133,"column":45},"end":{"line":133,"column":186}},"144":{"start":{"line":134,"column":32},"end":{"line":134,"column":186}},"145":{"start":{"line":134,"column":45},"end":{"line":134,"column":186}},"146":{"start":{"line":135,"column":32},"end":{"line":135,"column":186}},"147":{"start":{"line":135,"column":45},"end":{"line":135,"column":186}},"148":{"start":{"line":136,"column":32},"end":{"line":136,"column":186}},"149":{"start":{"line":136,"column":45},"end":{"line":136,"column":186}},"150":{"start":{"line":137,"column":32},"end":{"line":137,"column":186}},"151":{"start":{"line":137,"column":45},"end":{"line":137,"column":186}},"152":{"start":{"line":139,"column":28},"end":{"line":150,"column":29}},"153":{"start":{"line":140,"column":32},"end":{"line":140,"column":186}},"154":{"start":{"line":140,"column":45},"end":{"line":140,"column":186}},"155":{"start":{"line":141,"column":32},"end":{"line":141,"column":186}},"156":{"start":{"line":141,"column":45},"end":{"line":141,"column":186}},"157":{"start":{"line":142,"column":32},"end":{"line":142,"column":186}},"158":{"start":{"line":142,"column":45},"end":{"line":142,"column":186}},"159":{"start":{"line":143,"column":32},"end":{"line":143,"column":186}},"160":{"start":{"line":143,"column":45},"end":{"line":143,"column":186}},"161":{"start":{"line":144,"column":32},"end":{"line":144,"column":186}},"162":{"start":{"line":144,"column":45},"end":{"line":144,"column":186}},"163":{"start":{"line":145,"column":32},"end":{"line":145,"column":186}},"164":{"start":{"line":145,"column":45},"end":{"line":145,"column":186}},"165":{"start":{"line":146,"column":32},"end":{"line":146,"column":186}},"166":{"start":{"line":146,"column":45},"end":{"line":146,"column":186}},"167":{"start":{"line":147,"column":32},"end":{"line":147,"column":186}},"168":{"start":{"line":147,"column":45},"end":{"line":147,"column":186}},"169":{"start":{"line":148,"column":32},"end":{"line":148,"column":186}},"170":{"start":{"line":148,"column":45},"end":{"line":148,"column":186}},"171":{"start":{"line":149,"column":32},"end":{"line":149,"column":186}},"172":{"start":{"line":149,"column":45},"end":{"line":149,"column":186}},"173":{"start":{"line":154,"column":16},"end":{"line":373,"column":17}},"174":{"start":{"line":156,"column":20},"end":{"line":156,"column":47}},"175":{"start":{"line":157,"column":20},"end":{"line":157,"column":53}},"176":{"start":{"line":158,"column":20},"end":{"line":158,"column":80}},"177":{"start":{"line":159,"column":20},"end":{"line":159,"column":98}},"178":{"start":{"line":160,"column":20},"end":{"line":160,"column":97}},"179":{"start":{"line":161,"column":20},"end":{"line":161,"column":84}},"180":{"start":{"line":162,"column":20},"end":{"line":162,"column":84}},"181":{"start":{"line":163,"column":20},"end":{"line":163,"column":84}},"182":{"start":{"line":164,"column":20},"end":{"line":164,"column":84}},"183":{"start":{"line":165,"column":20},"end":{"line":165,"column":84}},"184":{"start":{"line":166,"column":20},"end":{"line":166,"column":84}},"185":{"start":{"line":167,"column":20},"end":{"line":167,"column":84}},"186":{"start":{"line":168,"column":20},"end":{"line":168,"column":84}},"187":{"start":{"line":169,"column":20},"end":{"line":169,"column":84}},"188":{"start":{"line":170,"column":20},"end":{"line":170,"column":84}},"189":{"start":{"line":171,"column":20},"end":{"line":171,"column":39}},"190":{"start":{"line":172,"column":20},"end":{"line":172,"column":39}},"191":{"start":{"line":173,"column":20},"end":{"line":192,"column":21}},"192":{"start":{"line":175,"column":24},"end":{"line":182,"column":25}},"193":{"start":{"line":176,"column":28},"end":{"line":176,"column":81}},"194":{"start":{"line":177,"column":28},"end":{"line":177,"column":48}},"195":{"start":{"line":178,"column":28},"end":{"line":178,"column":80}},"196":{"start":{"line":179,"column":28},"end":{"line":179,"column":48}},"197":{"start":{"line":180,"column":28},"end":{"line":180,"column":82}},"198":{"start":{"line":181,"column":28},"end":{"line":181,"column":48}},"199":{"start":{"line":183,"column":24},"end":{"line":183,"column":65}},"200":{"start":{"line":184,"column":24},"end":{"line":184,"column":73}},"201":{"start":{"line":184,"column":58},"end":{"line":184,"column":73}},"202":{"start":{"line":185,"column":24},"end":{"line":190,"column":25}},"203":{"start":{"line":185,"column":36},"end":{"line":185,"column":37}},"204":{"start":{"line":187,"column":28},"end":{"line":187,"column":91}},"205":{"start":{"line":188,"column":28},"end":{"line":188,"column":93}},"206":{"start":{"line":188,"column":59},"end":{"line":188,"column":93}},"207":{"start":{"line":189,"column":28},"end":{"line":189,"column":81}},"208":{"start":{"line":191,"column":24},"end":{"line":191,"column":80}},"209":{"start":{"line":193,"column":20},"end":{"line":212,"column":21}},"210":{"start":{"line":195,"column":24},"end":{"line":202,"column":25}},"211":{"start":{"line":196,"column":28},"end":{"line":196,"column":81}},"212":{"start":{"line":197,"column":28},"end":{"line":197,"column":48}},"213":{"start":{"line":198,"column":28},"end":{"line":198,"column":80}},"214":{"start":{"line":199,"column":28},"end":{"line":199,"column":48}},"215":{"start":{"line":200,"column":28},"end":{"line":200,"column":82}},"216":{"start":{"line":201,"column":28},"end":{"line":201,"column":48}},"217":{"start":{"line":203,"column":24},"end":{"line":203,"column":65}},"218":{"start":{"line":204,"column":24},"end":{"line":204,"column":73}},"219":{"start":{"line":204,"column":58},"end":{"line":204,"column":73}},"220":{"start":{"line":205,"column":24},"end":{"line":210,"column":25}},"221":{"start":{"line":205,"column":37},"end":{"line":205,"column":38}},"222":{"start":{"line":207,"column":28},"end":{"line":207,"column":91}},"223":{"start":{"line":208,"column":28},"end":{"line":208,"column":93}},"224":{"start":{"line":208,"column":59},"end":{"line":208,"column":93}},"225":{"start":{"line":209,"column":28},"end":{"line":209,"column":81}},"226":{"start":{"line":211,"column":24},"end":{"line":211,"column":80}},"227":{"start":{"line":213,"column":20},"end":{"line":232,"column":21}},"228":{"start":{"line":215,"column":24},"end":{"line":222,"column":25}},"229":{"start":{"line":216,"column":28},"end":{"line":216,"column":81}},"230":{"start":{"line":217,"column":28},"end":{"line":217,"column":48}},"231":{"start":{"line":218,"column":28},"end":{"line":218,"column":80}},"232":{"start":{"line":219,"column":28},"end":{"line":219,"column":48}},"233":{"start":{"line":220,"column":28},"end":{"line":220,"column":82}},"234":{"start":{"line":221,"column":28},"end":{"line":221,"column":48}},"235":{"start":{"line":223,"column":24},"end":{"line":223,"column":65}},"236":{"start":{"line":224,"column":24},"end":{"line":224,"column":73}},"237":{"start":{"line":224,"column":58},"end":{"line":224,"column":73}},"238":{"start":{"line":225,"column":24},"end":{"line":230,"column":25}},"239":{"start":{"line":225,"column":37},"end":{"line":225,"column":38}},"240":{"start":{"line":227,"column":28},"end":{"line":227,"column":91}},"241":{"start":{"line":228,"column":28},"end":{"line":228,"column":93}},"242":{"start":{"line":228,"column":59},"end":{"line":228,"column":93}},"243":{"start":{"line":229,"column":28},"end":{"line":229,"column":81}},"244":{"start":{"line":231,"column":24},"end":{"line":231,"column":80}},"245":{"start":{"line":233,"column":20},"end":{"line":252,"column":21}},"246":{"start":{"line":235,"column":24},"end":{"line":242,"column":25}},"247":{"start":{"line":236,"column":28},"end":{"line":236,"column":81}},"248":{"start":{"line":237,"column":28},"end":{"line":237,"column":48}},"249":{"start":{"line":238,"column":28},"end":{"line":238,"column":80}},"250":{"start":{"line":239,"column":28},"end":{"line":239,"column":48}},"251":{"start":{"line":240,"column":28},"end":{"line":240,"column":82}},"252":{"start":{"line":241,"column":28},"end":{"line":241,"column":48}},"253":{"start":{"line":243,"column":24},"end":{"line":243,"column":65}},"254":{"start":{"line":244,"column":24},"end":{"line":244,"column":73}},"255":{"start":{"line":244,"column":58},"end":{"line":244,"column":73}},"256":{"start":{"line":245,"column":24},"end":{"line":250,"column":25}},"257":{"start":{"line":245,"column":37},"end":{"line":245,"column":38}},"258":{"start":{"line":247,"column":28},"end":{"line":247,"column":91}},"259":{"start":{"line":248,"column":28},"end":{"line":248,"column":93}},"260":{"start":{"line":248,"column":59},"end":{"line":248,"column":93}},"261":{"start":{"line":249,"column":28},"end":{"line":249,"column":81}},"262":{"start":{"line":251,"column":24},"end":{"line":251,"column":80}},"263":{"start":{"line":253,"column":20},"end":{"line":272,"column":21}},"264":{"start":{"line":255,"column":24},"end":{"line":262,"column":25}},"265":{"start":{"line":256,"column":28},"end":{"line":256,"column":81}},"266":{"start":{"line":257,"column":28},"end":{"line":257,"column":48}},"267":{"start":{"line":258,"column":28},"end":{"line":258,"column":80}},"268":{"start":{"line":259,"column":28},"end":{"line":259,"column":48}},"269":{"start":{"line":260,"column":28},"end":{"line":260,"column":82}},"270":{"start":{"line":261,"column":28},"end":{"line":261,"column":48}},"271":{"start":{"line":263,"column":24},"end":{"line":263,"column":65}},"272":{"start":{"line":264,"column":24},"end":{"line":264,"column":73}},"273":{"start":{"line":264,"column":58},"end":{"line":264,"column":73}},"274":{"start":{"line":265,"column":24},"end":{"line":270,"column":25}},"275":{"start":{"line":265,"column":37},"end":{"line":265,"column":38}},"276":{"start":{"line":267,"column":28},"end":{"line":267,"column":91}},"277":{"start":{"line":268,"column":28},"end":{"line":268,"column":93}},"278":{"start":{"line":268,"column":59},"end":{"line":268,"column":93}},"279":{"start":{"line":269,"column":28},"end":{"line":269,"column":81}},"280":{"start":{"line":271,"column":24},"end":{"line":271,"column":80}},"281":{"start":{"line":273,"column":20},"end":{"line":292,"column":21}},"282":{"start":{"line":275,"column":24},"end":{"line":282,"column":25}},"283":{"start":{"line":276,"column":28},"end":{"line":276,"column":81}},"284":{"start":{"line":277,"column":28},"end":{"line":277,"column":48}},"285":{"start":{"line":278,"column":28},"end":{"line":278,"column":80}},"286":{"start":{"line":279,"column":28},"end":{"line":279,"column":48}},"287":{"start":{"line":280,"column":28},"end":{"line":280,"column":82}},"288":{"start":{"line":281,"column":28},"end":{"line":281,"column":48}},"289":{"start":{"line":283,"column":24},"end":{"line":283,"column":65}},"290":{"start":{"line":284,"column":24},"end":{"line":284,"column":73}},"291":{"start":{"line":284,"column":58},"end":{"line":284,"column":73}},"292":{"start":{"line":285,"column":24},"end":{"line":290,"column":25}},"293":{"start":{"line":285,"column":37},"end":{"line":285,"column":38}},"294":{"start":{"line":287,"column":28},"end":{"line":287,"column":91}},"295":{"start":{"line":288,"column":28},"end":{"line":288,"column":93}},"296":{"start":{"line":288,"column":59},"end":{"line":288,"column":93}},"297":{"start":{"line":289,"column":28},"end":{"line":289,"column":81}},"298":{"start":{"line":291,"column":24},"end":{"line":291,"column":80}},"299":{"start":{"line":293,"column":20},"end":{"line":312,"column":21}},"300":{"start":{"line":295,"column":24},"end":{"line":302,"column":25}},"301":{"start":{"line":296,"column":28},"end":{"line":296,"column":81}},"302":{"start":{"line":297,"column":28},"end":{"line":297,"column":48}},"303":{"start":{"line":298,"column":28},"end":{"line":298,"column":80}},"304":{"start":{"line":299,"column":28},"end":{"line":299,"column":48}},"305":{"start":{"line":300,"column":28},"end":{"line":300,"column":82}},"306":{"start":{"line":301,"column":28},"end":{"line":301,"column":48}},"307":{"start":{"line":303,"column":24},"end":{"line":303,"column":65}},"308":{"start":{"line":304,"column":24},"end":{"line":304,"column":73}},"309":{"start":{"line":304,"column":58},"end":{"line":304,"column":73}},"310":{"start":{"line":305,"column":24},"end":{"line":310,"column":25}},"311":{"start":{"line":305,"column":37},"end":{"line":305,"column":38}},"312":{"start":{"line":307,"column":28},"end":{"line":307,"column":91}},"313":{"start":{"line":308,"column":28},"end":{"line":308,"column":93}},"314":{"start":{"line":308,"column":59},"end":{"line":308,"column":93}},"315":{"start":{"line":309,"column":28},"end":{"line":309,"column":81}},"316":{"start":{"line":311,"column":24},"end":{"line":311,"column":80}},"317":{"start":{"line":313,"column":20},"end":{"line":332,"column":21}},"318":{"start":{"line":315,"column":24},"end":{"line":322,"column":25}},"319":{"start":{"line":316,"column":28},"end":{"line":316,"column":81}},"320":{"start":{"line":317,"column":28},"end":{"line":317,"column":48}},"321":{"start":{"line":318,"column":28},"end":{"line":318,"column":80}},"322":{"start":{"line":319,"column":28},"end":{"line":319,"column":48}},"323":{"start":{"line":320,"column":28},"end":{"line":320,"column":82}},"324":{"start":{"line":321,"column":28},"end":{"line":321,"column":48}},"325":{"start":{"line":323,"column":24},"end":{"line":323,"column":65}},"326":{"start":{"line":324,"column":24},"end":{"line":324,"column":73}},"327":{"start":{"line":324,"column":58},"end":{"line":324,"column":73}},"328":{"start":{"line":325,"column":24},"end":{"line":330,"column":25}},"329":{"start":{"line":325,"column":37},"end":{"line":325,"column":38}},"330":{"start":{"line":327,"column":28},"end":{"line":327,"column":91}},"331":{"start":{"line":328,"column":28},"end":{"line":328,"column":93}},"332":{"start":{"line":328,"column":59},"end":{"line":328,"column":93}},"333":{"start":{"line":329,"column":28},"end":{"line":329,"column":81}},"334":{"start":{"line":331,"column":24},"end":{"line":331,"column":80}},"335":{"start":{"line":333,"column":20},"end":{"line":352,"column":21}},"336":{"start":{"line":335,"column":24},"end":{"line":342,"column":25}},"337":{"start":{"line":336,"column":28},"end":{"line":336,"column":81}},"338":{"start":{"line":337,"column":28},"end":{"line":337,"column":48}},"339":{"start":{"line":338,"column":28},"end":{"line":338,"column":80}},"340":{"start":{"line":339,"column":28},"end":{"line":339,"column":48}},"341":{"start":{"line":340,"column":28},"end":{"line":340,"column":82}},"342":{"start":{"line":341,"column":28},"end":{"line":341,"column":48}},"343":{"start":{"line":343,"column":24},"end":{"line":343,"column":65}},"344":{"start":{"line":344,"column":24},"end":{"line":344,"column":73}},"345":{"start":{"line":344,"column":58},"end":{"line":344,"column":73}},"346":{"start":{"line":345,"column":24},"end":{"line":350,"column":25}},"347":{"start":{"line":345,"column":37},"end":{"line":345,"column":38}},"348":{"start":{"line":347,"column":28},"end":{"line":347,"column":91}},"349":{"start":{"line":348,"column":28},"end":{"line":348,"column":93}},"350":{"start":{"line":348,"column":59},"end":{"line":348,"column":93}},"351":{"start":{"line":349,"column":28},"end":{"line":349,"column":81}},"352":{"start":{"line":351,"column":24},"end":{"line":351,"column":80}},"353":{"start":{"line":353,"column":20},"end":{"line":372,"column":21}},"354":{"start":{"line":355,"column":24},"end":{"line":362,"column":25}},"355":{"start":{"line":356,"column":28},"end":{"line":356,"column":81}},"356":{"start":{"line":357,"column":28},"end":{"line":357,"column":48}},"357":{"start":{"line":358,"column":28},"end":{"line":358,"column":80}},"358":{"start":{"line":359,"column":28},"end":{"line":359,"column":48}},"359":{"start":{"line":360,"column":28},"end":{"line":360,"column":82}},"360":{"start":{"line":361,"column":28},"end":{"line":361,"column":48}},"361":{"start":{"line":363,"column":24},"end":{"line":363,"column":65}},"362":{"start":{"line":364,"column":24},"end":{"line":364,"column":73}},"363":{"start":{"line":364,"column":58},"end":{"line":364,"column":73}},"364":{"start":{"line":365,"column":24},"end":{"line":370,"column":25}},"365":{"start":{"line":365,"column":37},"end":{"line":365,"column":38}},"366":{"start":{"line":367,"column":28},"end":{"line":367,"column":91}},"367":{"start":{"line":368,"column":28},"end":{"line":368,"column":93}},"368":{"start":{"line":368,"column":59},"end":{"line":368,"column":93}},"369":{"start":{"line":369,"column":28},"end":{"line":369,"column":81}},"370":{"start":{"line":371,"column":24},"end":{"line":371,"column":80}},"371":{"start":{"line":374,"column":16},"end":{"line":380,"column":17}},"372":{"start":{"line":375,"column":20},"end":{"line":375,"column":122}},"373":{"start":{"line":376,"column":20},"end":{"line":376,"column":126}},"374":{"start":{"line":377,"column":20},"end":{"line":377,"column":82}},"375":{"start":{"line":378,"column":20},"end":{"line":378,"column":98}},"376":{"start":{"line":379,"column":20},"end":{"line":379,"column":103}},"377":{"start":{"line":381,"column":16},"end":{"line":386,"column":17}},"378":{"start":{"line":382,"column":20},"end":{"line":383,"column":64}},"379":{"start":{"line":383,"column":24},"end":{"line":383,"column":64}},"380":{"start":{"line":384,"column":20},"end":{"line":385,"column":66}},"381":{"start":{"line":385,"column":24},"end":{"line":385,"column":66}},"382":{"start":{"line":387,"column":16},"end":{"line":389,"column":17}},"383":{"start":{"line":388,"column":20},"end":{"line":388,"column":57}},"384":{"start":{"line":390,"column":16},"end":{"line":393,"column":17}},"385":{"start":{"line":391,"column":20},"end":{"line":391,"column":88}},"386":{"start":{"line":392,"column":20},"end":{"line":392,"column":84}},"387":{"start":{"line":394,"column":16},"end":{"line":401,"column":17}},"388":{"start":{"line":395,"column":20},"end":{"line":395,"column":39}},"389":{"start":{"line":396,"column":20},"end":{"line":396,"column":156}},"390":{"start":{"line":396,"column":58},"end":{"line":396,"column":139}},"391":{"start":{"line":396,"column":139},"end":{"line":396,"column":155}},"392":{"start":{"line":397,"column":20},"end":{"line":397,"column":160}},"393":{"start":{"line":397,"column":58},"end":{"line":397,"column":143}},"394":{"start":{"line":397,"column":143},"end":{"line":397,"column":159}},"395":{"start":{"line":398,"column":20},"end":{"line":398,"column":158}},"396":{"start":{"line":398,"column":58},"end":{"line":398,"column":141}},"397":{"start":{"line":398,"column":141},"end":{"line":398,"column":157}},"398":{"start":{"line":399,"column":20},"end":{"line":399,"column":156}},"399":{"start":{"line":399,"column":58},"end":{"line":399,"column":139}},"400":{"start":{"line":399,"column":139},"end":{"line":399,"column":155}},"401":{"start":{"line":400,"column":20},"end":{"line":400,"column":154}},"402":{"start":{"line":400,"column":58},"end":{"line":400,"column":137}},"403":{"start":{"line":400,"column":137},"end":{"line":400,"column":153}},"404":{"start":{"line":402,"column":16},"end":{"line":419,"column":17}},"405":{"start":{"line":403,"column":20},"end":{"line":403,"column":35}},"406":{"start":{"line":404,"column":20},"end":{"line":404,"column":166}},"407":{"start":{"line":405,"column":20},"end":{"line":405,"column":40}},"408":{"start":{"line":406,"column":20},"end":{"line":406,"column":166}},"409":{"start":{"line":407,"column":20},"end":{"line":407,"column":40}},"410":{"start":{"line":408,"column":20},"end":{"line":408,"column":168}},"411":{"start":{"line":409,"column":20},"end":{"line":409,"column":40}},"412":{"start":{"line":410,"column":20},"end":{"line":410,"column":168}},"413":{"start":{"line":411,"column":20},"end":{"line":411,"column":40}},"414":{"start":{"line":412,"column":20},"end":{"line":412,"column":160}},"415":{"start":{"line":413,"column":20},"end":{"line":413,"column":40}},"416":{"start":{"line":414,"column":20},"end":{"line":414,"column":160}},"417":{"start":{"line":415,"column":20},"end":{"line":415,"column":40}},"418":{"start":{"line":416,"column":20},"end":{"line":416,"column":162}},"419":{"start":{"line":417,"column":20},"end":{"line":417,"column":40}},"420":{"start":{"line":418,"column":20},"end":{"line":418,"column":162}},"421":{"start":{"line":420,"column":16},"end":{"line":438,"column":17}},"422":{"start":{"line":421,"column":20},"end":{"line":421,"column":161}},"423":{"start":{"line":422,"column":20},"end":{"line":422,"column":163}},"424":{"start":{"line":423,"column":20},"end":{"line":423,"column":164}},"425":{"start":{"line":424,"column":20},"end":{"line":424,"column":167}},"426":{"start":{"line":425,"column":20},"end":{"line":425,"column":165}},"427":{"start":{"line":426,"column":20},"end":{"line":426,"column":167}},"428":{"start":{"line":427,"column":20},"end":{"line":427,"column":167}},"429":{"start":{"line":428,"column":20},"end":{"line":428,"column":169}},"430":{"start":{"line":429,"column":23},"end":{"line":438,"column":17}},"431":{"start":{"line":430,"column":20},"end":{"line":430,"column":160}},"432":{"start":{"line":431,"column":20},"end":{"line":431,"column":162}},"433":{"start":{"line":432,"column":20},"end":{"line":432,"column":162}},"434":{"start":{"line":433,"column":20},"end":{"line":433,"column":165}},"435":{"start":{"line":434,"column":20},"end":{"line":434,"column":163}},"436":{"start":{"line":435,"column":20},"end":{"line":435,"column":165}},"437":{"start":{"line":436,"column":20},"end":{"line":436,"column":165}},"438":{"start":{"line":437,"column":20},"end":{"line":437,"column":167}},"439":{"start":{"line":439,"column":16},"end":{"line":446,"column":17}},"440":{"start":{"line":440,"column":20},"end":{"line":440,"column":35}},"441":{"start":{"line":441,"column":20},"end":{"line":441,"column":92}},"442":{"start":{"line":442,"column":20},"end":{"line":442,"column":40}},"443":{"start":{"line":443,"column":20},"end":{"line":443,"column":92}},"444":{"start":{"line":444,"column":20},"end":{"line":444,"column":40}},"445":{"start":{"line":445,"column":20},"end":{"line":445,"column":96}},"446":{"start":{"line":447,"column":16},"end":{"line":457,"column":17}},"447":{"start":{"line":448,"column":20},"end":{"line":448,"column":89}},"448":{"start":{"line":449,"column":20},"end":{"line":449,"column":89}},"449":{"start":{"line":450,"column":20},"end":{"line":450,"column":87}},"450":{"start":{"line":451,"column":20},"end":{"line":451,"column":89}},"451":{"start":{"line":452,"column":20},"end":{"line":452,"column":90}},"452":{"start":{"line":453,"column":20},"end":{"line":453,"column":89}},"453":{"start":{"line":454,"column":20},"end":{"line":454,"column":91}},"454":{"start":{"line":455,"column":20},"end":{"line":455,"column":91}},"455":{"start":{"line":456,"column":20},"end":{"line":456,"column":89}},"456":{"start":{"line":458,"column":16},"end":{"line":458,"column":134}},"457":{"start":{"line":458,"column":71},"end":{"line":458,"column":134}},"458":{"start":{"line":459,"column":16},"end":{"line":459,"column":132}},"459":{"start":{"line":459,"column":71},"end":{"line":459,"column":132}},"460":{"start":{"line":460,"column":16},"end":{"line":460,"column":142}},"461":{"start":{"line":460,"column":71},"end":{"line":460,"column":142}},"462":{"start":{"line":461,"column":16},"end":{"line":461,"column":113}},"463":{"start":{"line":461,"column":71},"end":{"line":461,"column":113}},"464":{"start":{"line":462,"column":16},"end":{"line":485,"column":17}},"465":{"start":{"line":463,"column":20},"end":{"line":463,"column":35}},"466":{"start":{"line":464,"column":20},"end":{"line":464,"column":119}},"467":{"start":{"line":465,"column":20},"end":{"line":465,"column":40}},"468":{"start":{"line":466,"column":20},"end":{"line":466,"column":123}},"469":{"start":{"line":467,"column":20},"end":{"line":467,"column":40}},"470":{"start":{"line":468,"column":20},"end":{"line":468,"column":123}},"471":{"start":{"line":469,"column":20},"end":{"line":469,"column":40}},"472":{"start":{"line":470,"column":20},"end":{"line":470,"column":102}},"473":{"start":{"line":471,"column":20},"end":{"line":471,"column":40}},"474":{"start":{"line":472,"column":20},"end":{"line":472,"column":107}},"475":{"start":{"line":473,"column":20},"end":{"line":473,"column":40}},"476":{"start":{"line":474,"column":20},"end":{"line":474,"column":107}},"477":{"start":{"line":475,"column":20},"end":{"line":475,"column":40}},"478":{"start":{"line":476,"column":20},"end":{"line":476,"column":104}},"479":{"start":{"line":477,"column":20},"end":{"line":477,"column":40}},"480":{"start":{"line":478,"column":20},"end":{"line":478,"column":107}},"481":{"start":{"line":479,"column":20},"end":{"line":479,"column":40}},"482":{"start":{"line":480,"column":20},"end":{"line":480,"column":107}},"483":{"start":{"line":481,"column":20},"end":{"line":481,"column":40}},"484":{"start":{"line":482,"column":20},"end":{"line":482,"column":106}},"485":{"start":{"line":483,"column":20},"end":{"line":483,"column":40}},"486":{"start":{"line":484,"column":20},"end":{"line":484,"column":105}},"487":{"start":{"line":486,"column":16},"end":{"line":535,"column":17}},"488":{"start":{"line":487,"column":20},"end":{"line":487,"column":32}},"489":{"start":{"line":488,"column":20},"end":{"line":534,"column":21}},"490":{"start":{"line":489,"column":24},"end":{"line":489,"column":51}},"491":{"start":{"line":490,"column":24},"end":{"line":490,"column":69}},"492":{"start":{"line":490,"column":70},"end":{"line":490,"column":75}},"493":{"start":{"line":491,"column":24},"end":{"line":491,"column":71}},"494":{"start":{"line":491,"column":72},"end":{"line":491,"column":77}},"495":{"start":{"line":492,"column":24},"end":{"line":492,"column":71}},"496":{"start":{"line":492,"column":72},"end":{"line":492,"column":77}},"497":{"start":{"line":493,"column":24},"end":{"line":493,"column":65}},"498":{"start":{"line":493,"column":66},"end":{"line":493,"column":71}},"499":{"start":{"line":494,"column":24},"end":{"line":494,"column":71}},"500":{"start":{"line":494,"column":72},"end":{"line":494,"column":77}},"501":{"start":{"line":495,"column":24},"end":{"line":495,"column":71}},"502":{"start":{"line":495,"column":72},"end":{"line":495,"column":77}},"503":{"start":{"line":496,"column":24},"end":{"line":496,"column":65}},"504":{"start":{"line":496,"column":66},"end":{"line":496,"column":71}},"505":{"start":{"line":497,"column":24},"end":{"line":497,"column":71}},"506":{"start":{"line":497,"column":72},"end":{"line":497,"column":77}},"507":{"start":{"line":498,"column":24},"end":{"line":498,"column":71}},"508":{"start":{"line":498,"column":72},"end":{"line":498,"column":77}},"509":{"start":{"line":499,"column":24},"end":{"line":499,"column":65}},"510":{"start":{"line":500,"column":27},"end":{"line":534,"column":21}},"511":{"start":{"line":501,"column":24},"end":{"line":501,"column":116}},"512":{"start":{"line":502,"column":24},"end":{"line":502,"column":51}},"513":{"start":{"line":503,"column":24},"end":{"line":503,"column":66}},"514":{"start":{"line":503,"column":67},"end":{"line":503,"column":72}},"515":{"start":{"line":504,"column":24},"end":{"line":504,"column":72}},"516":{"start":{"line":504,"column":73},"end":{"line":504,"column":78}},"517":{"start":{"line":505,"column":24},"end":{"line":505,"column":72}},"518":{"start":{"line":505,"column":73},"end":{"line":505,"column":78}},"519":{"start":{"line":506,"column":24},"end":{"line":506,"column":66}},"520":{"start":{"line":506,"column":67},"end":{"line":506,"column":72}},"521":{"start":{"line":507,"column":24},"end":{"line":507,"column":72}},"522":{"start":{"line":507,"column":73},"end":{"line":507,"column":78}},"523":{"start":{"line":508,"column":24},"end":{"line":508,"column":72}},"524":{"start":{"line":508,"column":73},"end":{"line":508,"column":78}},"525":{"start":{"line":509,"column":24},"end":{"line":509,"column":66}},"526":{"start":{"line":509,"column":67},"end":{"line":509,"column":72}},"527":{"start":{"line":510,"column":24},"end":{"line":510,"column":72}},"528":{"start":{"line":510,"column":73},"end":{"line":510,"column":78}},"529":{"start":{"line":511,"column":24},"end":{"line":511,"column":72}},"530":{"start":{"line":511,"column":73},"end":{"line":511,"column":78}},"531":{"start":{"line":512,"column":24},"end":{"line":512,"column":66}},"532":{"start":{"line":512,"column":67},"end":{"line":512,"column":72}},"533":{"start":{"line":513,"column":27},"end":{"line":534,"column":21}},"534":{"start":{"line":514,"column":24},"end":{"line":514,"column":53}},"535":{"start":{"line":515,"column":24},"end":{"line":515,"column":79}},"536":{"start":{"line":515,"column":80},"end":{"line":515,"column":85}},"537":{"start":{"line":516,"column":24},"end":{"line":516,"column":79}},"538":{"start":{"line":516,"column":80},"end":{"line":516,"column":85}},"539":{"start":{"line":517,"column":24},"end":{"line":517,"column":60}},"540":{"start":{"line":517,"column":61},"end":{"line":517,"column":66}},"541":{"start":{"line":518,"column":24},"end":{"line":518,"column":77}},"542":{"start":{"line":518,"column":44},"end":{"line":518,"column":77}},"543":{"start":{"line":519,"column":24},"end":{"line":519,"column":106}},"544":{"start":{"line":520,"column":24},"end":{"line":520,"column":74}},"545":{"start":{"line":520,"column":75},"end":{"line":520,"column":80}},"546":{"start":{"line":521,"column":24},"end":{"line":521,"column":80}},"547":{"start":{"line":521,"column":81},"end":{"line":521,"column":86}},"548":{"start":{"line":522,"column":24},"end":{"line":522,"column":80}},"549":{"start":{"line":522,"column":81},"end":{"line":522,"column":86}},"550":{"start":{"line":523,"column":24},"end":{"line":523,"column":80}},"551":{"start":{"line":523,"column":81},"end":{"line":523,"column":86}},"552":{"start":{"line":524,"column":24},"end":{"line":524,"column":74}},"553":{"start":{"line":524,"column":75},"end":{"line":524,"column":80}},"554":{"start":{"line":525,"column":24},"end":{"line":525,"column":74}},"555":{"start":{"line":525,"column":75},"end":{"line":525,"column":80}},"556":{"start":{"line":526,"column":24},"end":{"line":526,"column":78}},"557":{"start":{"line":526,"column":79},"end":{"line":526,"column":84}},"558":{"start":{"line":527,"column":24},"end":{"line":527,"column":73}},"559":{"start":{"line":527,"column":74},"end":{"line":527,"column":79}},"560":{"start":{"line":528,"column":24},"end":{"line":528,"column":73}},"561":{"start":{"line":528,"column":74},"end":{"line":528,"column":79}},"562":{"start":{"line":529,"column":24},"end":{"line":529,"column":66}},"563":{"start":{"line":530,"column":24},"end":{"line":530,"column":83}},"564":{"start":{"line":531,"column":24},"end":{"line":531,"column":83}},"565":{"start":{"line":532,"column":24},"end":{"line":532,"column":83}},"566":{"start":{"line":533,"column":24},"end":{"line":533,"column":83}},"567":{"start":{"line":537,"column":12},"end":{"line":541,"column":13}},"568":{"start":{"line":538,"column":16},"end":{"line":538,"column":53}},"569":{"start":{"line":538,"column":53},"end":{"line":538,"column":111}},"570":{"start":{"line":539,"column":16},"end":{"line":539,"column":52}},"571":{"start":{"line":540,"column":16},"end":{"line":540,"column":51}},"572":{"start":{"line":542,"column":12},"end":{"line":552,"column":13}},"573":{"start":{"line":543,"column":16},"end":{"line":543,"column":53}},"574":{"start":{"line":543,"column":53},"end":{"line":543,"column":111}},"575":{"start":{"line":544,"column":16},"end":{"line":544,"column":52}},"576":{"start":{"line":545,"column":16},"end":{"line":545,"column":51}},"577":{"start":{"line":546,"column":16},"end":{"line":546,"column":59}},"578":{"start":{"line":547,"column":16},"end":{"line":547,"column":42}},"579":{"start":{"line":548,"column":16},"end":{"line":548,"column":251}},"580":{"start":{"line":548,"column":49},"end":{"line":548,"column":109}},"581":{"start":{"line":548,"column":109},"end":{"line":548,"column":149}},"582":{"start":{"line":548,"column":157},"end":{"line":548,"column":210}},"583":{"start":{"line":548,"column":210},"end":{"line":548,"column":250}},"584":{"start":{"line":549,"column":16},"end":{"line":549,"column":42}},"585":{"start":{"line":550,"column":16},"end":{"line":550,"column":254}},"586":{"start":{"line":550,"column":50},"end":{"line":550,"column":111}},"587":{"start":{"line":550,"column":111},"end":{"line":550,"column":151}},"588":{"start":{"line":550,"column":159},"end":{"line":550,"column":213}},"589":{"start":{"line":550,"column":213},"end":{"line":550,"column":253}},"590":{"start":{"line":551,"column":16},"end":{"line":551,"column":43}},"591":{"start":{"line":556,"column":12},"end":{"line":556,"column":31}},"592":{"start":{"line":557,"column":12},"end":{"line":557,"column":43}},"593":{"start":{"line":560,"column":4},"end":{"line":560,"column":19}},"594":{"start":{"line":563,"column":18},"end":{"line":563,"column":20}},"595":{"start":{"line":564,"column":16},"end":{"line":564,"column":27}},"596":{"start":{"line":565,"column":18},"end":{"line":565,"column":45}},"597":{"start":{"line":566,"column":4},"end":{"line":570,"column":5}},"598":{"start":{"line":567,"column":8},"end":{"line":569,"column":9}},"599":{"start":{"line":568,"column":12},"end":{"line":568,"column":53}},"600":{"start":{"line":571,"column":4},"end":{"line":608,"column":5}},"601":{"start":{"line":572,"column":8},"end":{"line":578,"column":9}},"602":{"start":{"line":580,"column":9},"end":{"line":608,"column":5}},"603":{"start":{"line":581,"column":8},"end":{"line":587,"column":9}},"604":{"start":{"line":589,"column":9},"end":{"line":608,"column":5}},"605":{"start":{"line":590,"column":8},"end":{"line":607,"column":9}},"606":{"start":{"line":591,"column":12},"end":{"line":597,"column":13}},"607":{"start":{"line":600,"column":12},"end":{"line":606,"column":13}},"608":{"start":{"line":609,"column":4},"end":{"line":634,"column":5}},"609":{"start":{"line":610,"column":8},"end":{"line":633,"column":9}},"610":{"start":{"line":611,"column":25},"end":{"line":611,"column":51}},"611":{"start":{"line":612,"column":27},"end":{"line":612,"column":55}},"612":{"start":{"line":613,"column":23},"end":{"line":613,"column":60}},"613":{"start":{"line":614,"column":12},"end":{"line":621,"column":13}},"614":{"start":{"line":624,"column":27},"end":{"line":624,"column":55}},"615":{"start":{"line":625,"column":12},"end":{"line":632,"column":13}},"616":{"start":{"line":635,"column":4},"end":{"line":638,"column":5}},"617":{"start":{"line":640,"column":15},"end":{"line":640,"column":16}},"618":{"start":{"line":641,"column":12},"end":{"line":641,"column":13}},"619":{"start":{"line":642,"column":12},"end":{"line":642,"column":13}},"620":{"start":{"line":643,"column":12},"end":{"line":643,"column":13}},"621":{"start":{"line":644,"column":12},"end":{"line":644,"column":13}},"622":{"start":{"line":645,"column":12},"end":{"line":645,"column":13}},"623":{"start":{"line":646,"column":13},"end":{"line":646,"column":14}},"624":{"start":{"line":647,"column":13},"end":{"line":647,"column":14}},"625":{"start":{"line":648,"column":13},"end":{"line":648,"column":14}},"626":{"start":{"line":649,"column":13},"end":{"line":649,"column":14}},"627":{"start":{"line":650,"column":13},"end":{"line":650,"column":15}},"628":{"start":{"line":651,"column":13},"end":{"line":651,"column":15}},"629":{"start":{"line":652,"column":12},"end":{"line":652,"column":14}},"630":{"start":{"line":653,"column":9},"end":{"line":653,"column":11}},"631":{"start":{"line":654,"column":0},"end":{"line":654,"column":17}},"632":{"start":{"line":655,"column":0},"end":{"line":655,"column":14}},"633":{"start":{"line":656,"column":0},"end":{"line":656,"column":14}},"634":{"start":{"line":657,"column":0},"end":{"line":657,"column":14}},"635":{"start":{"line":658,"column":0},"end":{"line":658,"column":14}},"636":{"start":{"line":659,"column":0},"end":{"line":659,"column":14}},"637":{"start":{"line":660,"column":0},"end":{"line":660,"column":16}},"638":{"start":{"line":661,"column":0},"end":{"line":661,"column":16}},"639":{"start":{"line":662,"column":0},"end":{"line":662,"column":16}},"640":{"start":{"line":663,"column":0},"end":{"line":663,"column":16}},"641":{"start":{"line":664,"column":0},"end":{"line":664,"column":16}},"642":{"start":{"line":665,"column":0},"end":{"line":665,"column":16}},"643":{"start":{"line":666,"column":0},"end":{"line":666,"column":15}},"644":{"start":{"line":667,"column":30},"end":{"line":667,"column":32}},"645":{"start":{"line":668,"column":23},"end":{"line":668,"column":25}},"646":{"start":{"line":669,"column":11},"end":{"line":724,"column":1}},"647":{"start":{"line":725,"column":0},"end":{"line":729,"column":6}},"648":{"start":{"line":726,"column":8},"end":{"line":726,"column":33}},"649":{"start":{"line":726,"column":22},"end":{"line":726,"column":33}},"650":{"start":{"line":727,"column":8},"end":{"line":727,"column":40}},"651":{"start":{"line":727,"column":19},"end":{"line":727,"column":40}},"652":{"start":{"line":728,"column":8},"end":{"line":728,"column":28}},"653":{"start":{"line":731,"column":14},"end":{"line":731,"column":26}},"654":{"start":{"line":732,"column":17},"end":{"line":732,"column":56}},"655":{"start":{"line":733,"column":15},"end":{"line":733,"column":56}},"656":{"start":{"line":734,"column":4},"end":{"line":734,"column":55}},"657":{"start":{"line":735,"column":4},"end":{"line":735,"column":35}},"658":{"start":{"line":736,"column":15},"end":{"line":736,"column":67}},"659":{"start":{"line":737,"column":25},"end":{"line":737,"column":44}},"660":{"start":{"line":738,"column":36},"end":{"line":738,"column":66}},"661":{"start":{"line":739,"column":4},"end":{"line":741,"column":5}},"662":{"start":{"line":740,"column":8},"end":{"line":740,"column":125}},"663":{"start":{"line":742,"column":4},"end":{"line":742,"column":86}},"664":{"start":{"line":743,"column":4},"end":{"line":743,"column":73}},"665":{"start":{"line":746,"column":17},"end":{"line":746,"column":19}},"666":{"start":{"line":747,"column":12},"end":{"line":747,"column":13}},"667":{"start":{"line":748,"column":4},"end":{"line":755,"column":5}},"668":{"start":{"line":749,"column":8},"end":{"line":753,"column":11}},"669":{"start":{"line":754,"column":8},"end":{"line":754,"column":15}},"670":{"start":{"line":756,"column":4},"end":{"line":759,"column":6}},"671":{"start":{"line":763,"column":29},"end":{"line":763,"column":34}},"672":{"start":{"line":764,"column":17},"end":{"line":764,"column":28}},"673":{"start":{"line":765,"column":8},"end":{"line":767,"column":9}},"674":{"start":{"line":766,"column":12},"end":{"line":766,"column":76}},"675":{"start":{"line":768,"column":24},"end":{"line":768,"column":25}},"676":{"start":{"line":769,"column":22},"end":{"line":769,"column":23}},"677":{"start":{"line":770,"column":8},"end":{"line":777,"column":9}},"678":{"start":{"line":771,"column":12},"end":{"line":773,"column":13}},"679":{"start":{"line":772,"column":16},"end":{"line":772,"column":49}},"680":{"start":{"line":774,"column":12},"end":{"line":774,"column":22}},"681":{"start":{"line":775,"column":12},"end":{"line":775,"column":24}},"682":{"start":{"line":776,"column":12},"end":{"line":776,"column":29}},"683":{"start":{"line":778,"column":8},"end":{"line":778,"column":23}},"684":{"start":{"line":780,"column":4},"end":{"line":836,"column":5}},"685":{"start":{"line":784,"column":25},"end":{"line":784,"column":54}},"686":{"start":{"line":785,"column":33},"end":{"line":785,"column":43}},"687":{"start":{"line":786,"column":12},"end":{"line":786,"column":33}},"688":{"start":{"line":787,"column":12},"end":{"line":789,"column":13}},"689":{"start":{"line":788,"column":16},"end":{"line":788,"column":62}},"690":{"start":{"line":790,"column":22},"end":{"line":790,"column":23}},"691":{"start":{"line":791,"column":25},"end":{"line":791,"column":57}},"692":{"start":{"line":792,"column":32},"end":{"line":792,"column":42}},"693":{"start":{"line":793,"column":12},"end":{"line":795,"column":13}},"694":{"start":{"line":794,"column":16},"end":{"line":794,"column":34}},"695":{"start":{"line":796,"column":12},"end":{"line":809,"column":13}},"696":{"start":{"line":797,"column":32},"end":{"line":797,"column":33}},"697":{"start":{"line":798,"column":16},"end":{"line":806,"column":17}},"698":{"start":{"line":799,"column":30},"end":{"line":799,"column":49}},"699":{"start":{"line":800,"column":20},"end":{"line":802,"column":21}},"700":{"start":{"line":801,"column":24},"end":{"line":801,"column":67}},"701":{"start":{"line":803,"column":20},"end":{"line":803,"column":36}},"702":{"start":{"line":804,"column":20},"end":{"line":804,"column":32}},"703":{"start":{"line":805,"column":20},"end":{"line":805,"column":40}},"704":{"start":{"line":807,"column":16},"end":{"line":807,"column":25}},"705":{"start":{"line":808,"column":16},"end":{"line":808,"column":34}},"706":{"start":{"line":810,"column":12},"end":{"line":818,"column":13}},"707":{"start":{"line":814,"column":16},"end":{"line":817,"column":17}},"708":{"start":{"line":814,"column":29},"end":{"line":814,"column":35}},"709":{"start":{"line":815,"column":20},"end":{"line":815,"column":34}},"710":{"start":{"line":816,"column":20},"end":{"line":816,"column":29}},"711":{"start":{"line":819,"column":12},"end":{"line":819,"column":23}},"712":{"start":{"line":822,"column":12},"end":{"line":833,"column":13}},"713":{"start":{"line":822,"column":25},"end":{"line":822,"column":26}},"714":{"start":{"line":823,"column":28},"end":{"line":823,"column":78}},"715":{"start":{"line":824,"column":16},"end":{"line":832,"column":17}},"716":{"start":{"line":824,"column":29},"end":{"line":824,"column":30}},"717":{"start":{"line":825,"column":20},"end":{"line":831,"column":21}},"718":{"start":{"line":829,"column":24},"end":{"line":829,"column":40}},"719":{"start":{"line":830,"column":24},"end":{"line":830,"column":33}},"720":{"start":{"line":834,"column":12},"end":{"line":834,"column":58}},"721":{"start":{"line":839,"column":18},"end":{"line":839,"column":39}},"722":{"start":{"line":840,"column":4},"end":{"line":842,"column":5}},"723":{"start":{"line":841,"column":8},"end":{"line":841,"column":31}},"724":{"start":{"line":843,"column":4},"end":{"line":848,"column":5}},"725":{"start":{"line":851,"column":27},"end":{"line":851,"column":28}},"726":{"start":{"line":852,"column":36},"end":{"line":852,"column":37}},"727":{"start":{"line":853,"column":4},"end":{"line":875,"column":5}},"728":{"start":{"line":853,"column":17},"end":{"line":853,"column":18}},"729":{"start":{"line":854,"column":18},"end":{"line":857,"column":9}},"730":{"start":{"line":858,"column":26},"end":{"line":858,"column":60}},"731":{"start":{"line":860,"column":8},"end":{"line":862,"column":9}},"732":{"start":{"line":861,"column":12},"end":{"line":861,"column":51}},"733":{"start":{"line":864,"column":8},"end":{"line":864,"column":79}},"734":{"start":{"line":865,"column":8},"end":{"line":870,"column":9}},"735":{"start":{"line":871,"column":8},"end":{"line":874,"column":9}},"736":{"start":{"line":872,"column":12},"end":{"line":872,"column":79}},"737":{"start":{"line":873,"column":12},"end":{"line":873,"column":80}},"738":{"start":{"line":876,"column":4},"end":{"line":879,"column":5}},"739":{"start":{"line":882,"column":4},"end":{"line":895,"column":5}},"740":{"start":{"line":898,"column":4},"end":{"line":902,"column":5}},"741":{"start":{"line":898,"column":17},"end":{"line":898,"column":18}},"742":{"start":{"line":899,"column":8},"end":{"line":901,"column":9}},"743":{"start":{"line":900,"column":12},"end":{"line":900,"column":20}},"744":{"start":{"line":903,"column":4},"end":{"line":903,"column":60}},"745":{"start":{"line":906,"column":4},"end":{"line":909,"column":5}},"746":{"start":{"line":907,"column":17},"end":{"line":907,"column":42}},"747":{"start":{"line":908,"column":8},"end":{"line":908,"column":64}},"748":{"start":{"line":910,"column":4},"end":{"line":910,"column":39}},"749":{"start":{"line":913,"column":4},"end":{"line":915,"column":5}},"750":{"start":{"line":914,"column":8},"end":{"line":914,"column":43}},"751":{"start":{"line":916,"column":4},"end":{"line":918,"column":5}},"752":{"start":{"line":917,"column":8},"end":{"line":917,"column":72}},"753":{"start":{"line":919,"column":4},"end":{"line":919,"column":24}},"754":{"start":{"line":922,"column":4},"end":{"line":922,"column":81}},"755":{"start":{"line":925,"column":12},"end":{"line":925,"column":44}},"756":{"start":{"line":926,"column":4},"end":{"line":926,"column":54}},"757":{"start":{"line":929,"column":15},"end":{"line":929,"column":42}},"758":{"start":{"line":930,"column":19},"end":{"line":930,"column":47}},"759":{"start":{"line":931,"column":22},"end":{"line":931,"column":41}},"760":{"start":{"line":932,"column":4},"end":{"line":934,"column":5}},"761":{"start":{"line":933,"column":8},"end":{"line":933,"column":75}},"762":{"start":{"line":935,"column":4},"end":{"line":943,"column":5}},"763":{"start":{"line":936,"column":8},"end":{"line":938,"column":9}},"764":{"start":{"line":937,"column":12},"end":{"line":937,"column":29}},"765":{"start":{"line":939,"column":8},"end":{"line":939,"column":23}},"766":{"start":{"line":940,"column":8},"end":{"line":940,"column":30}},"767":{"start":{"line":942,"column":8},"end":{"line":942,"column":59}},"768":{"start":{"line":944,"column":4},"end":{"line":944,"column":53}},"769":{"start":{"line":947,"column":4},"end":{"line":949,"column":5}},"770":{"start":{"line":948,"column":8},"end":{"line":948,"column":98}},"771":{"start":{"line":950,"column":4},"end":{"line":950,"column":85}},"772":{"start":{"line":953,"column":29},"end":{"line":953,"column":59}},"773":{"start":{"line":954,"column":14},"end":{"line":954,"column":16}},"774":{"start":{"line":955,"column":15},"end":{"line":955,"column":99}},"775":{"start":{"line":956,"column":26},"end":{"line":956,"column":46}},"776":{"start":{"line":957,"column":24},"end":{"line":957,"column":42}},"777":{"start":{"line":958,"column":4},"end":{"line":994,"column":5}},"778":{"start":{"line":958,"column":17},"end":{"line":958,"column":18}},"779":{"start":{"line":959,"column":37},"end":{"line":959,"column":38}},"780":{"start":{"line":960,"column":8},"end":{"line":960,"column":52}},"781":{"start":{"line":961,"column":26},"end":{"line":961,"column":60}},"782":{"start":{"line":962,"column":8},"end":{"line":993,"column":9}},"783":{"start":{"line":962,"column":21},"end":{"line":962,"column":22}},"784":{"start":{"line":963,"column":28},"end":{"line":963,"column":58}},"785":{"start":{"line":964,"column":12},"end":{"line":992,"column":13}},"786":{"start":{"line":965,"column":25},"end":{"line":965,"column":84}},"787":{"start":{"line":966,"column":37},"end":{"line":969,"column":17}},"788":{"start":{"line":970,"column":16},"end":{"line":989,"column":17}},"789":{"start":{"line":972,"column":24},"end":{"line":974,"column":40}},"790":{"start":{"line":975,"column":20},"end":{"line":984,"column":21}},"791":{"start":{"line":976,"column":24},"end":{"line":976,"column":166}},"792":{"start":{"line":978,"column":24},"end":{"line":983,"column":25}},"793":{"start":{"line":979,"column":28},"end":{"line":979,"column":54}},"794":{"start":{"line":980,"column":28},"end":{"line":980,"column":36}},"795":{"start":{"line":982,"column":28},"end":{"line":982,"column":70}},"796":{"start":{"line":986,"column":20},"end":{"line":988,"column":21}},"797":{"start":{"line":990,"column":16},"end":{"line":990,"column":75}},"798":{"start":{"line":991,"column":16},"end":{"line":991,"column":78}},"799":{"start":{"line":995,"column":4},"end":{"line":995,"column":24}},"800":{"start":{"line":998,"column":26},"end":{"line":998,"column":28}},"801":{"start":{"line":999,"column":24},"end":{"line":999,"column":25}},"802":{"start":{"line":1000,"column":26},"end":{"line":1000,"column":56}},"803":{"start":{"line":1001,"column":4},"end":{"line":1023,"column":5}},"804":{"start":{"line":1001,"column":17},"end":{"line":1001,"column":18}},"805":{"start":{"line":1002,"column":17},"end":{"line":1002,"column":56}},"806":{"start":{"line":1003,"column":8},"end":{"line":1021,"column":9}},"807":{"start":{"line":1004,"column":12},"end":{"line":1018,"column":13}},"808":{"start":{"line":1005,"column":16},"end":{"line":1005,"column":111}},"809":{"start":{"line":1007,"column":16},"end":{"line":1017,"column":17}},"810":{"start":{"line":1008,"column":45},"end":{"line":1008,"column":67}},"811":{"start":{"line":1009,"column":20},"end":{"line":1014,"column":21}},"812":{"start":{"line":1016,"column":20},"end":{"line":1016,"column":60}},"813":{"start":{"line":1020,"column":12},"end":{"line":1020,"column":62}},"814":{"start":{"line":1022,"column":8},"end":{"line":1022,"column":42}},"815":{"start":{"line":1024,"column":4},"end":{"line":1027,"column":5}},"816":{"start":{"line":1030,"column":23},"end":{"line":1030,"column":55}},"817":{"start":{"line":1031,"column":4},"end":{"line":1033,"column":5}},"818":{"start":{"line":1032,"column":8},"end":{"line":1032,"column":72}},"819":{"start":{"line":1034,"column":4},"end":{"line":1036,"column":5}},"820":{"start":{"line":1035,"column":8},"end":{"line":1035,"column":76}},"821":{"start":{"line":1037,"column":4},"end":{"line":1037,"column":74}},"822":{"start":{"line":1040,"column":4},"end":{"line":1042,"column":5}},"823":{"start":{"line":1041,"column":8},"end":{"line":1041,"column":52}},"824":{"start":{"line":1043,"column":4},"end":{"line":1043,"column":72}},"825":{"start":{"line":1046,"column":14},"end":{"line":1046,"column":16}},"826":{"start":{"line":1047,"column":4},"end":{"line":1086,"column":5}},"827":{"start":{"line":1047,"column":17},"end":{"line":1047,"column":18}},"828":{"start":{"line":1048,"column":8},"end":{"line":1048,"column":52}},"829":{"start":{"line":1049,"column":26},"end":{"line":1049,"column":60}},"830":{"start":{"line":1050,"column":31},"end":{"line":1050,"column":61}},"831":{"start":{"line":1051,"column":8},"end":{"line":1085,"column":9}},"832":{"start":{"line":1052,"column":34},"end":{"line":1052,"column":64}},"833":{"start":{"line":1053,"column":12},"end":{"line":1084,"column":13}},"834":{"start":{"line":1053,"column":25},"end":{"line":1053,"column":26}},"835":{"start":{"line":1055,"column":20},"end":{"line":1057,"column":49}},"836":{"start":{"line":1058,"column":37},"end":{"line":1061,"column":17}},"837":{"start":{"line":1062,"column":25},"end":{"line":1062,"column":64}},"838":{"start":{"line":1063,"column":16},"end":{"line":1063,"column":119}},"839":{"start":{"line":1064,"column":16},"end":{"line":1066,"column":17}},"840":{"start":{"line":1065,"column":20},"end":{"line":1065,"column":75}},"841":{"start":{"line":1067,"column":16},"end":{"line":1067,"column":80}},"842":{"start":{"line":1068,"column":16},"end":{"line":1082,"column":17}},"843":{"start":{"line":1070,"column":24},"end":{"line":1072,"column":40}},"844":{"start":{"line":1073,"column":20},"end":{"line":1077,"column":21}},"845":{"start":{"line":1074,"column":24},"end":{"line":1074,"column":166}},"846":{"start":{"line":1076,"column":24},"end":{"line":1076,"column":66}},"847":{"start":{"line":1079,"column":20},"end":{"line":1081,"column":21}},"848":{"start":{"line":1083,"column":16},"end":{"line":1083,"column":78}},"849":{"start":{"line":1087,"column":4},"end":{"line":1087,"column":25}},"850":{"start":{"line":1090,"column":31},"end":{"line":1093,"column":5}},"851":{"start":{"line":1094,"column":4},"end":{"line":1096,"column":5}},"852":{"start":{"line":1095,"column":8},"end":{"line":1095,"column":78}},"853":{"start":{"line":1097,"column":4},"end":{"line":1127,"column":11}},"854":{"start":{"line":1102,"column":12},"end":{"line":1125,"column":13}},"855":{"start":{"line":1104,"column":35},"end":{"line":1112,"column":21}},"856":{"start":{"line":1113,"column":20},"end":{"line":1115,"column":21}},"857":{"start":{"line":1114,"column":24},"end":{"line":1114,"column":73}},"858":{"start":{"line":1116,"column":20},"end":{"line":1122,"column":21}},"859":{"start":{"line":1117,"column":24},"end":{"line":1121,"column":25}},"860":{"start":{"line":1123,"column":20},"end":{"line":1123,"column":35}},"861":{"start":{"line":1128,"column":4},"end":{"line":1128,"column":31}},"862":{"start":{"line":1131,"column":4},"end":{"line":1131,"column":69}},"863":{"start":{"line":1134,"column":0},"end":{"line":1138,"column":1}},"864":{"start":{"line":1135,"column":4},"end":{"line":1135,"column":33}},"865":{"start":{"line":1137,"column":4},"end":{"line":1137,"column":23}},"866":{"start":{"line":1141,"column":15},"end":{"line":1141,"column":25}},"867":{"start":{"line":1142,"column":18},"end":{"line":1142,"column":79}},"868":{"start":{"line":1143,"column":4},"end":{"line":1143,"column":24}},"869":{"start":{"line":1144,"column":20},"end":{"line":1144,"column":22}},"870":{"start":{"line":1145,"column":4},"end":{"line":1153,"column":5}},"871":{"start":{"line":1145,"column":17},"end":{"line":1145,"column":18}},"872":{"start":{"line":1146,"column":19},"end":{"line":1146,"column":37}},"873":{"start":{"line":1147,"column":25},"end":{"line":1151,"column":9}},"874":{"start":{"line":1152,"column":8},"end":{"line":1152,"column":34}},"875":{"start":{"line":1154,"column":4},"end":{"line":1154,"column":20}},"876":{"start":{"line":1157,"column":16},"end":{"line":1157,"column":27}},"877":{"start":{"line":1158,"column":15},"end":{"line":1158,"column":26}},"878":{"start":{"line":1159,"column":15},"end":{"line":1159,"column":29}},"879":{"start":{"line":1161,"column":4},"end":{"line":1195,"column":5}},"880":{"start":{"line":1162,"column":22},"end":{"line":1162,"column":72}},"881":{"start":{"line":1163,"column":22},"end":{"line":1163,"column":37}},"882":{"start":{"line":1165,"column":8},"end":{"line":1189,"column":9}},"883":{"start":{"line":1166,"column":29},"end":{"line":1171,"column":13}},"884":{"start":{"line":1172,"column":12},"end":{"line":1183,"column":13}},"885":{"start":{"line":1173,"column":30},"end":{"line":1173,"column":61}},"886":{"start":{"line":1174,"column":16},"end":{"line":1177,"column":17}},"887":{"start":{"line":1179,"column":16},"end":{"line":1182,"column":17}},"888":{"start":{"line":1185,"column":12},"end":{"line":1188,"column":14}},"889":{"start":{"line":1191,"column":8},"end":{"line":1194,"column":10}},"890":{"start":{"line":1197,"column":18},"end":{"line":1197,"column":332}},"891":{"start":{"line":1199,"column":4},"end":{"line":1199,"column":60}},"892":{"start":{"line":1201,"column":0},"end":{"line":1201,"column":43}}},"fnMap":{"0":{"name":"UintToInt","decl":{"start":{"line":1,"column":9},"end":{"line":1,"column":18}},"loc":{"start":{"line":1,"column":31},"end":{"line":6,"column":1}},"line":1},"1":{"name":"Bytes2Float32","decl":{"start":{"line":7,"column":9},"end":{"line":7,"column":22}},"loc":{"start":{"line":7,"column":30},"end":{"line":18,"column":1}},"line":7},"2":{"name":"BytesToInt64","decl":{"start":{"line":19,"column":9},"end":{"line":19,"column":21}},"loc":{"start":{"line":20,"column":0},"end":{"line":40,"column":1}},"line":20},"3":{"name":"decimalToHex","decl":{"start":{"line":41,"column":9},"end":{"line":41,"column":21}},"loc":{"start":{"line":41,"column":34},"end":{"line":48,"column":1}},"line":41},"4":{"name":"parseHexString","decl":{"start":{"line":49,"column":9},"end":{"line":49,"column":23}},"loc":{"start":{"line":49,"column":29},"end":{"line":56,"column":1}},"line":49},"5":{"name":"Decoder","decl":{"start":{"line":57,"column":9},"end":{"line":57,"column":16}},"loc":{"start":{"line":57,"column":30},"end":{"line":561,"column":1}},"line":57},"6":{"name":"normalisation_standard","decl":{"start":{"line":562,"column":9},"end":{"line":562,"column":31}},"loc":{"start":{"line":562,"column":59},"end":{"line":639,"column":1}},"line":562},"7":{"name":"(anonymous_7)","decl":{"start":{"line":725,"column":27},"end":{"line":725,"column":28}},"loc":{"start":{"line":725,"column":39},"end":{"line":729,"column":5}},"line":725},"8":{"name":"brUncompress","decl":{"start":{"line":730,"column":9},"end":{"line":730,"column":21}},"loc":{"start":{"line":730,"column":75},"end":{"line":744,"column":1}},"line":730},"9":{"name":"initResult","decl":{"start":{"line":745,"column":9},"end":{"line":745,"column":19}},"loc":{"start":{"line":745,"column":22},"end":{"line":760,"column":1}},"line":745},"10":{"name":"createBuffer","decl":{"start":{"line":761,"column":9},"end":{"line":761,"column":21}},"loc":{"start":{"line":761,"column":33},"end":{"line":837,"column":1}},"line":761},"11":{"name":"bitsBuf2HuffPattern","decl":{"start":{"line":762,"column":13},"end":{"line":762,"column":32}},"loc":{"start":{"line":762,"column":60},"end":{"line":779,"column":5}},"line":762},"12":{"name":"(anonymous_12)","decl":{"start":{"line":783,"column":23},"end":{"line":783,"column":24}},"loc":{"start":{"line":783,"column":57},"end":{"line":820,"column":9}},"line":783},"13":{"name":"(anonymous_13)","decl":{"start":{"line":821,"column":25},"end":{"line":821,"column":26}},"loc":{"start":{"line":821,"column":47},"end":{"line":835,"column":9}},"line":821},"14":{"name":"generateFlag","decl":{"start":{"line":838,"column":9},"end":{"line":838,"column":21}},"loc":{"start":{"line":838,"column":33},"end":{"line":849,"column":1}},"line":838},"15":{"name":"prePopulateOutput","decl":{"start":{"line":850,"column":9},"end":{"line":850,"column":26}},"loc":{"start":{"line":850,"column":62},"end":{"line":880,"column":1}},"line":850},"16":{"name":"computeSeries","decl":{"start":{"line":881,"column":9},"end":{"line":881,"column":22}},"loc":{"start":{"line":881,"column":68},"end":{"line":896,"column":1}},"line":881},"17":{"name":"findIndexFromArgList","decl":{"start":{"line":897,"column":9},"end":{"line":897,"column":29}},"loc":{"start":{"line":897,"column":44},"end":{"line":904,"column":1}},"line":897},"18":{"name":"extractTimestampFromBuffer","decl":{"start":{"line":905,"column":9},"end":{"line":905,"column":35}},"loc":{"start":{"line":905,"column":59},"end":{"line":911,"column":1}},"line":905},"19":{"name":"computeTimestampFromBi","decl":{"start":{"line":912,"column":9},"end":{"line":912,"column":31}},"loc":{"start":{"line":912,"column":59},"end":{"line":920,"column":1}},"line":912},"20":{"name":"computeTimestampFromPositiveBi","decl":{"start":{"line":921,"column":9},"end":{"line":921,"column":39}},"loc":{"start":{"line":921,"column":67},"end":{"line":923,"column":1}},"line":921},"21":{"name":"getMeasure","decl":{"start":{"line":924,"column":9},"end":{"line":924,"column":19}},"loc":{"start":{"line":924,"column":40},"end":{"line":927,"column":1}},"line":924},"22":{"name":"bytes2Float32","decl":{"start":{"line":928,"column":9},"end":{"line":928,"column":22}},"loc":{"start":{"line":928,"column":30},"end":{"line":945,"column":1}},"line":928},"23":{"name":"uncompressSamplesData","decl":{"start":{"line":946,"column":9},"end":{"line":946,"column":30}},"loc":{"start":{"line":946,"column":109},"end":{"line":951,"column":1}},"line":946},"24":{"name":"handleCommonTimestamp","decl":{"start":{"line":952,"column":9},"end":{"line":952,"column":30}},"loc":{"start":{"line":952,"column":93},"end":{"line":996,"column":1}},"line":952},"25":{"name":"initTimestampCommonTable","decl":{"start":{"line":997,"column":9},"end":{"line":997,"column":33}},"loc":{"start":{"line":997,"column":82},"end":{"line":1028,"column":1}},"line":997},"26":{"name":"completeCurrentMeasure","decl":{"start":{"line":1029,"column":9},"end":{"line":1029,"column":31}},"loc":{"start":{"line":1029,"column":79},"end":{"line":1038,"column":1}},"line":1029},"27":{"name":"computeAdlcValue","decl":{"start":{"line":1039,"column":9},"end":{"line":1039,"column":25}},"loc":{"start":{"line":1039,"column":67},"end":{"line":1044,"column":1}},"line":1039},"28":{"name":"handleSeparateTimestamp","decl":{"start":{"line":1045,"column":9},"end":{"line":1045,"column":32}},"loc":{"start":{"line":1045,"column":84},"end":{"line":1088,"column":1}},"line":1045},"29":{"name":"adaptToExpectedFormat","decl":{"start":{"line":1089,"column":9},"end":{"line":1089,"column":30}},"loc":{"start":{"line":1089,"column":69},"end":{"line":1129,"column":1}},"line":1089},"30":{"name":"(anonymous_30)","decl":{"start":{"line":1097,"column":53},"end":{"line":1097,"column":54}},"loc":{"start":{"line":1101,"column":10},"end":{"line":1126,"column":9}},"line":1101},"31":{"name":"(anonymous_31)","decl":{"start":{"line":1103,"column":46},"end":{"line":1103,"column":47}},"loc":{"start":{"line":1103,"column":61},"end":{"line":1124,"column":17}},"line":1103},"32":{"name":"computeDataAbsoluteTimestamp","decl":{"start":{"line":1130,"column":9},"end":{"line":1130,"column":37}},"loc":{"start":{"line":1130,"column":53},"end":{"line":1132,"column":1}},"line":1130},"33":{"name":"normalisation_batch","decl":{"start":{"line":1140,"column":9},"end":{"line":1140,"column":28}},"loc":{"start":{"line":1140,"column":35},"end":{"line":1155,"column":1}},"line":1140},"34":{"name":"watteco_decodeUplink","decl":{"start":{"line":1156,"column":9},"end":{"line":1156,"column":29}},"loc":{"start":{"line":1156,"column":76},"end":{"line":1196,"column":1}},"line":1156},"35":{"name":"decodeUplink","decl":{"start":{"line":1198,"column":9},"end":{"line":1198,"column":21}},"loc":{"start":{"line":1198,"column":29},"end":{"line":1200,"column":1}},"line":1198}},"branchMap":{"0":{"loc":{"start":{"line":2,"column":4},"end":{"line":2,"column":63}},"type":"if","locations":[{"start":{"line":2,"column":4},"end":{"line":2,"column":63}},{"start":{},"end":{}}],"line":2},"1":{"loc":{"start":{"line":2,"column":8},"end":{"line":2,"column":45}},"type":"binary-expr","locations":[{"start":{"line":2,"column":9},"end":{"line":2,"column":19}},{"start":{"line":2,"column":25},"end":{"line":2,"column":44}}],"line":2},"2":{"loc":{"start":{"line":3,"column":4},"end":{"line":3,"column":67}},"type":"if","locations":[{"start":{"line":3,"column":4},"end":{"line":3,"column":67}},{"start":{},"end":{}}],"line":3},"3":{"loc":{"start":{"line":3,"column":8},"end":{"line":3,"column":47}},"type":"binary-expr","locations":[{"start":{"line":3,"column":9},"end":{"line":3,"column":19}},{"start":{"line":3,"column":25},"end":{"line":3,"column":46}}],"line":3},"4":{"loc":{"start":{"line":4,"column":4},"end":{"line":4,"column":71}},"type":"if","locations":[{"start":{"line":4,"column":4},"end":{"line":4,"column":71}},{"start":{},"end":{}}],"line":4},"5":{"loc":{"start":{"line":4,"column":8},"end":{"line":4,"column":49}},"type":"binary-expr","locations":[{"start":{"line":4,"column":9},"end":{"line":4,"column":19}},{"start":{"line":4,"column":25},"end":{"line":4,"column":48}}],"line":4},"6":{"loc":{"start":{"line":8,"column":15},"end":{"line":8,"column":44}},"type":"cond-expr","locations":[{"start":{"line":8,"column":38},"end":{"line":8,"column":40}},{"start":{"line":8,"column":43},"end":{"line":8,"column":44}}],"line":8},"7":{"loc":{"start":{"line":11,"column":4},"end":{"line":11,"column":95}},"type":"if","locations":[{"start":{"line":11,"column":4},"end":{"line":11,"column":95}},{"start":{},"end":{}}],"line":11},"8":{"loc":{"start":{"line":11,"column":40},"end":{"line":11,"column":93}},"type":"cond-expr","locations":[{"start":{"line":11,"column":56},"end":{"line":11,"column":66}},{"start":{"line":11,"column":69},"end":{"line":11,"column":93}}],"line":11},"9":{"loc":{"start":{"line":12,"column":4},"end":{"line":16,"column":63}},"type":"if","locations":[{"start":{"line":12,"column":4},"end":{"line":16,"column":63}},{"start":{"line":16,"column":11},"end":{"line":16,"column":63}}],"line":12},"10":{"loc":{"start":{"line":13,"column":8},"end":{"line":13,"column":48}},"type":"if","locations":[{"start":{"line":13,"column":8},"end":{"line":13,"column":48}},{"start":{},"end":{}}],"line":13},"11":{"loc":{"start":{"line":21,"column":4},"end":{"line":21,"column":67}},"type":"if","locations":[{"start":{"line":21,"column":4},"end":{"line":21,"column":67}},{"start":{},"end":{}}],"line":21},"12":{"loc":{"start":{"line":26,"column":4},"end":{"line":31,"column":18}},"type":"if","locations":[{"start":{"line":26,"column":4},"end":{"line":31,"column":18}},{"start":{"line":31,"column":9},"end":{"line":31,"column":18}}],"line":26},"13":{"loc":{"start":{"line":37,"column":4},"end":{"line":38,"column":54}},"type":"if","locations":[{"start":{"line":37,"column":4},"end":{"line":38,"column":54}},{"start":{},"end":{}}],"line":37},"14":{"loc":{"start":{"line":37,"column":8},"end":{"line":37,"column":60}},"type":"binary-expr","locations":[{"start":{"line":37,"column":9},"end":{"line":37,"column":15}},{"start":{"line":37,"column":21},"end":{"line":37,"column":32}},{"start":{"line":37,"column":38},"end":{"line":37,"column":59}}],"line":37},"15":{"loc":{"start":{"line":43,"column":14},"end":{"line":43,"column":90}},"type":"cond-expr","locations":[{"start":{"line":43,"column":69},"end":{"line":43,"column":80}},{"start":{"line":43,"column":83},"end":{"line":43,"column":90}}],"line":43},"16":{"loc":{"start":{"line":43,"column":14},"end":{"line":43,"column":66}},"type":"binary-expr","locations":[{"start":{"line":43,"column":14},"end":{"line":43,"column":46}},{"start":{"line":43,"column":50},"end":{"line":43,"column":66}}],"line":43},"17":{"loc":{"start":{"line":67,"column":8},"end":{"line":67,"column":74}},"type":"if","locations":[{"start":{"line":67,"column":8},"end":{"line":67,"column":74}},{"start":{},"end":{}}],"line":67},"18":{"loc":{"start":{"line":72,"column":4},"end":{"line":559,"column":5}},"type":"if","locations":[{"start":{"line":72,"column":4},"end":{"line":559,"column":5}},{"start":{},"end":{}}],"line":72},"19":{"loc":{"start":{"line":75,"column":8},"end":{"line":558,"column":9}},"type":"if","locations":[{"start":{"line":75,"column":8},"end":{"line":558,"column":9}},{"start":{"line":555,"column":8},"end":{"line":558,"column":9}}],"line":75},"20":{"loc":{"start":{"line":84,"column":12},"end":{"line":536,"column":13}},"type":"if","locations":[{"start":{"line":84,"column":12},"end":{"line":536,"column":13}},{"start":{},"end":{}}],"line":84},"21":{"loc":{"start":{"line":87,"column":16},"end":{"line":87,"column":64}},"type":"if","locations":[{"start":{"line":87,"column":16},"end":{"line":87,"column":64}},{"start":{},"end":{}}],"line":87},"22":{"loc":{"start":{"line":88,"column":16},"end":{"line":88,"column":67}},"type":"if","locations":[{"start":{"line":88,"column":16},"end":{"line":88,"column":67}},{"start":{},"end":{}}],"line":88},"23":{"loc":{"start":{"line":89,"column":16},"end":{"line":89,"column":85}},"type":"if","locations":[{"start":{"line":89,"column":16},"end":{"line":89,"column":85}},{"start":{},"end":{}}],"line":89},"24":{"loc":{"start":{"line":90,"column":16},"end":{"line":90,"column":150}},"type":"if","locations":[{"start":{"line":90,"column":16},"end":{"line":90,"column":150}},{"start":{},"end":{}}],"line":90},"25":{"loc":{"start":{"line":91,"column":16},"end":{"line":91,"column":134}},"type":"if","locations":[{"start":{"line":91,"column":16},"end":{"line":91,"column":134}},{"start":{},"end":{}}],"line":91},"26":{"loc":{"start":{"line":92,"column":16},"end":{"line":92,"column":179}},"type":"if","locations":[{"start":{"line":92,"column":16},"end":{"line":92,"column":179}},{"start":{},"end":{}}],"line":92},"27":{"loc":{"start":{"line":93,"column":16},"end":{"line":93,"column":114}},"type":"if","locations":[{"start":{"line":93,"column":16},"end":{"line":93,"column":114}},{"start":{},"end":{}}],"line":93},"28":{"loc":{"start":{"line":94,"column":16},"end":{"line":94,"column":106}},"type":"if","locations":[{"start":{"line":94,"column":16},"end":{"line":94,"column":106}},{"start":{},"end":{}}],"line":94},"29":{"loc":{"start":{"line":95,"column":16},"end":{"line":95,"column":173}},"type":"if","locations":[{"start":{"line":95,"column":16},"end":{"line":95,"column":173}},{"start":{},"end":{}}],"line":95},"30":{"loc":{"start":{"line":95,"column":95},"end":{"line":95,"column":171}},"type":"if","locations":[{"start":{"line":95,"column":95},"end":{"line":95,"column":171}},{"start":{"line":95,"column":143},"end":{"line":95,"column":171}}],"line":95},"31":{"loc":{"start":{"line":96,"column":16},"end":{"line":96,"column":140}},"type":"if","locations":[{"start":{"line":96,"column":16},"end":{"line":96,"column":140}},{"start":{},"end":{}}],"line":96},"32":{"loc":{"start":{"line":97,"column":16},"end":{"line":109,"column":17}},"type":"if","locations":[{"start":{"line":97,"column":16},"end":{"line":109,"column":17}},{"start":{},"end":{}}],"line":97},"33":{"loc":{"start":{"line":110,"column":16},"end":{"line":110,"column":191}},"type":"if","locations":[{"start":{"line":110,"column":16},"end":{"line":110,"column":191}},{"start":{},"end":{}}],"line":110},"34":{"loc":{"start":{"line":111,"column":16},"end":{"line":153,"column":17}},"type":"if","locations":[{"start":{"line":111,"column":16},"end":{"line":153,"column":17}},{"start":{},"end":{}}],"line":111},"35":{"loc":{"start":{"line":120,"column":24},"end":{"line":120,"column":89}},"type":"if","locations":[{"start":{"line":120,"column":24},"end":{"line":120,"column":89}},{"start":{},"end":{}}],"line":120},"36":{"loc":{"start":{"line":122,"column":24},"end":{"line":151,"column":25}},"type":"if","locations":[{"start":{"line":122,"column":24},"end":{"line":151,"column":25}},{"start":{"line":123,"column":29},"end":{"line":151,"column":25}}],"line":122},"37":{"loc":{"start":{"line":123,"column":29},"end":{"line":151,"column":25}},"type":"if","locations":[{"start":{"line":123,"column":29},"end":{"line":151,"column":25}},{"start":{"line":124,"column":29},"end":{"line":151,"column":25}}],"line":123},"38":{"loc":{"start":{"line":124,"column":29},"end":{"line":151,"column":25}},"type":"if","locations":[{"start":{"line":124,"column":29},"end":{"line":151,"column":25}},{"start":{"line":125,"column":28},"end":{"line":151,"column":25}}],"line":124},"39":{"loc":{"start":{"line":127,"column":28},"end":{"line":138,"column":29}},"type":"if","locations":[{"start":{"line":127,"column":28},"end":{"line":138,"column":29}},{"start":{},"end":{}}],"line":127},"40":{"loc":{"start":{"line":128,"column":32},"end":{"line":128,"column":186}},"type":"if","locations":[{"start":{"line":128,"column":32},"end":{"line":128,"column":186}},{"start":{},"end":{}}],"line":128},"
[...]
art":{},"end":{}}],"line":739},"156":{"loc":{"start":{"line":765,"column":8},"end":{"line":767,"column":9}},"type":"if","locations":[{"start":{"line":765,"column":8},"end":{"line":767,"column":9}},{"start":{},"end":{}}],"line":765},"157":{"loc":{"start":{"line":771,"column":12},"end":{"line":773,"column":13}},"type":"if","locations":[{"start":{"line":771,"column":12},"end":{"line":773,"column":13}},{"start":{},"end":{}}],"line":771},"158":{"loc":{"start":{"line":784,"column":25},"end":{"line":784,"column":54}},"type":"binary-expr","locations":[{"start":{"line":784,"column":25},"end":{"line":784,"column":36}},{"start":{"line":784,"column":40},"end":{"line":784,"column":54}}],"line":784},"159":{"loc":{"start":{"line":787,"column":12},"end":{"line":789,"column":13}},"type":"if","locations":[{"start":{"line":787,"column":12},"end":{"line":789,"column":13}},{"start":{},"end":{}}],"line":787},"160":{"loc":{"start":{"line":787,"column":16},"end":{"line":787,"column":53}},"type":"binary-expr","locations":[{"start":{"line":787,"column":16},"end":{"line":787,"column":36}},{"start":{"line":787,"column":40},"end":{"line":787,"column":53}}],"line":787},"161":{"loc":{"start":{"line":793,"column":12},"end":{"line":795,"column":13}},"type":"if","locations":[{"start":{"line":793,"column":12},"end":{"line":795,"column":13}},{"start":{},"end":{}}],"line":793},"162":{"loc":{"start":{"line":793,"column":16},"end":{"line":793,"column":49}},"type":"binary-expr","locations":[{"start":{"line":793,"column":16},"end":{"line":793,"column":35}},{"start":{"line":793,"column":39},"end":{"line":793,"column":49}}],"line":793},"163":{"loc":{"start":{"line":800,"column":20},"end":{"line":802,"column":21}},"type":"if","locations":[{"start":{"line":800,"column":20},"end":{"line":802,"column":21}},{"start":{},"end":{}}],"line":800},"164":{"loc":{"start":{"line":810,"column":12},"end":{"line":818,"column":13}},"type":"if","locations":[{"start":{"line":810,"column":12},"end":{"line":818,"column":13}},{"start":{},"end":{}}],"line":810},"165":{"loc":{"start":{"line":811,"column":16},"end":{"line":812,"column":41}},"type":"binary-expr","locations":[{"start":{"line":811,"column":17},"end":{"line":811,"column":36}},{"start":{"line":811,"column":40},"end":{"line":811,"column":59}},{"start":{"line":811,"column":62},"end":{"line":811,"column":82}},{"start":{"line":811,"column":85},"end":{"line":811,"column":105}},{"start":{"line":812,"column":16},"end":{"line":812,"column":41}}],"line":811},"166":{"loc":{"start":{"line":825,"column":20},"end":{"line":831,"column":21}},"type":"if","locations":[{"start":{"line":825,"column":20},"end":{"line":831,"column":21}},{"start":{},"end":{}}],"line":825},"167":{"loc":{"start":{"line":826,"column":24},"end":{"line":827,"column":57}},"type":"binary-expr","locations":[{"start":{"line":826,"column":24},"end":{"line":826,"column":52}},{"start":{"line":827,"column":24},"end":{"line":827,"column":57}}],"line":826},"168":{"loc":{"start":{"line":860,"column":8},"end":{"line":862,"column":9}},"type":"if","locations":[{"start":{"line":860,"column":8},"end":{"line":862,"column":9}},{"start":{},"end":{}}],"line":860},"169":{"loc":{"start":{"line":871,"column":8},"end":{"line":874,"column":9}},"type":"if","locations":[{"start":{"line":871,"column":8},"end":{"line":874,"column":9}},{"start":{},"end":{}}],"line":871},"170":{"loc":{"start":{"line":899,"column":8},"end":{"line":901,"column":9}},"type":"if","locations":[{"start":{"line":899,"column":8},"end":{"line":901,"column":9}},{"start":{},"end":{}}],"line":899},"171":{"loc":{"start":{"line":906,"column":4},"end":{"line":909,"column":5}},"type":"if","locations":[{"start":{"line":906,"column":4},"end":{"line":909,"column":5}},{"start":{},"end":{}}],"line":906},"172":{"loc":{"start":{"line":913,"column":4},"end":{"line":915,"column":5}},"type":"if","locations":[{"start":{"line":913,"column":4},"end":{"line":915,"column":5}},{"start":{},"end":{}}],"line":913},"173":{"loc":{"start":{"line":916,"column":4},"end":{"line":918,"column":5}},"type":"if","locations":[{"start":{"line":916,"column":4},"end":{"line":918,"column":5}},{"start":{},"end":{}}],"line":916},"174":{"loc":{"start":{"line":926,"column":11},"end":{"line":926,"column":54}},"type":"cond-expr","locations":[{"start":{"line":926,"column":34},"end":{"line":926,"column":50}},{"start":{"line":926,"column":53},"end":{"line":926,"column":54}}],"line":926},"175":{"loc":{"start":{"line":929,"column":15},"end":{"line":929,"column":42}},"type":"cond-expr","locations":[{"start":{"line":929,"column":36},"end":{"line":929,"column":38}},{"start":{"line":929,"column":41},"end":{"line":929,"column":42}}],"line":929},"176":{"loc":{"start":{"line":932,"column":4},"end":{"line":934,"column":5}},"type":"if","locations":[{"start":{"line":932,"column":4},"end":{"line":934,"column":5}},{"start":{},"end":{}}],"line":932},"177":{"loc":{"start":{"line":933,"column":23},"end":{"line":933,"column":74}},"type":"cond-expr","locations":[{"start":{"line":933,"column":37},"end":{"line":933,"column":47}},{"start":{"line":933,"column":50},"end":{"line":933,"column":74}}],"line":933},"178":{"loc":{"start":{"line":935,"column":4},"end":{"line":943,"column":5}},"type":"if","locations":[{"start":{"line":935,"column":4},"end":{"line":943,"column":5}},{"start":{"line":941,"column":11},"end":{"line":943,"column":5}}],"line":935},"179":{"loc":{"start":{"line":936,"column":8},"end":{"line":938,"column":9}},"type":"if","locations":[{"start":{"line":936,"column":8},"end":{"line":938,"column":9}},{"start":{},"end":{}}],"line":936},"180":{"loc":{"start":{"line":947,"column":4},"end":{"line":949,"column":5}},"type":"if","locations":[{"start":{"line":947,"column":4},"end":{"line":949,"column":5}},{"start":{},"end":{}}],"line":947},"181":{"loc":{"start":{"line":964,"column":12},"end":{"line":992,"column":13}},"type":"if","locations":[{"start":{"line":964,"column":12},"end":{"line":992,"column":13}},{"start":{},"end":{}}],"line":964},"182":{"loc":{"start":{"line":970,"column":16},"end":{"line":989,"column":17}},"type":"if","locations":[{"start":{"line":970,"column":16},"end":{"line":989,"column":17}},{"start":{"line":985,"column":23},"end":{"line":989,"column":17}}],"line":970},"183":{"loc":{"start":{"line":975,"column":20},"end":{"line":984,"column":21}},"type":"if","locations":[{"start":{"line":975,"column":20},"end":{"line":984,"column":21}},{"start":{"line":977,"column":27},"end":{"line":984,"column":21}}],"line":975},"184":{"loc":{"start":{"line":978,"column":24},"end":{"line":983,"column":25}},"type":"if","locations":[{"start":{"line":978,"column":24},"end":{"line":983,"column":25}},{"start":{"line":981,"column":31},"end":{"line":983,"column":25}}],"line":978},"185":{"loc":{"start":{"line":1003,"column":8},"end":{"line":1021,"column":9}},"type":"if","locations":[{"start":{"line":1003,"column":8},"end":{"line":1021,"column":9}},{"start":{"line":1019,"column":15},"end":{"line":1021,"column":9}}],"line":1003},"186":{"loc":{"start":{"line":1004,"column":12},"end":{"line":1018,"column":13}},"type":"if","locations":[{"start":{"line":1004,"column":12},"end":{"line":1018,"column":13}},{"start":{"line":1006,"column":19},"end":{"line":1018,"column":13}}],"line":1004},"187":{"loc":{"start":{"line":1007,"column":16},"end":{"line":1017,"column":17}},"type":"if","locations":[{"start":{"line":1007,"column":16},"end":{"line":1017,"column":17}},{"start":{"line":1015,"column":23},"end":{"line":1017,"column":17}}],"line":1007},"188":{"loc":{"start":{"line":1031,"column":4},"end":{"line":1033,"column":5}},"type":"if","locations":[{"start":{"line":1031,"column":4},"end":{"line":1033,"column":5}},{"start":{},"end":{}}],"line":1031},"189":{"loc":{"start":{"line":1034,"column":4},"end":{"line":1036,"column":5}},"type":"if","locations":[{"start":{"line":1034,"column":4},"end":{"line":1036,"column":5}},{"start":{},"end":{}}],"line":1034},"190":{"loc":{"start":{"line":1040,"column":4},"end":{"line":1042,"column":5}},"type":"if","locations":[{"start":{"line":1040,"column":4},"end":{"line":1042,"column":5}},{"start":{},"end":{}}],"line":1040},"191":{"loc":{"start":{"line":1051,"column":8},"end":{"line":1085,"column":9}},"type":"if","locations":[{"start":{"line":1051,"column":8},"end":{"line":1085,"column":9}},{"start":{},"end":{}}],"line":1051},"192":{"loc":{"start":{"line":1064,"column":16},"end":{"line":1066,"column":17}},"type":"if","locations":[{"start":{"line":1064,"column":16},"end":{"line":1066,"column":17}},{"start":{},"end":{}}],"line":1064},"193":{"loc":{"start":{"line":1068,"column":16},"end":{"line":1082,"column":17}},"type":"if","locations":[{"start":{"line":1068,"column":16},"end":{"line":1082,"column":17}},{"start":{"line":1078,"column":23},"end":{"line":1082,"column":17}}],"line":1068},"194":{"loc":{"start":{"line":1073,"column":20},"end":{"line":1077,"column":21}},"type":"if","locations":[{"start":{"line":1073,"column":20},"end":{"line":1077,"column":21}},{"start":{"line":1075,"column":27},"end":{"line":1077,"column":21}}],"line":1073},"195":{"loc":{"start":{"line":1094,"column":4},"end":{"line":1096,"column":5}},"type":"if","locations":[{"start":{"line":1094,"column":4},"end":{"line":1096,"column":5}},{"start":{},"end":{}}],"line":1094},"196":{"loc":{"start":{"line":1107,"column":35},"end":{"line":1109,"column":49}},"type":"cond-expr","locations":[{"start":{"line":1108,"column":34},"end":{"line":1108,"column":73}},{"start":{"line":1109,"column":34},"end":{"line":1109,"column":49}}],"line":1107},"197":{"loc":{"start":{"line":1113,"column":20},"end":{"line":1115,"column":21}},"type":"if","locations":[{"start":{"line":1113,"column":20},"end":{"line":1115,"column":21}},{"start":{},"end":{}}],"line":1113},"198":{"loc":{"start":{"line":1116,"column":20},"end":{"line":1122,"column":21}},"type":"if","locations":[{"start":{"line":1116,"column":20},"end":{"line":1122,"column":21}},{"start":{},"end":{}}],"line":1116},"199":{"loc":{"start":{"line":1165,"column":8},"end":{"line":1189,"column":9}},"type":"if","locations":[{"start":{"line":1165,"column":8},"end":{"line":1189,"column":9}},{"start":{"line":1184,"column":15},"end":{"line":1189,"column":9}}],"line":1165}},"s":{"0":2,"1":0,"2":2,"3":0,"4":2,"5":0,"6":2,"7":0,"8":0,"9":0,"10":0,"11":0,"12":0,"13":0,"14":0,"15":0,"16":0,"17":0,"18":0,"19":0,"20":0,"21":0,"22":0,"23":0,"24":0,"25":0,"26":0,"27":0,"28":0,"29":0,"30":0,"31":0,"32":0,"33":0,"34":0,"35":27,"36":27,"37":27,"38":47,"39":27,"40":1,"41":1,"42":15,"43":15,"44":1,"45":10,"46":10,"47":10,"48":10,"49":10,"50":10,"51":10,"52":10,"53":113,"54":113,"55":69,"56":113,"57":113,"58":113,"59":10,"60":10,"61":10,"62":9,"63":9,"64":9,"65":9,"66":9,"67":9,"68":9,"69":9,"70":9,"71":9,"72":9,"73":7,"74":7,"75":7,"76":7,"77":1,"78":7,"79":6,"80":7,"81":1,"82":1,"83":7,"84":2,"85":7,"86":1,"87":7,"88":1,"89":7,"90":1,"91":7,"92":0,"93":7,"94":0,"95":0,"96":0,"97":0,"98":7,"99":0,"100":7,"101":0,"102":0,"103":0,"104":0,"105":0,"106":0,"107":0,"108":0,"109":0,"110":0,"111":7,"112":0,"113":7,"114":0,"115":0,"116":0,"117":0,"118":0,"119":0,"120":0,"121":0,"122":0,"123":0,"124":0,"125":0,"126":0,"127":0,"128":0,"129":0,"130":0,"131":0,"132":0,"133":0,"134":0,"135":0,"136":0,"137":0,"138":0,"139":0,"140":0,"141":0,"142":0,"143":0,"144":0,"145":0,"146":0,"147":0,"148":0,"149":0,"150":0,"151":0,"152":0,"153":0,"154":0,"155":0,"156":0,"157":0,"158":0,"159":0,"160":0,"161":0,"162":0,"163":0,"164":0,"165":0,"166":0,"167":0,"168":0,"169":0,"170":0,"171":0,"172":0,"173":7,"174":0,"175":0,"176":0,"177":0,"178":0,"179":0,"180":0,"181":0,"182":0,"183":0,"184":0,"185":0,"186":0,"187":0,"188":0,"189":0,"190":0,"191":0,"192":0,"193":0,"194":0,"195":0,"196":0,"197":0,"198":0,"199":0,"200":0,"201":0,"202":0,"203":0,"204":0,"205":0,"206":0,"207":0,"208":0,"209":0,"210":0,"211":0,"212":0,"213":0,"214":0,"215":0,"216":0,"217":0,"218":0,"219":0,"220":0,"221":0,"222":0,"223":0,"224":0,"225":0,"226":0,"227":0,"228":0,"229":0,"230":0,"231":0,"232":0,"233":0,"234":0,"235":0,"236":0,"237":0,"238":0,"239":0,"240":0,"241":0,"242":0,"243":0,"244":0,"245":0,"246":0,"247":0,"248":0,"249":0,"250":0,"251":0,"252":0,"253":0,"254":0,"255":0,"256":0,"257":0,"258":0,"259":0,"260":0,"261":0,"262":0,"263":0,"264":0,"265":0,"266":0,"267":0,"268":0,"269":0,"270":0,"271":0,"272":0,"273":0,"274":0,"275":0,"276":0,"277":0,"278":0,"279":0,"280":0,"281":0,"282":0,"283":0,"284":0,"285":0,"286":0,"287":0,"288":0,"289":0,"290":0,"291":0,"292":0,"293":0,"294":0,"295":0,"296":0,"297":0,"298":0,"299":0,"300":0,"301":0,"302":0,"303":0,"304":0,"305":0,"306":0,"307":0,"308":0,"309":0,"310":0,"311":0,"312":0,"313":0,"314":0,"315":0,"316":0,"317":0,"318":0,"319":0,"320":0,"321":0,"322":0,"323":0,"324":0,"325":0,"326":0,"327":0,"328":0,"329":0,"330":0,"331":0,"332":0,"333":0,"334":0,"335":0,"336":0,"337":0,"338":0,"339":0,"340":0,"341":0,"342":0,"343":0,"344":0,"345":0,"346":0,"347":0,"348":0,"349":0,"350":0,"351":0,"352":0,"353":0,"354":0,"355":0,"356":0,"357":0,"358":0,"359":0,"360":0,"361":0,"362":0,"363":0,"364":0,"365":0,"366":0,"367":0,"368":0,"369":0,"370":0,"371":7,"372":0,"373":0,"374":0,"375":0,"376":0,"377":7,"378":0,"379":0,"380":0,"381":0,"382":7,"383":0,"384":7,"385":0,"386":0,"387":7,"388":1,"389":1,"390":0,"391":0,"392":1,"393":0,"394":0,"395":1,"396":1,"397":1,"398":1,"399":0,"400":0,"401":1,"402":0,"403":0,"404":7,"405":0,"406":0,"407":0,"408":0,"409":0,"410":0,"411":0,"412":0,"413":0,"414":0,"415":0,"416":0,"417":0,"418":0,"419":0,"420":0,"421":7,"422":0,"423":0,"424":0,"425":0,"426":0,"427":0,"428":0,"429":0,"430":7,"431":0,"432":0,"433":0,"434":0,"435":0,"436":0,"437":0,"438":0,"439":7,"440":0,"441":0,"442":0,"443":0,"444":0,"445":0,"446":7,"447":0,"448":0,"449":0,"450":0,"451":0,"452":0,"453":0,"454":0,"455":0,"456":7,"457":0,"458":7,"459":0,"460":7,"461":0,"462":7,"463":0,"464":7,"465":0,"466":0,"467":0,"468":0,"469":0,"470":0,"471":0,"472":0,"473":0,"474":0,"475":0,"476":0,"477":0,"478":0,"479":0,"480":0,"481":0,"482":0,"483":0,"484":0,"485":0,"486":0,"487":7,"488":0,"489":0,"490":0,"491":0,"492":0,"493":0,"494":0,"495":0,"496":0,"497":0,"498":0,"499":0,"500":0,"501":0,"502":0,"503":0,"504":0,"505":0,"506":0,"507":0,"508":0,"509":0,"510":0,"511":0,"512":0,"513":0,"514":0,"515":0,"516":0,"517":0,"518":0,"519":0,"520":0,"521":0,"522":0,"523":0,"524":0,"525":0,"526":0,"527":0,"528":0,"529":0,"530":0,"531":0,"532":0,"533":0,"534":0,"535":0,"536":0,"537":0,"538":0,"539":0,"540":0,"541":0,"542":0,"543":0,"544":0,"545":0,"546":0,"547":0,"548":0,"549":0,"550":0,"551":0,"552":0,"553":0,"554":0,"555":0,"556":0,"557":0,"558":0,"559":0,"560":0,"561":0,"562":0,"563":0,"564":0,"565":0,"566":0,"567":9,"568":1,"569":1,"570":1,"571":1,"572":9,"573":1,"574":1,"575":1,"576":1,"577":1,"578":1,"579":1,"580":0,"581":0,"582":1,"583":1,"584":1,"585":1,"586":0,"587":0,"588":1,"589":1,"590":1,"591":1,"592":1,"593":10,"594":10,"595":10,"596":10,"597":10,"598":9,"599":1,"600":10,"601":1,"602":9,"603":1,"604":8,"605":1,"606":1,"607":0,"608":7,"609":6,"610":0,"611":0,"612":0,"613":0,"614":6,"615":6,"616":1,"617":1,"618":1,"619":1,"620":1,"621":1,"622":1,"623":1,"624":1,"625":1,"626":1,"627":1,"628":1,"629":1,"630":1,"631":1,"632":1,"633":1,"634":1,"635":1,"636":1,"637":1,"638":1,"639":1,"640":1,"641":1,"642":1,"643":1,"644":1,"645":1,"646":1,"647":1,"648":0,"649":0,"650":0,"651":0,"652":0,"653":1,"654":1,"655":1,"656":1,"657":1,"658":1,"659":1,"660":1,"661":1,"662":0,"663":1,"664":1,"665":1,"666":1,"667":1,"668":16,"669":16,"670":1,"671":16,"672":16,"673":16,"674":0,"675":16,"676":16,"677":16,"678":68,"679":54,"680":68,"681":68,"682":68,"683":16,"684":1,"685":11,"686":11,"687":11,"688":11,"689":0,"690":11,"691":11,"692":11,"693":11,"694":5,"695":11,"696":17,"697":17,"698":99,"699":99,"700":34,"701":99,"702":99,"703":99,"704":17,"705":17,"706":11,"707":0,"708":0,"709":0,"710":0,"711":11,"712":3,"713":3,"714":16,"715":16,"716":16,"717":212,"718":3,"719":3,"720":0,"721":1,"722":1,"723":2,"724":1,"725":1,"726":1,"727":1,"728":1,"729":3,"730":3,"731":3,"732":1,"733":3,"734":3,"735":3,"736":0,"737":0,"738":1,"739":3,"740":3,"741":3,"742":6,"743":3,"744":0,"745":4,"746":3,"747":3,"748":1,"749":3,"750":0,"751":3,"752":1,"753":2,"754":1,"755":3,"756":3,"757":0,"758":0,"759":0,"760":0,"761":0,"762":0,"763":0,"764":0,"765":0,"766":0,"767":0,"768":0,"769":0,"770":0,"771":0,"772":0,"773":0,"774":0,"775":0,"776":0,"777":0,"778":0,"779":0,"780":0,"781":0,"782":0,"783":0,"784":0,"785":0,"786":0,"787":0,"788":0,"789":0,"790":0,"791":0,"792":0,"793":0,"794":0,"795":0,"796":0,"797":0,"798":0,"799":0,"800":0,"801":0,"802":0,"803":0,"804":0,"805":0,"806":0,"807":0,"808":0,"809":0,"810":0,"811":0,"812":0,"813":0,"814":0,"815":0,"816":0,"817":0,"818":0,"819":0,"820":0,"821":0,"822":0,"823":0,"824":0,"825":0,"826":0,"827":0,"828":0,"829":0,"830":0,"831":0,"832":0,"833":0,"834":0,"835":0,"836":0,"837":0,"838":0,"839":0,"840":0,"841":0,"842":0,"843":0,"844":0,"845":0,"846":0,"847":0,"848":0,"849":0,"850":1,"851":1,"852":1,"853":1,"854":16,"855":3,"856":3,"857":3,"858":3,"859":3,"860":3,"861":1,"862":3,"863":1,"864":1,"865":0,"866":1,"867":1,"868":1,"869":1,"870":1,"871":1,"872":3,"873":3,"874":3,"875":1,"876":10,"877":10,"878":10,"879":10,"880":10,"881":10,"882":10,"883":1,"884":1,"885":1,"886":1,"887":0,"888":9,"889":0,"890":1,"891":10,"892":1},"f":{"0":2,"1":0,"2":0,"3":27,"4":1,"5":10,"6":10,"7":0,"8":1,"9":1,"10":1,"11":16,"12":11,"13":3,"14":1,"15":1,"16":3,"17":3,"18":4,"19":3,"20":1,"21":3,"22":0,"23":0,"24":0,"25":0,"26":0,"27":0,"28":0,"29":1,"30":16,"31":3,"32":3,"33":1,"34":10,"35":10},"b":{"0":[0,2],"1":[2,2],"2":[0,2],"3":[2,0],"4":[0,2],"5":[2,0],"6":[0,0],"7":[0,0],"8":[0,0],"9":[0,0],"10":[0,0],"11":[0,0],"12":[0,0],"13":[0,0],"14":[0,0,0],"15":[0,27],"16":[27,27],"17":[69,44],"18":[10,0],"19":[9,1],"20":[7,2],"21":[1,6],"22":[6,1],"23":[1,6],"24":[2,5],"25":[1,6],"26":[1,6],"27":[1,6],"28":[0,7],"29":[0,7],"30":[0,0],"31":[0,7],"32":[0,7],"33":[0,7],"34":[0,7],"35":[0,0],"36":[0,0],"37":[0,0],"38":[0,0],"39":[0,0],"40":[0,0],"41":[0,0],"42":[0,0],"43":[0,0],"44":[0,0],"45":[0,0],"46":[0,0],"47":[0,0],"48":[0,0],"49":[0,0],"50":[0,0],"51":[0,0],"52":[0,0],"53":[0,0],"54":[0,0],"55":[0,0],"56":[0,0],"57":[0,0],"58":[0,0],"59":[0,0],"60":[0,0],"61":[0,7],"62":[0,0],"63":[0,0],"64":[0,0],"65":[0,0],"66":[0,0],"67":[0,0],"68":[0,0],"69":[0,0],"70":[0,0],"71":[0,0],"72":[0,0],"73":[0,0],"74":[0,0],"75":[0,0],"76":[0,0],"77":[0,0],"78":[0,0],"79":[0,0],"80":[0,0],"81":[0,0],"82":[0,0],"83":[0,0],"84":[0,0],"85":[0,0],"86":[0,0],"87":[0,0],"88":[0,0],"89":[0,0],"90":[0,0],"91":[0,0],"92":[0,0],"93":[0,0],"94":[0,0],"95":[0,0],"96":[0,0],"97":[0,0],"98":[0,0],"99":[0,0],"100":[0,0],"101":[0,0],"102":[0,7],"103":[0,7],"104":[0,0],"105":[0,0],"106":[0,7],"107":[0,7],"108":[1,6],"109":[7,1],"110":[0,1],"111":[0,1],"112":[1,0],"113":[0,1],"114":[0,1],"115":[0,7],"116":[7,0],"117":[0,7],"118":[0,7],"119":[0,7],"120":[0,7],"121":[0,7],"122":[0,7],"123":[0,7],"124":[0,7],"125":[0,7],"126":[0,7],"127":[0,0],"128":[0,0],"129":[0,0,0],"130":[0,0],"131":[0,0],"132":[0,0],"133":[0,0],"134":[0,0],"135":[0,0],"136":[0,0],"137":[0,0],"138":[0,0],"139":[1,8],"140":[1,8],"141":[0,1],"142":[0,1],"143":[9,1],"144":[1,8],"145":[1,9],"146":[10,1],"147":[1,8],"148":[1,7],"149":[1,0],"150":[6,1],"151":[0,6],"152":[1,0],"153":[0,0],"154":[0,0],"155":[0,1],"156":[0,16],"157":[54,14],"158":[11,5],"159":[0,11],"160":[11,0],"161":[5,6],"162":[11,5],"163":[34,65],"164":[0,11],"165":[11,11,11,10,1],"166":[3,209],"167":[212,25],"168":[1,2],"169":[0,3],"170":[3,3],"171":[3,1],"172":[0,3],"173":[1,2],"174":[0,3],"175":[0,0],"176":[0,0],"177":[0,0],"178":[0,0],"179":[0,0],"180":[0,0],"181":[0,0],"182":[0,0],"183":[0,0],"184":[0,0],"185":[0,0],"186":[0,0],"187":[0,0],"188":[0,0],"189":[0,0],"190":[0,0],"191":[0,0],"192":[0,0],"193":[0,0],"194":[0,0],"195":[1,0],"196":[3,0],"197":[3,0],"198":[3,0],"199":[1,9]},"_coverageSchema":"1a1c01bbd47fc00a2c39e90264f33305004495a9","hash":"c6b13f2db2252ca5f02f44a143f10eb519078f0a"}
}
