{"C:\\Users\\Lorenzo\\Documents\\00000M1\\.travail\\projet\\specification_compliant\\index.js": {"path":"C:\\Users\\Lorenzo\\Documents\\00000M1\\.travail\\projet\\specification_compliant\\index.js","statementMap":{"0":{"start":{"line":2,"column":4},"end":{"line":6,"column":5}},"1":{"start":{"line":3,"column":8},"end":{"line":5,"column":9}},"2":{"start":{"line":4,"column":12},"end":{"line":4,"column":34}},"3":{"start":{"line":7,"column":4},"end":{"line":11,"column":5}},"4":{"start":{"line":8,"column":8},"end":{"line":10,"column":9}},"5":{"start":{"line":9,"column":12},"end":{"line":9,"column":36}},"6":{"start":{"line":12,"column":4},"end":{"line":16,"column":5}},"7":{"start":{"line":13,"column":8},"end":{"line":15,"column":9}},"8":{"start":{"line":14,"column":12},"end":{"line":14,"column":38}},"9":{"start":{"line":19,"column":4},"end":{"line":19,"column":16}},"10":{"start":{"line":23,"column":15},"end":{"line":23,"column":44}},"11":{"start":{"line":24,"column":19},"end":{"line":24,"column":47}},"12":{"start":{"line":25,"column":23},"end":{"line":25,"column":42}},"13":{"start":{"line":27,"column":4},"end":{"line":28,"column":78}},"14":{"start":{"line":28,"column":8},"end":{"line":28,"column":78}},"15":{"start":{"line":30,"column":4},"end":{"line":34,"column":63}},"16":{"start":{"line":31,"column":8},"end":{"line":31,"column":48}},"17":{"start":{"line":31,"column":30},"end":{"line":31,"column":48}},"18":{"start":{"line":32,"column":8},"end":{"line":32,"column":24}},"19":{"start":{"line":33,"column":8},"end":{"line":33,"column":33}},"20":{"start":{"line":34,"column":11},"end":{"line":34,"column":63}},"21":{"start":{"line":36,"column":4},"end":{"line":36,"column":54}},"22":{"start":{"line":51,"column":4},"end":{"line":51,"column":67}},"23":{"start":{"line":51,"column":46},"end":{"line":51,"column":67}},"24":{"start":{"line":53,"column":19},"end":{"line":53,"column":42}},"25":{"start":{"line":54,"column":18},"end":{"line":54,"column":50}},"26":{"start":{"line":56,"column":13},"end":{"line":56,"column":20}},"27":{"start":{"line":58,"column":4},"end":{"line":66,"column":5}},"28":{"start":{"line":60,"column":8},"end":{"line":60,"column":17}},"29":{"start":{"line":61,"column":8},"end":{"line":61,"column":41}},"30":{"start":{"line":65,"column":8},"end":{"line":65,"column":17}},"31":{"start":{"line":65,"column":18},"end":{"line":65,"column":38}},"32":{"start":{"line":68,"column":4},"end":{"line":68,"column":17}},"33":{"start":{"line":69,"column":4},"end":{"line":72,"column":5}},"34":{"start":{"line":71,"column":8},"end":{"line":71,"column":48}},"35":{"start":{"line":74,"column":4},"end":{"line":75,"column":54}},"36":{"start":{"line":75,"column":8},"end":{"line":75,"column":54}},"37":{"start":{"line":77,"column":4},"end":{"line":77,"column":20}},"38":{"start":{"line":87,"column":4},"end":{"line":87,"column":67}},"39":{"start":{"line":87,"column":46},"end":{"line":87,"column":67}},"40":{"start":{"line":89,"column":14},"end":{"line":89,"column":52}},"41":{"start":{"line":90,"column":4},"end":{"line":90,"column":38}},"42":{"start":{"line":90,"column":24},"end":{"line":90,"column":38}},"43":{"start":{"line":91,"column":15},"end":{"line":91,"column":60}},"44":{"start":{"line":92,"column":4},"end":{"line":92,"column":19}},"45":{"start":{"line":97,"column":14},"end":{"line":97,"column":42}},"46":{"start":{"line":98,"column":4},"end":{"line":98,"column":91}},"47":{"start":{"line":100,"column":4},"end":{"line":102,"column":5}},"48":{"start":{"line":101,"column":8},"end":{"line":101,"column":24}},"49":{"start":{"line":104,"column":4},"end":{"line":104,"column":22}},"50":{"start":{"line":108,"column":17},"end":{"line":108,"column":19}},"51":{"start":{"line":109,"column":4},"end":{"line":113,"column":5}},"52":{"start":{"line":110,"column":8},"end":{"line":110,"column":55}},"53":{"start":{"line":112,"column":8},"end":{"line":112,"column":43}},"54":{"start":{"line":115,"column":4},"end":{"line":115,"column":18}},"55":{"start":{"line":119,"column":20},"end":{"line":119,"column":99}},"56":{"start":{"line":120,"column":4},"end":{"line":120,"column":56}},"57":{"start":{"line":124,"column":22},"end":{"line":124,"column":24}},"58":{"start":{"line":125,"column":4},"end":{"line":127,"column":5}},"59":{"start":{"line":126,"column":8},"end":{"line":126,"column":47}},"60":{"start":{"line":128,"column":4},"end":{"line":128,"column":30}},"61":{"start":{"line":132,"column":4},"end":{"line":132,"column":48}},"62":{"start":{"line":137,"column":18},"end":{"line":137,"column":20}},"63":{"start":{"line":138,"column":4},"end":{"line":138,"column":22}},"64":{"start":{"line":140,"column":4},"end":{"line":140,"column":30}},"65":{"start":{"line":143,"column":21},"end":{"line":143,"column":33}},"66":{"start":{"line":144,"column":23},"end":{"line":144,"column":25}},"67":{"start":{"line":146,"column":4},"end":{"line":146,"column":31}},"68":{"start":{"line":148,"column":4},"end":{"line":159,"column":5}},"69":{"start":{"line":148,"column":17},"end":{"line":148,"column":18}},"70":{"start":{"line":151,"column":8},"end":{"line":151,"column":64}},"71":{"start":{"line":152,"column":8},"end":{"line":155,"column":9}},"72":{"start":{"line":154,"column":12},"end":{"line":154,"column":46}},"73":{"start":{"line":156,"column":8},"end":{"line":156,"column":45}},"74":{"start":{"line":157,"column":19},"end":{"line":157,"column":29}},"75":{"start":{"line":158,"column":8},"end":{"line":158,"column":47}},"76":{"start":{"line":161,"column":4},"end":{"line":819,"column":5}},"77":{"start":{"line":164,"column":8},"end":{"line":164,"column":35}},"78":{"start":{"line":167,"column":8},"end":{"line":818,"column":9}},"79":{"start":{"line":168,"column":12},"end":{"line":168,"column":35}},"80":{"start":{"line":169,"column":12},"end":{"line":169,"column":51}},"81":{"start":{"line":170,"column":12},"end":{"line":170,"column":28}},"82":{"start":{"line":171,"column":12},"end":{"line":171,"column":23}},"83":{"start":{"line":172,"column":12},"end":{"line":172,"column":28}},"84":{"start":{"line":174,"column":12},"end":{"line":174,"column":85}},"85":{"start":{"line":176,"column":12},"end":{"line":176,"column":30}},"86":{"start":{"line":176,"column":31},"end":{"line":176,"column":79}},"87":{"start":{"line":178,"column":12},"end":{"line":178,"column":49}},"88":{"start":{"line":178,"column":50},"end":{"line":178,"column":108}},"89":{"start":{"line":180,"column":12},"end":{"line":778,"column":13}},"90":{"start":{"line":181,"column":16},"end":{"line":181,"column":34}},"91":{"start":{"line":183,"column":16},"end":{"line":183,"column":53}},"92":{"start":{"line":183,"column":53},"end":{"line":183,"column":111}},"93":{"start":{"line":185,"column":16},"end":{"line":185,"column":64}},"94":{"start":{"line":185,"column":36},"end":{"line":185,"column":64}},"95":{"start":{"line":187,"column":16},"end":{"line":187,"column":67}},"96":{"start":{"line":187,"column":57},"end":{"line":187,"column":67}},"97":{"start":{"line":188,"column":16},"end":{"line":188,"column":85}},"98":{"start":{"line":188,"column":37},"end":{"line":188,"column":47}},"99":{"start":{"line":188,"column":48},"end":{"line":188,"column":84}},"100":{"start":{"line":191,"column":16},"end":{"line":191,"column":152}},"101":{"start":{"line":191,"column":74},"end":{"line":191,"column":152}},"102":{"start":{"line":193,"column":16},"end":{"line":193,"column":136}},"103":{"start":{"line":193,"column":74},"end":{"line":193,"column":136}},"104":{"start":{"line":195,"column":16},"end":{"line":195,"column":181}},"105":{"start":{"line":195,"column":74},"end":{"line":195,"column":181}},"106":{"start":{"line":197,"column":16},"end":{"line":197,"column":116}},"107":{"start":{"line":197,"column":74},"end":{"line":197,"column":116}},"108":{"start":{"line":199,"column":16},"end":{"line":199,"column":108}},"109":{"start":{"line":199,"column":74},"end":{"line":199,"column":108}},"110":{"start":{"line":201,"column":16},"end":{"line":201,"column":175}},"111":{"start":{"line":201,"column":75},"end":{"line":201,"column":96}},"112":{"start":{"line":201,"column":97},"end":{"line":201,"column":173}},"113":{"start":{"line":201,"column":113},"end":{"line":201,"column":139}},"114":{"start":{"line":201,"column":145},"end":{"line":201,"column":173}},"115":{"start":{"line":203,"column":16},"end":{"line":203,"column":142}},"116":{"start":{"line":203,"column":74},"end":{"line":203,"column":142}},"117":{"start":{"line":205,"column":16},"end":{"line":217,"column":17}},"118":{"start":{"line":207,"column":20},"end":{"line":207,"column":80}},"119":{"start":{"line":208,"column":20},"end":{"line":208,"column":80}},"120":{"start":{"line":209,"column":20},"end":{"line":209,"column":80}},"121":{"start":{"line":210,"column":20},"end":{"line":210,"column":80}},"122":{"start":{"line":211,"column":20},"end":{"line":211,"column":80}},"123":{"start":{"line":212,"column":20},"end":{"line":212,"column":80}},"124":{"start":{"line":213,"column":20},"end":{"line":213,"column":80}},"125":{"start":{"line":214,"column":20},"end":{"line":214,"column":80}},"126":{"start":{"line":215,"column":20},"end":{"line":215,"column":78}},"127":{"start":{"line":216,"column":20},"end":{"line":216,"column":79}},"128":{"start":{"line":219,"column":16},"end":{"line":219,"column":193}},"129":{"start":{"line":219,"column":74},"end":{"line":219,"column":193}},"130":{"start":{"line":222,"column":16},"end":{"line":280,"column":17}},"131":{"start":{"line":224,"column":20},"end":{"line":224,"column":46}},"132":{"start":{"line":225,"column":20},"end":{"line":225,"column":53}},"133":{"start":{"line":226,"column":20},"end":{"line":226,"column":53}},"134":{"start":{"line":227,"column":20},"end":{"line":227,"column":50}},"135":{"start":{"line":228,"column":20},"end":{"line":279,"column":21}},"136":{"start":{"line":228,"column":33},"end":{"line":228,"column":34}},"137":{"start":{"line":231,"column":24},"end":{"line":231,"column":88}},"138":{"start":{"line":232,"column":24},"end":{"line":235,"column":25}},"139":{"start":{"line":234,"column":28},"end":{"line":234,"column":62}},"140":{"start":{"line":236,"column":24},"end":{"line":236,"column":61}},"141":{"start":{"line":238,"column":24},"end":{"line":277,"column":25}},"142":{"start":{"line":240,"column":28},"end":{"line":240,"column":75}},"143":{"start":{"line":242,"column":29},"end":{"line":277,"column":25}},"144":{"start":{"line":244,"column":28},"end":{"line":244,"column":77}},"145":{"start":{"line":246,"column":29},"end":{"line":277,"column":25}},"146":{"start":{"line":248,"column":28},"end":{"line":248,"column":72}},"147":{"start":{"line":251,"column":28},"end":{"line":251,"column":72}},"148":{"start":{"line":252,"column":28},"end":{"line":263,"column":29}},"149":{"start":{"line":253,"column":32},"end":{"line":253,"column":186}},"150":{"start":{"line":253,"column":45},"end":{"line":253,"column":186}},"151":{"start":{"line":254,"column":32},"end":{"line":254,"column":186}},"152":{"start":{"line":254,"column":45},"end":{"line":254,"column":186}},"153":{"start":{"line":255,"column":32},"end":{"line":255,"column":186}},"154":{"start":{"line":255,"column":45},"end":{"line":255,"column":186}},"155":{"start":{"line":256,"column":32},"end":{"line":256,"column":186}},"156":{"start":{"line":256,"column":45},"end":{"line":256,"column":186}},"157":{"start":{"line":257,"column":32},"end":{"line":257,"column":186}},"158":{"start":{"line":257,"column":45},"end":{"line":257,"column":186}},"159":{"start":{"line":258,"column":32},"end":{"line":258,"column":186}},"160":{"start":{"line":258,"column":45},"end":{"line":258,"column":186}},"161":{"start":{"line":259,"column":32},"end":{"line":259,"column":186}},"162":{"start":{"line":259,"column":45},"end":{"line":259,"column":186}},"163":{"start":{"line":260,"column":32},"end":{"line":260,"column":186}},"164":{"start":{"line":260,"column":45},"end":{"line":260,"column":186}},"165":{"start":{"line":261,"column":32},"end":{"line":261,"column":186}},"166":{"start":{"line":261,"column":45},"end":{"line":261,"column":186}},"167":{"start":{"line":262,"column":32},"end":{"line":262,"column":186}},"168":{"start":{"line":262,"column":45},"end":{"line":262,"column":186}},"169":{"start":{"line":264,"column":28},"end":{"line":275,"column":29}},"170":{"start":{"line":265,"column":32},"end":{"line":265,"column":186}},"171":{"start":{"line":265,"column":45},"end":{"line":265,"column":186}},"172":{"start":{"line":266,"column":32},"end":{"line":266,"column":186}},"173":{"start":{"line":266,"column":45},"end":{"line":266,"column":186}},"174":{"start":{"line":267,"column":32},"end":{"line":267,"column":186}},"175":{"start":{"line":267,"column":45},"end":{"line":267,"column":186}},"176":{"start":{"line":268,"column":32},"end":{"line":268,"column":186}},"177":{"start":{"line":268,"column":45},"end":{"line":268,"column":186}},"178":{"start":{"line":269,"column":32},"end":{"line":269,"column":186}},"179":{"start":{"line":269,"column":45},"end":{"line":269,"column":186}},"180":{"start":{"line":270,"column":32},"end":{"line":270,"column":186}},"181":{"start":{"line":270,"column":45},"end":{"line":270,"column":186}},"182":{"start":{"line":271,"column":32},"end":{"line":271,"column":186}},"183":{"start":{"line":271,"column":45},"end":{"line":271,"column":186}},"184":{"start":{"line":272,"column":32},"end":{"line":272,"column":186}},"185":{"start":{"line":272,"column":45},"end":{"line":272,"column":186}},"186":{"start":{"line":273,"column":32},"end":{"line":273,"column":186}},"187":{"start":{"line":273,"column":45},"end":{"line":273,"column":186}},"188":{"start":{"line":274,"column":32},"end":{"line":274,"column":186}},"189":{"start":{"line":274,"column":45},"end":{"line":274,"column":186}},"190":{"start":{"line":283,"column":16},"end":{"line":535,"column":17}},"191":{"start":{"line":285,"column":20},"end":{"line":285,"column":47}},"192":{"start":{"line":286,"column":20},"end":{"line":286,"column":53}},"193":{"start":{"line":287,"column":20},"end":{"line":287,"column":80}},"194":{"start":{"line":288,"column":20},"end":{"line":288,"column":98}},"195":{"start":{"line":289,"column":20},"end":{"line":289,"column":97}},"196":{"start":{"line":290,"column":20},"end":{"line":290,"column":84}},"197":{"start":{"line":291,"column":20},"end":{"line":291,"column":84}},"198":{"start":{"line":292,"column":20},"end":{"line":292,"column":84}},"199":{"start":{"line":293,"column":20},"end":{"line":293,"column":84}},"200":{"start":{"line":294,"column":20},"end":{"line":294,"column":84}},"201":{"start":{"line":295,"column":20},"end":{"line":295,"column":84}},"202":{"start":{"line":296,"column":20},"end":{"line":296,"column":84}},"203":{"start":{"line":297,"column":20},"end":{"line":297,"column":84}},"204":{"start":{"line":298,"column":20},"end":{"line":298,"column":84}},"205":{"start":{"line":299,"column":20},"end":{"line":299,"column":84}},"206":{"start":{"line":300,"column":20},"end":{"line":300,"column":39}},"207":{"start":{"line":301,"column":20},"end":{"line":301,"column":39}},"208":{"start":{"line":303,"column":20},"end":{"line":325,"column":21}},"209":{"start":{"line":305,"column":24},"end":{"line":312,"column":25}},"210":{"start":{"line":306,"column":28},"end":{"line":306,"column":81}},"211":{"start":{"line":307,"column":28},"end":{"line":307,"column":48}},"212":{"start":{"line":308,"column":28},"end":{"line":308,"column":80}},"213":{"start":{"line":309,"column":28},"end":{"line":309,"column":48}},"214":{"start":{"line":310,"column":28},"end":{"line":310,"column":82}},"215":{"start":{"line":311,"column":28},"end":{"line":311,"column":48}},"216":{"start":{"line":313,"column":24},"end":{"line":313,"column":65}},"217":{"start":{"line":314,"column":24},"end":{"line":314,"column":73}},"218":{"start":{"line":314,"column":58},"end":{"line":314,"column":73}},"219":{"start":{"line":315,"column":24},"end":{"line":323,"column":25}},"220":{"start":{"line":315,"column":37},"end":{"line":315,"column":38}},"221":{"start":{"line":317,"column":28},"end":{"line":317,"column":91}},"222":{"start":{"line":318,"column":28},"end":{"line":321,"column":29}},"223":{"start":{"line":320,"column":32},"end":{"line":320,"column":66}},"224":{"start":{"line":322,"column":28},"end":{"line":322,"column":81}},"225":{"start":{"line":324,"column":24},"end":{"line":324,"column":80}},"226":{"start":{"line":327,"column":20},"end":{"line":349,"column":21}},"227":{"start":{"line":329,"column":24},"end":{"line":336,"column":25}},"228":{"start":{"line":330,"column":28},"end":{"line":330,"column":81}},"229":{"start":{"line":331,"column":28},"end":{"line":331,"column":48}},"230":{"start":{"line":332,"column":28},"end":{"line":332,"column":80}},"231":{"start":{"line":333,"column":28},"end":{"line":333,"column":48}},"232":{"start":{"line":334,"column":28},"end":{"line":334,"column":82}},"233":{"start":{"line":335,"column":28},"end":{"line":335,"column":48}},"234":{"start":{"line":337,"column":24},"end":{"line":337,"column":65}},"235":{"start":{"line":338,"column":24},"end":{"line":338,"column":73}},"236":{"start":{"line":338,"column":58},"end":{"line":338,"column":73}},"237":{"start":{"line":339,"column":24},"end":{"line":347,"column":25}},"238":{"start":{"line":339,"column":37},"end":{"line":339,"column":38}},"239":{"start":{"line":341,"column":28},"end":{"line":341,"column":91}},"240":{"start":{"line":342,"column":28},"end":{"line":345,"column":29}},"241":{"start":{"line":344,"column":32},"end":{"line":344,"column":66}},"242":{"start":{"line":346,"column":28},"end":{"line":346,"column":81}},"243":{"start":{"line":348,"column":24},"end":{"line":348,"column":80}},"244":{"start":{"line":350,"column":20},"end":{"line":372,"column":21}},"245":{"start":{"line":352,"column":24},"end":{"line":359,"column":25}},"246":{"start":{"line":353,"column":28},"end":{"line":353,"column":81}},"247":{"start":{"line":354,"column":28},"end":{"line":354,"column":48}},"248":{"start":{"line":355,"column":28},"end":{"line":355,"column":80}},"249":{"start":{"line":356,"column":28},"end":{"line":356,"column":48}},"250":{"start":{"line":357,"column":28},"end":{"line":357,"column":82}},"251":{"start":{"line":358,"column":28},"end":{"line":358,"column":48}},"252":{"start":{"line":360,"column":24},"end":{"line":360,"column":65}},"253":{"start":{"line":361,"column":24},"end":{"line":361,"column":73}},"254":{"start":{"line":361,"column":58},"end":{"line":361,"column":73}},"255":{"start":{"line":362,"column":24},"end":{"line":370,"column":25}},"256":{"start":{"line":362,"column":37},"end":{"line":362,"column":38}},"257":{"start":{"line":364,"column":28},"end":{"line":364,"column":91}},"258":{"start":{"line":365,"column":28},"end":{"line":368,"column":29}},"259":{"start":{"line":367,"column":32},"end":{"line":367,"column":66}},"260":{"start":{"line":369,"column":28},"end":{"line":369,"column":81}},"261":{"start":{"line":371,"column":24},"end":{"line":371,"column":80}},"262":{"start":{"line":373,"column":20},"end":{"line":395,"column":21}},"263":{"start":{"line":375,"column":24},"end":{"line":382,"column":25}},"264":{"start":{"line":376,"column":28},"end":{"line":376,"column":81}},"265":{"start":{"line":377,"column":28},"end":{"line":377,"column":48}},"266":{"start":{"line":378,"column":28},"end":{"line":378,"column":80}},"267":{"start":{"line":379,"column":28},"end":{"line":379,"column":48}},"268":{"start":{"line":380,"column":28},"end":{"line":380,"column":82}},"269":{"start":{"line":381,"column":28},"end":{"line":381,"column":48}},"270":{"start":{"line":383,"column":24},"end":{"line":383,"column":65}},"271":{"start":{"line":384,"column":24},"end":{"line":384,"column":73}},"272":{"start":{"line":384,"column":58},"end":{"line":384,"column":73}},"273":{"start":{"line":385,"column":24},"end":{"line":393,"column":25}},"274":{"start":{"line":385,"column":37},"end":{"line":385,"column":38}},"275":{"start":{"line":387,"column":28},"end":{"line":387,"column":91}},"276":{"start":{"line":388,"column":28},"end":{"line":391,"column":29}},"277":{"start":{"line":390,"column":32},"end":{"line":390,"column":66}},"278":{"start":{"line":392,"column":28},"end":{"line":392,"column":81}},"279":{"start":{"line":394,"column":24},"end":{"line":394,"column":80}},"280":{"start":{"line":396,"column":20},"end":{"line":418,"column":21}},"281":{"start":{"line":398,"column":24},"end":{"line":405,"column":25}},"282":{"start":{"line":399,"column":28},"end":{"line":399,"column":81}},"283":{"start":{"line":400,"column":28},"end":{"line":400,"column":48}},"284":{"start":{"line":401,"column":28},"end":{"line":401,"column":80}},"285":{"start":{"line":402,"column":28},"end":{"line":402,"column":48}},"286":{"start":{"line":403,"column":28},"end":{"line":403,"column":82}},"287":{"start":{"line":404,"column":28},"end":{"line":404,"column":48}},"288":{"start":{"line":406,"column":24},"end":{"line":406,"column":65}},"289":{"start":{"line":407,"column":24},"end":{"line":407,"column":73}},"290":{"start":{"line":407,"column":58},"end":{"line":407,"column":73}},"291":{"start":{"line":408,"column":24},"end":{"line":416,"column":25}},"292":{"start":{"line":408,"column":37},"end":{"line":408,"column":38}},"293":{"start":{"line":410,"column":28},"end":{"line":410,"column":91}},"294":{"start":{"line":411,"column":28},"end":{"line":414,"column":29}},"295":{"start":{"line":413,"column":32},"end":{"line":413,"column":66}},"296":{"start":{"line":415,"column":28},"end":{"line":415,"column":81}},"297":{"start":{"line":417,"column":24},"end":{"line":417,"column":80}},"298":{"start":{"line":419,"column":20},"end":{"line":441,"column":21}},"299":{"start":{"line":421,"column":24},"end":{"line":428,"column":25}},"300":{"start":{"line":422,"column":28},"end":{"line":422,"column":81}},"301":{"start":{"line":423,"column":28},"end":{"line":423,"column":48}},"302":{"start":{"line":424,"column":28},"end":{"line":424,"column":80}},"303":{"start":{"line":425,"column":28},"end":{"line":425,"column":48}},"304":{"start":{"line":426,"column":28},"end":{"line":426,"column":82}},"305":{"start":{"line":427,"column":28},"end":{"line":427,"column":48}},"306":{"start":{"line":429,"column":24},"end":{"line":429,"column":65}},"307":{"start":{"line":430,"column":24},"end":{"line":430,"column":73}},"308":{"start":{"line":430,"column":58},"end":{"line":430,"column":73}},"309":{"start":{"line":431,"column":24},"end":{"line":439,"column":25}},"310":{"start":{"line":431,"column":37},"end":{"line":431,"column":38}},"311":{"start":{"line":433,"column":28},"end":{"line":433,"column":91}},"312":{"start":{"line":434,"column":28},"end":{"line":437,"column":29}},"313":{"start":{"line":436,"column":32},"end":{"line":436,"column":66}},"314":{"start":{"line":438,"column":28},"end":{"line":438,"column":81}},"315":{"start":{"line":440,"column":24},"end":{"line":440,"column":80}},"316":{"start":{"line":442,"column":20},"end":{"line":464,"column":21}},"317":{"start":{"line":444,"column":24},"end":{"line":451,"column":25}},"318":{"start":{"line":445,"column":28},"end":{"line":445,"column":81}},"319":{"start":{"line":446,"column":28},"end":{"line":446,"column":48}},"320":{"start":{"line":447,"column":28},"end":{"line":447,"column":80}},"321":{"start":{"line":448,"column":28},"end":{"line":448,"column":48}},"322":{"start":{"line":449,"column":28},"end":{"line":449,"column":82}},"323":{"start":{"line":450,"column":28},"end":{"line":450,"column":48}},"324":{"start":{"line":452,"column":24},"end":{"line":452,"column":65}},"325":{"start":{"line":453,"column":24},"end":{"line":453,"column":73}},"326":{"start":{"line":453,"column":58},"end":{"line":453,"column":73}},"327":{"start":{"line":454,"column":24},"end":{"line":462,"column":25}},"328":{"start":{"line":454,"column":37},"end":{"line":454,"column":38}},"329":{"start":{"line":456,"column":28},"end":{"line":456,"column":91}},"330":{"start":{"line":457,"column":28},"end":{"line":460,"column":29}},"331":{"start":{"line":459,"column":32},"end":{"line":459,"column":66}},"332":{"start":{"line":461,"column":28},"end":{"line":461,"column":81}},"333":{"start":{"line":463,"column":24},"end":{"line":463,"column":80}},"334":{"start":{"line":465,"column":20},"end":{"line":487,"column":21}},"335":{"start":{"line":467,"column":24},"end":{"line":474,"column":25}},"336":{"start":{"line":468,"column":28},"end":{"line":468,"column":81}},"337":{"start":{"line":469,"column":28},"end":{"line":469,"column":48}},"338":{"start":{"line":470,"column":28},"end":{"line":470,"column":80}},"339":{"start":{"line":471,"column":28},"end":{"line":471,"column":48}},"340":{"start":{"line":472,"column":28},"end":{"line":472,"column":82}},"341":{"start":{"line":473,"column":28},"end":{"line":473,"column":48}},"342":{"start":{"line":475,"column":24},"end":{"line":475,"column":65}},"343":{"start":{"line":476,"column":24},"end":{"line":476,"column":73}},"344":{"start":{"line":476,"column":58},"end":{"line":476,"column":73}},"345":{"start":{"line":477,"column":24},"end":{"line":485,"column":25}},"346":{"start":{"line":477,"column":37},"end":{"line":477,"column":38}},"347":{"start":{"line":479,"column":28},"end":{"line":479,"column":91}},"348":{"start":{"line":480,"column":28},"end":{"line":483,"column":29}},"349":{"start":{"line":482,"column":32},"end":{"line":482,"column":66}},"350":{"start":{"line":484,"column":28},"end":{"line":484,"column":81}},"351":{"start":{"line":486,"column":24},"end":{"line":486,"column":80}},"352":{"start":{"line":488,"column":20},"end":{"line":510,"column":21}},"353":{"start":{"line":490,"column":24},"end":{"line":497,"column":25}},"354":{"start":{"line":491,"column":28},"end":{"line":491,"column":81}},"355":{"start":{"line":492,"column":28},"end":{"line":492,"column":48}},"356":{"start":{"line":493,"column":28},"end":{"line":493,"column":80}},"357":{"start":{"line":494,"column":28},"end":{"line":494,"column":48}},"358":{"start":{"line":495,"column":28},"end":{"line":495,"column":82}},"359":{"start":{"line":496,"column":28},"end":{"line":496,"column":48}},"360":{"start":{"line":498,"column":24},"end":{"line":498,"column":65}},"361":{"start":{"line":499,"column":24},"end":{"line":499,"column":73}},"362":{"start":{"line":499,"column":58},"end":{"line":499,"column":73}},"363":{"start":{"line":500,"column":24},"end":{"line":508,"column":25}},"364":{"start":{"line":500,"column":37},"end":{"line":500,"column":38}},"365":{"start":{"line":502,"column":28},"end":{"line":502,"column":91}},"366":{"start":{"line":503,"column":28},"end":{"line":506,"column":29}},"367":{"start":{"line":505,"column":32},"end":{"line":505,"column":66}},"368":{"start":{"line":507,"column":28},"end":{"line":507,"column":81}},"369":{"start":{"line":509,"column":24},"end":{"line":509,"column":80}},"370":{"start":{"line":511,"column":20},"end":{"line":533,"column":21}},"371":{"start":{"line":513,"column":24},"end":{"line":520,"column":25}},"372":{"start":{"line":514,"column":28},"end":{"line":514,"column":81}},"373":{"start":{"line":515,"column":28},"end":{"line":515,"column":48}},"374":{"start":{"line":516,"column":28},"end":{"line":516,"column":80}},"375":{"start":{"line":517,"column":28},"end":{"line":517,"column":48}},"376":{"start":{"line":518,"column":28},"end":{"line":518,"column":82}},"377":{"start":{"line":519,"column":28},"end":{"line":519,"column":48}},"378":{"start":{"line":521,"column":24},"end":{"line":521,"column":65}},"379":{"start":{"line":522,"column":24},"end":{"line":522,"column":73}},"380":{"start":{"line":522,"column":58},"end":{"line":522,"column":73}},"381":{"start":{"line":523,"column":24},"end":{"line":531,"column":25}},"382":{"start":{"line":523,"column":37},"end":{"line":523,"column":38}},"383":{"start":{"line":525,"column":28},"end":{"line":525,"column":91}},"384":{"start":{"line":526,"column":28},"end":{"line":529,"column":29}},"385":{"start":{"line":528,"column":32},"end":{"line":528,"column":66}},"386":{"start":{"line":530,"column":28},"end":{"line":530,"column":81}},"387":{"start":{"line":532,"column":24},"end":{"line":532,"column":80}},"388":{"start":{"line":538,"column":16},"end":{"line":544,"column":17}},"389":{"start":{"line":539,"column":20},"end":{"line":539,"column":122}},"390":{"start":{"line":540,"column":20},"end":{"line":540,"column":126}},"391":{"start":{"line":541,"column":20},"end":{"line":541,"column":82}},"392":{"start":{"line":542,"column":20},"end":{"line":542,"column":98}},"393":{"start":{"line":543,"column":20},"end":{"line":543,"column":103}},"394":{"start":{"line":546,"column":16},"end":{"line":551,"column":17}},"395":{"start":{"line":547,"column":20},"end":{"line":548,"column":64}},"396":{"start":{"line":548,"column":24},"end":{"line":548,"column":64}},"397":{"start":{"line":549,"column":20},"end":{"line":550,"column":66}},"398":{"start":{"line":550,"column":24},"end":{"line":550,"column":66}},"399":{"start":{"line":554,"column":16},"end":{"line":556,"column":17}},"400":{"start":{"line":555,"column":20},"end":{"line":555,"column":57}},"401":{"start":{"line":559,"column":16},"end":{"line":562,"column":17}},"402":{"start":{"line":560,"column":20},"end":{"line":560,"column":88}},"403":{"start":{"line":561,"column":20},"end":{"line":561,"column":84}},"404":{"start":{"line":564,"column":16},"end":{"line":571,"column":17}},"405":{"start":{"line":565,"column":20},"end":{"line":565,"column":39}},"406":{"start":{"line":566,"column":20},"end":{"line":566,"column":156}},"407":{"start":{"line":566,"column":58},"end":{"line":566,"column":139}},"408":{"start":{"line":566,"column":139},"end":{"line":566,"column":155}},"409":{"start":{"line":567,"column":20},"end":{"line":567,"column":160}},"410":{"start":{"line":567,"column":58},"end":{"line":567,"column":143}},"411":{"start":{"line":567,"column":143},"end":{"line":567,"column":159}},"412":{"start":{"line":568,"column":20},"end":{"line":568,"column":158}},"413":{"start":{"line":568,"column":58},"end":{"line":568,"column":141}},"414":{"start":{"line":568,"column":141},"end":{"line":568,"column":157}},"415":{"start":{"line":569,"column":20},"end":{"line":569,"column":156}},"416":{"start":{"line":569,"column":58},"end":{"line":569,"column":139}},"417":{"start":{"line":569,"column":139},"end":{"line":569,"column":155}},"418":{"start":{"line":570,"column":20},"end":{"line":570,"column":154}},"419":{"start":{"line":570,"column":58},"end":{"line":570,"column":137}},"420":{"start":{"line":570,"column":137},"end":{"line":570,"column":153}},"421":{"start":{"line":573,"column":16},"end":{"line":590,"column":17}},"422":{"start":{"line":574,"column":20},"end":{"line":574,"column":35}},"423":{"start":{"line":575,"column":20},"end":{"line":575,"column":166}},"424":{"start":{"line":576,"column":20},"end":{"line":576,"column":40}},"425":{"start":{"line":577,"column":20},"end":{"line":577,"column":166}},"426":{"start":{"line":578,"column":20},"end":{"line":578,"column":40}},"427":{"start":{"line":579,"column":20},"end":{"line":579,"column":168}},"428":{"start":{"line":580,"column":20},"end":{"line":580,"column":40}},"429":{"start":{"line":581,"column":20},"end":{"line":581,"column":168}},"430":{"start":{"line":582,"column":20},"end":{"line":582,"column":40}},"431":{"start":{"line":583,"column":20},"end":{"line":583,"column":160}},"432":{"start":{"line":584,"column":20},"end":{"line":584,"column":40}},"433":{"start":{"line":585,"column":20},"end":{"line":585,"column":160}},"434":{"start":{"line":586,"column":20},"end":{"line":586,"column":40}},"435":{"start":{"line":587,"column":20},"end":{"line":587,"column":162}},"436":{"start":{"line":588,"column":20},"end":{"line":588,"column":40}},"437":{"start":{"line":589,"column":20},"end":{"line":589,"column":162}},"438":{"start":{"line":593,"column":16},"end":{"line":611,"column":17}},"439":{"start":{"line":594,"column":20},"end":{"line":594,"column":161}},"440":{"start":{"line":595,"column":20},"end":{"line":595,"column":163}},"441":{"start":{"line":596,"column":20},"end":{"line":596,"column":164}},"442":{"start":{"line":597,"column":20},"end":{"line":597,"column":167}},"443":{"start":{"line":598,"column":20},"end":{"line":598,"column":165}},"444":{"start":{"line":599,"column":20},"end":{"line":599,"column":167}},"445":{"start":{"line":600,"column":20},"end":{"line":600,"column":167}},"446":{"start":{"line":601,"column":20},"end":{"line":601,"column":169}},"447":{"start":{"line":602,"column":23},"end":{"line":611,"column":17}},"448":{"start":{"line":603,"column":20},"end":{"line":603,"column":160}},"449":{"start":{"line":604,"column":20},"end":{"line":604,"column":162}},"450":{"start":{"line":605,"column":20},"end":{"line":605,"column":162}},"451":{"start":{"line":606,"column":20},"end":{"line":606,"column":165}},"452":{"start":{"line":607,"column":20},"end":{"line":607,"column":163}},"453":{"start":{"line":608,"column":20},"end":{"line":608,"column":165}},"454":{"start":{"line":609,"column":20},"end":{"line":609,"column":165}},"455":{"start":{"line":610,"column":20},"end":{"line":610,"column":167}},"456":{"start":{"line":614,"column":16},"end":{"line":621,"column":17}},"457":{"start":{"line":615,"column":20},"end":{"line":615,"column":35}},"458":{"start":{"line":616,"column":20},"end":{"line":616,"column":92}},"459":{"start":{"line":617,"column":20},"end":{"line":617,"column":40}},"460":{"start":{"line":618,"column":20},"end":{"line":618,"column":92}},"461":{"start":{"line":619,"column":20},"end":{"line":619,"column":40}},"462":{"start":{"line":620,"column":20},"end":{"line":620,"column":96}},"463":{"start":{"line":624,"column":16},"end":{"line":634,"column":17}},"464":{"start":{"line":625,"column":20},"end":{"line":625,"column":89}},"465":{"start":{"line":626,"column":20},"end":{"line":626,"column":89}},"466":{"start":{"line":627,"column":20},"end":{"line":627,"column":87}},"467":{"start":{"line":628,"column":20},"end":{"line":628,"column":89}},"468":{"start":{"line":629,"column":20},"end":{"line":629,"column":90}},"469":{"start":{"line":630,"column":20},"end":{"line":630,"column":89}},"470":{"start":{"line":631,"column":20},"end":{"line":631,"column":91}},"471":{"start":{"line":632,"column":20},"end":{"line":632,"column":91}},"472":{"start":{"line":633,"column":20},"end":{"line":633,"column":89}},"473":{"start":{"line":637,"column":16},"end":{"line":639,"column":17}},"474":{"start":{"line":638,"column":20},"end":{"line":638,"column":83}},"475":{"start":{"line":641,"column":16},"end":{"line":643,"column":17}},"476":{"start":{"line":642,"column":20},"end":{"line":642,"column":81}},"477":{"start":{"line":645,"column":16},"end":{"line":647,"column":17}},"478":{"start":{"line":646,"column":20},"end":{"line":646,"column":91}},"479":{"start":{"line":649,"column":16},"end":{"line":651,"column":17}},"480":{"start":{"line":650,"column":20},"end":{"line":650,"column":62}},"481":{"start":{"line":653,"column":16},"end":{"line":724,"column":17}},"482":{"start":{"line":654,"column":20},"end":{"line":654,"column":35}},"483":{"start":{"line":655,"column":20},"end":{"line":661,"column":29}},"484":{"start":{"line":662,"column":20},"end":{"line":662,"column":40}},"485":{"start":{"line":663,"column":20},"end":{"line":669,"column":29}},"486":{"start":{"line":670,"column":20},"end":{"line":670,"column":40}},"487":{"start":{"line":671,"column":20},"end":{"line":677,"column":29}},"488":{"start":{"line":678,"column":20},"end":{"line":678,"column":40}},"489":{"start":{"line":679,"column":20},"end":{"line":683,"column":31}},"490":{"start":{"line":684,"column":20},"end":{"line":684,"column":40}},"491":{"start":{"line":685,"column":20},"end":{"line":689,"column":31}},"492":{"start":{"line":690,"column":20},"end":{"line":690,"column":40}},"493":{"start":{"line":691,"column":20},"end":{"line":695,"column":31}},"494":{"start":{"line":696,"column":20},"end":{"line":696,"column":40}},"495":{"start":{"line":697,"column":20},"end":{"line":701,"column":31}},"496":{"start":{"line":702,"column":20},"end":{"line":702,"column":40}},"497":{"start":{"line":703,"column":20},"end":{"line":707,"column":31}},"498":{"start":{"line":708,"column":20},"end":{"line":708,"column":40}},"499":{"start":{"line":709,"column":20},"end":{"line":713,"column":31}},"500":{"start":{"line":714,"column":20},"end":{"line":714,"column":40}},"501":{"start":{"line":715,"column":20},"end":{"line":718,"column":22}},"502":{"start":{"line":719,"column":20},"end":{"line":719,"column":40}},"503":{"start":{"line":720,"column":20},"end":{"line":723,"column":22}},"504":{"start":{"line":727,"column":16},"end":{"line":776,"column":17}},"505":{"start":{"line":728,"column":20},"end":{"line":728,"column":32}},"506":{"start":{"line":729,"column":20},"end":{"line":775,"column":21}},"507":{"start":{"line":730,"column":24},"end":{"line":730,"column":51}},"508":{"start":{"line":731,"column":24},"end":{"line":731,"column":69}},"509":{"start":{"line":731,"column":70},"end":{"line":731,"column":75}},"510":{"start":{"line":732,"column":24},"end":{"line":732,"column":71}},"511":{"start":{"line":732,"column":72},"end":{"line":732,"column":77}},"512":{"start":{"line":733,"column":24},"end":{"line":733,"column":71}},"513":{"start":{"line":733,"column":72},"end":{"line":733,"column":77}},"514":{"start":{"line":734,"column":24},"end":{"line":734,"column":65}},"515":{"start":{"line":734,"column":66},"end":{"line":734,"column":71}},"516":{"start":{"line":735,"column":24},"end":{"line":735,"column":71}},"517":{"start":{"line":735,"column":72},"end":{"line":735,"column":77}},"518":{"start":{"line":736,"column":24},"end":{"line":736,"column":71}},"519":{"start":{"line":736,"column":72},"end":{"line":736,"column":77}},"520":{"start":{"line":737,"column":24},"end":{"line":737,"column":65}},"521":{"start":{"line":737,"column":66},"end":{"line":737,"column":71}},"522":{"start":{"line":738,"column":24},"end":{"line":738,"column":71}},"523":{"start":{"line":738,"column":72},"end":{"line":738,"column":77}},"524":{"start":{"line":739,"column":24},"end":{"line":739,"column":71}},"525":{"start":{"line":739,"column":72},"end":{"line":739,"column":77}},"526":{"start":{"line":740,"column":24},"end":{"line":740,"column":65}},"527":{"start":{"line":741,"column":27},"end":{"line":775,"column":21}},"528":{"start":{"line":742,"column":24},"end":{"line":742,"column":116}},"529":{"start":{"line":743,"column":24},"end":{"line":743,"column":51}},"530":{"start":{"line":744,"column":24},"end":{"line":744,"column":66}},"531":{"start":{"line":744,"column":67},"end":{"line":744,"column":72}},"532":{"start":{"line":745,"column":24},"end":{"line":745,"column":72}},"533":{"start":{"line":745,"column":73},"end":{"line":745,"column":78}},"534":{"start":{"line":746,"column":24},"end":{"line":746,"column":72}},"535":{"start":{"line":746,"column":73},"end":{"line":746,"column":78}},"536":{"start":{"line":747,"column":24},"end":{"line":747,"column":66}},"537":{"start":{"line":747,"column":67},"end":{"line":747,"column":72}},"538":{"start":{"line":748,"column":24},"end":{"line":748,"column":72}},"539":{"start":{"line":748,"column":73},"end":{"line":748,"column":78}},"540":{"start":{"line":749,"column":24},"end":{"line":749,"column":72}},"541":{"start":{"line":749,"column":73},"end":{"line":749,"column":78}},"542":{"start":{"line":750,"column":24},"end":{"line":750,"column":66}},"543":{"start":{"line":750,"column":67},"end":{"line":750,"column":72}},"544":{"start":{"line":751,"column":24},"end":{"line":751,"column":72}},"545":{"start":{"line":751,"column":73},"end":{"line":751,"column":78}},"546":{"start":{"line":752,"column":24},"end":{"line":752,"column":72}},"547":{"start":{"line":752,"column":73},"end":{"line":752,"column":78}},"548":{"start":{"line":753,"column":24},"end":{"line":753,"column":66}},"549":{"start":{"line":753,"column":67},"end":{"line":753,"column":72}},"550":{"start":{"line":754,"column":27},"end":{"line":775,"column":21}},"551":{"start":{"line":755,"column":24},"end":{"line":755,"column":53}},"552":{"start":{"line":756,"column":24},"end":{"line":756,"column":79}},"553":{"start":{"line":756,"column":80},"end":{"line":756,"column":85}},"554":{"start":{"line":757,"column":24},"end":{"line":757,"column":79}},"555":{"start":{"line":757,"column":80},"end":{"line":757,"column":85}},"556":{"start":{"line":758,"column":24},"end":{"line":758,"column":60}},"557":{"start":{"line":758,"column":61},"end":{"line":758,"column":66}},"558":{"start":{"line":759,"column":24},"end":{"line":759,"column":77}},"559":{"start":{"line":759,"column":44},"end":{"line":759,"column":77}},"560":{"start":{"line":760,"column":24},"end":{"line":760,"column":106}},"561":{"start":{"line":761,"column":24},"end":{"line":761,"column":74}},"562":{"start":{"line":761,"column":75},"end":{"line":761,"column":80}},"563":{"start":{"line":762,"column":24},"end":{"line":762,"column":80}},"564":{"start":{"line":762,"column":81},"end":{"line":762,"column":86}},"565":{"start":{"line":763,"column":24},"end":{"line":763,"column":80}},"566":{"start":{"line":763,"column":81},"end":{"line":763,"column":86}},"567":{"start":{"line":764,"column":24},"end":{"line":764,"column":80}},"568":{"start":{"line":764,"column":81},"end":{"line":764,"column":86}},"569":{"start":{"line":765,"column":24},"end":{"line":765,"column":74}},"570":{"start":{"line":765,"column":75},"end":{"line":765,"column":80}},"571":{"start":{"line":766,"column":24},"end":{"line":766,"column":74}},"572":{"start":{"line":766,"column":75},"end":{"line":766,"column":80}},"573":{"start":{"line":767,"column":24},"end":{"line":767,"column":78}},"574":{"start":{"line":767,"column":79},"end":{"line":767,"column":84}},"575":{"start":{"line":768,"column":24},"end":{"line":768,"column":73}},"576":{"start":{"line":768,"column":74},"end":{"line":768,"column":79}},"577":{"start":{"line":769,"column":24},"end":{"line":769,"column":73}},"578":{"start":{"line":769,"column":74},"end":{"line":769,"column":79}},"579":{"start":{"line":770,"column":24},"end":{"line":770,"column":66}},"580":{"start":{"line":771,"column":24},"end":{"line":771,"column":83}},"581":{"start":{"line":772,"column":24},"end":{"line":772,"column":83}},"582":{"start":{"line":773,"column":24},"end":{"line":773,"column":83}},"583":{"start":{"line":774,"column":24},"end":{"line":774,"column":83}},"584":{"start":{"line":781,"column":12},"end":{"line":788,"column":13}},"585":{"start":{"line":783,"column":16},"end":{"line":783,"column":53}},"586":{"start":{"line":783,"column":53},"end":{"line":783,"column":111}},"587":{"start":{"line":785,"column":16},"end":{"line":785,"column":52}},"588":{"start":{"line":787,"column":16},"end":{"line":787,"column":51}},"589":{"start":{"line":792,"column":12},"end":{"line":810,"column":13}},"590":{"start":{"line":794,"column":16},"end":{"line":794,"column":53}},"591":{"start":{"line":794,"column":53},"end":{"line":794,"column":111}},"592":{"start":{"line":796,"column":16},"end":{"line":796,"column":52}},"593":{"start":{"line":798,"column":16},"end":{"line":798,"column":51}},"594":{"start":{"line":801,"column":16},"end":{"line":801,"column":59}},"595":{"start":{"line":803,"column":16},"end":{"line":803,"column":42}},"596":{"start":{"line":804,"column":16},"end":{"line":804,"column":251}},"597":{"start":{"line":804,"column":49},"end":{"line":804,"column":109}},"598":{"start":{"line":804,"column":109},"end":{"line":804,"column":149}},"599":{"start":{"line":804,"column":157},"end":{"line":804,"column":210}},"600":{"start":{"line":804,"column":210},"end":{"line":804,"column":250}},"601":{"start":{"line":806,"column":16},"end":{"line":806,"column":42}},"602":{"start":{"line":807,"column":16},"end":{"line":807,"column":254}},"603":{"start":{"line":807,"column":50},"end":{"line":807,"column":111}},"604":{"start":{"line":807,"column":111},"end":{"line":807,"column":151}},"605":{"start":{"line":807,"column":159},"end":{"line":807,"column":213}},"606":{"start":{"line":807,"column":213},"end":{"line":807,"column":253}},"607":{"start":{"line":808,"column":16},"end":{"line":808,"column":43}},"608":{"start":{"line":816,"column":12},"end":{"line":816,"column":31}},"609":{"start":{"line":817,"column":12},"end":{"line":817,"column":43}},"610":{"start":{"line":821,"column":4},"end":{"line":821,"column":19}},"611":{"start":{"line":825,"column":16},"end":{"line":825,"column":27}},"612":{"start":{"line":826,"column":18},"end":{"line":826,"column":20}},"613":{"start":{"line":827,"column":18},"end":{"line":827,"column":45}},"614":{"start":{"line":828,"column":4},"end":{"line":830,"column":5}},"615":{"start":{"line":829,"column":8},"end":{"line":829,"column":49}},"616":{"start":{"line":831,"column":4},"end":{"line":831,"column":24}},"617":{"start":{"line":832,"column":4},"end":{"line":869,"column":5}},"618":{"start":{"line":833,"column":8},"end":{"line":839,"column":9}},"619":{"start":{"line":841,"column":9},"end":{"line":869,"column":5}},"620":{"start":{"line":842,"column":8},"end":{"line":848,"column":9}},"621":{"start":{"line":850,"column":9},"end":{"line":869,"column":5}},"622":{"start":{"line":851,"column":8},"end":{"line":868,"column":9}},"623":{"start":{"line":852,"column":12},"end":{"line":858,"column":13}},"624":{"start":{"line":861,"column":12},"end":{"line":867,"column":13}},"625":{"start":{"line":870,"column":4},"end":{"line":897,"column":5}},"626":{"start":{"line":871,"column":8},"end":{"line":896,"column":9}},"627":{"start":{"line":872,"column":25},"end":{"line":872,"column":51}},"628":{"start":{"line":873,"column":27},"end":{"line":873,"column":55}},"629":{"start":{"line":874,"column":23},"end":{"line":874,"column":60}},"630":{"start":{"line":875,"column":12},"end":{"line":883,"column":13}},"631":{"start":{"line":886,"column":27},"end":{"line":886,"column":55}},"632":{"start":{"line":887,"column":12},"end":{"line":895,"column":13}},"633":{"start":{"line":898,"column":4},"end":{"line":901,"column":5}},"634":{"start":{"line":905,"column":15},"end":{"line":905,"column":16}},"635":{"start":{"line":906,"column":12},"end":{"line":906,"column":13}},"636":{"start":{"line":907,"column":12},"end":{"line":907,"column":13}},"637":{"start":{"line":908,"column":12},"end":{"line":908,"column":13}},"638":{"start":{"line":909,"column":12},"end":{"line":909,"column":13}},"639":{"start":{"line":910,"column":12},"end":{"line":910,"column":13}},"640":{"start":{"line":911,"column":13},"end":{"line":911,"column":14}},"641":{"start":{"line":912,"column":13},"end":{"line":912,"column":14}},"642":{"start":{"line":913,"column":13},"end":{"line":913,"column":14}},"643":{"start":{"line":914,"column":13},"end":{"line":914,"column":14}},"644":{"start":{"line":915,"column":13},"end":{"line":915,"column":15}},"645":{"start":{"line":916,"column":13},"end":{"line":916,"column":15}},"646":{"start":{"line":917,"column":12},"end":{"line":917,"column":14}},"647":{"start":{"line":919,"column":9},"end":{"line":919,"column":11}},"648":{"start":{"line":920,"column":0},"end":{"line":920,"column":17}},"649":{"start":{"line":921,"column":0},"end":{"line":921,"column":14}},"650":{"start":{"line":922,"column":0},"end":{"line":922,"column":14}},"651":{"start":{"line":923,"column":0},"end":{"line":923,"column":14}},"652":{"start":{"line":924,"column":0},"end":{"line":924,"column":14}},"653":{"start":{"line":925,"column":0},"end":{"line":925,"column":14}},"654":{"start":{"line":926,"column":0},"end":{"line":926,"column":16}},"655":{"start":{"line":927,"column":0},"end":{"line":927,"column":16}},"656":{"start":{"line":928,"column":0},"end":{"line":928,"column":16}},"657":{"start":{"line":929,"column":0},"end":{"line":929,"column":16}},"658":{"start":{"line":930,"column":0},"end":{"line":930,"column":16}},"659":{"start":{"line":931,"column":0},"end":{"line":931,"column":16}},"660":{"start":{"line":932,"column":0},"end":{"line":932,"column":15}},"661":{"start":{"line":934,"column":30},"end":{"line":934,"column":32}},"662":{"start":{"line":935,"column":23},"end":{"line":935,"column":25}},"663":{"start":{"line":937,"column":11},"end":{"line":992,"column":1}},"664":{"start":{"line":997,"column":0},"end":{"line":1007,"column":6}},"665":{"start":{"line":1000,"column":8},"end":{"line":1002,"column":9}},"666":{"start":{"line":1001,"column":12},"end":{"line":1001,"column":23}},"667":{"start":{"line":1003,"column":8},"end":{"line":1005,"column":9}},"668":{"start":{"line":1004,"column":12},"end":{"line":1004,"column":33}},"669":{"start":{"line":1006,"column":8},"end":{"line":1006,"column":28}},"670":{"start":{"line":1017,"column":14},"end":{"line":1017,"column":26}},"671":{"start":{"line":1018,"column":17},"end":{"line":1018,"column":56}},"672":{"start":{"line":1019,"column":15},"end":{"line":1019,"column":56}},"673":{"start":{"line":1021,"column":4},"end":{"line":1021,"column":55}},"674":{"start":{"line":1022,"column":4},"end":{"line":1022,"column":35}},"675":{"start":{"line":1024,"column":15},"end":{"line":1024,"column":67}},"676":{"start":{"line":1025,"column":25},"end":{"line":1025,"column":44}},"677":{"start":{"line":1026,"column":36},"end":{"line":1026,"column":66}},"678":{"start":{"line":1028,"column":4},"end":{"line":1038,"column":5}},"679":{"start":{"line":1029,"column":8},"end":{"line":1037,"column":10}},"680":{"start":{"line":1040,"column":4},"end":{"line":1043,"column":6}},"681":{"start":{"line":1044,"column":4},"end":{"line":1044,"column":73}},"682":{"start":{"line":1053,"column":17},"end":{"line":1053,"column":19}},"683":{"start":{"line":1054,"column":12},"end":{"line":1054,"column":13}},"684":{"start":{"line":1055,"column":4},"end":{"line":1063,"column":5}},"685":{"start":{"line":1056,"column":8},"end":{"line":1061,"column":11}},"686":{"start":{"line":1062,"column":8},"end":{"line":1062,"column":15}},"687":{"start":{"line":1064,"column":4},"end":{"line":1068,"column":6}},"688":{"start":{"line":1080,"column":29},"end":{"line":1080,"column":34}},"689":{"start":{"line":1081,"column":17},"end":{"line":1081,"column":28}},"690":{"start":{"line":1082,"column":8},"end":{"line":1095,"column":9}},"691":{"start":{"line":1089,"column":12},"end":{"line":1089,"column":76}},"692":{"start":{"line":1096,"column":24},"end":{"line":1096,"column":25}},"693":{"start":{"line":1097,"column":22},"end":{"line":1097,"column":23}},"694":{"start":{"line":1098,"column":8},"end":{"line":1105,"column":9}},"695":{"start":{"line":1099,"column":12},"end":{"line":1101,"column":13}},"696":{"start":{"line":1100,"column":16},"end":{"line":1100,"column":49}},"697":{"start":{"line":1102,"column":12},"end":{"line":1102,"column":22}},"698":{"start":{"line":1103,"column":12},"end":{"line":1103,"column":24}},"699":{"start":{"line":1104,"column":12},"end":{"line":1104,"column":29}},"700":{"start":{"line":1106,"column":8},"end":{"line":1106,"column":23}},"701":{"start":{"line":1109,"column":4},"end":{"line":1180,"column":5}},"702":{"start":{"line":1113,"column":25},"end":{"line":1113,"column":54}},"703":{"start":{"line":1114,"column":33},"end":{"line":1114,"column":43}},"704":{"start":{"line":1115,"column":12},"end":{"line":1115,"column":33}},"705":{"start":{"line":1116,"column":12},"end":{"line":1124,"column":13}},"706":{"start":{"line":1123,"column":16},"end":{"line":1123,"column":62}},"707":{"start":{"line":1126,"column":22},"end":{"line":1126,"column":23}},"708":{"start":{"line":1127,"column":25},"end":{"line":1127,"column":57}},"709":{"start":{"line":1128,"column":32},"end":{"line":1128,"column":42}},"710":{"start":{"line":1129,"column":12},"end":{"line":1131,"column":13}},"711":{"start":{"line":1130,"column":16},"end":{"line":1130,"column":34}},"712":{"start":{"line":1133,"column":12},"end":{"line":1146,"column":13}},"713":{"start":{"line":1134,"column":32},"end":{"line":1134,"column":33}},"714":{"start":{"line":1135,"column":16},"end":{"line":1143,"column":17}},"715":{"start":{"line":1136,"column":30},"end":{"line":1136,"column":49}},"716":{"start":{"line":1137,"column":20},"end":{"line":1139,"column":21}},"717":{"start":{"line":1138,"column":24},"end":{"line":1138,"column":67}},"718":{"start":{"line":1140,"column":20},"end":{"line":1140,"column":36}},"719":{"start":{"line":1141,"column":20},"end":{"line":1141,"column":32}},"720":{"start":{"line":1142,"column":20},"end":{"line":1142,"column":40}},"721":{"start":{"line":1144,"column":16},"end":{"line":1144,"column":25}},"722":{"start":{"line":1145,"column":16},"end":{"line":1145,"column":34}},"723":{"start":{"line":1148,"column":12},"end":{"line":1156,"column":13}},"724":{"start":{"line":1152,"column":16},"end":{"line":1155,"column":17}},"725":{"start":{"line":1152,"column":29},"end":{"line":1152,"column":35}},"726":{"start":{"line":1153,"column":20},"end":{"line":1153,"column":34}},"727":{"start":{"line":1154,"column":20},"end":{"line":1154,"column":29}},"728":{"start":{"line":1158,"column":12},"end":{"line":1158,"column":23}},"729":{"start":{"line":1165,"column":12},"end":{"line":1176,"column":13}},"730":{"start":{"line":1165,"column":25},"end":{"line":1165,"column":26}},"731":{"start":{"line":1166,"column":28},"end":{"line":1166,"column":78}},"732":{"start":{"line":1167,"column":16},"end":{"line":1175,"column":17}},"733":{"start":{"line":1167,"column":29},"end":{"line":1167,"column":30}},"734":{"start":{"line":1168,"column":20},"end":{"line":1174,"column":21}},"735":{"start":{"line":1172,"column":24},"end":{"line":1172,"column":40}},"736":{"start":{"line":1173,"column":24},"end":{"line":1173,"column":33}},"737":{"start":{"line":1178,"column":12},"end":{"line":1178,"column":58}},"738":{"start":{"line":1213,"column":18},"end":{"line":1213,"column":39}},"739":{"start":{"line":1216,"column":4},"end":{"line":1218,"column":5}},"740":{"start":{"line":1217,"column":8},"end":{"line":1217,"column":31}},"741":{"start":{"line":1220,"column":4},"end":{"line":1225,"column":5}},"742":{"start":{"line":1233,"column":27},"end":{"line":1233,"column":28}},"743":{"start":{"line":1234,"column":36},"end":{"line":1234,"column":37}},"744":{"start":{"line":1235,"column":4},"end":{"line":1257,"column":5}},"745":{"start":{"line":1235,"column":17},"end":{"line":1235,"column":18}},"746":{"start":{"line":1236,"column":18},"end":{"line":1239,"column":9}},"747":{"start":{"line":1240,"column":26},"end":{"line":1240,"column":60}},"748":{"start":{"line":1242,"column":8},"end":{"line":1244,"column":9}},"749":{"start":{"line":1243,"column":12},"end":{"line":1243,"column":51}},"750":{"start":{"line":1246,"column":8},"end":{"line":1246,"column":79}},"751":{"start":{"line":1247,"column":8},"end":{"line":1252,"column":9}},"752":{"start":{"line":1253,"column":8},"end":{"line":1256,"column":9}},"753":{"start":{"line":1254,"column":12},"end":{"line":1254,"column":79}},"754":{"start":{"line":1255,"column":12},"end":{"line":1255,"column":80}},"755":{"start":{"line":1258,"column":4},"end":{"line":1261,"column":5}},"756":{"start":{"line":1268,"column":4},"end":{"line":1281,"column":5}},"757":{"start":{"line":1288,"column":4},"end":{"line":1292,"column":5}},"758":{"start":{"line":1288,"column":17},"end":{"line":1288,"column":18}},"759":{"start":{"line":1289,"column":8},"end":{"line":1291,"column":9}},"760":{"start":{"line":1290,"column":12},"end":{"line":1290,"column":20}},"761":{"start":{"line":1294,"column":4},"end":{"line":1294,"column":60}},"762":{"start":{"line":1301,"column":4},"end":{"line":1304,"column":5}},"763":{"start":{"line":1302,"column":17},"end":{"line":1302,"column":42}},"764":{"start":{"line":1303,"column":8},"end":{"line":1303,"column":64}},"765":{"start":{"line":1305,"column":4},"end":{"line":1305,"column":39}},"766":{"start":{"line":1312,"column":4},"end":{"line":1314,"column":5}},"767":{"start":{"line":1313,"column":8},"end":{"line":1313,"column":43}},"768":{"start":{"line":1315,"column":4},"end":{"line":1317,"column":5}},"769":{"start":{"line":1316,"column":8},"end":{"line":1316,"column":72}},"770":{"start":{"line":1318,"column":4},"end":{"line":1318,"column":24}},"771":{"start":{"line":1325,"column":4},"end":{"line":1325,"column":81}},"772":{"start":{"line":1333,"column":12},"end":{"line":1333,"column":44}},"773":{"start":{"line":1334,"column":4},"end":{"line":1334,"column":54}},"774":{"start":{"line":1341,"column":15},"end":{"line":1341,"column":42}},"775":{"start":{"line":1342,"column":19},"end":{"line":1342,"column":47}},"776":{"start":{"line":1343,"column":22},"end":{"line":1343,"column":41}},"777":{"start":{"line":1345,"column":4},"end":{"line":1347,"column":5}},"778":{"start":{"line":1346,"column":8},"end":{"line":1346,"column":75}},"779":{"start":{"line":1349,"column":4},"end":{"line":1357,"column":5}},"780":{"start":{"line":1350,"column":8},"end":{"line":1352,"column":9}},"781":{"start":{"line":1351,"column":12},"end":{"line":1351,"column":29}},"782":{"start":{"line":1353,"column":8},"end":{"line":1353,"column":23}},"783":{"start":{"line":1354,"column":8},"end":{"line":1354,"column":30}},"784":{"start":{"line":1356,"column":8},"end":{"line":1356,"column":59}},"785":{"start":{"line":1359,"column":4},"end":{"line":1359,"column":53}},"786":{"start":{"line":1374,"column":4},"end":{"line":1383,"column":5}},"787":{"start":{"line":1375,"column":8},"end":{"line":1382,"column":9}},"788":{"start":{"line":1384,"column":4},"end":{"line":1391,"column":5}},"789":{"start":{"line":1406,"column":29},"end":{"line":1406,"column":59}},"790":{"start":{"line":1407,"column":14},"end":{"line":1407,"column":16}},"791":{"start":{"line":1409,"column":15},"end":{"line":1414,"column":5}},"792":{"start":{"line":1415,"column":26},"end":{"line":1415,"column":46}},"793":{"start":{"line":1416,"column":24},"end":{"line":1416,"column":42}},"794":{"start":{"line":1418,"column":4},"end":{"line":1465,"column":5}},"795":{"start":{"line":1418,"column":17},"end":{"line":1418,"column":18}},"796":{"start":{"line":1419,"column":37},"end":{"line":1419,"column":38}},"797":{"start":{"line":1420,"column":8},"end":{"line":1420,"column":52}},"798":{"start":{"line":1421,"column":26},"end":{"line":1421,"column":60}},"799":{"start":{"line":1422,"column":8},"end":{"line":1464,"column":9}},"800":{"start":{"line":1422,"column":21},"end":{"line":1422,"column":22}},"801":{"start":{"line":1424,"column":28},"end":{"line":1424,"column":58}},"802":{"start":{"line":1425,"column":12},"end":{"line":1463,"column":13}},"803":{"start":{"line":1427,"column":25},"end":{"line":1427,"column":84}},"804":{"start":{"line":1428,"column":37},"end":{"line":1431,"column":17}},"805":{"start":{"line":1432,"column":16},"end":{"line":1460,"column":17}},"806":{"start":{"line":1434,"column":24},"end":{"line":1436,"column":40}},"807":{"start":{"line":1437,"column":20},"end":{"line":1454,"column":21}},"808":{"start":{"line":1438,"column":24},"end":{"line":1444,"column":25}},"809":{"start":{"line":1447,"column":24},"end":{"line":1453,"column":25}},"810":{"start":{"line":1449,"column":28},"end":{"line":1449,"column":54}},"811":{"start":{"line":1450,"column":28},"end":{"line":1450,"column":36}},"812":{"start":{"line":1452,"column":28},"end":{"line":1452,"column":70}},"813":{"start":{"line":1457,"column":20},"end":{"line":1459,"column":21}},"814":{"start":{"line":1461,"column":16},"end":{"line":1461,"column":75}},"815":{"start":{"line":1462,"column":16},"end":{"line":1462,"column":78}},"816":{"start":{"line":1466,"column":4},"end":{"line":1466,"column":24}},"817":{"start":{"line":1478,"column":26},"end":{"line":1478,"column":28}},"818":{"start":{"line":1479,"column":24},"end":{"line":1479,"column":25}},"819":{"start":{"line":1480,"column":26},"end":{"line":1480,"column":56}},"820":{"start":{"line":1481,"column":4},"end":{"line":1507,"column":5}},"821":{"start":{"line":1481,"column":17},"end":{"line":1481,"column":18}},"822":{"start":{"line":1483,"column":17},"end":{"line":1483,"column":56}},"823":{"start":{"line":1484,"column":8},"end":{"line":1505,"column":9}},"824":{"start":{"line":1485,"column":12},"end":{"line":1502,"column":13}},"825":{"start":{"line":1486,"column":16},"end":{"line":1489,"column":17}},"826":{"start":{"line":1491,"column":16},"end":{"line":1501,"column":17}},"827":{"start":{"line":1492,"column":45},"end":{"line":1492,"column":67}},"828":{"start":{"line":1493,"column":20},"end":{"line":1498,"column":21}},"829":{"start":{"line":1500,"column":20},"end":{"line":1500,"column":60}},"830":{"start":{"line":1504,"column":12},"end":{"line":1504,"column":62}},"831":{"start":{"line":1506,"column":8},"end":{"line":1506,"column":42}},"832":{"start":{"line":1508,"column":4},"end":{"line":1511,"column":5}},"833":{"start":{"line":1518,"column":23},"end":{"line":1518,"column":55}},"834":{"start":{"line":1519,"column":4},"end":{"line":1522,"column":5}},"835":{"start":{"line":1521,"column":8},"end":{"line":1521,"column":72}},"836":{"start":{"line":1523,"column":4},"end":{"line":1526,"column":5}},"837":{"start":{"line":1525,"column":8},"end":{"line":1525,"column":76}},"838":{"start":{"line":1528,"column":4},"end":{"line":1528,"column":74}},"839":{"start":{"line":1535,"column":4},"end":{"line":1537,"column":5}},"840":{"start":{"line":1536,"column":8},"end":{"line":1536,"column":52}},"841":{"start":{"line":1538,"column":4},"end":{"line":1538,"column":72}},"842":{"start":{"line":1552,"column":14},"end":{"line":1552,"column":16}},"843":{"start":{"line":1553,"column":4},"end":{"line":1604,"column":5}},"844":{"start":{"line":1553,"column":17},"end":{"line":1553,"column":18}},"845":{"start":{"line":1554,"column":8},"end":{"line":1554,"column":52}},"846":{"start":{"line":1555,"column":26},"end":{"line":1555,"column":60}},"847":{"start":{"line":1556,"column":31},"end":{"line":1556,"column":61}},"848":{"start":{"line":1557,"column":8},"end":{"line":1603,"column":9}},"849":{"start":{"line":1558,"column":34},"end":{"line":1558,"column":64}},"850":{"start":{"line":1559,"column":12},"end":{"line":1602,"column":13}},"851":{"start":{"line":1559,"column":25},"end":{"line":1559,"column":26}},"852":{"start":{"line":1561,"column":20},"end":{"line":1563,"column":49}},"853":{"start":{"line":1564,"column":37},"end":{"line":1567,"column":17}},"854":{"start":{"line":1568,"column":25},"end":{"line":1568,"column":64}},"855":{"start":{"line":1569,"column":16},"end":{"line":1573,"column":17}},"856":{"start":{"line":1574,"column":16},"end":{"line":1576,"column":17}},"857":{"start":{"line":1575,"column":20},"end":{"line":1575,"column":75}},"858":{"start":{"line":1577,"column":16},"end":{"line":1577,"column":80}},"859":{"start":{"line":1578,"column":16},"end":{"line":1600,"column":17}},"860":{"start":{"line":1580,"column":24},"end":{"line":1582,"column":40}},"861":{"start":{"line":1583,"column":20},"end":{"line":1594,"column":21}},"862":{"start":{"line":1584,"column":24},"end":{"line":1590,"column":25}},"863":{"start":{"line":1593,"column":24},"end":{"line":1593,"column":66}},"864":{"start":{"line":1597,"column":20},"end":{"line":1599,"column":21}},"865":{"start":{"line":1601,"column":16},"end":{"line":1601,"column":78}},"866":{"start":{"line":1605,"column":4},"end":{"line":1605,"column":25}},"867":{"start":{"line":1612,"column":31},"end":{"line":1615,"column":5}},"868":{"start":{"line":1616,"column":4},"end":{"line":1618,"column":5}},"869":{"start":{"line":1617,"column":8},"end":{"line":1617,"column":78}},"870":{"start":{"line":1619,"column":4},"end":{"line":1649,"column":11}},"871":{"start":{"line":1624,"column":12},"end":{"line":1647,"column":13}},"872":{"start":{"line":1626,"column":35},"end":{"line":1634,"column":21}},"873":{"start":{"line":1635,"column":20},"end":{"line":1637,"column":21}},"874":{"start":{"line":1636,"column":24},"end":{"line":1636,"column":73}},"875":{"start":{"line":1638,"column":20},"end":{"line":1644,"column":21}},"876":{"start":{"line":1639,"column":24},"end":{"line":1643,"column":25}},"877":{"start":{"line":1645,"column":20},"end":{"line":1645,"column":35}},"878":{"start":{"line":1650,"column":4},"end":{"line":1650,"column":31}},"879":{"start":{"line":1658,"column":4},"end":{"line":1658,"column":69}},"880":{"start":{"line":1661,"column":0},"end":{"line":1666,"column":1}},"881":{"start":{"line":1662,"column":4},"end":{"line":1662,"column":33}},"882":{"start":{"line":1665,"column":4},"end":{"line":1665,"column":23}},"883":{"start":{"line":1669,"column":15},"end":{"line":1669,"column":25}},"884":{"start":{"line":1670,"column":18},"end":{"line":1670,"column":79}},"885":{"start":{"line":1671,"column":4},"end":{"line":1671,"column":24}},"886":{"start":{"line":1672,"column":20},"end":{"line":1672,"column":22}},"887":{"start":{"line":1673,"column":4},"end":{"line":1681,"column":5}},"888":{"start":{"line":1673,"column":17},"end":{"line":1673,"column":18}},"889":{"start":{"line":1674,"column":19},"end":{"line":1674,"column":37}},"890":{"start":{"line":1675,"column":25},"end":{"line":1679,"column":9}},"891":{"start":{"line":1680,"column":8},"end":{"line":1680,"column":34}},"892":{"start":{"line":1682,"column":4},"end":{"line":1682,"column":20}},"893":{"start":{"line":1702,"column":19},"end":{"line":1702,"column":21}},"894":{"start":{"line":1703,"column":14},"end":{"line":1703,"column":24}},"895":{"start":{"line":1704,"column":4},"end":{"line":1706,"column":5}},"896":{"start":{"line":1704,"column":15},"end":{"line":1704,"column":16}},"897":{"start":{"line":1705,"column":8},"end":{"line":1705,"column":59}},"898":{"start":{"line":1707,"column":4},"end":{"line":1707,"column":20}},"899":{"start":{"line":1711,"column":16},"end":{"line":1711,"column":27}},"900":{"start":{"line":1712,"column":15},"end":{"line":1712,"column":26}},"901":{"start":{"line":1713,"column":15},"end":{"line":1713,"column":29}},"902":{"start":{"line":1715,"column":4},"end":{"line":1749,"column":5}},"903":{"start":{"line":1716,"column":22},"end":{"line":1716,"column":72}},"904":{"start":{"line":1717,"column":22},"end":{"line":1717,"column":37}},"905":{"start":{"line":1719,"column":8},"end":{"line":1743,"column":9}},"906":{"start":{"line":1720,"column":29},"end":{"line":1725,"column":13}},"907":{"start":{"line":1726,"column":12},"end":{"line":1737,"column":13}},"908":{"start":{"line":1727,"column":30},"end":{"line":1727,"column":61}},"909":{"start":{"line":1728,"column":16},"end":{"line":1731,"column":17}},"910":{"start":{"line":1733,"column":16},"end":{"line":1736,"column":17}},"911":{"start":{"line":1739,"column":12},"end":{"line":1742,"column":14}},"912":{"start":{"line":1745,"column":8},"end":{"line":1748,"column":10}},"913":{"start":{"line":1753,"column":18},"end":{"line":1756,"column":77}},"914":{"start":{"line":1760,"column":17},"end":{"line":1760,"column":19}},"915":{"start":{"line":1761,"column":4},"end":{"line":1761,"column":60}},"916":{"start":{"line":1764,"column":0},"end":{"line":1764,"column":43}}},"fnMap":{"0":{"name":"UintToInt","decl":{"start":{"line":1,"column":9},"end":{"line":1,"column":18}},"loc":{"start":{"line":1,"column":31},"end":{"line":20,"column":1}},"line":1},"1":{"name":"Bytes2Float32","decl":{"start":{"line":22,"column":9},"end":{"line":22,"column":22}},"loc":{"start":{"line":22,"column":30},"end":{"line":37,"column":1}},"line":22},"2":{"name":"BytesToInt64","decl":{"start":{"line":49,"column":9},"end":{"line":49,"column":21}},"loc":{"start":{"line":50,"column":0},"end":{"line":78,"column":1}},"line":50},"3":{"name":"BytesToFloat32","decl":{"start":{"line":85,"column":9},"end":{"line":85,"column":23}},"loc":{"start":{"line":85,"column":57},"end":{"line":93,"column":1}},"line":85},"4":{"name":"decimalToHex","decl":{"start":{"line":96,"column":9},"end":{"line":96,"column":21}},"loc":{"start":{"line":96,"column":34},"end":{"line":105,"column":1}},"line":96},"5":{"name":"parseHexString","decl":{"start":{"line":107,"column":9},"end":{"line":107,"column":23}},"loc":{"start":{"line":107,"column":29},"end":{"line":116,"column":1}},"line":107},"6":{"name":"byteToHex","decl":{"start":{"line":118,"column":9},"end":{"line":118,"column":18}},"loc":{"start":{"line":118,"column":22},"end":{"line":121,"column":1}},"line":118},"7":{"name":"BytesToHexStr","decl":{"start":{"line":123,"column":9},"end":{"line":123,"column":22}},"loc":{"start":{"line":123,"column":29},"end":{"line":129,"column":1}},"line":123},"8":{"name":"zeroPad","decl":{"start":{"line":131,"column":9},"end":{"line":131,"column":16}},"loc":{"start":{"line":131,"column":30},"end":{"line":133,"column":1}},"line":131},"9":{"name":"Decoder","decl":{"start":{"line":134,"column":9},"end":{"line":134,"column":16}},"loc":{"start":{"line":134,"column":30},"end":{"line":822,"column":1}},"line":134},"10":{"name":"normalisation_standard","decl":{"start":{"line":824,"column":9},"end":{"line":824,"column":31}},"loc":{"start":{"line":824,"column":59},"end":{"line":902,"column":1}},"line":824},"11":{"name":"(anonymous_11)","decl":{"start":{"line":999,"column":4},"end":{"line":999,"column":5}},"loc":{"start":{"line":999,"column":16},"end":{"line":1007,"column":5}},"line":999},"12":{"name":"brUncompress","decl":{"start":{"line":1015,"column":9},"end":{"line":1015,"column":21}},"loc":{"start":{"line":1015,"column":75},"end":{"line":1045,"column":1}},"line":1015},"13":{"name":"initResult","decl":{"start":{"line":1052,"column":9},"end":{"line":1052,"column":19}},"loc":{"start":{"line":1052,"column":22},"end":{"line":1069,"column":1}},"line":1052},"14":{"name":"createBuffer","decl":{"start":{"line":1075,"column":9},"end":{"line":1075,"column":21}},"loc":{"start":{"line":1075,"column":33},"end":{"line":1181,"column":1}},"line":1075},"15":{"name":"bitsBuf2HuffPattern","decl":{"start":{"line":1079,"column":13},"end":{"line":1079,"column":32}},"loc":{"start":{"line":1079,"column":60},"end":{"line":1107,"column":5}},"line":1079},"16":{"name":"(anonymous_16)","decl":{"start":{"line":1112,"column":23},"end":{"line":1112,"column":24}},"loc":{"start":{"line":1112,"column":57},"end":{"line":1159,"column":9}},"line":1112},"17":{"name":"(anonymous_17)","decl":{"start":{"line":1164,"column":25},"end":{"line":1164,"column":26}},"loc":{"start":{"line":1164,"column":47},"end":{"line":1179,"column":9}},"line":1164},"18":{"name":"generateFlag","decl":{"start":{"line":1212,"column":9},"end":{"line":1212,"column":21}},"loc":{"start":{"line":1212,"column":33},"end":{"line":1226,"column":1}},"line":1212},"19":{"name":"prePopulateOutput","decl":{"start":{"line":1232,"column":9},"end":{"line":1232,"column":26}},"loc":{"start":{"line":1232,"column":62},"end":{"line":1262,"column":1}},"line":1232},"20":{"name":"computeSeries","decl":{"start":{"line":1267,"column":9},"end":{"line":1267,"column":22}},"loc":{"start":{"line":1267,"column":68},"end":{"line":1282,"column":1}},"line":1267},"21":{"name":"findIndexFromArgList","decl":{"start":{"line":1287,"column":9},"end":{"line":1287,"column":29}},"loc":{"start":{"line":1287,"column":44},"end":{"line":1295,"column":1}},"line":1287},"22":{"name":"extractTimestampFromBuffer","decl":{"start":{"line":1300,"column":9},"end":{"line":1300,"column":35}},"loc":{"start":{"line":1300,"column":59},"end":{"line":1306,"column":1}},"line":1300},"23":{"name":"computeTimestampFromBi","decl":{"start":{"line":1311,"column":9},"end":{"line":1311,"column":31}},"loc":{"start":{"line":1311,"column":59},"end":{"line":1319,"column":1}},"line":1311},"24":{"name":"computeTimestampFromPositiveBi","decl":{"start":{"line":1324,"column":9},"end":{"line":1324,"column":39}},"loc":{"start":{"line":1324,"column":67},"end":{"line":1326,"column":1}},"line":1324},"25":{"name":"getMeasure","decl":{"start":{"line":1332,"column":9},"end":{"line":1332,"column":19}},"loc":{"start":{"line":1332,"column":40},"end":{"line":1335,"column":1}},"line":1332},"26":{"name":"bytes2Float32","decl":{"start":{"line":1340,"column":9},"end":{"line":1340,"column":22}},"loc":{"start":{"line":1340,"column":30},"end":{"line":1360,"column":1}},"line":1340},"27":{"name":"uncompressSamplesData","decl":{"start":{"line":1365,"column":9},"end":{"line":1365,"column":30}},"loc":{"start":{"line":1373,"column":2},"end":{"line":1392,"column":1}},"line":1373},"28":{"name":"handleCommonTimestamp","decl":{"start":{"line":1397,"column":9},"end":{"line":1397,"column":30}},"loc":{"start":{"line":1404,"column":2},"end":{"line":1467,"column":1}},"line":1404},"29":{"name":"initTimestampCommonTable","decl":{"start":{"line":1472,"column":9},"end":{"line":1472,"column":33}},"loc":{"start":{"line":1477,"column":2},"end":{"line":1512,"column":1}},"line":1477},"30":{"name":"completeCurrentMeasure","decl":{"start":{"line":1517,"column":9},"end":{"line":1517,"column":31}},"loc":{"start":{"line":1517,"column":79},"end":{"line":1529,"column":1}},"line":1517},"31":{"name":"computeAdlcValue","decl":{"start":{"line":1534,"column":9},"end":{"line":1534,"column":25}},"loc":{"start":{"line":1534,"column":67},"end":{"line":1539,"column":1}},"line":1534},"32":{"name":"handleSeparateTimestamp","decl":{"start":{"line":1544,"column":9},"end":{"line":1544,"column":32}},"loc":{"start":{"line":1551,"column":2},"end":{"line":1606,"column":1}},"line":1551},"33":{"name":"adaptToExpectedFormat","decl":{"start":{"line":1611,"column":9},"end":{"line":1611,"column":30}},"loc":{"start":{"line":1611,"column":69},"end":{"line":1651,"column":1}},"line":1611},"34":{"name":"(anonymous_34)","decl":{"start":{"line":1619,"column":53},"end":{"line":1619,"column":54}},"loc":{"start":{"line":1623,"column":10},"end":{"line":1648,"column":9}},"line":1623},"35":{"name":"(anonymous_35)","decl":{"start":{"line":1625,"column":46},"end":{"line":1625,"column":47}},"loc":{"start":{"line":1625,"column":61},"end":{"line":1646,"column":17}},"line":1625},"36":{"name":"computeDataAbsoluteTimestamp","decl":{"start":{"line":1657,"column":9},"end":{"line":1657,"column":37}},"loc":{"start":{"line":1657,"column":53},"end":{"line":1659,"column":1}},"line":1657},"37":{"name":"normalisation_batch","decl":{"start":{"line":1668,"column":9},"end":{"line":1668,"column":28}},"loc":{"start":{"line":1668,"column":35},"end":{"line":1683,"column":1}},"line":1668},"38":{"name":"strToDecimalArray","decl":{"start":{"line":1701,"column":9},"end":{"line":1701,"column":26}},"loc":{"start":{"line":1701,"column":31},"end":{"line":1708,"column":1}},"line":1701},"39":{"name":"watteco_decodeUplink","decl":{"start":{"line":1710,"column":9},"end":{"line":1710,"column":29}},"loc":{"start":{"line":1710,"column":76},"end":{"line":1750,"column":1}},"line":1710},"40":{"name":"decodeUplink","decl":{"start":{"line":1759,"column":9},"end":{"line":1759,"column":21}},"loc":{"start":{"line":1759,"column":29},"end":{"line":1762,"column":1}},"line":1759}},"branchMap":{"0":{"loc":{"start":{"line":2,"column":4},"end":{"line":6,"column":5}},"type":"if","locations":[{"start":{"line":2,"column":4},"end":{"line":6,"column":5}},{"start":{},"end":{}}],"line":2},"1":{"loc":{"start":{"line":3,"column":8},"end":{"line":5,"column":9}},"type":"if","locations":[{"start":{"line":3,"column":8},"end":{"line":5,"column":9}},{"start":{},"end":{}}],"line":3},"2":{"loc":{"start":{"line":7,"column":4},"end":{"line":11,"column":5}},"type":"if","locations":[{"start":{"line":7,"column":4},"end":{"line":11,"column":5}},{"start":{},"end":{}}],"line":7},"3":{"loc":{"start":{"line":8,"column":8},"end":{"line":10,"column":9}},"type":"if","locations":[{"start":{"line":8,"column":8},"end":{"line":10,"column":9}},{"start":{},"end":{}}],"line":8},"4":{"loc":{"start":{"line":12,"column":4},"end":{"line":16,"column":5}},"type":"if","locations":[{"start":{"line":12,"column":4},"end":{"line":16,"column":5}},{"start":{},"end":{}}],"line":12},"5":{"loc":{"start":{"line":13,"column":8},"end":{"line":15,"column":9}},"type":"if","locations":[{"start":{"line":13,"column":8},"end":{"line":15,"column":9}},{"start":{},"end":{}}],"line":13},"6":{"loc":{"start":{"line":23,"column":15},"end":{"line":23,"column":44}},"type":"cond-expr","locations":[{"start":{"line":23,"column":38},"end":{"line":23,"column":40}},{"start":{"line":23,"column":43},"end":{"line":23,"column":44}}],"line":23},"7":{"loc":{"start":{"line":27,"column":4},"end":{"line":28,"column":78}},"type":"if","locations":[{"start":{"line":27,"column":4},"end":{"line":28,"column":78}},{"start":{},"end":{}}],"line":27},"8":{"loc":{"start":{"line":28,"column":23},"end":{"line":28,"column":76}},"type":"cond-expr","locations":[{"start":{"line":28,"column":39},"end":{"line":28,"column":49}},{"start":{"line":28,"column":52},"end":{"line":28,"column":76}}],"line":28},"9":{"loc":{"start":{"line":30,"column":4},"end":{"line":34,"column":63}},"type":"if","locations":[{"start":{"line":30,"column":4},"end":{"line":34,"column":63}},{"start":{"line":34,"column":11},"end":{"line":34,"column":63}}],"line":30},"10":{"loc":{"start":{"line":31,"column":8},"end":{"line":31,"column":48}},"type":"if","locations":[{"start":{"line":31,"column":8},"end":{"line":31,"column":48}},{"start":{},"end":{}}],"line":31},"11":{"loc":{"start":{"line":51,"column":4},"end":{"line":51,"column":67}},"type":"if","locations":[{"start":{"line":51,"column":4},"end":{"line":51,"column":67}},{"start":{},"end":{}}],"line":51},"12":{"loc":{"start":{"line":58,"column":4},"end":{"line":66,"column":5}},"type":"if","locations":[{"start":{"line":58,"column":4},"end":{"line":66,"column":5}},{"start":{"line":64,"column":4},"end":{"line":66,"column":5}}],"line":58},"13":{"loc":{"start":{"line":74,"column":4},"end":{"line":75,"column":54}},"type":"if","locations":[{"start":{"line":74,"column":4},"end":{"line":75,"column":54}},{"start":{},"end":{}}],"line":74},"14":{"loc":{"start":{"line":74,"column":8},"end":{"line":74,"column":60}},"type":"binary-expr","locations":[{"start":{"line":74,"column":9},"end":{"line":74,"column":15}},{"start":{"line":74,"column":21},"end":{"line":74,"column":32}},{"start":{"line":74,"column":38},"end":{"line":74,"column":59}}],"line":74},"15":{"loc":{"start":{"line":87,"column":4},"end":{"line":87,"column":67}},"type":"if","locations":[{"start":{"line":87,"column":4},"end":{"line":87,"column":67}},{"start":{},"end":{}}],"line":87},"16":{"loc":{"start":{"line":90,"column":4},"end":{"line":90,"column":38}},"type":"if","locations":[{"start":{"line":90,"column":4},"end":{"line":90,"column":38}},{"start":{},"end":{}}],"line":90},"17":{"loc":{"start":{"line":98,"column":14},"end":{"line":98,"column":90}},"type":"cond-expr","locations":[{"start":{"line":98,"column":69},"end":{"line":98,"column":80}},{"start":{"line":98,"column":83},"end":{"line":98,"column":90}}],"line":98},"18":{"loc":{"start":{"line":98,"column":14},"end":{"line":98,"column":66}},"type":"binary-expr","locations":[{"start":{"line":98,"column":14},"end":{"line":98,"column":46}},{"start":{"line":98,"column":50},"end":{"line":98,"column":66}}],"line":98},"19":{"loc":{"start":{"line":152,"column":8},"end":{"line":155,"column":9}},"type":"if","locations":[{"start":{"line":152,"column":8},"end":{"line":155,"column":9}},{"start":{},"end":{}}],"line":152},"20":{"loc":{"start":{"line":161,"column":4},"end":{"line":819,"column":5}},"type":"if","locations":[{"start":{"line":161,"column":4},"end":{"line":819,"column":5}},{"start":{},"end":{}}],"line":161},"21":{"loc":{"start":{"line":167,"column":8},"end":{"line":818,"column":9}},"type":"if","locations":[{"start":{"line":167,"column":8},"end":{"line":818,"column":9}},{"start":{"line":815,"column":8},"end":{"line":818,"column":9}}],"line":167},"22":{"loc":{"start":{"line":180,"column":12},"end":{"line":778,"column":13}},"type":"if","locations":[{"start":{"line":180,"column":12},"end":{"line":778,"column":13}},{"start":{},"end":{}}],"line":180},"23":{"loc":{"start":{"line":185,"column":16},"end":{"line":185,"column":64}},"type":"if","locations":[{"start":{"line":185,"column":16},"end":{"line":185,"column":64}},{"start":{},"end":{}}],"line":185},"24":{"loc":{"start":{"line":187,"column":16},"end":{"line":187,"column":67}},"type":"if","locations":[{"start":{"line":187,"column":16},"end":{"line":187,"column":67}},{"start":{},"end":{}}],"line":187},"25":{"loc":{"start":{"line":188,"column":16},"end":{"line":188,"column":85}},"type":"if","locations":[{"start":{"line":188,"column":16},"end":{"line":188,"column":85}},{"start":{},"end":{}}],"line":188},"26":{"loc":{"start":{"line":191,"column":16},"end":{"line":191,"column":152}},"type":"if","locations":[{"start":{"line":191,"column":16},"end":{"line":191,"column":152}},{"start":{},"end":{}}],"line":191},"27":{"loc":{
[...]
"column":12},"end":{"line":1101,"column":13}},"type":"if","locations":[{"start":{"line":1099,"column":12},"end":{"line":1101,"column":13}},{"start":{},"end":{}}],"line":1099},"157":{"loc":{"start":{"line":1113,"column":25},"end":{"line":1113,"column":54}},"type":"binary-expr","locations":[{"start":{"line":1113,"column":25},"end":{"line":1113,"column":36}},{"start":{"line":1113,"column":40},"end":{"line":1113,"column":54}}],"line":1113},"158":{"loc":{"start":{"line":1116,"column":12},"end":{"line":1124,"column":13}},"type":"if","locations":[{"start":{"line":1116,"column":12},"end":{"line":1124,"column":13}},{"start":{},"end":{}}],"line":1116},"159":{"loc":{"start":{"line":1116,"column":16},"end":{"line":1116,"column":53}},"type":"binary-expr","locations":[{"start":{"line":1116,"column":16},"end":{"line":1116,"column":36}},{"start":{"line":1116,"column":40},"end":{"line":1116,"column":53}}],"line":1116},"160":{"loc":{"start":{"line":1129,"column":12},"end":{"line":1131,"column":13}},"type":"if","locations":[{"start":{"line":1129,"column":12},"end":{"line":1131,"column":13}},{"start":{},"end":{}}],"line":1129},"161":{"loc":{"start":{"line":1129,"column":16},"end":{"line":1129,"column":49}},"type":"binary-expr","locations":[{"start":{"line":1129,"column":16},"end":{"line":1129,"column":35}},{"start":{"line":1129,"column":39},"end":{"line":1129,"column":49}}],"line":1129},"162":{"loc":{"start":{"line":1137,"column":20},"end":{"line":1139,"column":21}},"type":"if","locations":[{"start":{"line":1137,"column":20},"end":{"line":1139,"column":21}},{"start":{},"end":{}}],"line":1137},"163":{"loc":{"start":{"line":1148,"column":12},"end":{"line":1156,"column":13}},"type":"if","locations":[{"start":{"line":1148,"column":12},"end":{"line":1156,"column":13}},{"start":{},"end":{}}],"line":1148},"164":{"loc":{"start":{"line":1149,"column":16},"end":{"line":1150,"column":41}},"type":"binary-expr","locations":[{"start":{"line":1149,"column":17},"end":{"line":1149,"column":36}},{"start":{"line":1149,"column":40},"end":{"line":1149,"column":59}},{"start":{"line":1149,"column":62},"end":{"line":1149,"column":82}},{"start":{"line":1149,"column":85},"end":{"line":1149,"column":105}},{"start":{"line":1150,"column":16},"end":{"line":1150,"column":41}}],"line":1149},"165":{"loc":{"start":{"line":1168,"column":20},"end":{"line":1174,"column":21}},"type":"if","locations":[{"start":{"line":1168,"column":20},"end":{"line":1174,"column":21}},{"start":{},"end":{}}],"line":1168},"166":{"loc":{"start":{"line":1169,"column":24},"end":{"line":1170,"column":57}},"type":"binary-expr","locations":[{"start":{"line":1169,"column":24},"end":{"line":1169,"column":52}},{"start":{"line":1170,"column":24},"end":{"line":1170,"column":57}}],"line":1169},"167":{"loc":{"start":{"line":1242,"column":8},"end":{"line":1244,"column":9}},"type":"if","locations":[{"start":{"line":1242,"column":8},"end":{"line":1244,"column":9}},{"start":{},"end":{}}],"line":1242},"168":{"loc":{"start":{"line":1253,"column":8},"end":{"line":1256,"column":9}},"type":"if","locations":[{"start":{"line":1253,"column":8},"end":{"line":1256,"column":9}},{"start":{},"end":{}}],"line":1253},"169":{"loc":{"start":{"line":1289,"column":8},"end":{"line":1291,"column":9}},"type":"if","locations":[{"start":{"line":1289,"column":8},"end":{"line":1291,"column":9}},{"start":{},"end":{}}],"line":1289},"170":{"loc":{"start":{"line":1301,"column":4},"end":{"line":1304,"column":5}},"type":"if","locations":[{"start":{"line":1301,"column":4},"end":{"line":1304,"column":5}},{"start":{},"end":{}}],"line":1301},"171":{"loc":{"start":{"line":1312,"column":4},"end":{"line":1314,"column":5}},"type":"if","locations":[{"start":{"line":1312,"column":4},"end":{"line":1314,"column":5}},{"start":{},"end":{}}],"line":1312},"172":{"loc":{"start":{"line":1315,"column":4},"end":{"line":1317,"column":5}},"type":"if","locations":[{"start":{"line":1315,"column":4},"end":{"line":1317,"column":5}},{"start":{},"end":{}}],"line":1315},"173":{"loc":{"start":{"line":1334,"column":11},"end":{"line":1334,"column":54}},"type":"cond-expr","locations":[{"start":{"line":1334,"column":34},"end":{"line":1334,"column":50}},{"start":{"line":1334,"column":53},"end":{"line":1334,"column":54}}],"line":1334},"174":{"loc":{"start":{"line":1341,"column":15},"end":{"line":1341,"column":42}},"type":"cond-expr","locations":[{"start":{"line":1341,"column":36},"end":{"line":1341,"column":38}},{"start":{"line":1341,"column":41},"end":{"line":1341,"column":42}}],"line":1341},"175":{"loc":{"start":{"line":1345,"column":4},"end":{"line":1347,"column":5}},"type":"if","locations":[{"start":{"line":1345,"column":4},"end":{"line":1347,"column":5}},{"start":{},"end":{}}],"line":1345},"176":{"loc":{"start":{"line":1346,"column":23},"end":{"line":1346,"column":74}},"type":"cond-expr","locations":[{"start":{"line":1346,"column":37},"end":{"line":1346,"column":47}},{"start":{"line":1346,"column":50},"end":{"line":1346,"column":74}}],"line":1346},"177":{"loc":{"start":{"line":1349,"column":4},"end":{"line":1357,"column":5}},"type":"if","locations":[{"start":{"line":1349,"column":4},"end":{"line":1357,"column":5}},{"start":{"line":1355,"column":11},"end":{"line":1357,"column":5}}],"line":1349},"178":{"loc":{"start":{"line":1350,"column":8},"end":{"line":1352,"column":9}},"type":"if","locations":[{"start":{"line":1350,"column":8},"end":{"line":1352,"column":9}},{"start":{},"end":{}}],"line":1350},"179":{"loc":{"start":{"line":1374,"column":4},"end":{"line":1383,"column":5}},"type":"if","locations":[{"start":{"line":1374,"column":4},"end":{"line":1383,"column":5}},{"start":{},"end":{}}],"line":1374},"180":{"loc":{"start":{"line":1425,"column":12},"end":{"line":1463,"column":13}},"type":"if","locations":[{"start":{"line":1425,"column":12},"end":{"line":1463,"column":13}},{"start":{},"end":{}}],"line":1425},"181":{"loc":{"start":{"line":1432,"column":16},"end":{"line":1460,"column":17}},"type":"if","locations":[{"start":{"line":1432,"column":16},"end":{"line":1460,"column":17}},{"start":{"line":1455,"column":23},"end":{"line":1460,"column":17}}],"line":1432},"182":{"loc":{"start":{"line":1437,"column":20},"end":{"line":1454,"column":21}},"type":"if","locations":[{"start":{"line":1437,"column":20},"end":{"line":1454,"column":21}},{"start":{"line":1445,"column":27},"end":{"line":1454,"column":21}}],"line":1437},"183":{"loc":{"start":{"line":1447,"column":24},"end":{"line":1453,"column":25}},"type":"if","locations":[{"start":{"line":1447,"column":24},"end":{"line":1453,"column":25}},{"start":{"line":1451,"column":31},"end":{"line":1453,"column":25}}],"line":1447},"184":{"loc":{"start":{"line":1484,"column":8},"end":{"line":1505,"column":9}},"type":"if","locations":[{"start":{"line":1484,"column":8},"end":{"line":1505,"column":9}},{"start":{"line":1503,"column":15},"end":{"line":1505,"column":9}}],"line":1484},"185":{"loc":{"start":{"line":1485,"column":12},"end":{"line":1502,"column":13}},"type":"if","locations":[{"start":{"line":1485,"column":12},"end":{"line":1502,"column":13}},{"start":{"line":1490,"column":19},"end":{"line":1502,"column":13}}],"line":1485},"186":{"loc":{"start":{"line":1491,"column":16},"end":{"line":1501,"column":17}},"type":"if","locations":[{"start":{"line":1491,"column":16},"end":{"line":1501,"column":17}},{"start":{"line":1499,"column":23},"end":{"line":1501,"column":17}}],"line":1491},"187":{"loc":{"start":{"line":1519,"column":4},"end":{"line":1522,"column":5}},"type":"if","locations":[{"start":{"line":1519,"column":4},"end":{"line":1522,"column":5}},{"start":{},"end":{}}],"line":1519},"188":{"loc":{"start":{"line":1523,"column":4},"end":{"line":1526,"column":5}},"type":"if","locations":[{"start":{"line":1523,"column":4},"end":{"line":1526,"column":5}},{"start":{},"end":{}}],"line":1523},"189":{"loc":{"start":{"line":1535,"column":4},"end":{"line":1537,"column":5}},"type":"if","locations":[{"start":{"line":1535,"column":4},"end":{"line":1537,"column":5}},{"start":{},"end":{}}],"line":1535},"190":{"loc":{"start":{"line":1557,"column":8},"end":{"line":1603,"column":9}},"type":"if","locations":[{"start":{"line":1557,"column":8},"end":{"line":1603,"column":9}},{"start":{},"end":{}}],"line":1557},"191":{"loc":{"start":{"line":1574,"column":16},"end":{"line":1576,"column":17}},"type":"if","locations":[{"start":{"line":1574,"column":16},"end":{"line":1576,"column":17}},{"start":{},"end":{}}],"line":1574},"192":{"loc":{"start":{"line":1578,"column":16},"end":{"line":1600,"column":17}},"type":"if","locations":[{"start":{"line":1578,"column":16},"end":{"line":1600,"column":17}},{"start":{"line":1595,"column":23},"end":{"line":1600,"column":17}}],"line":1578},"193":{"loc":{"start":{"line":1583,"column":20},"end":{"line":1594,"column":21}},"type":"if","locations":[{"start":{"line":1583,"column":20},"end":{"line":1594,"column":21}},{"start":{"line":1591,"column":27},"end":{"line":1594,"column":21}}],"line":1583},"194":{"loc":{"start":{"line":1616,"column":4},"end":{"line":1618,"column":5}},"type":"if","locations":[{"start":{"line":1616,"column":4},"end":{"line":1618,"column":5}},{"start":{},"end":{}}],"line":1616},"195":{"loc":{"start":{"line":1629,"column":35},"end":{"line":1631,"column":49}},"type":"cond-expr","locations":[{"start":{"line":1630,"column":34},"end":{"line":1630,"column":73}},{"start":{"line":1631,"column":34},"end":{"line":1631,"column":49}}],"line":1629},"196":{"loc":{"start":{"line":1635,"column":20},"end":{"line":1637,"column":21}},"type":"if","locations":[{"start":{"line":1635,"column":20},"end":{"line":1637,"column":21}},{"start":{},"end":{}}],"line":1635},"197":{"loc":{"start":{"line":1638,"column":20},"end":{"line":1644,"column":21}},"type":"if","locations":[{"start":{"line":1638,"column":20},"end":{"line":1644,"column":21}},{"start":{},"end":{}}],"line":1638},"198":{"loc":{"start":{"line":1719,"column":8},"end":{"line":1743,"column":9}},"type":"if","locations":[{"start":{"line":1719,"column":8},"end":{"line":1743,"column":9}},{"start":{"line":1738,"column":15},"end":{"line":1743,"column":9}}],"line":1719}},"s":{"0":1,"1":1,"2":0,"3":1,"4":0,"5":0,"6":1,"7":0,"8":0,"9":1,"10":0,"11":0,"12":0,"13":0,"14":0,"15":0,"16":0,"17":0,"18":0,"19":0,"20":0,"21":0,"22":0,"23":0,"24":0,"25":0,"26":0,"27":0,"28":0,"29":0,"30":0,"31":0,"32":0,"33":0,"34":0,"35":0,"36":0,"37":0,"38":0,"39":0,"40":0,"41":0,"42":0,"43":0,"44":0,"45":3,"46":3,"47":3,"48":5,"49":3,"50":0,"51":0,"52":0,"53":0,"54":0,"55":0,"56":0,"57":0,"58":0,"59":0,"60":0,"61":0,"62":1,"63":1,"64":1,"65":1,"66":1,"67":1,"68":1,"69":1,"70":9,"71":9,"72":6,"73":9,"74":9,"75":9,"76":1,"77":1,"78":1,"79":1,"80":1,"81":1,"82":1,"83":1,"84":1,"85":1,"86":1,"87":1,"88":1,"89":1,"90":1,"91":1,"92":1,"93":1,"94":0,"95":1,"96":1,"97":1,"98":0,"99":0,"100":1,"101":1,"102":1,"103":0,"104":1,"105":0,"106":1,"107":0,"108":1,"109":0,"110":1,"111":0,"112":0,"113":0,"114":0,"115":1,"116":0,"117":1,"118":0,"119":0,"120":0,"121":0,"122":0,"123":0,"124":0,"125":0,"126":0,"127":0,"128":1,"129":0,"130":1,"131":0,"132":0,"133":0,"134":0,"135":0,"136":0,"137":0,"138":0,"139":0,"140":0,"141":0,"142":0,"143":0,"144":0,"145":0,"146":0,"147":0,"148":0,"149":0,"150":0,"151":0,"152":0,"153":0,"154":0,"155":0,"156":0,"157":0,"158":0,"159":0,"160":0,"161":0,"162":0,"163":0,"164":0,"165":0,"166":0,"167":0,"168":0,"169":0,"170":0,"171":0,"172":0,"173":0,"174":0,"175":0,"176":0,"177":0,"178":0,"179":0,"180":0,"181":0,"182":0,"183":0,"184":0,"185":0,"186":0,"187":0,"188":0,"189":0,"190":1,"191":0,"192":0,"193":0,"194":0,"195":0,"196":0,"197":0,"198":0,"199":0,"200":0,"201":0,"202":0,"203":0,"204":0,"205":0,"206":0,"207":0,"208":0,"209":0,"210":0,"211":0,"212":0,"213":0,"214":0,"215":0,"216":0,"217":0,"218":0,"219":0,"220":0,"221":0,"222":0,"223":0,"224":0,"225":0,"226":0,"227":0,"228":0,"229":0,"230":0,"231":0,"232":0,"233":0,"234":0,"235":0,"236":0,"237":0,"238":0,"239":0,"240":0,"241":0,"242":0,"243":0,"244":0,"245":0,"246":0,"247":0,"248":0,"249":0,"250":0,"251":0,"252":0,"253":0,"254":0,"255":0,"256":0,"257":0,"258":0,"259":0,"260":0,"261":0,"262":0,"263":0,"264":0,"265":0,"266":0,"267":0,"268":0,"269":0,"270":0,"271":0,"272":0,"273":0,"274":0,"275":0,"276":0,"277":0,"278":0,"279":0,"280":0,"281":0,"282":0,"283":0,"284":0,"285":0,"286":0,"287":0,"288":0,"289":0,"290":0,"291":0,"292":0,"293":0,"294":0,"295":0,"296":0,"297":0,"298":0,"299":0,"300":0,"301":0,"302":0,"303":0,"304":0,"305":0,"306":0,"307":0,"308":0,"309":0,"310":0,"311":0,"312":0,"313":0,"314":0,"315":0,"316":0,"317":0,"318":0,"319":0,"320":0,"321":0,"322":0,"323":0,"324":0,"325":0,"326":0,"327":0,"328":0,"329":0,"330":0,"331":0,"332":0,"333":0,"334":0,"335":0,"336":0,"337":0,"338":0,"339":0,"340":0,"341":0,"342":0,"343":0,"344":0,"345":0,"346":0,"347":0,"348":0,"349":0,"350":0,"351":0,"352":0,"353":0,"354":0,"355":0,"356":0,"357":0,"358":0,"359":0,"360":0,"361":0,"362":0,"363":0,"364":0,"365":0,"366":0,"367":0,"368":0,"369":0,"370":0,"371":0,"372":0,"373":0,"374":0,"375":0,"376":0,"377":0,"378":0,"379":0,"380":0,"381":0,"382":0,"383":0,"384":0,"385":0,"386":0,"387":0,"388":1,"389":0,"390":0,"391":0,"392":0,"393":0,"394":1,"395":0,"396":0,"397":0,"398":0,"399":1,"400":0,"401":1,"402":0,"403":0,"404":1,"405":0,"406":0,"407":0,"408":0,"409":0,"410":0,"411":0,"412":0,"413":0,"414":0,"415":0,"416":0,"417":0,"418":0,"419":0,"420":0,"421":1,"422":0,"423":0,"424":0,"425":0,"426":0,"427":0,"428":0,"429":0,"430":0,"431":0,"432":0,"433":0,"434":0,"435":0,"436":0,"437":0,"438":1,"439":0,"440":0,"441":0,"442":0,"443":0,"444":0,"445":0,"446":0,"447":1,"448":0,"449":0,"450":0,"451":0,"452":0,"453":0,"454":0,"455":0,"456":1,"457":0,"458":0,"459":0,"460":0,"461":0,"462":0,"463":1,"464":0,"465":0,"466":0,"467":0,"468":0,"469":0,"470":0,"471":0,"472":0,"473":1,"474":0,"475":1,"476":0,"477":1,"478":0,"479":1,"480":0,"481":1,"482":0,"483":0,"484":0,"485":0,"486":0,"487":0,"488":0,"489":0,"490":0,"491":0,"492":0,"493":0,"494":0,"495":0,"496":0,"497":0,"498":0,"499":0,"500":0,"501":0,"502":0,"503":0,"504":1,"505":0,"506":0,"507":0,"508":0,"509":0,"510":0,"511":0,"512":0,"513":0,"514":0,"515":0,"516":0,"517":0,"518":0,"519":0,"520":0,"521":0,"522":0,"523":0,"524":0,"525":0,"526":0,"527":0,"528":0,"529":0,"530":0,"531":0,"532":0,"533":0,"534":0,"535":0,"536":0,"537":0,"538":0,"539":0,"540":0,"541":0,"542":0,"543":0,"544":0,"545":0,"546":0,"547":0,"548":0,"549":0,"550":0,"551":0,"552":0,"553":0,"554":0,"555":0,"556":0,"557":0,"558":0,"559":0,"560":0,"561":0,"562":0,"563":0,"564":0,"565":0,"566":0,"567":0,"568":0,"569":0,"570":0,"571":0,"572":0,"573":0,"574":0,"575":0,"576":0,"577":0,"578":0,"579":0,"580":0,"581":0,"582":0,"583":0,"584":1,"585":0,"586":0,"587":0,"588":0,"589":1,"590":0,"591":0,"592":0,"593":0,"594":0,"595":0,"596":0,"597":0,"598":0,"599":0,"600":0,"601":0,"602":0,"603":0,"604":0,"605":0,"606":0,"607":0,"608":0,"609":0,"610":1,"611":1,"612":1,"613":1,"614":1,"615":0,"616":1,"617":1,"618":0,"619":1,"620":0,"621":1,"622":0,"623":0,"624":0,"625":1,"626":1,"627":0,"628":0,"629":0,"630":0,"631":1,"632":1,"633":0,"634":1,"635":1,"636":1,"637":1,"638":1,"639":1,"640":1,"641":1,"642":1,"643":1,"644":1,"645":1,"646":1,"647":1,"648":1,"649":1,"650":1,"651":1,"652":1,"653":1,"654":1,"655":1,"656":1,"657":1,"658":1,"659":1,"660":1,"661":1,"662":1,"663":1,"664":1,"665":0,"666":0,"667":0,"668":0,"669":0,"670":0,"671":0,"672":0,"673":0,"674":0,"675":0,"676":0,"677":0,"678":0,"679":0,"680":0,"681":0,"682":0,"683":0,"684":0,"685":0,"686":0,"687":0,"688":0,"689":0,"690":0,"691":0,"692":0,"693":0,"694":0,"695":0,"696":0,"697":0,"698":0,"699":0,"700":0,"701":0,"702":0,"703":0,"704":0,"705":0,"706":0,"707":0,"708":0,"709":0,"710":0,"711":0,"712":0,"713":0,"714":0,"715":0,"716":0,"717":0,"718":0,"719":0,"720":0,"721":0,"722":0,"723":0,"724":0,"725":0,"726":0,"727":0,"728":0,"729":0,"730":0,"731":0,"732":0,"733":0,"734":0,"735":0,"736":0,"737":0,"738":0,"739":0,"740":0,"741":0,"742":0,"743":0,"744":0,"745":0,"746":0,"747":0,"748":0,"749":0,"750":0,"751":0,"752":0,"753":0,"754":0,"755":0,"756":0,"757":0,"758":0,"759":0,"760":0,"761":0,"762":0,"763":0,"764":0,"765":0,"766":0,"767":0,"768":0,"769":0,"770":0,"771":0,"772":0,"773":0,"774":0,"775":0,"776":0,"777":0,"778":0,"779":0,"780":0,"781":0,"782":0,"783":0,"784":0,"785":0,"786":0,"787":0,"788":0,"789":0,"790":0,"791":0,"792":0,"793":0,"794":0,"795":0,"796":0,"797":0,"798":0,"799":0,"800":0,"801":0,"802":0,"803":0,"804":0,"805":0,"806":0,"807":0,"808":0,"809":0,"810":0,"811":0,"812":0,"813":0,"814":0,"815":0,"816":0,"817":0,"818":0,"819":0,"820":0,"821":0,"822":0,"823":0,"824":0,"825":0,"826":0,"827":0,"828":0,"829":0,"830":0,"831":0,"832":0,"833":0,"834":0,"835":0,"836":0,"837":0,"838":0,"839":0,"840":0,"841":0,"842":0,"843":0,"844":0,"845":0,"846":0,"847":0,"848":0,"849":0,"850":0,"851":0,"852":0,"853":0,"854":0,"855":0,"856":0,"857":0,"858":0,"859":0,"860":0,"861":0,"862":0,"863":0,"864":0,"865":0,"866":0,"867":0,"868":0,"869":0,"870":0,"871":0,"872":0,"873":0,"874":0,"875":0,"876":0,"877":0,"878":0,"879":0,"880":1,"881":1,"882":0,"883":0,"884":0,"885":0,"886":0,"887":0,"888":0,"889":0,"890":0,"891":0,"892":0,"893":0,"894":0,"895":0,"896":0,"897":0,"898":0,"899":1,"900":1,"901":1,"902":1,"903":1,"904":1,"905":1,"906":0,"907":0,"908":0,"909":0,"910":0,"911":1,"912":0,"913":1,"914":1,"915":1,"916":1},"f":{"0":1,"1":0,"2":0,"3":0,"4":3,"5":0,"6":0,"7":0,"8":0,"9":1,"10":1,"11":0,"12":0,"13":0,"14":0,"15":0,"16":0,"17":0,"18":0,"19":0,"20":0,"21":0,"22":0,"23":0,"24":0,"25":0,"26":0,"27":0,"28":0,"29":0,"30":0,"31":0,"32":0,"33":0,"34":0,"35":0,"36":0,"37":0,"38":0,"39":1,"40":1},"b":{"0":[1,0],"1":[0,1],"2":[0,1],"3":[0,0],"4":[0,1],"5":[0,0],"6":[0,0],"7":[0,0],"8":[0,0],"9":[0,0],"10":[0,0],"11":[0,0],"12":[0,0],"13":[0,0],"14":[0,0,0],"15":[0,0],"16":[0,0],"17":[0,3],"18":[3,3],"19":[6,3],"20":[1,0],"21":[1,0],"22":[1,0],"23":[0,1],"24":[1,0],"25":[0,1],"26":[1,0],"27":[0,1],"28":[0,1],"29":[0,1],"30":[0,1],"31":[0,1],"32":[0,0],"33":[0,1],"34":[0,1],"35":[0,1],"36":[0,1],"37":[0,0],"38":[0,0],"39":[0,0],"40":[0,0],"41":[0,0],"42":[0,0],"43":[0,0],"44":[0,0],"45":[0,0],"46":[0,0],"47":[0,0],"48":[0,0],"49":[0,0],"50":[0,0],"51":[0,0],"52":[0,0],"53":[0,0],"54":[0,0],"55":[0,0],"56":[0,0],"57":[0,0],"58":[0,0],"59":[0,0],"60":[0,0],"61":[0,0],"62":[0,0],"63":[0,1],"64":[0,0],"65":[0,0],"66":[0,0],"67":[0,0],"68":[0,0],"69":[0,0],"70":[0,0],"71":[0,0],"72":[0,0],"73":[0,0],"74":[0,0],"75":[0,0],"76":[0,0],"77":[0,0],"78":[0,0],"79":[0,0],"80":[0,0],"81":[0,0],"82":[0,0],"83":[0,0],"84":[0,0],"85":[0,0],"86":[0,0],"87":[0,0],"88":[0,0],"89":[0,0],"90":[0,0],"91":[0,0],"92":[0,0],"93":[0,0],"94":[0,0],"95":[0,0],"96":[0,0],"97":[0,0],"98":[0,0],"99":[0,0],"100":[0,0],"101":[0,0],"102":[0,0],"103":[0,0],"104":[0,1],"105":[0,1],"106":[0,0],"107":[0,0],"108":[0,1],"109":[0,1],"110":[0,1],"111":[0,0],"112":[0,0],"113":[0,0],"114":[0,0],"115":[0,0],"116":[0,1],"117":[0,1],"118":[0,1],"119":[0,1],"120":[0,1],"121":[0,1],"122":[0,1],"123":[0,1],"124":[0,1],"125":[0,1],"126":[0,1],"127":[0,0],"128":[0,0],"129":[0,0,0],"130":[0,0],"131":[0,0],"132":[0,0],"133":[0,0],"134":[0,0],"135":[0,0],"136":[0,0],"137":[0,0],"138":[0,0],"139":[0,1],"140":[0,1],"141":[0,0],"142":[0,0],"143":[0,1],"144":[0,1],"145":[1,0],"146":[0,1],"147":[0,1],"148":[0,0],"149":[1,0],"150":[0,1],"151":[1,0],"152":[0,0],"153":[0,0],"154":[0,0],"155":[0,0],"156":[0,0],"157":[0,0],"158":[0,0],"159":[0,0],"160":[0,0],"161":[0,0],"162":[0,0],"163":[0,0],"164":[0,0,0,0,0],"165":[0,0],"166":[0,0],"167":[0,0],"168":[0,0],"169":[0,0],"170":[0,0],"171":[0,0],"172":[0,0],"173":[0,0],"174":[0,0],"175":[0,0],"176":[0,0],"177":[0,0],"178":[0,0],"179":[0,0],"180":[0,0],"181":[0,0],"182":[0,0],"183":[0,0],"184":[0,0],"185":[0,0],"186":[0,0],"187":[0,0],"188":[0,0],"189":[0,0],"190":[0,0],"191":[0,0],"192":[0,0],"193":[0,0],"194":[0,0],"195":[0,0],"196":[0,0],"197":[0,0],"198":[0,1]},"_coverageSchema":"1a1c01bbd47fc00a2c39e90264f33305004495a9","hash":"49ebc95eb74114f7a34fa5981c3355b09ca8a75c"}
}
