TN:
SF:index.js
FN:1,UintToInt
FN:7,Bytes2Float32
FN:20,BytesToInt64
FN:45,decimalToHex
FN:55,parseHexString
FN:64,Decoder
FN:671,normalisation_standard
FN:842,(anonymous_7)
FN:851,brUncompress
FN:866,initResult
FN:884,createBuffer
FN:885,bitsBuf2HuffPattern
FN:906,(anonymous_12)
FN:944,(anonymous_13)
FN:961,generateFlag
FN:973,prePopulateOutput
FN:1004,computeSeries
FN:1020,findIndexFromArgList
FN:1028,extractTimestampFromBuffer
FN:1035,computeTimestampFromBi
FN:1044,computeTimestampFromPositiveBi
FN:1047,getMeasure
FN:1051,bytes2Float32
FN:1069,uncompressSamplesData
FN:1075,handleCommonTimestamp
FN:1120,initTimestampCommonTable
FN:1152,completeCurrentMeasure
FN:1162,computeAdlcValue
FN:1168,handleSeparateTimestamp
FN:1212,adaptToExpectedFormat
FN:1220,(anonymous_30)
FN:1226,(anonymous_31)
FN:1253,computeDataAbsoluteTimestamp
FN:1263,normalisation_batch
FN:1279,watteco_decodeUplink
FN:1321,decodeUplink
FNF:36
FNH:26
FNDA:2,UintToInt
FNDA:0,Bytes2Float32
FNDA:0,BytesToInt64
FNDA:27,decimalToHex
FNDA:1,parseHexString
FNDA:10,Decoder
FNDA:10,normalisation_standard
FNDA:0,(anonymous_7)
FNDA:1,brUncompress
FNDA:1,initResult
FNDA:1,createBuffer
FNDA:16,bitsBuf2HuffPattern
FNDA:11,(anonymous_12)
FNDA:3,(anonymous_13)
FNDA:1,generateFlag
FNDA:1,prePopulateOutput
FNDA:3,computeSeries
FNDA:3,findIndexFromArgList
FNDA:4,extractTimestampFromBuffer
FNDA:3,computeTimestampFromBi
FNDA:1,computeTimestampFromPositiveBi
FNDA:3,getMeasure
FNDA:0,bytes2Float32
FNDA:0,uncompressSamplesData
FNDA:0,handleCommonTimestamp
FNDA:0,initTimestampCommonTable
FNDA:0,completeCurrentMeasure
FNDA:0,computeAdlcValue
FNDA:0,handleSeparateTimestamp
FNDA:1,adaptToExpectedFormat
FNDA:16,(anonymous_30)
FNDA:3,(anonymous_31)
FNDA:3,computeDataAbsoluteTimestamp
FNDA:1,normalisation_batch
FNDA:10,watteco_decodeUplink
FNDA:10,decodeUplink
DA:2,2
DA:3,2
DA:4,2
DA:5,2
DA:8,0
DA:9,0
DA:10,0
DA:11,0
DA:12,0
DA:13,0
DA:14,0
DA:15,0
DA:16,0
DA:17,0
DA:18,0
DA:22,0
DA:23,0
DA:24,0
DA:26,0
DA:27,0
DA:29,0
DA:30,0
DA:34,0
DA:36,0
DA:37,0
DA:39,0
DA:41,0
DA:42,0
DA:43,0
DA:46,27
DA:47,27
DA:49,27
DA:50,47
DA:53,27
DA:56,1
DA:57,1
DA:58,15
DA:60,15
DA:62,1
DA:65,10
DA:66,10
DA:67,10
DA:68,10
DA:69,10
DA:70,10
DA:71,10
DA:73,113
DA:74,113
DA:76,69
DA:78,113
DA:79,113
DA:80,113
DA:82,10
DA:84,10
DA:85,10
DA:86,9
DA:87,9
DA:88,9
DA:89,9
DA:90,9
DA:91,9
DA:92,9
DA:93,9
DA:94,9
DA:95,7
DA:96,7
DA:97,7
DA:98,7
DA:99,7
DA:100,7
DA:101,7
DA:102,7
DA:103,7
DA:104,7
DA:105,7
DA:106,7
DA:107,7
DA:109,0
DA:110,0
DA:111,0
DA:112,0
DA:113,0
DA:114,0
DA:115,0
DA:116,0
DA:117,0
DA:118,0
DA:120,7
DA:121,7
DA:123,0
DA:124,0
DA:125,0
DA:126,0
DA:127,0
DA:129,0
DA:130,0
DA:132,0
DA:134,0
DA:135,0
DA:137,0
DA:139,0
DA:141,0
DA:143,0
DA:145,0
DA:148,0
DA:149,0
DA:150,0
DA:151,0
DA:152,0
DA:153,0
DA:154,0
DA:155,0
DA:156,0
DA:157,0
DA:158,0
DA:159,0
DA:161,0
DA:162,0
DA:163,0
DA:164,0
DA:165,0
DA:166,0
DA:167,0
DA:168,0
DA:169,0
DA:170,0
DA:171,0
DA:176,7
DA:178,0
DA:179,0
DA:180,0
DA:181,0
DA:182,0
DA:183,0
DA:184,0
DA:185,0
DA:186,0
DA:187,0
DA:188,0
DA:189,0
DA:190,0
DA:191,0
DA:192,0
DA:193,0
DA:194,0
DA:195,0
DA:197,0
DA:198,0
DA:199,0
DA:200,0
DA:201,0
DA:202,0
DA:203,0
DA:205,0
DA:206,0
DA:207,0
DA:209,0
DA:210,0
DA:212,0
DA:214,0
DA:216,0
DA:218,0
DA:220,0
DA:221,0
DA:222,0
DA:223,0
DA:224,0
DA:225,0
DA:226,0
DA:228,0
DA:229,0
DA:230,0
DA:232,0
DA:233,0
DA:235,0
DA:237,0
DA:239,0
DA:241,0
DA:243,0
DA:244,0
DA:245,0
DA:246,0
DA:247,0
DA:248,0
DA:249,0
DA:251,0
DA:252,0
DA:253,0
DA:255,0
DA:256,0
DA:258,0
DA:260,0
DA:262,0
DA:264,0
DA:266,0
DA:267,0
DA:268,0
DA:269,0
DA:270,0
DA:271,0
DA:272,0
DA:274,0
DA:275,0
DA:276,0
DA:278,0
DA:279,0
DA:281,0
DA:283,0
DA:285,0
DA:287,0
DA:289,0
DA:290,0
DA:291,0
DA:292,0
DA:293,0
DA:294,0
DA:295,0
DA:297,0
DA:298,0
DA:299,0
DA:301,0
DA:302,0
DA:304,0
DA:306,0
DA:308,0
DA:310,0
DA:312,0
DA:313,0
DA:314,0
DA:315,0
DA:316,0
DA:317,0
DA:318,0
DA:320,0
DA:321,0
DA:322,0
DA:324,0
DA:325,0
DA:327,0
DA:329,0
DA:331,0
DA:333,0
DA:335,0
DA:336,0
DA:337,0
DA:338,0
DA:339,0
DA:340,0
DA:341,0
DA:343,0
DA:344,0
DA:345,0
DA:347,0
DA:348,0
DA:350,0
DA:352,0
DA:354,0
DA:356,0
DA:358,0
DA:359,0
DA:360,0
DA:361,0
DA:362,0
DA:363,0
DA:364,0
DA:366,0
DA:367,0
DA:368,0
DA:370,0
DA:371,0
DA:373,0
DA:375,0
DA:377,0
DA:379,0
DA:381,0
DA:382,0
DA:383,0
DA:384,0
DA:385,0
DA:386,0
DA:387,0
DA:389,0
DA:390,0
DA:391,0
DA:393,0
DA:394,0
DA:396,0
DA:398,0
DA:400,0
DA:402,0
DA:404,0
DA:405,0
DA:406,0
DA:407,0
DA:408,0
DA:409,0
DA:410,0
DA:412,0
DA:413,0
DA:414,0
DA:416,0
DA:417,0
DA:419,0
DA:421,0
DA:423,0
DA:426,7
DA:427,0
DA:428,0
DA:429,0
DA:430,0
DA:431,0
DA:433,7
DA:434,0
DA:435,0
DA:436,0
DA:437,0
DA:439,7
DA:440,0
DA:442,7
DA:443,0
DA:444,0
DA:446,7
DA:447,1
DA:448,1
DA:449,1
DA:450,1
DA:451,1
DA:452,1
DA:454,7
DA:455,0
DA:456,0
DA:457,0
DA:458,0
DA:459,0
DA:460,0
DA:461,0
DA:462,0
DA:463,0
DA:464,0
DA:465,0
DA:466,0
DA:467,0
DA:468,0
DA:469,0
DA:470,0
DA:472,7
DA:473,0
DA:474,0
DA:475,0
DA:476,0
DA:477,0
DA:478,0
DA:479,0
DA:480,0
DA:481,7
DA:482,0
DA:483,0
DA:484,0
DA:485,0
DA:486,0
DA:487,0
DA:488,0
DA:489,0
DA:491,7
DA:492,0
DA:493,0
DA:494,0
DA:495,0
DA:496,0
DA:497,0
DA:499,7
DA:500,0
DA:501,0
DA:502,0
DA:503,0
DA:504,0
DA:505,0
DA:506,0
DA:507,0
DA:508,0
DA:510,7
DA:511,0
DA:513,7
DA:514,0
DA:516,7
DA:517,0
DA:519,7
DA:520,0
DA:522,7
DA:523,0
DA:524,0
DA:531,0
DA:532,0
DA:539,0
DA:540,0
DA:547,0
DA:548,0
DA:553,0
DA:554,0
DA:559,0
DA:560,0
DA:565,0
DA:566,0
DA:571,0
DA:572,0
DA:577,0
DA:578,0
DA:583,0
DA:584,0
DA:588,0
DA:589,0
DA:594,7
DA:595,0
DA:596,0
DA:597,0
DA:598,0
DA:599,0
DA:600,0
DA:601,0
DA:602,0
DA:603,0
DA:604,0
DA:605,0
DA:606,0
DA:607,0
DA:608,0
DA:609,0
DA:610,0
DA:611,0
DA:612,0
DA:613,0
DA:614,0
DA:615,0
DA:616,0
DA:617,0
DA:618,0
DA:619,0
DA:620,0
DA:621,0
DA:622,0
DA:623,0
DA:624,0
DA:625,0
DA:626,0
DA:627,0
DA:628,0
DA:629,0
DA:630,0
DA:631,0
DA:632,0
DA:633,0
DA:634,0
DA:635,0
DA:636,0
DA:637,0
DA:638,0
DA:639,0
DA:640,0
DA:641,0
DA:645,9
DA:646,1
DA:647,1
DA:648,1
DA:650,9
DA:651,1
DA:652,1
DA:653,1
DA:654,1
DA:655,1
DA:656,1
DA:657,1
DA:658,1
DA:659,1
DA:664,1
DA:665,1
DA:668,10
DA:672,10
DA:673,10
DA:674,10
DA:675,10
DA:676,9
DA:677,1
DA:680,10
DA:681,1
DA:690,9
DA:691,1
DA:700,8
DA:701,1
DA:702,1
DA:712,0
DA:722,7
DA:723,6
DA:724,0
DA:725,0
DA:726,0
DA:727,0
DA:738,6
DA:739,6
DA:750,1
DA:755,1
DA:756,1
DA:757,1
DA:758,1
DA:759,1
DA:760,1
DA:761,1
DA:762,1
DA:763,1
DA:764,1
DA:765,1
DA:766,1
DA:767,1
DA:768,1
DA:769,1
DA:770,1
DA:771,1
DA:772,1
DA:773,1
DA:774,1
DA:775,1
DA:776,1
DA:777,1
DA:778,1
DA:779,1
DA:780,1
DA:781,1
DA:782,1
DA:783,1
DA:784,1
DA:840,1
DA:843,0
DA:844,0
DA:846,0
DA:847,0
DA:849,0
DA:852,1
DA:853,1
DA:854,1
DA:855,1
DA:856,1
DA:857,1
DA:858,1
DA:859,1
DA:860,1
DA:861,0
DA:863,1
DA:864,1
DA:867,1
DA:868,1
DA:869,1
DA:870,16
DA:876,16
DA:878,1
DA:886,16
DA:887,16
DA:888,16
DA:889,0
DA:891,16
DA:892,16
DA:893,16
DA:894,68
DA:895,54
DA:897,68
DA:898,68
DA:899,68
DA:901,16
DA:903,1
DA:907,11
DA:908,11
DA:909,11
DA:910,11
DA:911,0
DA:913,11
DA:914,11
DA:915,11
DA:916,11
DA:917,5
DA:919,11
DA:920,17
DA:921,17
DA:922,99
DA:923,99
DA:924,34
DA:926,99
DA:927,99
DA:928,99
DA:930,17
DA:931,17
DA:933,11
DA:937,0
DA:938,0
DA:939,0
DA:942,11
DA:945,3
DA:946,16
DA:947,16
DA:948,212
DA:952,3
DA:953,3
DA:957,0
DA:962,1
DA:963,1
DA:964,2
DA:966,1
DA:974,1
DA:975,1
DA:976,1
DA:977,3
DA:981,3
DA:983,3
DA:984,1
DA:987,3
DA:988,3
DA:994,3
DA:995,0
DA:996,0
DA:999,1
DA:1005,3
DA:1021,3
DA:1022,6
DA:1023,3
DA:1026,0
DA:1029,4
DA:1030,3
DA:1031,3
DA:1033,1
DA:1036,3
DA:1037,0
DA:1039,3
DA:1040,1
DA:1042,2
DA:1045,1
DA:1048,3
DA:1049,3
DA:1052,0
DA:1053,0
DA:1054,0
DA:1055,0
DA:1056,0
DA:1058,0
DA:1059,0
DA:1060,0
DA:1062,0
DA:1063,0
DA:1065,0
DA:1067,0
DA:1070,0
DA:1071,0
DA:1073,0
DA:1076,0
DA:1077,0
DA:1078,0
DA:1079,0
DA:1080,0
DA:1081,0
DA:1082,0
DA:1083,0
DA:1084,0
DA:1085,0
DA:1086,0
DA:1087,0
DA:1088,0
DA:1089,0
DA:1093,0
DA:1095,0
DA:1098,0
DA:1099,0
DA:1101,0
DA:1102,0
DA:1103,0
DA:1105,0
DA:1109,0
DA:1113,0
DA:1114,0
DA:1118,0
DA:1121,0
DA:1122,0
DA:1123,0
DA:1124,0
DA:1125,0
DA:1126,0
DA:1127,0
DA:1128,0
DA:1130,0
DA:1131,0
DA:1132,0
DA:1139,0
DA:1143,0
DA:1145,0
DA:1147,0
DA:1153,0
DA:1154,0
DA:1155,0
DA:1157,0
DA:1158,0
DA:1160,0
DA:1163,0
DA:1164,0
DA:1166,0
DA:1169,0
DA:1170,0
DA:1171,0
DA:1172,0
DA:1173,0
DA:1174,0
DA:1175,0
DA:1176,0
DA:1178,0
DA:1181,0
DA:1185,0
DA:1186,0
DA:1187,0
DA:1188,0
DA:1190,0
DA:1191,0
DA:1193,0
DA:1196,0
DA:1197,0
DA:1199,0
DA:1202,0
DA:1206,0
DA:1210,0
DA:1213,1
DA:1217,1
DA:1218,1
DA:1220,1
DA:1225,16
DA:1227,3
DA:1236,3
DA:1237,3
DA:1239,3
DA:1240,3
DA:1246,3
DA:1251,1
DA:1254,3
DA:1257,1
DA:1258,1
DA:1260,0
DA:1264,1
DA:1265,1
DA:1266,1
DA:1267,1
DA:1268,1
DA:1269,3
DA:1270,3
DA:1275,3
DA:1277,1
DA:1280,10
DA:1281,10
DA:1282,10
DA:1284,10
DA:1285,10
DA:1286,10
DA:1288,10
DA:1289,1
DA:1295,1
DA:1296,1
DA:1297,1
DA:1302,0
DA:1308,9
DA:1314,0
DA:1320,1
DA:1322,10
DA:1324,1
LF:764
LH:270
BRDA:2,0,0,0
BRDA:2,0,1,2
BRDA:2,1,0,2
BRDA:2,1,1,2
BRDA:3,2,0,0
BRDA:3,2,1,2
BRDA:3,3,0,2
BRDA:3,3,1,0
BRDA:4,4,0,0
BRDA:4,4,1,2
BRDA:4,5,0,2
BRDA:4,5,1,0
BRDA:8,6,0,0
BRDA:8,6,1,0
BRDA:11,7,0,0
BRDA:11,7,1,0
BRDA:12,8,0,0
BRDA:12,8,1,0
BRDA:13,9,0,0
BRDA:13,9,1,0
BRDA:14,10,0,0
BRDA:14,10,1,0
BRDA:22,11,0,0
BRDA:22,11,1,0
BRDA:27,12,0,0
BRDA:27,12,1,0
BRDA:41,13,0,0
BRDA:41,13,1,0
BRDA:41,14,0,0
BRDA:41,14,1,0
BRDA:41,14,2,0
BRDA:47,15,0,0
BRDA:47,15,1,27
BRDA:47,16,0,27
BRDA:47,16,1,27
BRDA:74,17,0,69
BRDA:74,17,1,44
BRDA:82,18,0,10
BRDA:82,18,1,0
BRDA:85,19,0,9
BRDA:85,19,1,1
BRDA:94,20,0,7
BRDA:94,20,1,2
BRDA:97,21,0,1
BRDA:97,21,1,6
BRDA:98,22,0,6
BRDA:98,22,1,1
BRDA:99,23,0,1
BRDA:99,23,1,6
BRDA:100,24,0,2
BRDA:100,24,1,5
BRDA:101,25,0,1
BRDA:101,25,1,6
BRDA:102,26,0,1
BRDA:102,26,1,6
BRDA:103,27,0,1
BRDA:103,27,1,6
BRDA:104,28,0,0
BRDA:104,28,1,7
BRDA:105,29,0,0
BRDA:105,29,1,7
BRDA:105,30,0,0
BRDA:105,30,1,0
BRDA:106,31,0,0
BRDA:106,31,1,7
BRDA:107,32,0,0
BRDA:107,32,1,7
BRDA:120,33,0,0
BRDA:120,33,1,7
BRDA:121,34,0,0
BRDA:121,34,1,7
BRDA:130,35,0,0
BRDA:130,35,1,0
BRDA:135,36,0,0
BRDA:135,36,1,0
BRDA:139,37,0,0
BRDA:139,37,1,0
BRDA:143,38,0,0
BRDA:143,38,1,0
BRDA:149,39,0,0
BRDA:149,39,1,0
BRDA:150,40,0,0
BRDA:150,40,1,0
BRDA:151,41,0,0
BRDA:151,41,1,0
BRDA:152,42,0,0
BRDA:152,42,1,0
BRDA:153,43,0,0
BRDA:153,43,1,0
BRDA:154,44,0,0
BRDA:154,44,1,0
BRDA:155,45,0,0
BRDA:155,45,1,0
BRDA:156,46,0,0
BRDA:156,46,1,0
BRDA:157,47,0,0
BRDA:157,47,1,0
BRDA:158,48,0,0
BRDA:158,48,1,0
BRDA:159,49,0,0
BRDA:159,49,1,0
BRDA:161,50,0,0
BRDA:161,50,1,0
BRDA:162,51,0,0
BRDA:162,51,1,0
BRDA:163,52,0,0
BRDA:163,52,1,0
BRDA:164,53,0,0
BRDA:164,53,1,0
BRDA:165,54,0,0
BRDA:165,54,1,0
BRDA:166,55,0,0
BRDA:166,55,1,0
BRDA:167,56,0,0
BRDA:167,56,1,0
BRDA:168,57,0,0
BRDA:168,57,1,0
BRDA:169,58,0,0
BRDA:169,58,1,0
BRDA:170,59,0,0
BRDA:170,59,1,0
BRDA:171,60,0,0
BRDA:171,60,1,0
BRDA:176,61,0,0
BRDA:176,61,1,7
BRDA:195,62,0,0
BRDA:195,62,1,0
BRDA:197,63,0,0
BRDA:197,63,1,0
BRDA:206,64,0,0
BRDA:206,64,1,0
BRDA:210,65,0,0
BRDA:210,65,1,0
BRDA:218,66,0,0
BRDA:218,66,1,0
BRDA:220,67,0,0
BRDA:220,67,1,0
BRDA:229,68,0,0
BRDA:229,68,1,0
BRDA:233,69,0,0
BRDA:233,69,1,0
BRDA:241,70,0,0
BRDA:241,70,1,0
BRDA:243,71,0,0
BRDA:243,71,1,0
BRDA:252,72,0,0
BRDA:252,72,1,0
BRDA:256,73,0,0
BRDA:256,73,1,0
BRDA:264,74,0,0
BRDA:264,74,1,0
BRDA:266,75,0,0
BRDA:266,75,1,0
BRDA:275,76,0,0
BRDA:275,76,1,0
BRDA:279,77,0,0
BRDA:279,77,1,0
BRDA:287,78,0,0
BRDA:287,78,1,0
BRDA:289,79,0,0
BRDA:289,79,1,0
BRDA:298,80,0,0
BRDA:298,80,1,0
BRDA:302,81,0,0
BRDA:302,81,1,0
BRDA:310,82,0,0
BRDA:310,82,1,0
BRDA:312,83,0,0
BRDA:312,83,1,0
BRDA:321,84,0,0
BRDA:321,84,1,0
BRDA:325,85,0,0
BRDA:325,85,1,0
BRDA:333,86,0,0
BRDA:333,86,1,0
BRDA:335,87,0,0
BRDA:335,87,1,0
BRDA:344,88,0,0
BRDA:344,88,1,0
BRDA:348,89,0,0
BRDA:348,89,1,0
BRDA:356,90,0,0
BRDA:356,90,1,0
BRDA:358,91,0,0
BRDA:358,91,1,0
BRDA:367,92,0,0
BRDA:367,92,1,0
BRDA:371,93,0,0
BRDA:371,93,1,0
BRDA:379,94,0,0
BRDA:379,94,1,0
BRDA:381,95,0,0
BRDA:381,95,1,0
BRDA:390,96,0,0
BRDA:390,96,1,0
BRDA:394,97,0,0
BRDA:394,97,1,0
BRDA:402,98,0,0
BRDA:402,98,1,0
BRDA:404,99,0,0
BRDA:404,99,1,0
BRDA:413,100,0,0
BRDA:413,100,1,0
BRDA:417,101,0,0
BRDA:417,101,1,0
BRDA:426,102,0,0
BRDA:426,102,1,7
BRDA:433,103,0,0
BRDA:433,103,1,7
BRDA:434,104,0,0
BRDA:434,104,1,0
BRDA:436,105,0,0
BRDA:436,105,1,0
BRDA:439,106,0,0
BRDA:439,106,1,7
BRDA:442,107,0,0
BRDA:442,107,1,7
BRDA:446,108,0,1
BRDA:446,108,1,6
BRDA:446,109,0,7
BRDA:446,109,1,1
BRDA:448,110,0,0
BRDA:448,110,1,1
BRDA:449,111,0,0
BRDA:449,111,1,1
BRDA:450,112,0,1
BRDA:450,112,1,0
BRDA:451,113,0,0
BRDA:451,113,1,1
BRDA:452,114,0,0
BRDA:452,114,1,1
BRDA:454,115,0,0
BRDA:454,115,1,7
BRDA:454,116,0,7
BRDA:454,116,1,0
BRDA:472,117,0,0
BRDA:472,117,1,7
BRDA:481,118,0,0
BRDA:481,118,1,7
BRDA:491,119,0,0
BRDA:491,119,1,7
BRDA:499,120,0,0
BRDA:499,120,1,7
BRDA:510,121,0,0
BRDA:510,121,1,7
BRDA:513,122,0,0
BRDA:513,122,1,7
BRDA:516,123,0,0
BRDA:516,123,1,7
BRDA:519,124,0,0
BRDA:519,124,1,7
BRDA:522,125,0,0
BRDA:522,125,1,7
BRDA:594,126,0,0
BRDA:594,126,1,7
BRDA:596,127,0,0
BRDA:596,127,1,0
BRDA:608,128,0,0
BRDA:608,128,1,0
BRDA:608,129,0,0
BRDA:608,129,1,0
BRDA:608,129,2,0
BRDA:609,130,0,0
BRDA:609,130,1,0
BRDA:609,131,0,0
BRDA:609,131,1,0
BRDA:621,132,0,0
BRDA:621,132,1,0
BRDA:626,133,0,0
BRDA:626,133,1,0
BRDA:627,134,0,0
BRDA:627,134,1,0
BRDA:638,135,0,0
BRDA:638,135,1,0
BRDA:639,136,0,0
BRDA:639,136,1,0
BRDA:640,137,0,0
BRDA:640,137,1,0
BRDA:641,138,0,0
BRDA:641,138,1,0
BRDA:645,139,0,1
BRDA:645,139,1,8
BRDA:650,140,0,1
BRDA:650,140,1,8
BRDA:656,141,0,0
BRDA:656,141,1,1
BRDA:658,142,0,0
BRDA:658,142,1,1
BRDA:675,143,0,9
BRDA:675,143,1,1
BRDA:676,144,0,1
BRDA:676,144,1,8
BRDA:680,145,0,1
BRDA:680,145,1,9
BRDA:680,146,0,10
BRDA:680,146,1,1
BRDA:690,147,0,1
BRDA:690,147,1,8
BRDA:700,148,0,1
BRDA:700,148,1,7
BRDA:701,149,0,1
BRDA:701,149,1,0
BRDA:722,150,0,6
BRDA:722,150,1,1
BRDA:723,151,0,0
BRDA:723,151,1,6
BRDA:841,152,0,1
BRDA:841,152,1,0
BRDA:843,153,0,0
BRDA:843,153,1,0
BRDA:846,154,0,0
BRDA:846,154,1,0
BRDA:860,155,0,0
BRDA:860,155,1,1
BRDA:888,156,0,0
BRDA:888,156,1,16
BRDA:894,157,0,54
BRDA:894,157,1,14
BRDA:907,158,0,11
BRDA:907,158,1,5
BRDA:910,159,0,0
BRDA:910,159,1,11
BRDA:910,160,0,11
BRDA:910,160,1,0
BRDA:916,161,0,5
BRDA:916,161,1,6
BRDA:916,162,0,11
BRDA:916,162,1,5
BRDA:923,163,0,34
BRDA:923,163,1,65
BRDA:933,164,0,0
BRDA:933,164,1,11
BRDA:934,165,0,11
BRDA:934,165,1,11
BRDA:934,165,2,11
BRDA:934,165,3,10
BRDA:934,165,4,1
BRDA:948,166,0,3
BRDA:948,166,1,209
BRDA:949,167,0,212
BRDA:949,167,1,25
BRDA:983,168,0,1
BRDA:983,168,1,2
BRDA:994,169,0,0
BRDA:994,169,1,3
BRDA:1022,170,0,3
BRDA:1022,170,1,3
BRDA:1029,171,0,3
BRDA:1029,171,1,1
BRDA:1036,172,0,0
BRDA:1036,172,1,3
BRDA:1039,173,0,1
BRDA:1039,173,1,2
BRDA:1049,174,0,0
BRDA:1049,174,1,3
BRDA:1052,175,0,0
BRDA:1052,175,1,0
BRDA:1055,176,0,0
BRDA:1055,176,1,0
BRDA:1056,177,0,0
BRDA:1056,177,1,0
BRDA:1058,178,0,0
BRDA:1058,178,1,0
BRDA:1059,179,0,0
BRDA:1059,179,1,0
BRDA:1070,180,0,0
BRDA:1070,180,1,0
BRDA:1087,181,0,0
BRDA:1087,181,1,0
BRDA:1093,182,0,0
BRDA:1093,182,1,0
BRDA:1098,183,0,0
BRDA:1098,183,1,0
BRDA:1101,184,0,0
BRDA:1101,184,1,0
BRDA:1126,185,0,0
BRDA:1126,185,1,0
BRDA:1127,186,0,0
BRDA:1127,186,1,0
BRDA:1130,187,0,0
BRDA:1130,187,1,0
BRDA:1154,188,0,0
BRDA:1154,188,1,0
BRDA:1157,189,0,0
BRDA:1157,189,1,0
BRDA:1163,190,0,0
BRDA:1163,190,1,0
BRDA:1174,191,0,0
BRDA:1174,191,1,0
BRDA:1187,192,0,0
BRDA:1187,192,1,0
BRDA:1191,193,0,0
BRDA:1191,193,1,0
BRDA:1196,194,0,0
BRDA:1196,194,1,0
BRDA:1217,195,0,1
BRDA:1217,195,1,0
BRDA:1230,196,0,3
BRDA:1230,196,1,0
BRDA:1236,197,0,3
BRDA:1236,197,1,0
BRDA:1239,198,0,3
BRDA:1239,198,1,0
BRDA:1288,199,0,1
BRDA:1288,199,1,9
BRF:405
BRH:127
end_of_record
