TN:
SF:index.js
FN:1,UintToInt
FN:22,Bytes2Float32
FN:49,BytesToInt64
FN:85,BytesToFloat32
FN:96,decimalToHex
FN:107,parseHexString
FN:118,byteToHex
FN:123,BytesToHexStr
FN:131,zeroPad
FN:134,Decoder
FN:824,normalisation_standard
FN:999,(anonymous_11)
FN:1015,brUncompress
FN:1052,initResult
FN:1075,createBuffer
FN:1079,bitsBuf2HuffPattern
FN:1112,(anonymous_16)
FN:1164,(anonymous_17)
FN:1212,generateFlag
FN:1232,prePopulateOutput
FN:1267,computeSeries
FN:1287,findIndexFromArgList
FN:1300,extractTimestampFromBuffer
FN:1311,computeTimestampFromBi
FN:1324,computeTimestampFromPositiveBi
FN:1332,getMeasure
FN:1340,bytes2Float32
FN:1365,uncompressSamplesData
FN:1397,handleCommonTimestamp
FN:1472,initTimestampCommonTable
FN:1517,completeCurrentMeasure
FN:1534,computeAdlcValue
FN:1544,handleSeparateTimestamp
FN:1611,adaptToExpectedFormat
FN:1619,(anonymous_34)
FN:1625,(anonymous_35)
FN:1657,computeDataAbsoluteTimestamp
FN:1668,normalisation_batch
FN:1701,strToDecimalArray
FN:1710,watteco_decodeUplink
FN:1759,decodeUplink
FNF:41
FNH:6
FNDA:1,UintToInt
FNDA:0,Bytes2Float32
FNDA:0,BytesToInt64
FNDA:0,BytesToFloat32
FNDA:3,decimalToHex
FNDA:0,parseHexString
FNDA:0,byteToHex
FNDA:0,BytesToHexStr
FNDA:0,zeroPad
FNDA:1,Decoder
FNDA:1,normalisation_standard
FNDA:0,(anonymous_11)
FNDA:0,brUncompress
FNDA:0,initResult
FNDA:0,createBuffer
FNDA:0,bitsBuf2HuffPattern
FNDA:0,(anonymous_16)
FNDA:0,(anonymous_17)
FNDA:0,generateFlag
FNDA:0,prePopulateOutput
FNDA:0,computeSeries
FNDA:0,findIndexFromArgList
FNDA:0,extractTimestampFromBuffer
FNDA:0,computeTimestampFromBi
FNDA:0,computeTimestampFromPositiveBi
FNDA:0,getMeasure
FNDA:0,bytes2Float32
FNDA:0,uncompressSamplesData
FNDA:0,handleCommonTimestamp
FNDA:0,initTimestampCommonTable
FNDA:0,completeCurrentMeasure
FNDA:0,computeAdlcValue
FNDA:0,handleSeparateTimestamp
FNDA:0,adaptToExpectedFormat
FNDA:0,(anonymous_34)
FNDA:0,(anonymous_35)
FNDA:0,computeDataAbsoluteTimestamp
FNDA:0,normalisation_batch
FNDA:0,strToDecimalArray
FNDA:1,watteco_decodeUplink
FNDA:1,decodeUplink
DA:2,1
DA:3,1
DA:4,0
DA:7,1
DA:8,0
DA:9,0
DA:12,1
DA:13,0
DA:14,0
DA:19,1
DA:23,0
DA:24,0
DA:25,0
DA:27,0
DA:28,0
DA:30,0
DA:31,0
DA:32,0
DA:33,0
DA:34,0
DA:36,0
DA:51,0
DA:53,0
DA:54,0
DA:56,0
DA:58,0
DA:60,0
DA:61,0
DA:65,0
DA:68,0
DA:69,0
DA:71,0
DA:74,0
DA:75,0
DA:77,0
DA:87,0
DA:89,0
DA:90,0
DA:91,0
DA:92,0
DA:97,3
DA:98,3
DA:100,3
DA:101,5
DA:104,3
DA:108,0
DA:109,0
DA:110,0
DA:112,0
DA:115,0
DA:119,0
DA:120,0
DA:124,0
DA:125,0
DA:126,0
DA:128,0
DA:132,0
DA:137,1
DA:138,1
DA:140,1
DA:143,1
DA:144,1
DA:146,1
DA:148,1
DA:151,9
DA:152,9
DA:154,6
DA:156,9
DA:157,9
DA:158,9
DA:161,1
DA:164,1
DA:167,1
DA:168,1
DA:169,1
DA:170,1
DA:171,1
DA:172,1
DA:174,1
DA:176,1
DA:178,1
DA:180,1
DA:181,1
DA:183,1
DA:185,1
DA:187,1
DA:188,1
DA:191,1
DA:193,1
DA:195,1
DA:197,1
DA:199,1
DA:201,1
DA:203,1
DA:205,1
DA:207,0
DA:208,0
DA:209,0
DA:210,0
DA:211,0
DA:212,0
DA:213,0
DA:214,0
DA:215,0
DA:216,0
DA:219,1
DA:222,1
DA:224,0
DA:225,0
DA:226,0
DA:227,0
DA:228,0
DA:231,0
DA:232,0
DA:234,0
DA:236,0
DA:238,0
DA:240,0
DA:242,0
DA:244,0
DA:246,0
DA:248,0
DA:251,0
DA:252,0
DA:253,0
DA:254,0
DA:255,0
DA:256,0
DA:257,0
DA:258,0
DA:259,0
DA:260,0
DA:261,0
DA:262,0
DA:264,0
DA:265,0
DA:266,0
DA:267,0
DA:268,0
DA:269,0
DA:270,0
DA:271,0
DA:272,0
DA:273,0
DA:274,0
DA:283,1
DA:285,0
DA:286,0
DA:287,0
DA:288,0
DA:289,0
DA:290,0
DA:291,0
DA:292,0
DA:293,0
DA:294,0
DA:295,0
DA:296,0
DA:297,0
DA:298,0
DA:299,0
DA:300,0
DA:301,0
DA:303,0
DA:305,0
DA:306,0
DA:307,0
DA:308,0
DA:309,0
DA:310,0
DA:311,0
DA:313,0
DA:314,0
DA:315,0
DA:317,0
DA:318,0
DA:320,0
DA:322,0
DA:324,0
DA:327,0
DA:329,0
DA:330,0
DA:331,0
DA:332,0
DA:333,0
DA:334,0
DA:335,0
DA:337,0
DA:338,0
DA:339,0
DA:341,0
DA:342,0
DA:344,0
DA:346,0
DA:348,0
DA:350,0
DA:352,0
DA:353,0
DA:354,0
DA:355,0
DA:356,0
DA:357,0
DA:358,0
DA:360,0
DA:361,0
DA:362,0
DA:364,0
DA:365,0
DA:367,0
DA:369,0
DA:371,0
DA:373,0
DA:375,0
DA:376,0
DA:377,0
DA:378,0
DA:379,0
DA:380,0
DA:381,0
DA:383,0
DA:384,0
DA:385,0
DA:387,0
DA:388,0
DA:390,0
DA:392,0
DA:394,0
DA:396,0
DA:398,0
DA:399,0
DA:400,0
DA:401,0
DA:402,0
DA:403,0
DA:404,0
DA:406,0
DA:407,0
DA:408,0
DA:410,0
DA:411,0
DA:413,0
DA:415,0
DA:417,0
DA:419,0
DA:421,0
DA:422,0
DA:423,0
DA:424,0
DA:425,0
DA:426,0
DA:427,0
DA:429,0
DA:430,0
DA:431,0
DA:433,0
DA:434,0
DA:436,0
DA:438,0
DA:440,0
DA:442,0
DA:444,0
DA:445,0
DA:446,0
DA:447,0
DA:448,0
DA:449,0
DA:450,0
DA:452,0
DA:453,0
DA:454,0
DA:456,0
DA:457,0
DA:459,0
DA:461,0
DA:463,0
DA:465,0
DA:467,0
DA:468,0
DA:469,0
DA:470,0
DA:471,0
DA:472,0
DA:473,0
DA:475,0
DA:476,0
DA:477,0
DA:479,0
DA:480,0
DA:482,0
DA:484,0
DA:486,0
DA:488,0
DA:490,0
DA:491,0
DA:492,0
DA:493,0
DA:494,0
DA:495,0
DA:496,0
DA:498,0
DA:499,0
DA:500,0
DA:502,0
DA:503,0
DA:505,0
DA:507,0
DA:509,0
DA:511,0
DA:513,0
DA:514,0
DA:515,0
DA:516,0
DA:517,0
DA:518,0
DA:519,0
DA:521,0
DA:522,0
DA:523,0
DA:525,0
DA:526,0
DA:528,0
DA:530,0
DA:532,0
DA:538,1
DA:539,0
DA:540,0
DA:541,0
DA:542,0
DA:543,0
DA:546,1
DA:547,0
DA:548,0
DA:549,0
DA:550,0
DA:554,1
DA:555,0
DA:559,1
DA:560,0
DA:561,0
DA:564,1
DA:565,0
DA:566,0
DA:567,0
DA:568,0
DA:569,0
DA:570,0
DA:573,1
DA:574,0
DA:575,0
DA:576,0
DA:577,0
DA:578,0
DA:579,0
DA:580,0
DA:581,0
DA:582,0
DA:583,0
DA:584,0
DA:585,0
DA:586,0
DA:587,0
DA:588,0
DA:589,0
DA:593,1
DA:594,0
DA:595,0
DA:596,0
DA:597,0
DA:598,0
DA:599,0
DA:600,0
DA:601,0
DA:602,1
DA:603,0
DA:604,0
DA:605,0
DA:606,0
DA:607,0
DA:608,0
DA:609,0
DA:610,0
DA:614,1
DA:615,0
DA:616,0
DA:617,0
DA:618,0
DA:619,0
DA:620,0
DA:624,1
DA:625,0
DA:626,0
DA:627,0
DA:628,0
DA:629,0
DA:630,0
DA:631,0
DA:632,0
DA:633,0
DA:637,1
DA:638,0
DA:641,1
DA:642,0
DA:645,1
DA:646,0
DA:649,1
DA:650,0
DA:653,1
DA:654,0
DA:655,0
DA:662,0
DA:663,0
DA:670,0
DA:671,0
DA:678,0
DA:679,0
DA:684,0
DA:685,0
DA:690,0
DA:691,0
DA:696,0
DA:697,0
DA:702,0
DA:703,0
DA:708,0
DA:709,0
DA:714,0
DA:715,0
DA:719,0
DA:720,0
DA:727,1
DA:728,0
DA:729,0
DA:730,0
DA:731,0
DA:732,0
DA:733,0
DA:734,0
DA:735,0
DA:736,0
DA:737,0
DA:738,0
DA:739,0
DA:740,0
DA:741,0
DA:742,0
DA:743,0
DA:744,0
DA:745,0
DA:746,0
DA:747,0
DA:748,0
DA:749,0
DA:750,0
DA:751,0
DA:752,0
DA:753,0
DA:754,0
DA:755,0
DA:756,0
DA:757,0
DA:758,0
DA:759,0
DA:760,0
DA:761,0
DA:762,0
DA:763,0
DA:764,0
DA:765,0
DA:766,0
DA:767,0
DA:768,0
DA:769,0
DA:770,0
DA:771,0
DA:772,0
DA:773,0
DA:774,0
DA:781,1
DA:783,0
DA:785,0
DA:787,0
DA:792,1
DA:794,0
DA:796,0
DA:798,0
DA:801,0
DA:803,0
DA:804,0
DA:806,0
DA:807,0
DA:808,0
DA:816,0
DA:817,0
DA:821,1
DA:825,1
DA:826,1
DA:827,1
DA:828,1
DA:829,0
DA:831,1
DA:832,1
DA:833,0
DA:841,1
DA:842,0
DA:850,1
DA:851,0
DA:852,0
DA:861,0
DA:870,1
DA:871,1
DA:872,0
DA:873,0
DA:874,0
DA:875,0
DA:886,1
DA:887,1
DA:898,0
DA:905,1
DA:906,1
DA:907,1
DA:908,1
DA:909,1
DA:910,1
DA:911,1
DA:912,1
DA:913,1
DA:914,1
DA:915,1
DA:916,1
DA:917,1
DA:919,1
DA:920,1
DA:921,1
DA:922,1
DA:923,1
DA:924,1
DA:925,1
DA:926,1
DA:927,1
DA:928,1
DA:929,1
DA:930,1
DA:931,1
DA:932,1
DA:934,1
DA:935,1
DA:937,1
DA:997,1
DA:1000,0
DA:1001,0
DA:1003,0
DA:1004,0
DA:1006,0
DA:1017,0
DA:1018,0
DA:1019,0
DA:1021,0
DA:1022,0
DA:1024,0
DA:1025,0
DA:1026,0
DA:1028,0
DA:1029,0
DA:1040,0
DA:1044,0
DA:1053,0
DA:1054,0
DA:1055,0
DA:1056,0
DA:1062,0
DA:1064,0
DA:1080,0
DA:1081,0
DA:1082,0
DA:1089,0
DA:1096,0
DA:1097,0
DA:1098,0
DA:1099,0
DA:1100,0
DA:1102,0
DA:1103,0
DA:1104,0
DA:1106,0
DA:1109,0
DA:1113,0
DA:1114,0
DA:1115,0
DA:1116,0
DA:1123,0
DA:1126,0
DA:1127,0
DA:1128,0
DA:1129,0
DA:1130,0
DA:1133,0
DA:1134,0
DA:1135,0
DA:1136,0
DA:1137,0
DA:1138,0
DA:1140,0
DA:1141,0
DA:1142,0
DA:1144,0
DA:1145,0
DA:1148,0
DA:1152,0
DA:1153,0
DA:1154,0
DA:1158,0
DA:1165,0
DA:1166,0
DA:1167,0
DA:1168,0
DA:1172,0
DA:1173,0
DA:1178,0
DA:1213,0
DA:1216,0
DA:1217,0
DA:1220,0
DA:1233,0
DA:1234,0
DA:1235,0
DA:1236,0
DA:1240,0
DA:1242,0
DA:1243,0
DA:1246,0
DA:1247,0
DA:1253,0
DA:1254,0
DA:1255,0
DA:1258,0
DA:1268,0
DA:1288,0
DA:1289,0
DA:1290,0
DA:1294,0
DA:1301,0
DA:1302,0
DA:1303,0
DA:1305,0
DA:1312,0
DA:1313,0
DA:1315,0
DA:1316,0
DA:1318,0
DA:1325,0
DA:1333,0
DA:1334,0
DA:1341,0
DA:1342,0
DA:1343,0
DA:1345,0
DA:1346,0
DA:1349,0
DA:1350,0
DA:1351,0
DA:1353,0
DA:1354,0
DA:1356,0
DA:1359,0
DA:1374,0
DA:1375,0
DA:1384,0
DA:1406,0
DA:1407,0
DA:1409,0
DA:1415,0
DA:1416,0
DA:1418,0
DA:1419,0
DA:1420,0
DA:1421,0
DA:1422,0
DA:1424,0
DA:1425,0
DA:1427,0
DA:1428,0
DA:1432,0
DA:1434,0
DA:1437,0
DA:1438,0
DA:1447,0
DA:1449,0
DA:1450,0
DA:1452,0
DA:1457,0
DA:1461,0
DA:1462,0
DA:1466,0
DA:1478,0
DA:1479,0
DA:1480,0
DA:1481,0
DA:1483,0
DA:1484,0
DA:1485,0
DA:1486,0
DA:1491,0
DA:1492,0
DA:1493,0
DA:1500,0
DA:1504,0
DA:1506,0
DA:1508,0
DA:1518,0
DA:1519,0
DA:1521,0
DA:1523,0
DA:1525,0
DA:1528,0
DA:1535,0
DA:1536,0
DA:1538,0
DA:1552,0
DA:1553,0
DA:1554,0
DA:1555,0
DA:1556,0
DA:1557,0
DA:1558,0
DA:1559,0
DA:1561,0
DA:1564,0
DA:1568,0
DA:1569,0
DA:1574,0
DA:1575,0
DA:1577,0
DA:1578,0
DA:1580,0
DA:1583,0
DA:1584,0
DA:1593,0
DA:1597,0
DA:1601,0
DA:1605,0
DA:1612,0
DA:1616,0
DA:1617,0
DA:1619,0
DA:1624,0
DA:1626,0
DA:1635,0
DA:1636,0
DA:1638,0
DA:1639,0
DA:1645,0
DA:1650,0
DA:1658,0
DA:1661,1
DA:1662,1
DA:1665,0
DA:1669,0
DA:1670,0
DA:1671,0
DA:1672,0
DA:1673,0
DA:1674,0
DA:1675,0
DA:1680,0
DA:1682,0
DA:1702,0
DA:1703,0
DA:1704,0
DA:1705,0
DA:1707,0
DA:1711,1
DA:1712,1
DA:1713,1
DA:1715,1
DA:1716,1
DA:1717,1
DA:1719,1
DA:1720,0
DA:1726,0
DA:1727,0
DA:1728,0
DA:1733,0
DA:1739,1
DA:1745,0
DA:1753,1
DA:1760,1
DA:1761,1
DA:1764,1
LF:788
LH:127
BRDA:2,0,0,1
BRDA:2,0,1,0
BRDA:3,1,0,0
BRDA:3,1,1,1
BRDA:7,2,0,0
BRDA:7,2,1,1
BRDA:8,3,0,0
BRDA:8,3,1,0
BRDA:12,4,0,0
BRDA:12,4,1,1
BRDA:13,5,0,0
BRDA:13,5,1,0
BRDA:23,6,0,0
BRDA:23,6,1,0
BRDA:27,7,0,0
BRDA:27,7,1,0
BRDA:28,8,0,0
BRDA:28,8,1,0
BRDA:30,9,0,0
BRDA:30,9,1,0
BRDA:31,10,0,0
BRDA:31,10,1,0
BRDA:51,11,0,0
BRDA:51,11,1,0
BRDA:58,12,0,0
BRDA:58,12,1,0
BRDA:74,13,0,0
BRDA:74,13,1,0
BRDA:74,14,0,0
BRDA:74,14,1,0
BRDA:74,14,2,0
BRDA:87,15,0,0
BRDA:87,15,1,0
BRDA:90,16,0,0
BRDA:90,16,1,0
BRDA:98,17,0,0
BRDA:98,17,1,3
BRDA:98,18,0,3
BRDA:98,18,1,3
BRDA:152,19,0,6
BRDA:152,19,1,3
BRDA:161,20,0,1
BRDA:161,20,1,0
BRDA:167,21,0,1
BRDA:167,21,1,0
BRDA:180,22,0,1
BRDA:180,22,1,0
BRDA:185,23,0,0
BRDA:185,23,1,1
BRDA:187,24,0,1
BRDA:187,24,1,0
BRDA:188,25,0,0
BRDA:188,25,1,1
BRDA:191,26,0,1
BRDA:191,26,1,0
BRDA:193,27,0,0
BRDA:193,27,1,1
BRDA:195,28,0,0
BRDA:195,28,1,1
BRDA:197,29,0,0
BRDA:197,29,1,1
BRDA:199,30,0,0
BRDA:199,30,1,1
BRDA:201,31,0,0
BRDA:201,31,1,1
BRDA:201,32,0,0
BRDA:201,32,1,0
BRDA:203,33,0,0
BRDA:203,33,1,1
BRDA:205,34,0,0
BRDA:205,34,1,1
BRDA:219,35,0,0
BRDA:219,35,1,1
BRDA:222,36,0,0
BRDA:222,36,1,1
BRDA:232,37,0,0
BRDA:232,37,1,0
BRDA:238,38,0,0
BRDA:238,38,1,0
BRDA:242,39,0,0
BRDA:242,39,1,0
BRDA:246,40,0,0
BRDA:246,40,1,0
BRDA:252,41,0,0
BRDA:252,41,1,0
BRDA:253,42,0,0
BRDA:253,42,1,0
BRDA:254,43,0,0
BRDA:254,43,1,0
BRDA:255,44,0,0
BRDA:255,44,1,0
BRDA:256,45,0,0
BRDA:256,45,1,0
BRDA:257,46,0,0
BRDA:257,46,1,0
BRDA:258,47,0,0
BRDA:258,47,1,0
BRDA:259,48,0,0
BRDA:259,48,1,0
BRDA:260,49,0,0
BRDA:260,49,1,0
BRDA:261,50,0,0
BRDA:261,50,1,0
BRDA:262,51,0,0
BRDA:262,51,1,0
BRDA:264,52,0,0
BRDA:264,52,1,0
BRDA:265,53,0,0
BRDA:265,53,1,0
BRDA:266,54,0,0
BRDA:266,54,1,0
BRDA:267,55,0,0
BRDA:267,55,1,0
BRDA:268,56,0,0
BRDA:268,56,1,0
BRDA:269,57,0,0
BRDA:269,57,1,0
BRDA:270,58,0,0
BRDA:270,58,1,0
BRDA:271,59,0,0
BRDA:271,59,1,0
BRDA:272,60,0,0
BRDA:272,60,1,0
BRDA:273,61,0,0
BRDA:273,61,1,0
BRDA:274,62,0,0
BRDA:274,62,1,0
BRDA:283,63,0,0
BRDA:283,63,1,1
BRDA:303,64,0,0
BRDA:303,64,1,0
BRDA:305,65,0,0
BRDA:305,65,1,0
BRDA:314,66,0,0
BRDA:314,66,1,0
BRDA:318,67,0,0
BRDA:318,67,1,0
BRDA:327,68,0,0
BRDA:327,68,1,0
BRDA:329,69,0,0
BRDA:329,69,1,0
BRDA:338,70,0,0
BRDA:338,70,1,0
BRDA:342,71,0,0
BRDA:342,71,1,0
BRDA:350,72,0,0
BRDA:350,72,1,0
BRDA:352,73,0,0
BRDA:352,73,1,0
BRDA:361,74,0,0
BRDA:361,74,1,0
BRDA:365,75,0,0
BRDA:365,75,1,0
BRDA:373,76,0,0
BRDA:373,76,1,0
BRDA:375,77,0,0
BRDA:375,77,1,0
BRDA:384,78,0,0
BRDA:384,78,1,0
BRDA:388,79,0,0
BRDA:388,79,1,0
BRDA:396,80,0,0
BRDA:396,80,1,0
BRDA:398,81,0,0
BRDA:398,81,1,0
BRDA:407,82,0,0
BRDA:407,82,1,0
BRDA:411,83,0,0
BRDA:411,83,1,0
BRDA:419,84,0,0
BRDA:419,84,1,0
BRDA:421,85,0,0
BRDA:421,85,1,0
BRDA:430,86,0,0
BRDA:430,86,1,0
BRDA:434,87,0,0
BRDA:434,87,1,0
BRDA:442,88,0,0
BRDA:442,88,1,0
BRDA:444,89,0,0
BRDA:444,89,1,0
BRDA:453,90,0,0
BRDA:453,90,1,0
BRDA:457,91,0,0
BRDA:457,91,1,0
BRDA:465,92,0,0
BRDA:465,92,1,0
BRDA:467,93,0,0
BRDA:467,93,1,0
BRDA:476,94,0,0
BRDA:476,94,1,0
BRDA:480,95,0,0
BRDA:480,95,1,0
BRDA:488,96,0,0
BRDA:488,96,1,0
BRDA:490,97,0,0
BRDA:490,97,1,0
BRDA:499,98,0,0
BRDA:499,98,1,0
BRDA:503,99,0,0
BRDA:503,99,1,0
BRDA:511,100,0,0
BRDA:511,100,1,0
BRDA:513,101,0,0
BRDA:513,101,1,0
BRDA:522,102,0,0
BRDA:522,102,1,0
BRDA:526,103,0,0
BRDA:526,103,1,0
BRDA:538,104,0,0
BRDA:538,104,1,1
BRDA:546,105,0,0
BRDA:546,105,1,1
BRDA:547,106,0,0
BRDA:547,106,1,0
BRDA:549,107,0,0
BRDA:549,107,1,0
BRDA:554,108,0,0
BRDA:554,108,1,1
BRDA:559,109,0,0
BRDA:559,109,1,1
BRDA:564,110,0,0
BRDA:564,110,1,1
BRDA:566,111,0,0
BRDA:566,111,1,0
BRDA:567,112,0,0
BRDA:567,112,1,0
BRDA:568,113,0,0
BRDA:568,113,1,0
BRDA:569,114,0,0
BRDA:569,114,1,0
BRDA:570,115,0,0
BRDA:570,115,1,0
BRDA:573,116,0,0
BRDA:573,116,1,1
BRDA:593,117,0,0
BRDA:593,117,1,1
BRDA:602,118,0,0
BRDA:602,118,1,1
BRDA:614,119,0,0
BRDA:614,119,1,1
BRDA:624,120,0,0
BRDA:624,120,1,1
BRDA:637,121,0,0
BRDA:637,121,1,1
BRDA:641,122,0,0
BRDA:641,122,1,1
BRDA:645,123,0,0
BRDA:645,123,1,1
BRDA:649,124,0,0
BRDA:649,124,1,1
BRDA:653,125,0,0
BRDA:653,125,1,1
BRDA:727,126,0,0
BRDA:727,126,1,1
BRDA:729,127,0,0
BRDA:729,127,1,0
BRDA:741,128,0,0
BRDA:741,128,1,0
BRDA:741,129,0,0
BRDA:741,129,1,0
BRDA:741,129,2,0
BRDA:742,130,0,0
BRDA:742,130,1,0
BRDA:742,131,0,0
BRDA:742,131,1,0
BRDA:754,132,0,0
BRDA:754,132,1,0
BRDA:759,133,0,0
BRDA:759,133,1,0
BRDA:760,134,0,0
BRDA:760,134,1,0
BRDA:771,135,0,0
BRDA:771,135,1,0
BRDA:772,136,0,0
BRDA:772,136,1,0
BRDA:773,137,0,0
BRDA:773,137,1,0
BRDA:774,138,0,0
BRDA:774,138,1,0
BRDA:781,139,0,0
BRDA:781,139,1,1
BRDA:792,140,0,0
BRDA:792,140,1,1
BRDA:804,141,0,0
BRDA:804,141,1,0
BRDA:807,142,0,0
BRDA:807,142,1,0
BRDA:828,143,0,0
BRDA:828,143,1,1
BRDA:832,144,0,0
BRDA:832,144,1,1
BRDA:832,145,0,1
BRDA:832,145,1,0
BRDA:841,146,0,0
BRDA:841,146,1,1
BRDA:850,147,0,0
BRDA:850,147,1,1
BRDA:851,148,0,0
BRDA:851,148,1,0
BRDA:870,149,0,1
BRDA:870,149,1,0
BRDA:871,150,0,0
BRDA:871,150,1,1
BRDA:998,151,0,1
BRDA:998,151,1,0
BRDA:1000,152,0,0
BRDA:1000,152,1,0
BRDA:1003,153,0,0
BRDA:1003,153,1,0
BRDA:1028,154,0,0
BRDA:1028,154,1,0
BRDA:1082,155,0,0
BRDA:1082,155,1,0
BRDA:1099,156,0,0
BRDA:1099,156,1,0
BRDA:1113,157,0,0
BRDA:1113,157,1,0
BRDA:1116,158,0,0
BRDA:1116,158,1,0
BRDA:1116,159,0,0
BRDA:1116,159,1,0
BRDA:1129,160,0,0
BRDA:1129,160,1,0
BRDA:1129,161,0,0
BRDA:1129,161,1,0
BRDA:1137,162,0,0
BRDA:1137,162,1,0
BRDA:1148,163,0,0
BRDA:1148,163,1,0
BRDA:1149,164,0,0
BRDA:1149,164,1,0
BRDA:1149,164,2,0
BRDA:1149,164,3,0
BRDA:1149,164,4,0
BRDA:1168,165,0,0
BRDA:1168,165,1,0
BRDA:1169,166,0,0
BRDA:1169,166,1,0
BRDA:1242,167,0,0
BRDA:1242,167,1,0
BRDA:1253,168,0,0
BRDA:1253,168,1,0
BRDA:1289,169,0,0
BRDA:1289,169,1,0
BRDA:1301,170,0,0
BRDA:1301,170,1,0
BRDA:1312,171,0,0
BRDA:1312,171,1,0
BRDA:1315,172,0,0
BRDA:1315,172,1,0
BRDA:1334,173,0,0
BRDA:1334,173,1,0
BRDA:1341,174,0,0
BRDA:1341,174,1,0
BRDA:1345,175,0,0
BRDA:1345,175,1,0
BRDA:1346,176,0,0
BRDA:1346,176,1,0
BRDA:1349,177,0,0
BRDA:1349,177,1,0
BRDA:1350,178,0,0
BRDA:1350,178,1,0
BRDA:1374,179,0,0
BRDA:1374,179,1,0
BRDA:1425,180,0,0
BRDA:1425,180,1,0
BRDA:1432,181,0,0
BRDA:1432,181,1,0
BRDA:1437,182,0,0
BRDA:1437,182,1,0
BRDA:1447,183,0,0
BRDA:1447,183,1,0
BRDA:1484,184,0,0
BRDA:1484,184,1,0
BRDA:1485,185,0,0
BRDA:1485,185,1,0
BRDA:1491,186,0,0
BRDA:1491,186,1,0
BRDA:1519,187,0,0
BRDA:1519,187,1,0
BRDA:1523,188,0,0
BRDA:1523,188,1,0
BRDA:1535,189,0,0
BRDA:1535,189,1,0
BRDA:1557,190,0,0
BRDA:1557,190,1,0
BRDA:1574,191,0,0
BRDA:1574,191,1,0
BRDA:1578,192,0,0
BRDA:1578,192,1,0
BRDA:1583,193,0,0
BRDA:1583,193,1,0
BRDA:1616,194,0,0
BRDA:1616,194,1,0
BRDA:1629,195,0,0
BRDA:1629,195,1,0
BRDA:1635,196,0,0
BRDA:1635,196,1,0
BRDA:1638,197,0,0
BRDA:1638,197,1,0
BRDA:1719,198,0,0
BRDA:1719,198,1,1
BRF:403
BRH:53
end_of_record
