<?xml version="1.0" encoding="UTF-8"?>
<coverage generated="1691137906543" clover="3.2.0">
  <project timestamp="1691137906544" name="All files">
    <metrics statements="1" coveredstatements="1" conditionals="514" coveredconditionals="123" methods="46" coveredmethods="23" elements="561" coveredelements="147" complexity="0" loc="1" ncloc="1" packages="1" files="1" classes="1"/>
    <file name="index.js" path="C:\Users\Lorenzo\Documents\00000M1\.travail\projet\outdoor_temperature_v4\index.js">
      <metrics statements="1" coveredstatements="1" conditionals="514" coveredconditionals="123" methods="46" coveredmethods="23"/>
      <line num="1" count="113" type="cond" truecount="123" falsecount="391"/>
    </file>
  </project>
</coverage>
