TN:
SF:index.js
FN:1,(anonymous_0)
FN:1,(anonymous_1)
FN:1,(anonymous_2)
FN:1,(anonymous_3)
FN:1,(anonymous_4)
FN:1,(anonymous_5)
FN:1,p
FN:1,(anonymous_7)
FN:1,(anonymous_8)
FN:1,a
FN:1,(anonymous_10)
FN:1,(anonymous_11)
FN:1,(anonymous_12)
FN:1,(anonymous_13)
FN:1,(anonymous_14)
FN:1,(anonymous_15)
FN:1,(anonymous_16)
FN:1,(anonymous_17)
FN:1,(anonymous_18)
FN:1,(anonymous_19)
FN:1,(anonymous_20)
FN:1,(anonymous_21)
FN:1,c
FN:1,b
FN:1,f
FN:1,g
FN:1,(anonymous_26)
FN:1,h
FN:1,(anonymous_28)
FN:1,v
FN:1,(anonymous_30)
FN:1,(anonymous_31)
FN:1,(anonymous_32)
FN:1,(anonymous_33)
FN:1,(anonymous_34)
FN:1,(anonymous_35)
FN:1,e
FN:1,a
FN:1,l
FN:1,s
FN:1,d
FN:1,i
FN:1,r
FN:1,(anonymous_43)
FN:1,(anonymous_44)
FN:1,a
FNF:46
FNH:23
FNDA:1,(anonymous_0)
FNDA:1,(anonymous_1)
FNDA:1,(anonymous_2)
FNDA:1,(anonymous_3)
FNDA:10,(anonymous_4)
FNDA:1,(anonymous_5)
FNDA:1,p
FNDA:1,(anonymous_7)
FNDA:1,(anonymous_8)
FNDA:0,a
FNDA:4,(anonymous_10)
FNDA:0,(anonymous_11)
FNDA:1,(anonymous_12)
FNDA:1,(anonymous_13)
FNDA:1,(anonymous_14)
FNDA:0,(anonymous_15)
FNDA:0,(anonymous_16)
FNDA:0,(anonymous_17)
FNDA:0,(anonymous_18)
FNDA:0,(anonymous_19)
FNDA:0,(anonymous_20)
FNDA:0,(anonymous_21)
FNDA:0,c
FNDA:1,b
FNDA:0,f
FNDA:0,g
FNDA:0,(anonymous_26)
FNDA:0,h
FNDA:0,(anonymous_28)
FNDA:0,v
FNDA:0,(anonymous_30)
FNDA:0,(anonymous_31)
FNDA:1,(anonymous_32)
FNDA:1,(anonymous_33)
FNDA:10,(anonymous_34)
FNDA:1,(anonymous_35)
FNDA:2,e
FNDA:0,a
FNDA:0,l
FNDA:27,s
FNDA:0,d
FNDA:0,i
FNDA:0,r
FNDA:10,(anonymous_43)
FNDA:10,(anonymous_44)
FNDA:7,a
DA:1,113
LF:1
LH:1
BRDA:1,0,0,1
BRDA:1,0,1,0
BRDA:1,1,0,1
BRDA:1,1,1,1
BRDA:1,2,0,0
BRDA:1,2,1,0
BRDA:1,3,0,0
BRDA:1,3,1,0
BRDA:1,4,0,0
BRDA:1,4,1,0
BRDA:1,5,0,0
BRDA:1,5,1,0
BRDA:1,6,0,0
BRDA:1,6,1,0
BRDA:1,7,0,4
BRDA:1,7,1,1
BRDA:1,8,0,0
BRDA:1,8,1,4
BRDA:1,9,0,4
BRDA:1,9,1,0
BRDA:1,10,0,4
BRDA:1,10,1,1
BRDA:1,10,2,1
BRDA:1,11,0,15
BRDA:1,11,1,6
BRDA:1,12,0,0
BRDA:1,12,1,4
BRDA:1,13,0,4
BRDA:1,13,1,4
BRDA:1,13,2,4
BRDA:1,13,3,4
BRDA:1,13,4,0
BRDA:1,14,0,0
BRDA:1,14,1,0
BRDA:1,15,0,0
BRDA:1,15,1,0
BRDA:1,16,0,0
BRDA:1,16,1,0
BRDA:1,17,0,0
BRDA:1,17,1,0
BRDA:1,18,0,0
BRDA:1,18,1,0
BRDA:1,19,0,0
BRDA:1,19,1,0
BRDA:1,20,0,0
BRDA:1,20,1,0
BRDA:1,21,0,0
BRDA:1,21,1,0
BRDA:1,22,0,0
BRDA:1,22,1,0
BRDA:1,23,0,0
BRDA:1,23,1,0
BRDA:1,24,0,0
BRDA:1,24,1,0
BRDA:1,25,0,0
BRDA:1,25,1,0
BRDA:1,26,0,0
BRDA:1,26,1,0
BRDA:1,27,0,0
BRDA:1,27,1,0
BRDA:1,28,0,0
BRDA:1,28,1,0
BRDA:1,29,0,0
BRDA:1,29,1,0
BRDA:1,30,0,0
BRDA:1,30,1,0
BRDA:1,31,0,0
BRDA:1,31,1,0
BRDA:1,32,0,0
BRDA:1,32,1,0
BRDA:1,33,0,0
BRDA:1,33,1,0
BRDA:1,34,0,0
BRDA:1,34,1,0
BRDA:1,35,0,0
BRDA:1,35,1,2
BRDA:1,36,0,0
BRDA:1,36,1,0
BRDA:1,37,0,0
BRDA:1,37,1,0
BRDA:1,38,0,0
BRDA:1,38,1,0
BRDA:1,39,0,0
BRDA:1,39,1,0
BRDA:1,40,0,0
BRDA:1,40,1,0
BRDA:1,41,0,0
BRDA:1,41,1,0
BRDA:1,42,0,0
BRDA:1,42,1,0
BRDA:1,43,0,0
BRDA:1,43,1,0
BRDA:1,44,0,0
BRDA:1,44,1,0
BRDA:1,45,0,0
BRDA:1,45,1,0
BRDA:1,46,0,0
BRDA:1,46,1,0
BRDA:1,47,0,0
BRDA:1,47,1,0
BRDA:1,48,0,1
BRDA:1,48,1,0
BRDA:1,49,0,0
BRDA:1,49,1,0
BRDA:1,50,0,0
BRDA:1,50,1,0
BRDA:1,51,0,9
BRDA:1,51,1,1
BRDA:1,52,0,2
BRDA:1,52,1,2
BRDA:1,52,2,0
BRDA:1,53,0,2
BRDA:1,53,1,0
BRDA:1,53,2,0
BRDA:1,54,0,2
BRDA:1,54,1,0
BRDA:1,54,2,0
BRDA:1,55,0,0
BRDA:1,55,1,0
BRDA:1,56,0,0
BRDA:1,56,1,0
BRDA:1,57,0,0
BRDA:1,57,1,0
BRDA:1,58,0,0
BRDA:1,58,1,0
BRDA:1,59,0,0
BRDA:1,59,1,0
BRDA:1,60,0,0
BRDA:1,60,1,0
BRDA:1,61,0,0
BRDA:1,61,1,0
BRDA:1,62,0,0
BRDA:1,62,1,0
BRDA:1,62,2,0
BRDA:1,62,3,0
BRDA:1,63,0,0
BRDA:1,63,1,27
BRDA:1,64,0,0
BRDA:1,64,1,0
BRDA:1,65,0,0
BRDA:1,65,1,0
BRDA:1,66,0,0
BRDA:1,66,1,0
BRDA:1,67,0,0
BRDA:1,67,1,0
BRDA:1,68,0,0
BRDA:1,68,1,0
BRDA:1,69,0,0
BRDA:1,69,1,0
BRDA:1,70,0,0
BRDA:1,70,1,0
BRDA:1,71,0,0
BRDA:1,71,1,0
BRDA:1,72,0,0
BRDA:1,72,1,0
BRDA:1,73,0,0
BRDA:1,73,1,0
BRDA:1,74,0,0
BRDA:1,74,1,0
BRDA:1,75,0,0
BRDA:1,75,1,0
BRDA:1,76,0,0
BRDA:1,76,1,0
BRDA:1,77,0,0
BRDA:1,77,1,0
BRDA:1,78,0,0
BRDA:1,78,1,0
BRDA:1,79,0,0
BRDA:1,79,1,0
BRDA:1,80,0,0
BRDA:1,80,1,0
BRDA:1,81,0,113
BRDA:1,81,1,69
BRDA:1,82,0,10
BRDA:1,82,1,0
BRDA:1,83,0,9
BRDA:1,83,1,1
BRDA:1,84,0,7
BRDA:1,84,1,2
BRDA:1,85,0,1
BRDA:1,85,1,6
BRDA:1,86,0,7
BRDA:1,86,1,2
BRDA:1,86,2,6
BRDA:1,87,0,7
BRDA:1,87,1,1
BRDA:1,88,0,7
BRDA:1,88,1,1
BRDA:1,89,0,7
BRDA:1,89,1,2
BRDA:1,89,2,2
BRDA:1,90,0,1
BRDA:1,90,1,0
BRDA:1,91,0,1
BRDA:1,91,1,1
BRDA:1,92,0,1
BRDA:1,92,1,0
BRDA:1,92,2,0
BRDA:1,93,0,1
BRDA:1,93,1,0
BRDA:1,93,2,0
BRDA:1,94,0,0
BRDA:1,94,1,7
BRDA:1,95,0,7
BRDA:1,95,1,1
BRDA:1,95,2,1
BRDA:1,96,0,0
BRDA:1,96,1,0
BRDA:1,97,0,0
BRDA:1,97,1,0
BRDA:1,98,0,0
BRDA:1,98,1,0
BRDA:1,99,0,0
BRDA:1,99,1,0
BRDA:1,99,2,0
BRDA:1,100,0,0
BRDA:1,100,1,0
BRDA:1,100,2,0
BRDA:1,101,0,0
BRDA:1,101,1,7
BRDA:1,102,0,7
BRDA:1,102,1,2
BRDA:1,102,2,1
BRDA:1,103,0,7
BRDA:1,103,1,2
BRDA:1,103,2,1
BRDA:1,104,0,7
BRDA:1,104,1,0
BRDA:1,104,2,0
BRDA:1,105,0,7
BRDA:1,105,1,0
BRDA:1,106,0,0
BRDA:1,106,1,0
BRDA:1,107,0,0
BRDA:1,107,1,7
BRDA:1,108,0,7
BRDA:1,108,1,0
BRDA:1,108,2,0
BRDA:1,109,0,7
BRDA:1,109,1,0
BRDA:1,109,2,0
BRDA:1,110,0,7
BRDA:1,110,1,0
BRDA:1,110,2,0
BRDA:1,111,0,7
BRDA:1,111,1,0
BRDA:1,112,0,0
BRDA:1,112,1,0
BRDA:1,113,0,0
BRDA:1,113,1,0
BRDA:1,114,0,0
BRDA:1,114,1,0
BRDA:1,115,0,0
BRDA:1,115,1,0
BRDA:1,116,0,0
BRDA:1,116,1,0
BRDA:1,117,0,0
BRDA:1,117,1,0
BRDA:1,118,0,0
BRDA:1,118,1,0
BRDA:1,119,0,0
BRDA:1,119,1,0
BRDA:1,120,0,0
BRDA:1,120,1,0
BRDA:1,121,0,0
BRDA:1,121,1,0
BRDA:1,122,0,0
BRDA:1,122,1,0
BRDA:1,123,0,0
BRDA:1,123,1,0
BRDA:1,124,0,0
BRDA:1,124,1,0
BRDA:1,125,0,0
BRDA:1,125,1,0
BRDA:1,126,0,0
BRDA:1,126,1,0
BRDA:1,127,0,0
BRDA:1,127,1,0
BRDA:1,128,0,0
BRDA:1,128,1,0
BRDA:1,129,0,0
BRDA:1,129,1,0
BRDA:1,130,0,0
BRDA:1,130,1,0
BRDA:1,131,0,0
BRDA:1,131,1,0
BRDA:1,132,0,0
BRDA:1,132,1,0
BRDA:1,133,0,0
BRDA:1,133,1,0
BRDA:1,134,0,0
BRDA:1,134,1,0
BRDA:1,135,0,0
BRDA:1,135,1,0
BRDA:1,136,0,0
BRDA:1,136,1,0
BRDA:1,137,0,0
BRDA:1,137,1,0
BRDA:1,138,0,0
BRDA:1,138,1,7
BRDA:1,139,0,7
BRDA:1,139,1,0
BRDA:1,140,0,0
BRDA:1,140,1,0
BRDA:1,141,0,0
BRDA:1,141,1,0
BRDA:1,142,0,0
BRDA:1,142,1,0
BRDA:1,143,0,0
BRDA:1,143,1,0
BRDA:1,144,0,0
BRDA:1,144,1,0
BRDA:1,145,0,0
BRDA:1,145,1,0
BRDA:1,146,0,0
BRDA:1,146,1,0
BRDA:1,147,0,0
BRDA:1,147,1,0
BRDA:1,148,0,0
BRDA:1,148,1,0
BRDA:1,149,0,0
BRDA:1,149,1,0
BRDA:1,150,0,0
BRDA:1,150,1,0
BRDA:1,151,0,0
BRDA:1,151,1,0
BRDA:1,152,0,0
BRDA:1,152,1,0
BRDA:1,153,0,0
BRDA:1,153,1,0
BRDA:1,154,0,0
BRDA:1,154,1,0
BRDA:1,155,0,0
BRDA:1,155,1,0
BRDA:1,156,0,0
BRDA:1,156,1,0
BRDA:1,157,0,0
BRDA:1,157,1,0
BRDA:1,158,0,0
BRDA:1,158,1,0
BRDA:1,159,0,0
BRDA:1,159,1,0
BRDA:1,160,0,0
BRDA:1,160,1,0
BRDA:1,161,0,0
BRDA:1,161,1,0
BRDA:1,162,0,0
BRDA:1,162,1,0
BRDA:1,163,0,0
BRDA:1,163,1,0
BRDA:1,164,0,0
BRDA:1,164,1,0
BRDA:1,165,0,0
BRDA:1,165,1,0
BRDA:1,166,0,0
BRDA:1,166,1,0
BRDA:1,167,0,0
BRDA:1,167,1,0
BRDA:1,168,0,0
BRDA:1,168,1,0
BRDA:1,169,0,0
BRDA:1,169,1,0
BRDA:1,170,0,0
BRDA:1,170,1,0
BRDA:1,171,0,0
BRDA:1,171,1,0
BRDA:1,172,0,0
BRDA:1,172,1,0
BRDA:1,173,0,0
BRDA:1,173,1,0
BRDA:1,174,0,0
BRDA:1,174,1,0
BRDA:1,175,0,0
BRDA:1,175,1,0
BRDA:1,176,0,0
BRDA:1,176,1,0
BRDA:1,177,0,0
BRDA:1,177,1,0
BRDA:1,178,0,0
BRDA:1,178,1,0
BRDA:1,179,0,0
BRDA:1,179,1,0
BRDA:1,180,0,1
BRDA:1,180,1,6
BRDA:1,181,0,7
BRDA:1,181,1,0
BRDA:1,181,2,0
BRDA:1,182,0,7
BRDA:1,182,1,0
BRDA:1,182,2,0
BRDA:1,183,0,0
BRDA:1,183,1,0
BRDA:1,184,0,0
BRDA:1,184,1,0
BRDA:1,185,0,7
BRDA:1,185,1,0
BRDA:1,185,2,0
BRDA:1,186,0,7
BRDA:1,186,1,0
BRDA:1,186,2,0
BRDA:1,187,0,7
BRDA:1,187,1,1
BRDA:1,188,0,0
BRDA:1,188,1,1
BRDA:1,189,0,1
BRDA:1,189,1,0
BRDA:1,190,0,1
BRDA:1,190,1,0
BRDA:1,191,0,1
BRDA:1,191,1,1
BRDA:1,192,0,1
BRDA:1,192,1,0
BRDA:1,193,0,1
BRDA:1,193,1,0
BRDA:1,194,0,0
BRDA:1,194,1,0
BRDA:1,195,0,0
BRDA:1,195,1,0
BRDA:1,196,0,0
BRDA:1,196,1,0
BRDA:1,197,0,0
BRDA:1,197,1,0
BRDA:1,197,2,0
BRDA:1,198,0,0
BRDA:1,198,1,0
BRDA:1,198,2,0
BRDA:1,199,0,0
BRDA:1,199,1,7
BRDA:1,200,0,7
BRDA:1,200,1,0
BRDA:1,201,0,0
BRDA:1,201,1,7
BRDA:1,202,0,0
BRDA:1,202,1,7
BRDA:1,203,0,7
BRDA:1,203,1,0
BRDA:1,204,0,7
BRDA:1,204,1,0
BRDA:1,204,2,0
BRDA:1,205,0,7
BRDA:1,205,1,0
BRDA:1,206,0,0
BRDA:1,206,1,7
BRDA:1,207,0,7
BRDA:1,207,1,0
BRDA:1,207,2,0
BRDA:1,208,0,7
BRDA:1,208,1,0
BRDA:1,208,2,0
BRDA:1,209,0,7
BRDA:1,209,1,0
BRDA:1,209,2,0
BRDA:1,210,0,7
BRDA:1,210,1,0
BRDA:1,210,2,0
BRDA:1,211,0,7
BRDA:1,211,1,0
BRDA:1,211,2,0
BRDA:1,212,0,7
BRDA:1,212,1,0
BRDA:1,213,0,0
BRDA:1,213,1,7
BRDA:1,214,0,0
BRDA:1,214,1,0
BRDA:1,215,0,0
BRDA:1,215,1,0
BRDA:1,216,0,0
BRDA:1,216,1,0
BRDA:1,216,2,0
BRDA:1,217,0,0
BRDA:1,217,1,0
BRDA:1,218,0,0
BRDA:1,218,1,0
BRDA:1,219,0,0
BRDA:1,219,1,0
BRDA:1,220,0,0
BRDA:1,220,1,0
BRDA:1,221,0,0
BRDA:1,221,1,0
BRDA:1,222,0,0
BRDA:1,222,1,0
BRDA:1,223,0,0
BRDA:1,223,1,0
BRDA:1,224,0,0
BRDA:1,224,1,0
BRDA:1,225,0,0
BRDA:1,225,1,0
BRDA:1,226,0,9
BRDA:1,226,1,1
BRDA:1,227,0,9
BRDA:1,227,1,1
BRDA:1,228,0,0
BRDA:1,228,1,1
BRDA:1,229,0,0
BRDA:1,229,1,1
BRDA:1,230,0,1
BRDA:1,230,1,9
BRDA:1,231,0,10
BRDA:1,231,1,9
BRDA:1,231,2,1
BRDA:1,232,0,10
BRDA:1,232,1,1
BRDA:1,233,0,1
BRDA:1,233,1,8
BRDA:1,234,0,1
BRDA:1,234,1,7
BRDA:1,235,0,1
BRDA:1,235,1,0
BRDA:1,236,0,6
BRDA:1,236,1,1
BRDA:1,237,0,0
BRDA:1,237,1,6
BRDA:1,238,0,3
BRDA:1,238,1,4
BRF:514
BRH:123
end_of_record
